2026-03-30 05:44:54,732 - INFO - Using CSV: /home/runner/work/UbiqCore/UbiqCore/util/data/pdb_updates/pdb_structures_detailed_update_20260330.csv
2026-03-30 05:44:54,739 - INFO - Found 2047 PDB IDs
2026-03-30 05:44:54,776 - INFO - Downloading 26 files using 4 parallel workers...
2026-03-30 05:45:04,795 - WARNING - Retrying (Retry(total=4, connect=4, read=5, redirect=None, status=None)) after connection broken by 'NameResolutionError("HTTPSConnection(host='dunbrack.fccc.edu', port=443): Failed to resolve 'dunbrack.fccc.edu' ([Errno -3] Temporary failure in name resolution)")': /PDBrenum/output_mmCIF/8zzm_renum.cif.gz
2026-03-30 05:45:04,796 - WARNING - Retrying (Retry(total=4, connect=4, read=5, redirect=None, status=None)) after connection broken by 'NameResolutionError("HTTPSConnection(host='dunbrack.fccc.edu', port=443): Failed to resolve 'dunbrack.fccc.edu' ([Errno -3] Temporary failure in name resolution)")': /PDBrenum/output_mmCIF/8zzn_renum.cif.gz
2026-03-30 05:45:04,796 - WARNING - Retrying (Retry(total=4, connect=4, read=5, redirect=None, status=None)) after connection broken by 'NameResolutionError("HTTPSConnection(host='dunbrack.fccc.edu', port=443): Failed to resolve 'dunbrack.fccc.edu' ([Errno -3] Temporary failure in name resolution)")': /PDBrenum/output_mmCIF_assembly/8zzm-assembly1_renum.cif.gz
2026-03-30 05:45:04,796 - WARNING - Retrying (Retry(total=4, connect=4, read=5, redirect=None, status=None)) after connection broken by 'NameResolutionError("HTTPSConnection(host='dunbrack.fccc.edu', port=443): Failed to resolve 'dunbrack.fccc.edu' ([Errno -3] Temporary failure in name resolution)")': /PDBrenum/output_mmCIF_assembly/8zzn-assembly1_renum.cif.gz
2026-03-30 05:45:15,820 - WARNING - Retrying (Retry(total=3, connect=3, read=5, redirect=None, status=None)) after connection broken by 'NameResolutionError("HTTPSConnection(host='dunbrack.fccc.edu', port=443): Failed to resolve 'dunbrack.fccc.edu' ([Errno -3] Temporary failure in name resolution)")': /PDBrenum/output_mmCIF/8zzn_renum.cif.gz
2026-03-30 05:45:15,820 - WARNING - Retrying (Retry(total=3, connect=3, read=5, redirect=None, status=None)) after connection broken by 'NameResolutionError("HTTPSConnection(host='dunbrack.fccc.edu', port=443): Failed to resolve 'dunbrack.fccc.edu' ([Errno -3] Temporary failure in name resolution)")': /PDBrenum/output_mmCIF_assembly/8zzm-assembly1_renum.cif.gz
2026-03-30 05:45:15,820 - WARNING - Retrying (Retry(total=3, connect=3, read=5, redirect=None, status=None)) after connection broken by 'NameResolutionError("HTTPSConnection(host='dunbrack.fccc.edu', port=443): Failed to resolve 'dunbrack.fccc.edu' ([Errno -3] Temporary failure in name resolution)")': /PDBrenum/output_mmCIF/8zzm_renum.cif.gz
2026-03-30 05:45:15,820 - WARNING - Retrying (Retry(total=3, connect=3, read=5, redirect=None, status=None)) after connection broken by 'NameResolutionError("HTTPSConnection(host='dunbrack.fccc.edu', port=443): Failed to resolve 'dunbrack.fccc.edu' ([Errno -3] Temporary failure in name resolution)")': /PDBrenum/output_mmCIF_assembly/8zzn-assembly1_renum.cif.gz
2026-03-30 05:45:27,837 - WARNING - Retrying (Retry(total=2, connect=2, read=5, redirect=None, status=None)) after connection broken by 'NameResolutionError("HTTPSConnection(host='dunbrack.fccc.edu', port=443): Failed to resolve 'dunbrack.fccc.edu' ([Errno -3] Temporary failure in name resolution)")': /PDBrenum/output_mmCIF/8zzn_renum.cif.gz
2026-03-30 05:45:27,838 - WARNING - Retrying (Retry(total=2, connect=2, read=5, redirect=None, status=None)) after connection broken by 'NameResolutionError("HTTPSConnection(host='dunbrack.fccc.edu', port=443): Failed to resolve 'dunbrack.fccc.edu' ([Errno -3] Temporary failure in name resolution)")': /PDBrenum/output_mmCIF_assembly/8zzn-assembly1_renum.cif.gz
2026-03-30 05:45:27,838 - WARNING - Retrying (Retry(total=2, connect=2, read=5, redirect=None, status=None)) after connection broken by 'NameResolutionError("HTTPSConnection(host='dunbrack.fccc.edu', port=443): Failed to resolve 'dunbrack.fccc.edu' ([Errno -3] Temporary failure in name resolution)")': /PDBrenum/output_mmCIF/8zzm_renum.cif.gz
2026-03-30 05:45:27,838 - WARNING - Retrying (Retry(total=2, connect=2, read=5, redirect=None, status=None)) after connection broken by 'NameResolutionError("HTTPSConnection(host='dunbrack.fccc.edu', port=443): Failed to resolve 'dunbrack.fccc.edu' ([Errno -3] Temporary failure in name resolution)")': /PDBrenum/output_mmCIF_assembly/8zzm-assembly1_renum.cif.gz
2026-03-30 05:45:41,857 - WARNING - Retrying (Retry(total=1, connect=1, read=5, redirect=None, status=None)) after connection broken by 'NameResolutionError("HTTPSConnection(host='dunbrack.fccc.edu', port=443): Failed to resolve 'dunbrack.fccc.edu' ([Errno -3] Temporary failure in name resolution)")': /PDBrenum/output_mmCIF_assembly/8zzm-assembly1_renum.cif.gz
2026-03-30 05:45:41,857 - WARNING - Retrying (Retry(total=1, connect=1, read=5, redirect=None, status=None)) after connection broken by 'NameResolutionError("HTTPSConnection(host='dunbrack.fccc.edu', port=443): Failed to resolve 'dunbrack.fccc.edu' ([Errno -3] Temporary failure in name resolution)")': /PDBrenum/output_mmCIF_assembly/8zzn-assembly1_renum.cif.gz
2026-03-30 05:45:41,857 - WARNING - Retrying (Retry(total=1, connect=1, read=5, redirect=None, status=None)) after connection broken by 'NameResolutionError("HTTPSConnection(host='dunbrack.fccc.edu', port=443): Failed to resolve 'dunbrack.fccc.edu' ([Errno -3] Temporary failure in name resolution)")': /PDBrenum/output_mmCIF/8zzm_renum.cif.gz
2026-03-30 05:45:41,859 - WARNING - Retrying (Retry(total=1, connect=1, read=5, redirect=None, status=None)) after connection broken by 'NameResolutionError("HTTPSConnection(host='dunbrack.fccc.edu', port=443): Failed to resolve 'dunbrack.fccc.edu' ([Errno -3] Temporary failure in name resolution)")': /PDBrenum/output_mmCIF/8zzn_renum.cif.gz
2026-03-30 05:45:51,977 - INFO - Downloaded and decompressed: 9MC4.cif
2026-03-30 05:45:51,986 - INFO - Downloaded and decompressed: 9MC5.cif
2026-03-30 05:45:52,000 - INFO - Downloaded and decompressed: 9MC4-assembly1.cif
2026-03-30 05:45:52,004 - INFO - Downloaded and decompressed: 9MC5-assembly1.cif
2026-03-30 05:45:52,062 - INFO - Downloaded and decompressed: 9MC6.cif
2026-03-30 05:45:52,077 - INFO - Downloaded and decompressed: 9MC6-assembly1.cif
2026-03-30 05:45:52,081 - INFO - Downloaded and decompressed: 9MC7-assembly1.cif
2026-03-30 05:45:52,098 - INFO - Downloaded and decompressed: 9MC7.cif
2026-03-30 05:45:52,105 - INFO - Downloaded and decompressed: 9MC9.cif
2026-03-30 05:45:52,119 - INFO - Downloaded and decompressed: 9MCB.cif
2026-03-30 05:45:52,148 - INFO - Downloaded and decompressed: 9MC9-assembly1.cif
2026-03-30 05:45:52,190 - INFO - Downloaded and decompressed: 9MCB-assembly1.cif
2026-03-30 05:45:52,190 - INFO - PDBrenum download complete. Downloaded: 12, Failed: 14, Total tasks: 26
