2026-01-26 11:47:57,370 - INFO - Using CSV: /home/brianna/apps/ubiqcore/util/data/pdb_updates/pdb_structures_detailed_update_20260122.csv
2026-01-26 11:47:57,379 - INFO - Found 2014 PDB IDs
2026-01-26 11:47:57,380 - INFO - [1/2014] Downloading asymmetric unit for 13RZ
2026-01-26 11:47:57,923 - INFO - Downloaded: 13RZ.cif
2026-01-26 11:47:57,924 - INFO - [1/2014] Downloading biological assembly for 13RZ
2026-01-26 11:47:58,123 - WARNING - Failed to download https://files.rcsb.org/download/13RZ.assembly1.cif (status 404)
2026-01-26 11:47:58,325 - INFO - [2/2014] Downloading asymmetric unit for 13SA
2026-01-26 11:47:58,693 - INFO - Downloaded: 13SA.cif
2026-01-26 11:47:58,694 - INFO - [2/2014] Downloading biological assembly for 13SA
2026-01-26 11:47:58,838 - WARNING - Failed to download https://files.rcsb.org/download/13SA.assembly1.cif (status 404)
2026-01-26 11:47:59,038 - INFO - [3/2014] Downloading asymmetric unit for 13SB
2026-01-26 11:47:59,410 - INFO - Downloaded: 13SB.cif
2026-01-26 11:47:59,412 - INFO - [3/2014] Downloading biological assembly for 13SB
2026-01-26 11:47:59,608 - WARNING - Failed to download https://files.rcsb.org/download/13SB.assembly1.cif (status 404)
2026-01-26 11:47:59,809 - INFO - [4/2014] Downloading asymmetric unit for 13SC
2026-01-26 11:48:00,177 - INFO - Downloaded: 13SC.cif
2026-01-26 11:48:00,178 - INFO - [4/2014] Downloading biological assembly for 13SC
2026-01-26 11:48:00,385 - WARNING - Failed to download https://files.rcsb.org/download/13SC.assembly1.cif (status 404)
2026-01-26 11:48:00,586 - INFO - [5/2014] Downloading asymmetric unit for 13SD
2026-01-26 11:48:00,915 - INFO - Downloaded: 13SD.cif
2026-01-26 11:48:00,917 - INFO - [5/2014] Downloading biological assembly for 13SD
2026-01-26 11:48:01,116 - WARNING - Failed to download https://files.rcsb.org/download/13SD.assembly1.cif (status 404)
2026-01-26 11:48:01,318 - INFO - [6/2014] Downloading asymmetric unit for 13SE
2026-01-26 11:48:02,038 - INFO - Downloaded: 13SE.cif
2026-01-26 11:48:02,040 - INFO - [6/2014] Downloading biological assembly for 13SE
2026-01-26 11:48:02,234 - WARNING - Failed to download https://files.rcsb.org/download/13SE.assembly1.cif (status 404)
2026-01-26 11:48:02,435 - INFO - [7/2014] Downloading asymmetric unit for 13SF
2026-01-26 11:48:02,793 - INFO - Downloaded: 13SF.cif
2026-01-26 11:48:02,794 - INFO - [7/2014] Downloading biological assembly for 13SF
2026-01-26 11:48:02,992 - WARNING - Failed to download https://files.rcsb.org/download/13SF.assembly1.cif (status 404)
2026-01-26 11:48:03,194 - INFO - [8/2014] Downloading asymmetric unit for 13SG
2026-01-26 11:48:03,560 - INFO - Downloaded: 13SG.cif
2026-01-26 11:48:03,561 - INFO - [8/2014] Downloading biological assembly for 13SG
2026-01-26 11:48:03,753 - WARNING - Failed to download https://files.rcsb.org/download/13SG.assembly1.cif (status 404)
2026-01-26 11:48:03,953 - INFO - [9/2014] Downloading asymmetric unit for 13SH
2026-01-26 11:48:04,323 - INFO - Downloaded: 13SH.cif
2026-01-26 11:48:04,323 - INFO - [9/2014] Downloading biological assembly for 13SH
2026-01-26 11:48:04,511 - WARNING - Failed to download https://files.rcsb.org/download/13SH.assembly1.cif (status 404)
2026-01-26 11:48:04,712 - INFO - [10/2014] Downloading asymmetric unit for 13SI
2026-01-26 11:48:05,091 - INFO - Downloaded: 13SI.cif
2026-01-26 11:48:05,092 - INFO - [10/2014] Downloading biological assembly for 13SI
2026-01-26 11:48:05,288 - WARNING - Failed to download https://files.rcsb.org/download/13SI.assembly1.cif (status 404)
2026-01-26 11:48:05,489 - INFO - [11/2014] Downloading asymmetric unit for 13SJ
2026-01-26 11:48:05,822 - INFO - Downloaded: 13SJ.cif
2026-01-26 11:48:05,824 - INFO - [11/2014] Downloading biological assembly for 13SJ
2026-01-26 11:48:06,027 - WARNING - Failed to download https://files.rcsb.org/download/13SJ.assembly1.cif (status 404)
2026-01-26 11:48:06,228 - INFO - [12/2014] Downloading asymmetric unit for 13SK
2026-01-26 11:48:06,600 - INFO - Downloaded: 13SK.cif
2026-01-26 11:48:06,602 - INFO - [12/2014] Downloading biological assembly for 13SK
2026-01-26 11:48:06,810 - WARNING - Failed to download https://files.rcsb.org/download/13SK.assembly1.cif (status 404)
2026-01-26 11:48:07,011 - INFO - [13/2014] Downloading asymmetric unit for 13SL
2026-01-26 11:48:07,401 - INFO - Downloaded: 13SL.cif
2026-01-26 11:48:07,402 - INFO - [13/2014] Downloading biological assembly for 13SL
2026-01-26 11:48:07,600 - WARNING - Failed to download https://files.rcsb.org/download/13SL.assembly1.cif (status 404)
2026-01-26 11:48:07,800 - INFO - [14/2014] Downloading asymmetric unit for 13SM
2026-01-26 11:48:08,132 - INFO - Downloaded: 13SM.cif
2026-01-26 11:48:08,133 - INFO - [14/2014] Downloading biological assembly for 13SM
2026-01-26 11:48:08,329 - WARNING - Failed to download https://files.rcsb.org/download/13SM.assembly1.cif (status 404)
2026-01-26 11:48:08,530 - INFO - [15/2014] Downloading asymmetric unit for 13SN
2026-01-26 11:48:08,898 - INFO - Downloaded: 13SN.cif
2026-01-26 11:48:08,899 - INFO - [15/2014] Downloading biological assembly for 13SN
2026-01-26 11:48:09,095 - WARNING - Failed to download https://files.rcsb.org/download/13SN.assembly1.cif (status 404)
2026-01-26 11:48:09,296 - INFO - [16/2014] Downloading asymmetric unit for 13SO
2026-01-26 11:48:09,622 - INFO - Downloaded: 13SO.cif
2026-01-26 11:48:09,624 - INFO - [16/2014] Downloading biological assembly for 13SO
2026-01-26 11:48:09,755 - WARNING - Failed to download https://files.rcsb.org/download/13SO.assembly1.cif (status 404)
2026-01-26 11:48:09,956 - INFO - [17/2014] Downloading asymmetric unit for 13SP
2026-01-26 11:48:10,300 - INFO - Downloaded: 13SP.cif
2026-01-26 11:48:10,301 - INFO - [17/2014] Downloading biological assembly for 13SP
2026-01-26 11:48:10,493 - WARNING - Failed to download https://files.rcsb.org/download/13SP.assembly1.cif (status 404)
2026-01-26 11:48:10,693 - INFO - [18/2014] Downloading asymmetric unit for 13SQ
2026-01-26 11:48:11,050 - INFO - Downloaded: 13SQ.cif
2026-01-26 11:48:11,050 - INFO - [18/2014] Downloading biological assembly for 13SQ
2026-01-26 11:48:11,247 - WARNING - Failed to download https://files.rcsb.org/download/13SQ.assembly1.cif (status 404)
2026-01-26 11:48:11,448 - INFO - [19/2014] Downloading asymmetric unit for 13SR
2026-01-26 11:48:11,793 - INFO - Downloaded: 13SR.cif
2026-01-26 11:48:11,796 - INFO - [19/2014] Downloading biological assembly for 13SR
2026-01-26 11:48:11,999 - WARNING - Failed to download https://files.rcsb.org/download/13SR.assembly1.cif (status 404)
2026-01-26 11:48:12,200 - INFO - [20/2014] Downloading asymmetric unit for 13SS
2026-01-26 11:48:12,614 - INFO - Downloaded: 13SS.cif
2026-01-26 11:48:12,614 - INFO - [20/2014] Downloading biological assembly for 13SS
2026-01-26 11:48:12,807 - WARNING - Failed to download https://files.rcsb.org/download/13SS.assembly1.cif (status 404)
2026-01-26 11:48:13,007 - INFO - [21/2014] Downloading asymmetric unit for 13ST
2026-01-26 11:48:13,349 - INFO - Downloaded: 13ST.cif
2026-01-26 11:48:13,351 - INFO - [21/2014] Downloading biological assembly for 13ST
2026-01-26 11:48:13,543 - WARNING - Failed to download https://files.rcsb.org/download/13ST.assembly1.cif (status 404)
2026-01-26 11:48:13,744 - INFO - [22/2014] Downloading asymmetric unit for 13SU
2026-01-26 11:48:14,079 - INFO - Downloaded: 13SU.cif
2026-01-26 11:48:14,079 - INFO - [22/2014] Downloading biological assembly for 13SU
2026-01-26 11:48:14,266 - WARNING - Failed to download https://files.rcsb.org/download/13SU.assembly1.cif (status 404)
2026-01-26 11:48:14,467 - INFO - [23/2014] Downloading asymmetric unit for 13SV
2026-01-26 11:48:14,848 - INFO - Downloaded: 13SV.cif
2026-01-26 11:48:14,852 - INFO - [23/2014] Downloading biological assembly for 13SV
2026-01-26 11:48:15,046 - WARNING - Failed to download https://files.rcsb.org/download/13SV.assembly1.cif (status 404)
2026-01-26 11:48:15,248 - INFO - [24/2014] Downloading asymmetric unit for 13SW
2026-01-26 11:48:15,610 - INFO - Downloaded: 13SW.cif
2026-01-26 11:48:15,611 - INFO - [24/2014] Downloading biological assembly for 13SW
2026-01-26 11:48:15,811 - WARNING - Failed to download https://files.rcsb.org/download/13SW.assembly1.cif (status 404)
2026-01-26 11:48:16,012 - INFO - [25/2014] Downloading asymmetric unit for 13SX
2026-01-26 11:48:16,391 - INFO - Downloaded: 13SX.cif
2026-01-26 11:48:16,391 - INFO - [25/2014] Downloading biological assembly for 13SX
2026-01-26 11:48:16,588 - WARNING - Failed to download https://files.rcsb.org/download/13SX.assembly1.cif (status 404)
2026-01-26 11:48:16,788 - INFO - [26/2014] Downloading asymmetric unit for 13SY
2026-01-26 11:48:17,150 - INFO - Downloaded: 13SY.cif
2026-01-26 11:48:17,150 - INFO - [26/2014] Downloading biological assembly for 13SY
2026-01-26 11:48:17,349 - WARNING - Failed to download https://files.rcsb.org/download/13SY.assembly1.cif (status 404)
2026-01-26 11:48:17,551 - INFO - [27/2014] Downloading asymmetric unit for 13SZ
2026-01-26 11:48:18,311 - INFO - Downloaded: 13SZ.cif
2026-01-26 11:48:18,312 - INFO - [27/2014] Downloading biological assembly for 13SZ
2026-01-26 11:48:18,508 - WARNING - Failed to download https://files.rcsb.org/download/13SZ.assembly1.cif (status 404)
2026-01-26 11:48:18,709 - INFO - [28/2014] Downloading asymmetric unit for 13TA
2026-01-26 11:48:19,078 - INFO - Downloaded: 13TA.cif
2026-01-26 11:48:19,079 - INFO - [28/2014] Downloading biological assembly for 13TA
2026-01-26 11:48:19,260 - WARNING - Failed to download https://files.rcsb.org/download/13TA.assembly1.cif (status 404)
2026-01-26 11:48:19,460 - INFO - [29/2014] Downloading asymmetric unit for 13TB
2026-01-26 11:48:19,815 - INFO - Downloaded: 13TB.cif
2026-01-26 11:48:19,821 - INFO - [29/2014] Downloading biological assembly for 13TB
2026-01-26 11:48:20,021 - WARNING - Failed to download https://files.rcsb.org/download/13TB.assembly1.cif (status 404)
2026-01-26 11:48:20,223 - INFO - [30/2014] Downloading asymmetric unit for 1A3S
2026-01-26 11:48:20,240 - INFO - Downloaded: 1A3S.cif
2026-01-26 11:48:20,245 - INFO - [30/2014] Downloading biological assembly for 1A3S
2026-01-26 11:48:20,440 - WARNING - Failed to download https://files.rcsb.org/download/1A3S.assembly1.cif (status 404)
