2026-02-10 03:47:06,160 - INFO - Logging to /home/runner/work/UbiqCore/UbiqCore/util/data/pdb_updates/pdb_update_20260210_034706.log
2026-02-10 03:47:06,160 - INFO - Read 37 E2 IDs and 369 E3 IDs
2026-02-10 03:47:06,160 - INFO - Total unique UniProt IDs: 406
2026-02-10 03:47:06,160 - INFO - Starting UniProt→PDB mapping via UniProt service...
2026-02-10 03:47:06,161 - INFO - UniProt mapping batch 1: 50 IDs
2026-02-10 03:47:08,177 - INFO - UniProt mapping batch 2: 50 IDs
2026-02-10 03:47:09,772 - INFO - UniProt mapping batch 3: 50 IDs
2026-02-10 03:47:11,314 - INFO - UniProt mapping batch 4: 50 IDs
2026-02-10 03:47:12,852 - INFO - UniProt mapping batch 5: 50 IDs
2026-02-10 03:47:14,386 - INFO - UniProt mapping batch 6: 50 IDs
2026-02-10 03:47:15,933 - INFO - UniProt mapping batch 7: 50 IDs
2026-02-10 03:47:17,460 - INFO - UniProt mapping batch 8: 50 IDs
2026-02-10 03:47:18,998 - INFO - UniProt mapping batch 9: 6 IDs
2026-02-10 03:47:20,530 - INFO - Starting UniProt→PDB mapping via RCSB full-text search...
2026-02-10 03:47:20,531 - INFO - RCSB full-text mapping 1/406: A0A1B0GUS4
2026-02-10 03:47:20,945 - INFO - RCSB full-text mapping 2/406: A0AVI4
2026-02-10 03:47:20,992 - INFO - RCSB full-text mapping 3/406: A1L020
2026-02-10 03:47:21,042 - INFO - RCSB full-text mapping 4/406: A1L167
2026-02-10 03:47:21,089 - INFO - RCSB full-text mapping 5/406: A6NCK2
2026-02-10 03:47:21,136 - INFO - RCSB full-text mapping 6/406: A6NCQ9
2026-02-10 03:47:21,183 - INFO - RCSB full-text mapping 7/406: A6NDI0
2026-02-10 03:47:21,232 - INFO - RCSB full-text mapping 8/406: A6NGJ6
2026-02-10 03:47:21,279 - INFO - RCSB full-text mapping 9/406: A6NI03
2026-02-10 03:47:21,327 - INFO - RCSB full-text mapping 10/406: A6NK02
2026-02-10 03:47:21,373 - INFO - RCSB full-text mapping 11/406: A6NLI5
2026-02-10 03:47:21,423 - INFO - RCSB full-text mapping 12/406: A6NLU0
2026-02-10 03:47:22,472 - INFO - RCSB full-text mapping 13/406: A6NNE9
2026-02-10 03:47:22,520 - INFO - RCSB full-text mapping 14/406: A8MQ27
2026-02-10 03:47:22,567 - INFO - RCSB full-text mapping 15/406: A8MTL3
2026-02-10 03:47:22,615 - INFO - RCSB full-text mapping 16/406: C9J1S8
2026-02-10 03:47:22,662 - INFO - RCSB full-text mapping 17/406: E7ERA6
2026-02-10 03:47:22,711 - INFO - RCSB full-text mapping 18/406: F8VTS6
2026-02-10 03:47:22,758 - INFO - RCSB full-text mapping 19/406: I1YAP6
2026-02-10 03:47:22,807 - INFO - RCSB full-text mapping 20/406: M0QZC1
2026-02-10 03:47:22,854 - INFO - RCSB full-text mapping 21/406: O00237
2026-02-10 03:47:22,902 - INFO - RCSB full-text mapping 22/406: O00308
2026-02-10 03:47:23,951 - INFO - RCSB full-text mapping 23/406: O00463
2026-02-10 03:47:25,004 - INFO - RCSB full-text mapping 24/406: O00623
2026-02-10 03:47:25,052 - INFO - RCSB full-text mapping 25/406: O00635
2026-02-10 03:47:25,101 - INFO - RCSB full-text mapping 26/406: O00762
2026-02-10 03:47:26,151 - INFO - RCSB full-text mapping 27/406: O14686
2026-02-10 03:47:27,204 - INFO - RCSB full-text mapping 28/406: O14933
2026-02-10 03:47:28,253 - INFO - RCSB full-text mapping 29/406: O15033
2026-02-10 03:47:29,304 - INFO - RCSB full-text mapping 30/406: O15151
2026-02-10 03:47:30,356 - INFO - RCSB full-text mapping 31/406: O15164
2026-02-10 03:47:31,409 - INFO - RCSB full-text mapping 32/406: O15344
2026-02-10 03:47:32,459 - INFO - RCSB full-text mapping 33/406: O15541
2026-02-10 03:47:33,509 - INFO - RCSB full-text mapping 34/406: O43164
2026-02-10 03:47:33,557 - INFO - RCSB full-text mapping 35/406: O43255
2026-02-10 03:47:34,608 - INFO - RCSB full-text mapping 36/406: O43567
2026-02-10 03:47:35,658 - INFO - RCSB full-text mapping 37/406: O60260
2026-02-10 03:47:36,709 - INFO - RCSB full-text mapping 38/406: O60291
2026-02-10 03:47:36,759 - INFO - RCSB full-text mapping 39/406: O60337
2026-02-10 03:47:36,807 - INFO - RCSB full-text mapping 40/406: O60683
2026-02-10 03:47:36,857 - INFO - RCSB full-text mapping 41/406: O60858
2026-02-10 03:47:36,905 - INFO - RCSB full-text mapping 42/406: O75150
2026-02-10 03:47:37,956 - INFO - RCSB full-text mapping 43/406: O75382
2026-02-10 03:47:39,006 - INFO - RCSB full-text mapping 44/406: O75592
2026-02-10 03:47:40,058 - INFO - RCSB full-text mapping 45/406: O75677
2026-02-10 03:47:40,106 - INFO - RCSB full-text mapping 46/406: O75678
2026-02-10 03:47:40,155 - INFO - RCSB full-text mapping 47/406: O75679
2026-02-10 03:47:40,203 - INFO - RCSB full-text mapping 48/406: O75928
2026-02-10 03:47:41,255 - INFO - RCSB full-text mapping 49/406: O76050
2026-02-10 03:47:41,302 - INFO - RCSB full-text mapping 50/406: O76064
2026-02-10 03:47:42,354 - INFO - RCSB full-text mapping 51/406: O94822
2026-02-10 03:47:43,403 - INFO - RCSB full-text mapping 52/406: O94941
2026-02-10 03:47:43,454 - INFO - RCSB full-text mapping 53/406: O94972
2026-02-10 03:47:44,503 - INFO - RCSB full-text mapping 54/406: O95071
2026-02-10 03:47:45,552 - INFO - RCSB full-text mapping 55/406: O95155
2026-02-10 03:47:46,605 - INFO - RCSB full-text mapping 56/406: O95159
2026-02-10 03:47:46,652 - INFO - RCSB full-text mapping 57/406: O95376
2026-02-10 03:47:47,703 - INFO - RCSB full-text mapping 58/406: O95628
2026-02-10 03:47:48,752 - INFO - RCSB full-text mapping 59/406: O95714
2026-02-10 03:47:49,803 - INFO - RCSB full-text mapping 60/406: P0CI25
2026-02-10 03:47:49,851 - INFO - RCSB full-text mapping 61/406: P0CI26
2026-02-10 03:47:49,901 - INFO - RCSB full-text mapping 62/406: P0DH78
2026-02-10 03:47:49,948 - INFO - RCSB full-text mapping 63/406: P0DTL6
2026-02-10 03:47:49,997 - INFO - RCSB full-text mapping 64/406: P14373
2026-02-10 03:47:50,044 - INFO - RCSB full-text mapping 65/406: P15918
2026-02-10 03:47:50,091 - INFO - RCSB full-text mapping 66/406: P19474
2026-02-10 03:47:51,141 - INFO - RCSB full-text mapping 67/406: P22681
2026-02-10 03:47:52,191 - INFO - RCSB full-text mapping 68/406: P28328
2026-02-10 03:47:52,240 - INFO - RCSB full-text mapping 69/406: P29590
2026-02-10 03:47:53,290 - INFO - RCSB full-text mapping 70/406: P35226
2026-02-10 03:47:54,344 - INFO - RCSB full-text mapping 71/406: P35227
2026-02-10 03:47:54,391 - INFO - RCSB full-text mapping 72/406: P36406
2026-02-10 03:47:55,441 - INFO - RCSB full-text mapping 73/406: P38398
2026-02-10 03:47:56,491 - INFO - RCSB full-text mapping 74/406: P46934
2026-02-10 03:47:57,545 - INFO - RCSB full-text mapping 75/406: P49427
2026-02-10 03:47:58,595 - INFO - RCSB full-text mapping 76/406: P49459
2026-02-10 03:47:59,645 - INFO - RCSB full-text mapping 77/406: P49754
2026-02-10 03:47:59,695 - INFO - RCSB full-text mapping 78/406: P50876
2026-02-10 03:48:00,744 - INFO - RCSB full-text mapping 79/406: P51668
2026-02-10 03:48:01,797 - INFO - RCSB full-text mapping 80/406: P51948
2026-02-10 03:48:02,847 - INFO - RCSB full-text mapping 81/406: P51965
2026-02-10 03:48:03,901 - INFO - RCSB full-text mapping 82/406: P53804
2026-02-10 03:48:03,948 - INFO - RCSB full-text mapping 83/406: P60604
2026-02-10 03:48:05,000 - INFO - RCSB full-text mapping 84/406: P61077
2026-02-10 03:48:06,052 - INFO - RCSB full-text mapping 85/406: P61081
2026-02-10 03:48:07,104 - INFO - RCSB full-text mapping 86/406: P61086
2026-02-10 03:48:08,154 - INFO - RCSB full-text mapping 87/406: P61088
2026-02-10 03:48:09,206 - INFO - RCSB full-text mapping 88/406: P62253
2026-02-10 03:48:10,256 - INFO - RCSB full-text mapping 89/406: P62256
2026-02-10 03:48:11,308 - INFO - RCSB full-text mapping 90/406: P62837
2026-02-10 03:48:12,358 - INFO - RCSB full-text mapping 91/406: P62877
2026-02-10 03:48:13,409 - INFO - RCSB full-text mapping 92/406: P63146
2026-02-10 03:48:14,459 - INFO - RCSB full-text mapping 93/406: P63279
2026-02-10 03:48:15,510 - INFO - RCSB full-text mapping 94/406: P68036
2026-02-10 03:48:16,563 - INFO - RCSB full-text mapping 95/406: P78317
2026-02-10 03:48:17,616 - INFO - RCSB full-text mapping 96/406: P98170
2026-02-10 03:48:18,665 - INFO - RCSB full-text mapping 97/406: Q00987
2026-02-10 03:48:19,719 - INFO - RCSB full-text mapping 98/406: Q05086
2026-02-10 03:48:20,769 - INFO - RCSB full-text mapping 99/406: Q06587
2026-02-10 03:48:20,820 - INFO - RCSB full-text mapping 100/406: Q09472
2026-02-10 03:48:21,869 - INFO - RCSB full-text mapping 101/406: Q12899
2026-02-10 03:48:21,918 - INFO - RCSB full-text mapping 102/406: Q12933
2026-02-10 03:48:22,967 - INFO - RCSB full-text mapping 103/406: Q12986
2026-02-10 03:48:23,016 - INFO - RCSB full-text mapping 104/406: Q13049
2026-02-10 03:48:24,065 - INFO - RCSB full-text mapping 105/406: Q13064
2026-02-10 03:48:24,115 - INFO - RCSB full-text mapping 106/406: Q13114
2026-02-10 03:48:25,165 - INFO - RCSB full-text mapping 107/406: Q13191
2026-02-10 03:48:26,217 - INFO - RCSB full-text mapping 108/406: Q13233
2026-02-10 03:48:27,269 - INFO - RCSB full-text mapping 109/406: Q13263
2026-02-10 03:48:28,320 - INFO - RCSB full-text mapping 110/406: Q13356
2026-02-10 03:48:29,371 - INFO - RCSB full-text mapping 111/406: Q13404
2026-02-10 03:48:30,422 - INFO - RCSB full-text mapping 112/406: Q13434
2026-02-10 03:48:30,470 - INFO - RCSB full-text mapping 113/406: Q13489
2026-02-10 03:48:31,522 - INFO - RCSB full-text mapping 114/406: Q13490
2026-02-10 03:48:32,572 - INFO - RCSB full-text mapping 115/406: Q13501
2026-02-10 03:48:33,622 - INFO - RCSB full-text mapping 116/406: Q13702
2026-02-10 03:48:33,671 - INFO - RCSB full-text mapping 117/406: Q14139
2026-02-10 03:48:34,722 - INFO - RCSB full-text mapping 118/406: Q14258
2026-02-10 03:48:35,772 - INFO - RCSB full-text mapping 119/406: Q14527
2026-02-10 03:48:36,823 - INFO - RCSB full-text mapping 120/406: Q14669
2026-02-10 03:48:37,873 - INFO - RCSB full-text mapping 121/406: Q149N8
2026-02-10 03:48:38,922 - INFO - RCSB full-text mapping 122/406: Q15034
2026-02-10 03:48:38,971 - INFO - RCSB full-text mapping 123/406: Q15386
2026-02-10 03:48:40,021 - INFO - RCSB full-text mapping 124/406: Q15751
2026-02-10 03:48:41,073 - INFO - RCSB full-text mapping 125/406: Q15819
2026-02-10 03:48:42,123 - INFO - RCSB full-text mapping 126/406: Q16763
2026-02-10 03:48:43,174 - INFO - RCSB full-text mapping 127/406: Q17RB8
2026-02-10 03:48:43,222 - INFO - RCSB full-text mapping 128/406: Q1L5Z9
2026-02-10 03:48:43,288 - INFO - RCSB full-text mapping 129/406: Q2KHN1
2026-02-10 03:48:43,334 - INFO - RCSB full-text mapping 130/406: Q2Q1W2
2026-02-10 03:48:44,399 - INFO - RCSB full-text mapping 131/406: Q3KNV8
2026-02-10 03:48:44,447 - INFO - RCSB full-text mapping 132/406: Q495C1
2026-02-10 03:48:44,495 - INFO - RCSB full-text mapping 133/406: Q495X7
2026-02-10 03:48:44,542 - INFO - RCSB full-text mapping 134/406: Q496Y0
2026-02-10 03:48:44,612 - INFO - RCSB full-text mapping 135/406: Q5EBN2
2026-02-10 03:48:44,659 - INFO - RCSB full-text mapping 136/406: Q5GLZ8
2026-02-10 03:48:44,709 - INFO - RCSB full-text mapping 137/406: Q5M7Z0
2026-02-10 03:48:44,756 - INFO - RCSB full-text mapping 138/406: Q5T0T0
2026-02-10 03:48:45,807 - INFO - RCSB full-text mapping 139/406: Q5T197
2026-02-10 03:48:45,855 - INFO - RCSB full-text mapping 140/406: Q5T447
2026-02-10 03:48:46,904 - INFO - RCSB full-text mapping 141/406: Q5T4S7
2026-02-10 03:48:47,953 - INFO - RCSB full-text mapping 142/406: Q5TA31
2026-02-10 03:48:49,004 - INFO - RCSB full-text mapping 143/406: Q5TC82
2026-02-10 03:48:50,055 - INFO - RCSB full-text mapping 144/406: Q5U5Q3
2026-02-10 03:48:51,105 - INFO - RCSB full-text mapping 145/406: Q5U5R9
2026-02-10 03:48:51,152 - INFO - RCSB full-text mapping 146/406: Q5VTB9
2026-02-10 03:48:51,201 - INFO - RCSB full-text mapping 147/406: Q5VTR2
2026-02-10 03:48:52,250 - INFO - RCSB full-text mapping 148/406: Q5VVX9
2026-02-10 03:48:53,300 - INFO - RCSB full-text mapping 149/406: Q5W0B1
2026-02-10 03:48:53,348 - INFO - RCSB full-text mapping 150/406: Q5XPI4
2026-02-10 03:48:54,398 - INFO - RCSB full-text mapping 151/406: Q63HN8
2026-02-10 03:48:55,448 - INFO - RCSB full-text mapping 152/406: Q68DV7
2026-02-10 03:48:56,499 - INFO - RCSB full-text mapping 153/406: Q6AZZ1
2026-02-10 03:48:56,547 - INFO - RCSB full-text mapping 154/406: Q6P9F5
2026-02-10 03:48:56,595 - INFO - RCSB full-text mapping 155/406: Q6PCD5
2026-02-10 03:48:57,644 - INFO - RCSB full-text mapping 156/406: Q6PJ69
2026-02-10 03:48:58,695 - INFO - RCSB full-text mapping 157/406: Q6PJI9
2026-02-10 03:48:59,745 - INFO - RCSB full-text mapping 158/406: Q6Q0C0
2026-02-10 03:49:00,796 - INFO - RCSB full-text mapping 159/406: Q6UWE0
2026-02-10 03:49:00,843 - INFO - RCSB full-text mapping 160/406: Q6VVB1
2026-02-10 03:49:00,892 - INFO - RCSB full-text mapping 161/406: Q6ZMN7
2026-02-10 03:49:00,941 - INFO - RCSB full-text mapping 162/406: Q6ZMU5
2026-02-10 03:49:01,993 - INFO - RCSB full-text mapping 163/406: Q6ZMZ0
2026-02-10 03:49:02,042 - INFO - RCSB full-text mapping 164/406: Q6ZN04
2026-02-10 03:49:03,091 - INFO - RCSB full-text mapping 165/406: Q6ZNA4
2026-02-10 03:49:04,142 - INFO - RCSB full-text mapping 166/406: Q6ZNB6
2026-02-10 03:49:04,192 - INFO - RCSB full-text mapping 167/406: Q6ZRF8
2026-02-10 03:49:04,239 - INFO - RCSB full-text mapping 168/406: Q6ZSG1
2026-02-10 03:49:05,291 - INFO - RCSB full-text mapping 169/406: Q6ZT12
2026-02-10 03:49:05,339 - INFO - RCSB full-text mapping 170/406: Q6ZTA4
2026-02-10 03:49:06,389 - INFO - RCSB full-text mapping 171/406: Q6ZWI9
2026-02-10 03:49:06,436 - INFO - RCSB full-text mapping 172/406: Q712K3
2026-02-10 03:49:07,488 - INFO - RCSB full-text mapping 173/406: Q75N03
2026-02-10 03:49:07,536 - INFO - RCSB full-text mapping 174/406: Q76N89
2026-02-10 03:49:08,587 - INFO - RCSB full-text mapping 175/406: Q7L0R7
2026-02-10 03:49:08,635 - INFO - RCSB full-text mapping 176/406: Q7L5Y9
2026-02-10 03:49:09,686 - INFO - RCSB full-text mapping 177/406: Q7L622
2026-02-10 03:49:09,735 - INFO - RCSB full-text mapping 178/406: Q7Z3V4
2026-02-10 03:49:09,783 - INFO - RCSB full-text mapping 179/406: Q7Z419
2026-02-10 03:49:09,830 - INFO - RCSB full-text mapping 180/406: Q7Z4K8
2026-02-10 03:49:09,880 - INFO - RCSB full-text mapping 181/406: Q7Z569
2026-02-10 03:49:09,927 - INFO - RCSB full-text mapping 182/406: Q7Z5L9
2026-02-10 03:49:10,977 - INFO - RCSB full-text mapping 183/406: Q7Z6E9
2026-02-10 03:49:12,027 - INFO - RCSB full-text mapping 184/406: Q7Z6J0
2026-02-10 03:49:13,077 - INFO - RCSB full-text mapping 185/406: Q7Z6J8
2026-02-10 03:49:13,127 - INFO - RCSB full-text mapping 186/406: Q7Z6Z7
2026-02-10 03:49:14,175 - INFO - RCSB full-text mapping 187/406: Q7Z7E8
2026-02-10 03:49:15,225 - INFO - RCSB full-text mapping 188/406: Q86SE9
2026-02-10 03:49:16,276 - INFO - RCSB full-text mapping 189/406: Q86T96
2026-02-10 03:49:16,326 - INFO - RCSB full-text mapping 190/406: Q86TM6
2026-02-10 03:49:17,375 - INFO - RCSB full-text mapping 191/406: Q86UD3
2026-02-10 03:49:17,426 - INFO - RCSB full-text mapping 192/406: Q86UK7
2026-02-10 03:49:17,473 - INFO - RCSB full-text mapping 193/406: Q86UV6
2026-02-10 03:49:17,521 - INFO - RCSB full-text mapping 194/406: Q86UV7
2026-02-10 03:49:17,568 - INFO - RCSB full-text mapping 195/406: Q86UW9
2026-02-10 03:49:18,619 - INFO - RCSB full-text mapping 196/406: Q86WT6
2026-02-10 03:49:19,669 - INFO - RCSB full-text mapping 197/406: Q86XN8
2026-02-10 03:49:20,719 - INFO - RCSB full-text mapping 198/406: Q86XS8
2026-02-10 03:49:20,767 - INFO - RCSB full-text mapping 199/406: Q86XT4
2026-02-10 03:49:20,816 - INFO - RCSB full-text mapping 200/406: Q86Y01
2026-02-10 03:49:21,865 - INFO - RCSB full-text mapping 201/406: Q86Y13
2026-02-10 03:49:21,914 - INFO - RCSB full-text mapping 202/406: Q86YJ5
2026-02-10 03:49:21,960 - INFO - RCSB full-text mapping 203/406: Q86YT6
2026-02-10 03:49:23,010 - INFO - RCSB full-text mapping 204/406: Q8IU81
2026-02-10 03:49:23,058 - INFO - RCSB full-text mapping 205/406: Q8IUD6
2026-02-10 03:49:24,108 - INFO - RCSB full-text mapping 206/406: Q8IUQ4
2026-02-10 03:49:25,158 - INFO - RCSB full-text mapping 207/406: Q8IVU3
2026-02-10 03:49:26,211 - INFO - RCSB full-text mapping 208/406: Q8IWR1
2026-02-10 03:49:26,260 - INFO - RCSB full-text mapping 209/406: Q8IWT3
2026-02-10 03:49:27,310 - INFO - RCSB full-text mapping 210/406: Q8IWV7
2026-02-10 03:49:28,360 - INFO - RCSB full-text mapping 211/406: Q8IWV8
2026-02-10 03:49:29,413 - INFO - RCSB full-text mapping 212/406: Q8IWZ4
2026-02-10 03:49:29,461 - INFO - RCSB full-text mapping 213/406: Q8IWZ5
2026-02-10 03:49:29,511 - INFO - RCSB full-text mapping 214/406: Q8IYM9
2026-02-10 03:49:29,559 - INFO - RCSB full-text mapping 215/406: Q8IYU2
2026-02-10 03:49:30,610 - INFO - RCSB full-text mapping 216/406: Q8IYW5
2026-02-10 03:49:31,660 - INFO - RCSB full-text mapping 217/406: Q8IZP6
2026-02-10 03:49:32,712 - INFO - RCSB full-text mapping 218/406: Q8N2H9
2026-02-10 03:49:32,760 - INFO - RCSB full-text mapping 219/406: Q8N2K1
2026-02-10 03:49:33,811 - INFO - RCSB full-text mapping 220/406: Q8N2W9
2026-02-10 03:49:33,859 - INFO - RCSB full-text mapping 221/406: Q8N3P4
2026-02-10 03:49:33,908 - INFO - RCSB full-text mapping 222/406: Q8N448
2026-02-10 03:49:34,960 - INFO - RCSB full-text mapping 223/406: Q8N4F7
2026-02-10 03:49:35,008 - INFO - RCSB full-text mapping 224/406: Q8N5U6
2026-02-10 03:49:35,055 - INFO - RCSB full-text mapping 225/406: Q8N6D2
2026-02-10 03:49:35,103 - INFO - RCSB full-text mapping 226/406: Q8N7C7
2026-02-10 03:49:35,151 - INFO - RCSB full-text mapping 227/406: Q8N7E2
2026-02-10 03:49:35,200 - INFO - RCSB full-text mapping 228/406: Q8N8N0
2026-02-10 03:49:35,247 - INFO - RCSB full-text mapping 229/406: Q8N9I9
2026-02-10 03:49:35,297 - INFO - RCSB full-text mapping 230/406: Q8N9V2
2026-02-10 03:49:35,344 - INFO - RCSB full-text mapping 231/406: Q8N9V3
2026-02-10 03:49:35,393 - INFO - RCSB full-text mapping 232/406: Q8NA82
2026-02-10 03:49:35,439 - INFO - RCSB full-text mapping 233/406: Q8NC42
2026-02-10 03:49:35,488 - INFO - RCSB full-text mapping 234/406: Q8NCN4
2026-02-10 03:49:36,538 - INFO - RCSB full-text mapping 235/406: Q8ND24
2026-02-10 03:49:36,587 - INFO - RCSB full-text mapping 236/406: Q8ND25
2026-02-10 03:49:37,636 - INFO - RCSB full-text mapping 237/406: Q8NEG5
2026-02-10 03:49:38,686 - INFO - RCSB full-text mapping 238/406: Q8NEZ4
2026-02-10 03:49:39,736 - INFO - RCSB full-text mapping 239/406: Q8NF64
2026-02-10 03:49:39,785 - INFO - RCSB full-text mapping 240/406: Q8NG06
2026-02-10 03:49:40,834 - INFO - RCSB full-text mapping 241/406: Q8NG27
2026-02-10 03:49:41,885 - INFO - RCSB full-text mapping 242/406: Q8NHG8
2026-02-10 03:49:41,933 - INFO - RCSB full-text mapping 243/406: Q8NHY2
2026-02-10 03:49:42,982 - INFO - RCSB full-text mapping 244/406: Q8TBB1
2026-02-10 03:49:44,034 - INFO - RCSB full-text mapping 245/406: Q8TC41
2026-02-10 03:49:44,084 - INFO - RCSB full-text mapping 246/406: Q8TCQ1
2026-02-10 03:49:44,132 - INFO - RCSB full-text mapping 247/406: Q8TDB6
2026-02-10 03:49:45,183 - INFO - RCSB full-text mapping 248/406: Q8TEB7
2026-02-10 03:49:46,232 - INFO - RCSB full-text mapping 249/406: Q8TEC5
2026-02-10 03:49:46,282 - INFO - RCSB full-text mapping 250/406: Q8TEJ3
2026-02-10 03:49:46,330 - INFO - RCSB full-text mapping 251/406: Q8WU17
2026-02-10 03:49:46,378 - INFO - RCSB full-text mapping 252/406: Q8WV22
2026-02-10 03:49:47,426 - INFO - RCSB full-text mapping 253/406: Q8WV44
2026-02-10 03:49:48,478 - INFO - RCSB full-text mapping 254/406: Q8WVD3
2026-02-10 03:49:48,526 - INFO - RCSB full-text mapping 255/406: Q8WVD5
2026-02-10 03:49:49,577 - INFO - RCSB full-text mapping 256/406: Q8WVN8
2026-02-10 03:49:50,627 - INFO - RCSB full-text mapping 257/406: Q8WVZ7
2026-02-10 03:49:50,677 - INFO - RCSB full-text mapping 258/406: Q8WWF5
2026-02-10 03:49:50,726 - INFO - RCSB full-text mapping 259/406: Q8WY64
2026-02-10 03:49:51,776 - INFO - RCSB full-text mapping 260/406: Q8WZ73
2026-02-10 03:49:52,825 - INFO - RCSB full-text mapping 261/406: Q92793
2026-02-10 03:49:53,878 - INFO - RCSB full-text mapping 262/406: Q969K3
2026-02-10 03:49:53,927 - INFO - RCSB full-text mapping 263/406: Q969M7
2026-02-10 03:49:55,061 - INFO - RCSB full-text mapping 264/406: Q969Q1
2026-02-10 03:49:56,111 - INFO - RCSB full-text mapping 265/406: Q969T4
2026-02-10 03:49:56,159 - INFO - RCSB full-text mapping 266/406: Q969V5
2026-02-10 03:49:57,208 - INFO - RCSB full-text mapping 267/406: Q96A37
2026-02-10 03:49:57,257 - INFO - RCSB full-text mapping 268/406: Q96A61
2026-02-10 03:49:57,304 - INFO - RCSB full-text mapping 269/406: Q96AX9
2026-02-10 03:49:57,352 - INFO - RCSB full-text mapping 270/406: Q96B02
2026-02-10 03:49:58,401 - INFO - RCSB full-text mapping 271/406: Q96BH1
2026-02-10 03:49:59,453 - INFO - RCSB full-text mapping 272/406: Q96BQ3
2026-02-10 03:49:59,502 - INFO - RCSB full-text mapping 273/406: Q96CA5
2026-02-10 03:50:00,553 - INFO - RCSB full-text mapping 274/406: Q96D59
2026-02-10 03:50:00,602 - INFO - RCSB full-text mapping 275/406: Q96DX4
2026-02-10 03:50:00,651 - INFO - RCSB full-text mapping 276/406: Q96EH8
2026-02-10 03:50:00,699 - INFO - RCSB full-text mapping 277/406: Q96EP0
2026-02-10 03:50:01,751 - INFO - RCSB full-text mapping 278/406: Q96EP1
2026-02-10 03:50:02,802 - INFO - RCSB full-text mapping 279/406: Q96EQ8
2026-02-10 03:50:03,853 - INFO - RCSB full-text mapping 280/406: Q96EX2
2026-02-10 03:50:03,899 - INFO - RCSB full-text mapping 281/406: Q96F44
2026-02-10 03:50:04,948 - INFO - RCSB full-text mapping 282/406: Q96FA3
2026-02-10 03:50:05,998 - INFO - RCSB full-text mapping 283/406: Q96G75
2026-02-10 03:50:06,048 - INFO - RCSB full-text mapping 284/406: Q96GF1
2026-02-10 03:50:06,095 - INFO - RCSB full-text mapping 285/406: Q96J02
2026-02-10 03:50:07,148 - INFO - RCSB full-text mapping 286/406: Q96K19
2026-02-10 03:50:07,195 - INFO - RCSB full-text mapping 287/406: Q96LD4
2026-02-10 03:50:07,245 - INFO - RCSB full-text mapping 288/406: Q96LR5
2026-02-10 03:50:08,296 - INFO - RCSB full-text mapping 289/406: Q96MF7
2026-02-10 03:50:09,347 - INFO - RCSB full-text mapping 290/406: Q96MT1
2026-02-10 03:50:09,395 - INFO - RCSB full-text mapping 291/406: Q96P09
2026-02-10 03:50:10,444 - INFO - RCSB full-text mapping 292/406: Q96PM5
2026-02-10 03:50:11,494 - INFO - RCSB full-text mapping 293/406: Q96PU4
2026-02-10 03:50:12,544 - INFO - RCSB full-text mapping 294/406: Q96PU5
2026-02-10 03:50:13,595 - INFO - RCSB full-text mapping 295/406: Q96PX1
2026-02-10 03:50:13,642 - INFO - RCSB full-text mapping 296/406: Q96T88
2026-02-10 03:50:14,693 - INFO - RCSB full-text mapping 297/406: Q99496
2026-02-10 03:50:15,743 - INFO - RCSB full-text mapping 298/406: Q99590
2026-02-10 03:50:15,792 - INFO - RCSB full-text mapping 299/406: Q99675
2026-02-10 03:50:16,841 - INFO - RCSB full-text mapping 300/406: Q99728
2026-02-10 03:50:17,891 - INFO - RCSB full-text mapping 301/406: Q99942
2026-02-10 03:50:17,939 - INFO - RCSB full-text mapping 302/406: Q9BRZ2
2026-02-10 03:50:18,989 - INFO - RCSB full-text mapping 303/406: Q9BSJ1
2026-02-10 03:50:19,037 - INFO - RCSB full-text mapping 304/406: Q9BSM1
2026-02-10 03:50:20,088 - INFO - RCSB full-text mapping 305/406: Q9BUZ4
2026-02-10 03:50:21,137 - INFO - RCSB full-text mapping 306/406: Q9BV68
2026-02-10 03:50:22,190 - INFO - RCSB full-text mapping 307/406: Q9BVG3
2026-02-10 03:50:22,237 - INFO - RCSB full-text mapping 308/406: Q9BWF2
2026-02-10 03:50:23,287 - INFO - RCSB full-text mapping 309/406: Q9BWX1
2026-02-10 03:50:23,335 - INFO - RCSB full-text mapping 310/406: Q9BXT8
2026-02-10 03:50:24,385 - INFO - RCSB full-text mapping 311/406: Q9BY78
2026-02-10 03:50:24,432 - INFO - RCSB full-text mapping 312/406: Q9BYE7
2026-02-10 03:50:25,484 - INFO - RCSB full-text mapping 313/406: Q9BYJ4
2026-02-10 03:50:26,534 - INFO - RCSB full-text mapping 314/406: Q9BYM8
2026-02-10 03:50:27,584 - INFO - RCSB full-text mapping 315/406: Q9BYV2
2026-02-10 03:50:28,635 - INFO - RCSB full-text mapping 316/406: Q9BYV6
2026-02-10 03:50:28,686 - INFO - RCSB full-text mapping 317/406: Q9BZR9
2026-02-10 03:50:28,733 - INFO - RCSB full-text mapping 318/406: Q9BZY9
2026-02-10 03:50:29,783 - INFO - RCSB full-text mapping 319/406: Q9C019
2026-02-10 03:50:30,833 - INFO - RCSB full-text mapping 320/406: Q9C026
2026-02-10 03:50:31,882 - INFO - RCSB full-text mapping 321/406: Q9C029
2026-02-10 03:50:32,933 - INFO - RCSB full-text mapping 322/406: Q9C030
2026-02-10 03:50:32,982 - INFO - RCSB full-text mapping 323/406: Q9C035
2026-02-10 03:50:34,031 - INFO - RCSB full-text mapping 324/406: Q9C037
2026-02-10 03:50:34,079 - INFO - RCSB full-text mapping 325/406: Q9C040
2026-02-10 03:50:35,130 - INFO - RCSB full-text mapping 326/406: Q9C0B0
2026-02-10 03:50:35,178 - INFO - RCSB full-text mapping 327/406: Q9C0C9
2026-02-10 03:50:36,229 - INFO - RCSB full-text mapping 328/406: Q9H000
2026-02-10 03:50:36,279 - INFO - RCSB full-text mapping 329/406: Q9H0A6
2026-02-10 03:50:36,329 - INFO - RCSB full-text mapping 330/406: Q9H0F5
2026-02-10 03:50:37,379 - INFO - RCSB full-text mapping 331/406: Q9H0M0
2026-02-10 03:50:38,431 - INFO - RCSB full-text mapping 332/406: Q9H0X6
2026-02-10 03:50:38,479 - INFO - RCSB full-text mapping 333/406: Q9H1B7
2026-02-10 03:50:39,532 - INFO - RCSB full-text mapping 334/406: Q9H270
2026-02-10 03:50:39,579 - INFO - RCSB full-text mapping 335/406: Q9H2S5
2026-02-10 03:50:39,627 - INFO - RCSB full-text mapping 336/406: Q9H4P4
2026-02-10 03:50:40,676 - INFO - RCSB full-text mapping 337/406: Q9H6Y7
2026-02-10 03:50:40,726 - INFO - RCSB full-text mapping 338/406: Q9H832
2026-02-10 03:50:41,776 - INFO - RCSB full-text mapping 339/406: Q9H871
2026-02-10 03:50:42,827 - INFO - RCSB full-text mapping 340/406: Q9H8W5
2026-02-10 03:50:43,876 - INFO - RCSB full-text mapping 341/406: Q9H920
2026-02-10 03:50:43,925 - INFO - RCSB full-text mapping 342/406: Q9H992
2026-02-10 03:50:43,971 - INFO - RCSB full-text mapping 343/406: Q9H9P5
2026-02-10 03:50:44,019 - INFO - RCSB full-text mapping 344/406: Q9H9V4
2026-02-10 03:50:44,067 - INFO - RCSB full-text mapping 345/406: Q9HAT8
2026-02-10 03:50:45,119 - INFO - RCSB full-text mapping 346/406: Q9HAU4
2026-02-10 03:50:46,169 - INFO - RCSB full-text mapping 347/406: Q9HBD1
2026-02-10 03:50:47,221 - INFO - RCSB full-text mapping 348/406: Q9HCE7
2026-02-10 03:50:48,273 - INFO - RCSB full-text mapping 349/406: Q9HCI7
2026-02-10 03:50:49,326 - INFO - RCSB full-text mapping 350/406: Q9HCM9
2026-02-10 03:50:50,375 - INFO - RCSB full-text mapping 351/406: Q9NPC3
2026-02-10 03:50:51,426 - INFO - RCSB full-text mapping 352/406: Q9NPD8
2026-02-10 03:50:52,476 - INFO - RCSB full-text mapping 353/406: Q9NQ86
2026-02-10 03:50:53,528 - INFO - RCSB full-text mapping 354/406: Q9NR09
2026-02-10 03:50:54,580 - INFO - RCSB full-text mapping 355/406: Q9NS56
2026-02-10 03:50:54,628 - INFO - RCSB full-text mapping 356/406: Q9NS91
2026-02-10 03:50:55,677 - INFO - RCSB full-text mapping 357/406: Q9NTX7
2026-02-10 03:50:56,728 - INFO - RCSB full-text mapping 358/406: Q9NV58
2026-02-10 03:50:56,776 - INFO - RCSB full-text mapping 359/406: Q9NVW2
2026-02-10 03:50:57,827 - INFO - RCSB full-text mapping 360/406: Q9NW38
2026-02-10 03:50:58,877 - INFO - RCSB full-text mapping 361/406: Q9NWF9
2026-02-10 03:50:59,927 - INFO - RCSB full-text mapping 362/406: Q9NX47
2026-02-10 03:50:59,975 - INFO - RCSB full-text mapping 363/406: Q9NXI6
2026-02-10 03:51:00,025 - INFO - RCSB full-text mapping 364/406: Q9NYG5
2026-02-10 03:51:01,075 - INFO - RCSB full-text mapping 365/406: Q9NZS9
2026-02-10 03:51:01,126 - INFO - RCSB full-text mapping 366/406: Q9P0J7
2026-02-10 03:51:02,175 - INFO - RCSB full-text mapping 367/406: Q9P0N8
2026-02-10 03:51:02,225 - INFO - RCSB full-text mapping 368/406: Q9P0P0
2026-02-10 03:51:02,272 - INFO - RCSB full-text mapping 369/406: Q9P1Y6
2026-02-10 03:51:02,321 - INFO - RCSB full-text mapping 370/406: Q9P253
2026-02-10 03:51:02,368 - INFO - RCSB full-text mapping 371/406: Q9P2E8
2026-02-10 03:51:02,418 - INFO - RCSB full-text mapping 372/406: Q9P2G1
2026-02-10 03:51:02,465 - INFO - RCSB full-text mapping 373/406: Q9P2P5
2026-02-10 03:51:03,516 - INFO - RCSB full-text mapping 374/406: Q9UBF6
2026-02-10 03:51:04,567 - INFO - RCSB full-text mapping 375/406: Q9UBN7
2026-02-10 03:51:05,618 - INFO - RCSB full-text mapping 376/406: Q9UBS8
2026-02-10 03:51:05,665 - INFO - RCSB full-text mapping 377/406: Q9UDY6
2026-02-10 03:51:06,717 - INFO - RCSB full-text mapping 378/406: Q9UHC7
2026-02-10 03:51:06,765 - INFO - RCSB full-text mapping 379/406: Q9UII4
2026-02-10 03:51:07,814 - INFO - RCSB full-text mapping 380/406: Q9UJV3
2026-02-10 03:51:08,864 - INFO - RCSB full-text mapping 381/406: Q9UKV5
2026-02-10 03:51:09,914 - INFO - RCSB full-text mapping 382/406: Q9ULJ6
2026-02-10 03:51:10,965 - INFO - RCSB full-text mapping 383/406: Q9ULK6
2026-02-10 03:51:11,013 - INFO - RCSB full-text mapping 384/406: Q9ULT6
2026-02-10 03:51:12,062 - INFO - RCSB full-text mapping 385/406: Q9ULT8
2026-02-10 03:51:13,113 - INFO - RCSB full-text mapping 386/406: Q9ULV8
2026-02-10 03:51:14,164 - INFO - RCSB full-text mapping 387/406: Q9ULX5
2026-02-10 03:51:14,211 - INFO - RCSB full-text mapping 388/406: Q9UMS4
2026-02-10 03:51:15,262 - INFO - RCSB full-text mapping 389/406: Q9UNE7
2026-02-10 03:51:16,312 - INFO - RCSB full-text mapping 390/406: Q9UPN9
2026-02-10 03:51:17,363 - INFO - RCSB full-text mapping 391/406: Q9UPQ4
2026-02-10 03:51:17,411 - INFO - RCSB full-text mapping 392/406: Q9UPQ7
2026-02-10 03:51:18,461 - INFO - RCSB full-text mapping 393/406: Q9Y225
2026-02-10 03:51:19,511 - INFO - RCSB full-text mapping 394/406: Q9Y252
2026-02-10 03:51:19,558 - INFO - RCSB full-text mapping 395/406: Q9Y2E6
2026-02-10 03:51:19,606 - INFO - RCSB full-text mapping 396/406: Q9Y2X8
2026-02-10 03:51:19,653 - INFO - RCSB full-text mapping 397/406: Q9Y314
2026-02-10 03:51:20,702 - INFO - RCSB full-text mapping 398/406: Q9Y385
2026-02-10 03:51:20,750 - INFO - RCSB full-text mapping 399/406: Q9Y3C5
2026-02-10 03:51:20,798 - INFO - RCSB full-text mapping 400/406: Q9Y4D8
2026-02-10 03:51:20,846 - INFO - RCSB full-text mapping 401/406: Q9Y4K3
2026-02-10 03:51:21,896 - INFO - RCSB full-text mapping 402/406: Q9Y4L5
2026-02-10 03:51:21,945 - INFO - RCSB full-text mapping 403/406: Q9Y4X5
2026-02-10 03:51:22,994 - INFO - RCSB full-text mapping 404/406: Q9Y508
2026-02-10 03:51:23,042 - INFO - RCSB full-text mapping 405/406: Q9Y577
2026-02-10 03:51:23,089 - INFO - RCSB full-text mapping 406/406: Q9Y6U7
2026-02-10 03:51:23,139 - INFO - Combined mapping complete
2026-02-10 03:51:23,139 - INFO - Total unique PDB IDs mapped: 2030
2026-02-10 03:51:23,140 - INFO - Processing all 2030 PDB IDs
2026-02-10 03:51:23,140 - INFO - JSON API: 1/2030 13RZ
2026-02-10 03:51:30,780 - INFO - JSON API: 51/2030 1FP0
2026-02-10 03:51:40,362 - INFO - JSON API: 101/2030 1TFT
2026-02-10 03:51:48,270 - INFO - JSON API: 151/2030 2BZ8
2026-02-10 03:51:56,263 - INFO - JSON API: 201/2030 2EJS
2026-02-10 03:52:03,943 - INFO - JSON API: 251/2030 2KEO
2026-02-10 03:52:13,034 - INFO - JSON API: 301/2030 2MPS
2026-02-10 03:52:20,982 - INFO - JSON API: 351/2030 2VSL
2026-02-10 03:52:29,496 - INFO - JSON API: 401/2030 3CLZ
2026-02-10 03:52:37,512 - INFO - JSON API: 451/2030 3IO2
2026-02-10 03:52:49,306 - INFO - JSON API: 501/2030 3OJ4
2026-02-10 03:52:57,713 - INFO - JSON API: 551/2030 3UIO
2026-02-10 03:53:07,804 - INFO - JSON API: 601/2030 4DIJ
2026-02-10 03:53:16,131 - INFO - JSON API: 651/2030 4K8U
2026-02-10 03:53:24,810 - INFO - JSON API: 701/2030 4OGN
2026-02-10 03:53:33,682 - INFO - JSON API: 751/2030 4UFS
2026-02-10 03:53:44,082 - INFO - JSON API: 801/2030 4ZYF
2026-02-10 03:53:53,141 - INFO - JSON API: 851/2030 5E22
2026-02-10 03:54:03,409 - INFO - JSON API: 901/2030 5IAY
2026-02-10 03:54:14,875 - INFO - JSON API: 951/2030 5MME
2026-02-10 03:54:25,833 - INFO - JSON API: 1001/2030 5ULK
2026-02-10 03:54:36,188 - INFO - JSON API: 1051/2030 5YYA
2026-02-10 03:54:57,669 - INFO - JSON API: 1101/2030 6FGN
2026-02-10 03:55:10,511 - INFO - JSON API: 1151/2030 6KFP
2026-02-10 03:55:25,631 - INFO - JSON API: 1201/2030 6QU1
2026-02-10 03:55:39,663 - INFO - JSON API: 1251/2030 6UYU
2026-02-10 03:55:53,256 - INFO - JSON API: 1301/2030 7B2S
2026-02-10 03:56:18,931 - INFO - JSON API: 1351/2030 7KZV
2026-02-10 03:56:41,619 - INFO - JSON API: 1401/2030 7Q40
2026-02-10 03:56:52,168 - INFO - JSON API: 1451/2030 7VHY
2026-02-10 03:57:08,534 - INFO - JSON API: 1501/2030 8ATM
2026-02-10 03:57:26,498 - INFO - JSON API: 1551/2030 8EIB
2026-02-10 03:57:45,398 - INFO - JSON API: 1601/2030 8H38
2026-02-10 03:58:13,520 - INFO - JSON API: 1651/2030 8JRQ
2026-02-10 03:58:26,420 - INFO - JSON API: 1701/2030 8PYR
2026-02-10 03:58:41,528 - INFO - JSON API: 1751/2030 8SN7
2026-02-10 03:59:13,817 - INFO - JSON API: 1801/2030 8WQH
2026-02-10 03:59:26,429 - INFO - JSON API: 1851/2030 9DDE
2026-02-10 03:59:45,841 - INFO - JSON API: 1901/2030 9H9T
2026-02-10 03:59:57,852 - INFO - JSON API: 1951/2030 9LU1
2026-02-10 04:00:12,038 - INFO - JSON API: 2001/2030 9QWS
2026-02-10 04:00:18,185 - INFO - JSON API returned base info for 2030 entries
2026-02-10 04:00:18,266 - INFO - UniProt gene-mapping batch 1: 400 IDs
2026-02-10 04:00:20,451 - INFO - UniProt gene-mapping batch 2: 6 IDs
2026-02-10 04:00:21,981 - INFO - Mapped 406 UniProt IDs to gene names via mapping API
2026-02-10 04:00:22,037 - INFO - Saved main CSV: /home/runner/work/UbiqCore/UbiqCore/util/data/pdb_updates/pdb_structures_detailed_update_20260210.csv
2026-02-10 04:00:22,040 - INFO - 
Summary:
2026-02-10 04:00:22,040 - INFO - Total unique PDB structures: 2030
2026-02-10 04:00:22,041 - INFO - PDB structures containing E2 (by UniProt IDs): 358
2026-02-10 04:00:22,041 - INFO - PDB structures containing E3 (by UniProt IDs): 1806
2026-02-10 04:00:22,042 - INFO - PDB structures containing Ubiquitin: 165
2026-02-10 04:00:22,042 - INFO - PDB structures containing both E2 and E3: 135
2026-02-10 04:00:22,043 - INFO - PDB structures containing E2, E3, and Ubiquitin: 58
2026-02-10 04:00:22,044 - INFO - processing complete.
