2026-03-09 16:40:45,317 - INFO - Logging to /home/runner/work/UbiqCore/UbiqCore/util/data/pdb_updates/pdb_update_20260309_164045.log
2026-03-09 16:40:45,318 - INFO - Read 37 E2 IDs and 369 E3 IDs
2026-03-09 16:40:45,318 - INFO - Total unique UniProt IDs: 406
2026-03-09 16:40:45,318 - INFO - Starting UniProt→PDB mapping via UniProt service...
2026-03-09 16:40:45,319 - INFO - UniProt mapping batch 1: 50 IDs
2026-03-09 16:40:47,157 - INFO - UniProt mapping batch 2: 50 IDs
2026-03-09 16:40:48,561 - INFO - UniProt mapping batch 3: 50 IDs
2026-03-09 16:40:49,917 - INFO - UniProt mapping batch 4: 50 IDs
2026-03-09 16:40:51,271 - INFO - UniProt mapping batch 5: 50 IDs
2026-03-09 16:40:52,628 - INFO - UniProt mapping batch 6: 50 IDs
2026-03-09 16:40:53,987 - INFO - UniProt mapping batch 7: 50 IDs
2026-03-09 16:40:55,340 - INFO - UniProt mapping batch 8: 50 IDs
2026-03-09 16:40:56,733 - INFO - UniProt mapping batch 9: 6 IDs
2026-03-09 16:40:56,908 - ERROR - UniProt mapping job failed: {'jobStatus': 'NEW'}
2026-03-09 16:40:57,911 - INFO - Starting UniProt→PDB mapping via RCSB full-text search...
2026-03-09 16:40:57,911 - INFO - RCSB full-text mapping 1/406: A0A1B0GUS4
2026-03-09 16:40:58,233 - INFO - RCSB full-text mapping 2/406: A0AVI4
2026-03-09 16:40:58,249 - INFO - RCSB full-text mapping 3/406: A1L020
2026-03-09 16:40:58,268 - INFO - RCSB full-text mapping 4/406: A1L167
2026-03-09 16:40:58,285 - INFO - RCSB full-text mapping 5/406: A6NCK2
2026-03-09 16:40:58,332 - INFO - RCSB full-text mapping 6/406: A6NCQ9
2026-03-09 16:40:58,348 - INFO - RCSB full-text mapping 7/406: A6NDI0
2026-03-09 16:40:58,365 - INFO - RCSB full-text mapping 8/406: A6NGJ6
2026-03-09 16:40:58,382 - INFO - RCSB full-text mapping 9/406: A6NI03
2026-03-09 16:40:58,426 - INFO - RCSB full-text mapping 10/406: A6NK02
2026-03-09 16:40:58,442 - INFO - RCSB full-text mapping 11/406: A6NLI5
2026-03-09 16:40:58,459 - INFO - RCSB full-text mapping 12/406: A6NLU0
2026-03-09 16:40:59,479 - INFO - RCSB full-text mapping 13/406: A6NNE9
2026-03-09 16:40:59,670 - INFO - RCSB full-text mapping 14/406: A8MQ27
2026-03-09 16:40:59,687 - INFO - RCSB full-text mapping 15/406: A8MTL3
2026-03-09 16:40:59,705 - INFO - RCSB full-text mapping 16/406: C9J1S8
2026-03-09 16:40:59,723 - INFO - RCSB full-text mapping 17/406: E7ERA6
2026-03-09 16:40:59,740 - INFO - RCSB full-text mapping 18/406: F8VTS6
2026-03-09 16:40:59,756 - INFO - RCSB full-text mapping 19/406: I1YAP6
2026-03-09 16:40:59,773 - INFO - RCSB full-text mapping 20/406: M0QZC1
2026-03-09 16:40:59,791 - INFO - RCSB full-text mapping 21/406: O00237
2026-03-09 16:40:59,830 - INFO - RCSB full-text mapping 22/406: O00308
2026-03-09 16:41:00,847 - INFO - RCSB full-text mapping 23/406: O00463
2026-03-09 16:41:01,868 - INFO - RCSB full-text mapping 24/406: O00623
2026-03-09 16:41:01,885 - INFO - RCSB full-text mapping 25/406: O00635
2026-03-09 16:41:01,903 - INFO - RCSB full-text mapping 26/406: O00762
2026-03-09 16:41:02,921 - INFO - RCSB full-text mapping 27/406: O14686
2026-03-09 16:41:03,941 - INFO - RCSB full-text mapping 28/406: O14933
2026-03-09 16:41:04,962 - INFO - RCSB full-text mapping 29/406: O15033
2026-03-09 16:41:05,982 - INFO - RCSB full-text mapping 30/406: O15151
2026-03-09 16:41:07,003 - INFO - RCSB full-text mapping 31/406: O15164
2026-03-09 16:41:08,024 - INFO - RCSB full-text mapping 32/406: O15344
2026-03-09 16:41:09,043 - INFO - RCSB full-text mapping 33/406: O15541
2026-03-09 16:41:10,063 - INFO - RCSB full-text mapping 34/406: O43164
2026-03-09 16:41:10,081 - INFO - RCSB full-text mapping 35/406: O43255
2026-03-09 16:41:11,099 - INFO - RCSB full-text mapping 36/406: O43567
2026-03-09 16:41:12,118 - INFO - RCSB full-text mapping 37/406: O60260
2026-03-09 16:41:13,138 - INFO - RCSB full-text mapping 38/406: O60291
2026-03-09 16:41:13,155 - INFO - RCSB full-text mapping 39/406: O60337
2026-03-09 16:41:13,170 - INFO - RCSB full-text mapping 40/406: O60683
2026-03-09 16:41:13,187 - INFO - RCSB full-text mapping 41/406: O60858
2026-03-09 16:41:13,204 - INFO - RCSB full-text mapping 42/406: O75150
2026-03-09 16:41:14,222 - INFO - RCSB full-text mapping 43/406: O75382
2026-03-09 16:41:15,242 - INFO - RCSB full-text mapping 44/406: O75592
2026-03-09 16:41:16,261 - INFO - RCSB full-text mapping 45/406: O75677
2026-03-09 16:41:16,278 - INFO - RCSB full-text mapping 46/406: O75678
2026-03-09 16:41:16,294 - INFO - RCSB full-text mapping 47/406: O75679
2026-03-09 16:41:16,311 - INFO - RCSB full-text mapping 48/406: O75928
2026-03-09 16:41:17,329 - INFO - RCSB full-text mapping 49/406: O76050
2026-03-09 16:41:17,347 - INFO - RCSB full-text mapping 50/406: O76064
2026-03-09 16:41:18,366 - INFO - RCSB full-text mapping 51/406: O94822
2026-03-09 16:41:19,385 - INFO - RCSB full-text mapping 52/406: O94941
2026-03-09 16:41:19,401 - INFO - RCSB full-text mapping 53/406: O94972
2026-03-09 16:41:20,420 - INFO - RCSB full-text mapping 54/406: O95071
2026-03-09 16:41:21,439 - INFO - RCSB full-text mapping 55/406: O95155
2026-03-09 16:41:22,460 - INFO - RCSB full-text mapping 56/406: O95159
2026-03-09 16:41:22,478 - INFO - RCSB full-text mapping 57/406: O95376
2026-03-09 16:41:23,496 - INFO - RCSB full-text mapping 58/406: O95628
2026-03-09 16:41:24,516 - INFO - RCSB full-text mapping 59/406: O95714
2026-03-09 16:41:25,536 - INFO - RCSB full-text mapping 60/406: P0CI25
2026-03-09 16:41:25,554 - INFO - RCSB full-text mapping 61/406: P0CI26
2026-03-09 16:41:25,569 - INFO - RCSB full-text mapping 62/406: P0DH78
2026-03-09 16:41:25,587 - INFO - RCSB full-text mapping 63/406: P0DTL6
2026-03-09 16:41:25,604 - INFO - RCSB full-text mapping 64/406: P14373
2026-03-09 16:41:25,621 - INFO - RCSB full-text mapping 65/406: P15918
2026-03-09 16:41:25,636 - INFO - RCSB full-text mapping 66/406: P19474
2026-03-09 16:41:26,655 - INFO - RCSB full-text mapping 67/406: P22681
2026-03-09 16:41:27,674 - INFO - RCSB full-text mapping 68/406: P28328
2026-03-09 16:41:27,692 - INFO - RCSB full-text mapping 69/406: P29590
2026-03-09 16:41:28,712 - INFO - RCSB full-text mapping 70/406: P35226
2026-03-09 16:41:29,730 - INFO - RCSB full-text mapping 71/406: P35227
2026-03-09 16:41:29,747 - INFO - RCSB full-text mapping 72/406: P36406
2026-03-09 16:41:30,766 - INFO - RCSB full-text mapping 73/406: P38398
2026-03-09 16:41:31,787 - INFO - RCSB full-text mapping 74/406: P46934
2026-03-09 16:41:32,807 - INFO - RCSB full-text mapping 75/406: P49427
2026-03-09 16:41:33,827 - INFO - RCSB full-text mapping 76/406: P49459
2026-03-09 16:41:34,846 - INFO - RCSB full-text mapping 77/406: P49754
2026-03-09 16:41:35,132 - INFO - RCSB full-text mapping 78/406: P50876
2026-03-09 16:41:36,150 - INFO - RCSB full-text mapping 79/406: P51668
2026-03-09 16:41:37,169 - INFO - RCSB full-text mapping 80/406: P51948
2026-03-09 16:41:38,190 - INFO - RCSB full-text mapping 81/406: P51965
2026-03-09 16:41:39,208 - INFO - RCSB full-text mapping 82/406: P53804
2026-03-09 16:41:39,227 - INFO - RCSB full-text mapping 83/406: P60604
2026-03-09 16:41:40,246 - INFO - RCSB full-text mapping 84/406: P61077
2026-03-09 16:41:41,265 - INFO - RCSB full-text mapping 85/406: P61081
2026-03-09 16:41:42,285 - INFO - RCSB full-text mapping 86/406: P61086
2026-03-09 16:41:43,306 - INFO - RCSB full-text mapping 87/406: P61088
2026-03-09 16:41:44,327 - INFO - RCSB full-text mapping 88/406: P62253
2026-03-09 16:41:45,346 - INFO - RCSB full-text mapping 89/406: P62256
2026-03-09 16:41:46,366 - INFO - RCSB full-text mapping 90/406: P62837
2026-03-09 16:41:47,384 - INFO - RCSB full-text mapping 91/406: P62877
2026-03-09 16:41:48,406 - INFO - RCSB full-text mapping 92/406: P63146
2026-03-09 16:41:49,425 - INFO - RCSB full-text mapping 93/406: P63279
2026-03-09 16:41:50,444 - INFO - RCSB full-text mapping 94/406: P68036
2026-03-09 16:41:51,464 - INFO - RCSB full-text mapping 95/406: P78317
2026-03-09 16:41:52,484 - INFO - RCSB full-text mapping 96/406: P98170
2026-03-09 16:41:53,504 - INFO - RCSB full-text mapping 97/406: Q00987
2026-03-09 16:41:54,527 - INFO - RCSB full-text mapping 98/406: Q05086
2026-03-09 16:41:55,549 - INFO - RCSB full-text mapping 99/406: Q06587
2026-03-09 16:41:55,568 - INFO - RCSB full-text mapping 100/406: Q09472
2026-03-09 16:41:56,590 - INFO - RCSB full-text mapping 101/406: Q12899
2026-03-09 16:41:56,608 - INFO - RCSB full-text mapping 102/406: Q12933
2026-03-09 16:41:57,627 - INFO - RCSB full-text mapping 103/406: Q12986
2026-03-09 16:41:57,645 - INFO - RCSB full-text mapping 104/406: Q13049
2026-03-09 16:41:58,664 - INFO - RCSB full-text mapping 105/406: Q13064
2026-03-09 16:41:58,683 - INFO - RCSB full-text mapping 106/406: Q13114
2026-03-09 16:41:59,702 - INFO - RCSB full-text mapping 107/406: Q13191
2026-03-09 16:42:00,723 - INFO - RCSB full-text mapping 108/406: Q13233
2026-03-09 16:42:01,745 - INFO - RCSB full-text mapping 109/406: Q13263
2026-03-09 16:42:02,765 - INFO - RCSB full-text mapping 110/406: Q13356
2026-03-09 16:42:03,786 - INFO - RCSB full-text mapping 111/406: Q13404
2026-03-09 16:42:04,806 - INFO - RCSB full-text mapping 112/406: Q13434
2026-03-09 16:42:04,824 - INFO - RCSB full-text mapping 113/406: Q13489
2026-03-09 16:42:05,843 - INFO - RCSB full-text mapping 114/406: Q13490
2026-03-09 16:42:06,865 - INFO - RCSB full-text mapping 115/406: Q13501
2026-03-09 16:42:07,886 - INFO - RCSB full-text mapping 116/406: Q13702
2026-03-09 16:42:07,904 - INFO - RCSB full-text mapping 117/406: Q14139
2026-03-09 16:42:08,923 - INFO - RCSB full-text mapping 118/406: Q14258
2026-03-09 16:42:09,945 - INFO - RCSB full-text mapping 119/406: Q14527
2026-03-09 16:42:10,966 - INFO - RCSB full-text mapping 120/406: Q14669
2026-03-09 16:42:11,985 - INFO - RCSB full-text mapping 121/406: Q149N8
2026-03-09 16:42:13,006 - INFO - RCSB full-text mapping 122/406: Q15034
2026-03-09 16:42:13,024 - INFO - RCSB full-text mapping 123/406: Q15386
2026-03-09 16:42:14,044 - INFO - RCSB full-text mapping 124/406: Q15751
2026-03-09 16:42:15,062 - INFO - RCSB full-text mapping 125/406: Q15819
2026-03-09 16:42:16,082 - INFO - RCSB full-text mapping 126/406: Q16763
2026-03-09 16:42:17,102 - INFO - RCSB full-text mapping 127/406: Q17RB8
2026-03-09 16:42:17,121 - INFO - RCSB full-text mapping 128/406: Q1L5Z9
2026-03-09 16:42:17,139 - INFO - RCSB full-text mapping 129/406: Q2KHN1
2026-03-09 16:42:17,157 - INFO - RCSB full-text mapping 130/406: Q2Q1W2
2026-03-09 16:42:18,175 - INFO - RCSB full-text mapping 131/406: Q3KNV8
2026-03-09 16:42:18,193 - INFO - RCSB full-text mapping 132/406: Q495C1
2026-03-09 16:42:18,211 - INFO - RCSB full-text mapping 133/406: Q495X7
2026-03-09 16:42:18,227 - INFO - RCSB full-text mapping 134/406: Q496Y0
2026-03-09 16:42:18,244 - INFO - RCSB full-text mapping 135/406: Q5EBN2
2026-03-09 16:42:18,260 - INFO - RCSB full-text mapping 136/406: Q5GLZ8
2026-03-09 16:42:18,277 - INFO - RCSB full-text mapping 137/406: Q5M7Z0
2026-03-09 16:42:18,293 - INFO - RCSB full-text mapping 138/406: Q5T0T0
2026-03-09 16:42:19,311 - INFO - RCSB full-text mapping 139/406: Q5T197
2026-03-09 16:42:19,329 - INFO - RCSB full-text mapping 140/406: Q5T447
2026-03-09 16:42:20,347 - INFO - RCSB full-text mapping 141/406: Q5T4S7
2026-03-09 16:42:21,367 - INFO - RCSB full-text mapping 142/406: Q5TA31
2026-03-09 16:42:22,387 - INFO - RCSB full-text mapping 143/406: Q5TC82
2026-03-09 16:42:23,406 - INFO - RCSB full-text mapping 144/406: Q5U5Q3
2026-03-09 16:42:24,427 - INFO - RCSB full-text mapping 145/406: Q5U5R9
2026-03-09 16:42:24,444 - INFO - RCSB full-text mapping 146/406: Q5VTB9
2026-03-09 16:42:24,462 - INFO - RCSB full-text mapping 147/406: Q5VTR2
2026-03-09 16:42:25,481 - INFO - RCSB full-text mapping 148/406: Q5VVX9
2026-03-09 16:42:26,500 - INFO - RCSB full-text mapping 149/406: Q5W0B1
2026-03-09 16:42:26,518 - INFO - RCSB full-text mapping 150/406: Q5XPI4
2026-03-09 16:42:27,538 - INFO - RCSB full-text mapping 151/406: Q63HN8
2026-03-09 16:42:28,556 - INFO - RCSB full-text mapping 152/406: Q68DV7
2026-03-09 16:42:29,576 - INFO - RCSB full-text mapping 153/406: Q6AZZ1
2026-03-09 16:42:29,593 - INFO - RCSB full-text mapping 154/406: Q6P9F5
2026-03-09 16:42:29,609 - INFO - RCSB full-text mapping 155/406: Q6PCD5
2026-03-09 16:42:30,630 - INFO - RCSB full-text mapping 156/406: Q6PJ69
2026-03-09 16:42:31,650 - INFO - RCSB full-text mapping 157/406: Q6PJI9
2026-03-09 16:42:32,669 - INFO - RCSB full-text mapping 158/406: Q6Q0C0
2026-03-09 16:42:33,688 - INFO - RCSB full-text mapping 159/406: Q6UWE0
2026-03-09 16:42:33,707 - INFO - RCSB full-text mapping 160/406: Q6VVB1
2026-03-09 16:42:33,723 - INFO - RCSB full-text mapping 161/406: Q6ZMN7
2026-03-09 16:42:33,740 - INFO - RCSB full-text mapping 162/406: Q6ZMU5
2026-03-09 16:42:34,757 - INFO - RCSB full-text mapping 163/406: Q6ZMZ0
2026-03-09 16:42:34,775 - INFO - RCSB full-text mapping 164/406: Q6ZN04
2026-03-09 16:42:35,793 - INFO - RCSB full-text mapping 165/406: Q6ZNA4
2026-03-09 16:42:36,813 - INFO - RCSB full-text mapping 166/406: Q6ZNB6
2026-03-09 16:42:36,830 - INFO - RCSB full-text mapping 167/406: Q6ZRF8
2026-03-09 16:42:36,845 - INFO - RCSB full-text mapping 168/406: Q6ZSG1
2026-03-09 16:42:37,864 - INFO - RCSB full-text mapping 169/406: Q6ZT12
2026-03-09 16:42:37,882 - INFO - RCSB full-text mapping 170/406: Q6ZTA4
2026-03-09 16:42:38,899 - INFO - RCSB full-text mapping 171/406: Q6ZWI9
2026-03-09 16:42:38,916 - INFO - RCSB full-text mapping 172/406: Q712K3
2026-03-09 16:42:39,934 - INFO - RCSB full-text mapping 173/406: Q75N03
2026-03-09 16:42:39,952 - INFO - RCSB full-text mapping 174/406: Q76N89
2026-03-09 16:42:40,969 - INFO - RCSB full-text mapping 175/406: Q7L0R7
2026-03-09 16:42:40,988 - INFO - RCSB full-text mapping 176/406: Q7L5Y9
2026-03-09 16:42:42,007 - INFO - RCSB full-text mapping 177/406: Q7L622
2026-03-09 16:42:42,025 - INFO - RCSB full-text mapping 178/406: Q7Z3V4
2026-03-09 16:42:42,043 - INFO - RCSB full-text mapping 179/406: Q7Z419
2026-03-09 16:42:42,061 - INFO - RCSB full-text mapping 180/406: Q7Z4K8
2026-03-09 16:42:42,078 - INFO - RCSB full-text mapping 181/406: Q7Z569
2026-03-09 16:42:42,093 - INFO - RCSB full-text mapping 182/406: Q7Z5L9
2026-03-09 16:42:43,111 - INFO - RCSB full-text mapping 183/406: Q7Z6E9
2026-03-09 16:42:44,131 - INFO - RCSB full-text mapping 184/406: Q7Z6J0
2026-03-09 16:42:45,150 - INFO - RCSB full-text mapping 185/406: Q7Z6J8
2026-03-09 16:42:45,171 - INFO - RCSB full-text mapping 186/406: Q7Z6Z7
2026-03-09 16:42:46,193 - INFO - RCSB full-text mapping 187/406: Q7Z7E8
2026-03-09 16:42:47,215 - INFO - RCSB full-text mapping 188/406: Q86SE9
2026-03-09 16:42:48,233 - INFO - RCSB full-text mapping 189/406: Q86T96
2026-03-09 16:42:48,252 - INFO - RCSB full-text mapping 190/406: Q86TM6
2026-03-09 16:42:49,272 - INFO - RCSB full-text mapping 191/406: Q86UD3
2026-03-09 16:42:49,292 - INFO - RCSB full-text mapping 192/406: Q86UK7
2026-03-09 16:42:49,309 - INFO - RCSB full-text mapping 193/406: Q86UV6
2026-03-09 16:42:49,325 - INFO - RCSB full-text mapping 194/406: Q86UV7
2026-03-09 16:42:49,342 - INFO - RCSB full-text mapping 195/406: Q86UW9
2026-03-09 16:42:50,361 - INFO - RCSB full-text mapping 196/406: Q86WT6
2026-03-09 16:42:51,381 - INFO - RCSB full-text mapping 197/406: Q86XN8
2026-03-09 16:42:52,402 - INFO - RCSB full-text mapping 198/406: Q86XS8
2026-03-09 16:42:52,418 - INFO - RCSB full-text mapping 199/406: Q86XT4
2026-03-09 16:42:52,436 - INFO - RCSB full-text mapping 200/406: Q86Y01
2026-03-09 16:42:53,454 - INFO - RCSB full-text mapping 201/406: Q86Y13
2026-03-09 16:42:53,471 - INFO - RCSB full-text mapping 202/406: Q86YJ5
2026-03-09 16:42:53,489 - INFO - RCSB full-text mapping 203/406: Q86YT6
2026-03-09 16:42:54,508 - INFO - RCSB full-text mapping 204/406: Q8IU81
2026-03-09 16:42:54,526 - INFO - RCSB full-text mapping 205/406: Q8IUD6
2026-03-09 16:42:55,545 - INFO - RCSB full-text mapping 206/406: Q8IUQ4
2026-03-09 16:42:56,564 - INFO - RCSB full-text mapping 207/406: Q8IVU3
2026-03-09 16:42:57,584 - INFO - RCSB full-text mapping 208/406: Q8IWR1
2026-03-09 16:42:57,602 - INFO - RCSB full-text mapping 209/406: Q8IWT3
2026-03-09 16:42:58,622 - INFO - RCSB full-text mapping 210/406: Q8IWV7
2026-03-09 16:42:59,641 - INFO - RCSB full-text mapping 211/406: Q8IWV8
2026-03-09 16:43:00,661 - INFO - RCSB full-text mapping 212/406: Q8IWZ4
2026-03-09 16:43:00,679 - INFO - RCSB full-text mapping 213/406: Q8IWZ5
2026-03-09 16:43:00,697 - INFO - RCSB full-text mapping 214/406: Q8IYM9
2026-03-09 16:43:00,713 - INFO - RCSB full-text mapping 215/406: Q8IYU2
2026-03-09 16:43:01,731 - INFO - RCSB full-text mapping 216/406: Q8IYW5
2026-03-09 16:43:02,751 - INFO - RCSB full-text mapping 217/406: Q8IZP6
2026-03-09 16:43:03,770 - INFO - RCSB full-text mapping 218/406: Q8N2H9
2026-03-09 16:43:03,787 - INFO - RCSB full-text mapping 219/406: Q8N2K1
2026-03-09 16:43:04,805 - INFO - RCSB full-text mapping 220/406: Q8N2W9
2026-03-09 16:43:04,823 - INFO - RCSB full-text mapping 221/406: Q8N3P4
2026-03-09 16:43:04,839 - INFO - RCSB full-text mapping 222/406: Q8N448
2026-03-09 16:43:05,858 - INFO - RCSB full-text mapping 223/406: Q8N4F7
2026-03-09 16:43:05,876 - INFO - RCSB full-text mapping 224/406: Q8N5U6
2026-03-09 16:43:05,892 - INFO - RCSB full-text mapping 225/406: Q8N6D2
2026-03-09 16:43:05,908 - INFO - RCSB full-text mapping 226/406: Q8N7C7
2026-03-09 16:43:05,925 - INFO - RCSB full-text mapping 227/406: Q8N7E2
2026-03-09 16:43:05,942 - INFO - RCSB full-text mapping 228/406: Q8N8N0
2026-03-09 16:43:05,958 - INFO - RCSB full-text mapping 229/406: Q8N9I9
2026-03-09 16:43:05,973 - INFO - RCSB full-text mapping 230/406: Q8N9V2
2026-03-09 16:43:05,991 - INFO - RCSB full-text mapping 231/406: Q8N9V3
2026-03-09 16:43:06,008 - INFO - RCSB full-text mapping 232/406: Q8NA82
2026-03-09 16:43:06,024 - INFO - RCSB full-text mapping 233/406: Q8NC42
2026-03-09 16:43:06,040 - INFO - RCSB full-text mapping 234/406: Q8NCN4
2026-03-09 16:43:07,059 - INFO - RCSB full-text mapping 235/406: Q8ND24
2026-03-09 16:43:07,076 - INFO - RCSB full-text mapping 236/406: Q8ND25
2026-03-09 16:43:08,094 - INFO - RCSB full-text mapping 237/406: Q8NEG5
2026-03-09 16:43:09,113 - INFO - RCSB full-text mapping 238/406: Q8NEZ4
2026-03-09 16:43:10,133 - INFO - RCSB full-text mapping 239/406: Q8NF64
2026-03-09 16:43:10,150 - INFO - RCSB full-text mapping 240/406: Q8NG06
2026-03-09 16:43:11,168 - INFO - RCSB full-text mapping 241/406: Q8NG27
2026-03-09 16:43:12,188 - INFO - RCSB full-text mapping 242/406: Q8NHG8
2026-03-09 16:43:12,206 - INFO - RCSB full-text mapping 243/406: Q8NHY2
2026-03-09 16:43:13,224 - INFO - RCSB full-text mapping 244/406: Q8TBB1
2026-03-09 16:43:14,244 - INFO - RCSB full-text mapping 245/406: Q8TC41
2026-03-09 16:43:14,261 - INFO - RCSB full-text mapping 246/406: Q8TCQ1
2026-03-09 16:43:14,276 - INFO - RCSB full-text mapping 247/406: Q8TDB6
2026-03-09 16:43:15,296 - INFO - RCSB full-text mapping 248/406: Q8TEB7
2026-03-09 16:43:16,316 - INFO - RCSB full-text mapping 249/406: Q8TEC5
2026-03-09 16:43:16,333 - INFO - RCSB full-text mapping 250/406: Q8TEJ3
2026-03-09 16:43:16,350 - INFO - RCSB full-text mapping 251/406: Q8WU17
2026-03-09 16:43:16,366 - INFO - RCSB full-text mapping 252/406: Q8WV22
2026-03-09 16:43:17,385 - INFO - RCSB full-text mapping 253/406: Q8WV44
2026-03-09 16:43:18,404 - INFO - RCSB full-text mapping 254/406: Q8WVD3
2026-03-09 16:43:18,423 - INFO - RCSB full-text mapping 255/406: Q8WVD5
2026-03-09 16:43:19,444 - INFO - RCSB full-text mapping 256/406: Q8WVN8
2026-03-09 16:43:20,461 - INFO - RCSB full-text mapping 257/406: Q8WVZ7
2026-03-09 16:43:20,478 - INFO - RCSB full-text mapping 258/406: Q8WWF5
2026-03-09 16:43:20,496 - INFO - RCSB full-text mapping 259/406: Q8WY64
2026-03-09 16:43:21,516 - INFO - RCSB full-text mapping 260/406: Q8WZ73
2026-03-09 16:43:22,536 - INFO - RCSB full-text mapping 261/406: Q92793
2026-03-09 16:43:23,556 - INFO - RCSB full-text mapping 262/406: Q969K3
2026-03-09 16:43:23,573 - INFO - RCSB full-text mapping 263/406: Q969M7
2026-03-09 16:43:24,593 - INFO - RCSB full-text mapping 264/406: Q969Q1
2026-03-09 16:43:25,612 - INFO - RCSB full-text mapping 265/406: Q969T4
2026-03-09 16:43:25,630 - INFO - RCSB full-text mapping 266/406: Q969V5
2026-03-09 16:43:26,649 - INFO - RCSB full-text mapping 267/406: Q96A37
2026-03-09 16:43:26,667 - INFO - RCSB full-text mapping 268/406: Q96A61
2026-03-09 16:43:26,686 - INFO - RCSB full-text mapping 269/406: Q96AX9
2026-03-09 16:43:26,702 - INFO - RCSB full-text mapping 270/406: Q96B02
2026-03-09 16:43:27,720 - INFO - RCSB full-text mapping 271/406: Q96BH1
2026-03-09 16:43:28,741 - INFO - RCSB full-text mapping 272/406: Q96BQ3
2026-03-09 16:43:28,760 - INFO - RCSB full-text mapping 273/406: Q96CA5
2026-03-09 16:43:29,778 - INFO - RCSB full-text mapping 274/406: Q96D59
2026-03-09 16:43:29,796 - INFO - RCSB full-text mapping 275/406: Q96DX4
2026-03-09 16:43:29,814 - INFO - RCSB full-text mapping 276/406: Q96EH8
2026-03-09 16:43:29,830 - INFO - RCSB full-text mapping 277/406: Q96EP0
2026-03-09 16:43:30,850 - INFO - RCSB full-text mapping 278/406: Q96EP1
2026-03-09 16:43:31,873 - INFO - RCSB full-text mapping 279/406: Q96EQ8
2026-03-09 16:43:32,892 - INFO - RCSB full-text mapping 280/406: Q96EX2
2026-03-09 16:43:32,910 - INFO - RCSB full-text mapping 281/406: Q96F44
2026-03-09 16:43:33,928 - INFO - RCSB full-text mapping 282/406: Q96FA3
2026-03-09 16:43:34,947 - INFO - RCSB full-text mapping 283/406: Q96G75
2026-03-09 16:43:34,973 - INFO - RCSB full-text mapping 284/406: Q96GF1
2026-03-09 16:43:34,992 - INFO - RCSB full-text mapping 285/406: Q96J02
2026-03-09 16:43:36,013 - INFO - RCSB full-text mapping 286/406: Q96K19
2026-03-09 16:43:36,031 - INFO - RCSB full-text mapping 287/406: Q96LD4
2026-03-09 16:43:36,049 - INFO - RCSB full-text mapping 288/406: Q96LR5
2026-03-09 16:43:37,068 - INFO - RCSB full-text mapping 289/406: Q96MF7
2026-03-09 16:43:38,088 - INFO - RCSB full-text mapping 290/406: Q96MT1
2026-03-09 16:43:38,105 - INFO - RCSB full-text mapping 291/406: Q96P09
2026-03-09 16:43:39,124 - INFO - RCSB full-text mapping 292/406: Q96PM5
2026-03-09 16:43:40,143 - INFO - RCSB full-text mapping 293/406: Q96PU4
2026-03-09 16:43:41,164 - INFO - RCSB full-text mapping 294/406: Q96PU5
2026-03-09 16:43:42,183 - INFO - RCSB full-text mapping 295/406: Q96PX1
2026-03-09 16:43:42,202 - INFO - RCSB full-text mapping 296/406: Q96T88
2026-03-09 16:43:43,222 - INFO - RCSB full-text mapping 297/406: Q99496
2026-03-09 16:43:44,241 - INFO - RCSB full-text mapping 298/406: Q99590
2026-03-09 16:43:44,257 - INFO - RCSB full-text mapping 299/406: Q99675
2026-03-09 16:43:45,277 - INFO - RCSB full-text mapping 300/406: Q99728
2026-03-09 16:43:46,296 - INFO - RCSB full-text mapping 301/406: Q99942
2026-03-09 16:43:46,314 - INFO - RCSB full-text mapping 302/406: Q9BRZ2
2026-03-09 16:43:47,332 - INFO - RCSB full-text mapping 303/406: Q9BSJ1
2026-03-09 16:43:47,350 - INFO - RCSB full-text mapping 304/406: Q9BSM1
2026-03-09 16:43:48,370 - INFO - RCSB full-text mapping 305/406: Q9BUZ4
2026-03-09 16:43:49,389 - INFO - RCSB full-text mapping 306/406: Q9BV68
2026-03-09 16:43:50,409 - INFO - RCSB full-text mapping 307/406: Q9BVG3
2026-03-09 16:43:50,427 - INFO - RCSB full-text mapping 308/406: Q9BWF2
2026-03-09 16:43:51,444 - INFO - RCSB full-text mapping 309/406: Q9BWX1
2026-03-09 16:43:51,463 - INFO - RCSB full-text mapping 310/406: Q9BXT8
2026-03-09 16:43:52,482 - INFO - RCSB full-text mapping 311/406: Q9BY78
2026-03-09 16:43:52,500 - INFO - RCSB full-text mapping 312/406: Q9BYE7
2026-03-09 16:43:53,518 - INFO - RCSB full-text mapping 313/406: Q9BYJ4
2026-03-09 16:43:54,536 - INFO - RCSB full-text mapping 314/406: Q9BYM8
2026-03-09 16:43:55,554 - INFO - RCSB full-text mapping 315/406: Q9BYV2
2026-03-09 16:43:56,574 - INFO - RCSB full-text mapping 316/406: Q9BYV6
2026-03-09 16:43:56,592 - INFO - RCSB full-text mapping 317/406: Q9BZR9
2026-03-09 16:43:56,609 - INFO - RCSB full-text mapping 318/406: Q9BZY9
2026-03-09 16:43:57,627 - INFO - RCSB full-text mapping 319/406: Q9C019
2026-03-09 16:43:58,647 - INFO - RCSB full-text mapping 320/406: Q9C026
2026-03-09 16:43:59,667 - INFO - RCSB full-text mapping 321/406: Q9C029
2026-03-09 16:44:00,687 - INFO - RCSB full-text mapping 322/406: Q9C030
2026-03-09 16:44:00,706 - INFO - RCSB full-text mapping 323/406: Q9C035
2026-03-09 16:44:01,729 - INFO - RCSB full-text mapping 324/406: Q9C037
2026-03-09 16:44:01,747 - INFO - RCSB full-text mapping 325/406: Q9C040
2026-03-09 16:44:02,767 - INFO - RCSB full-text mapping 326/406: Q9C0B0
2026-03-09 16:44:02,783 - INFO - RCSB full-text mapping 327/406: Q9C0C9
2026-03-09 16:44:03,802 - INFO - RCSB full-text mapping 328/406: Q9H000
2026-03-09 16:44:03,820 - INFO - RCSB full-text mapping 329/406: Q9H0A6
2026-03-09 16:44:03,836 - INFO - RCSB full-text mapping 330/406: Q9H0F5
2026-03-09 16:44:04,856 - INFO - RCSB full-text mapping 331/406: Q9H0M0
2026-03-09 16:44:05,876 - INFO - RCSB full-text mapping 332/406: Q9H0X6
2026-03-09 16:44:05,893 - INFO - RCSB full-text mapping 333/406: Q9H1B7
2026-03-09 16:44:06,914 - INFO - RCSB full-text mapping 334/406: Q9H270
2026-03-09 16:44:06,931 - INFO - RCSB full-text mapping 335/406: Q9H2S5
2026-03-09 16:44:06,950 - INFO - RCSB full-text mapping 336/406: Q9H4P4
2026-03-09 16:44:07,969 - INFO - RCSB full-text mapping 337/406: Q9H6Y7
2026-03-09 16:44:07,987 - INFO - RCSB full-text mapping 338/406: Q9H832
2026-03-09 16:44:09,006 - INFO - RCSB full-text mapping 339/406: Q9H871
2026-03-09 16:44:10,026 - INFO - RCSB full-text mapping 340/406: Q9H8W5
2026-03-09 16:44:11,047 - INFO - RCSB full-text mapping 341/406: Q9H920
2026-03-09 16:44:11,065 - INFO - RCSB full-text mapping 342/406: Q9H992
2026-03-09 16:44:11,083 - INFO - RCSB full-text mapping 343/406: Q9H9P5
2026-03-09 16:44:11,100 - INFO - RCSB full-text mapping 344/406: Q9H9V4
2026-03-09 16:44:11,116 - INFO - RCSB full-text mapping 345/406: Q9HAT8
2026-03-09 16:44:12,136 - INFO - RCSB full-text mapping 346/406: Q9HAU4
2026-03-09 16:44:13,155 - INFO - RCSB full-text mapping 347/406: Q9HBD1
2026-03-09 16:44:14,175 - INFO - RCSB full-text mapping 348/406: Q9HCE7
2026-03-09 16:44:15,193 - INFO - RCSB full-text mapping 349/406: Q9HCI7
2026-03-09 16:44:16,212 - INFO - RCSB full-text mapping 350/406: Q9HCM9
2026-03-09 16:44:17,233 - INFO - RCSB full-text mapping 351/406: Q9NPC3
2026-03-09 16:44:18,252 - INFO - RCSB full-text mapping 352/406: Q9NPD8
2026-03-09 16:44:19,273 - INFO - RCSB full-text mapping 353/406: Q9NQ86
2026-03-09 16:44:20,291 - INFO - RCSB full-text mapping 354/406: Q9NR09
2026-03-09 16:44:21,310 - INFO - RCSB full-text mapping 355/406: Q9NS56
2026-03-09 16:44:21,328 - INFO - RCSB full-text mapping 356/406: Q9NS91
2026-03-09 16:44:22,348 - INFO - RCSB full-text mapping 357/406: Q9NTX7
2026-03-09 16:44:23,368 - INFO - RCSB full-text mapping 358/406: Q9NV58
2026-03-09 16:44:23,386 - INFO - RCSB full-text mapping 359/406: Q9NVW2
2026-03-09 16:44:24,405 - INFO - RCSB full-text mapping 360/406: Q9NW38
2026-03-09 16:44:25,424 - INFO - RCSB full-text mapping 361/406: Q9NWF9
2026-03-09 16:44:26,445 - INFO - RCSB full-text mapping 362/406: Q9NX47
2026-03-09 16:44:26,462 - INFO - RCSB full-text mapping 363/406: Q9NXI6
2026-03-09 16:44:26,481 - INFO - RCSB full-text mapping 364/406: Q9NYG5
2026-03-09 16:44:27,499 - INFO - RCSB full-text mapping 365/406: Q9NZS9
2026-03-09 16:44:27,517 - INFO - RCSB full-text mapping 366/406: Q9P0J7
2026-03-09 16:44:28,535 - INFO - RCSB full-text mapping 367/406: Q9P0N8
2026-03-09 16:44:28,552 - INFO - RCSB full-text mapping 368/406: Q9P0P0
2026-03-09 16:44:28,568 - INFO - RCSB full-text mapping 369/406: Q9P1Y6
2026-03-09 16:44:28,585 - INFO - RCSB full-text mapping 370/406: Q9P253
2026-03-09 16:44:28,603 - INFO - RCSB full-text mapping 371/406: Q9P2E8
2026-03-09 16:44:28,619 - INFO - RCSB full-text mapping 372/406: Q9P2G1
2026-03-09 16:44:28,635 - INFO - RCSB full-text mapping 373/406: Q9P2P5
2026-03-09 16:44:29,653 - INFO - RCSB full-text mapping 374/406: Q9UBF6
2026-03-09 16:44:30,672 - INFO - RCSB full-text mapping 375/406: Q9UBN7
2026-03-09 16:44:31,692 - INFO - RCSB full-text mapping 376/406: Q9UBS8
2026-03-09 16:44:31,709 - INFO - RCSB full-text mapping 377/406: Q9UDY6
2026-03-09 16:44:32,726 - INFO - RCSB full-text mapping 378/406: Q9UHC7
2026-03-09 16:44:32,743 - INFO - RCSB full-text mapping 379/406: Q9UII4
2026-03-09 16:44:33,764 - INFO - RCSB full-text mapping 380/406: Q9UJV3
2026-03-09 16:44:34,784 - INFO - RCSB full-text mapping 381/406: Q9UKV5
2026-03-09 16:44:35,803 - INFO - RCSB full-text mapping 382/406: Q9ULJ6
2026-03-09 16:44:36,822 - INFO - RCSB full-text mapping 383/406: Q9ULK6
2026-03-09 16:44:36,839 - INFO - RCSB full-text mapping 384/406: Q9ULT6
2026-03-09 16:44:37,859 - INFO - RCSB full-text mapping 385/406: Q9ULT8
2026-03-09 16:44:38,879 - INFO - RCSB full-text mapping 386/406: Q9ULV8
2026-03-09 16:44:39,899 - INFO - RCSB full-text mapping 387/406: Q9ULX5
2026-03-09 16:44:39,917 - INFO - RCSB full-text mapping 388/406: Q9UMS4
2026-03-09 16:44:40,936 - INFO - RCSB full-text mapping 389/406: Q9UNE7
2026-03-09 16:44:41,955 - INFO - RCSB full-text mapping 390/406: Q9UPN9
2026-03-09 16:44:42,975 - INFO - RCSB full-text mapping 391/406: Q9UPQ4
2026-03-09 16:44:42,995 - INFO - RCSB full-text mapping 392/406: Q9UPQ7
2026-03-09 16:44:44,014 - INFO - RCSB full-text mapping 393/406: Q9Y225
2026-03-09 16:44:45,034 - INFO - RCSB full-text mapping 394/406: Q9Y252
2026-03-09 16:44:45,054 - INFO - RCSB full-text mapping 395/406: Q9Y2E6
2026-03-09 16:44:45,073 - INFO - RCSB full-text mapping 396/406: Q9Y2X8
2026-03-09 16:44:45,090 - INFO - RCSB full-text mapping 397/406: Q9Y314
2026-03-09 16:44:46,108 - INFO - RCSB full-text mapping 398/406: Q9Y385
2026-03-09 16:44:46,127 - INFO - RCSB full-text mapping 399/406: Q9Y3C5
2026-03-09 16:44:46,144 - INFO - RCSB full-text mapping 400/406: Q9Y4D8
2026-03-09 16:44:46,160 - INFO - RCSB full-text mapping 401/406: Q9Y4K3
2026-03-09 16:44:47,179 - INFO - RCSB full-text mapping 402/406: Q9Y4L5
2026-03-09 16:44:47,196 - INFO - RCSB full-text mapping 403/406: Q9Y4X5
2026-03-09 16:44:48,215 - INFO - RCSB full-text mapping 404/406: Q9Y508
2026-03-09 16:44:48,231 - INFO - RCSB full-text mapping 405/406: Q9Y577
2026-03-09 16:44:48,248 - INFO - RCSB full-text mapping 406/406: Q9Y6U7
2026-03-09 16:44:48,266 - INFO - Combined mapping complete
2026-03-09 16:44:48,267 - INFO - Total unique PDB IDs mapped: 2033
2026-03-09 16:44:48,267 - INFO - Processing all 2033 PDB IDs
2026-03-09 16:44:48,267 - INFO - JSON API: 1/2033 13RZ
2026-03-09 16:44:52,364 - INFO - JSON API: 51/2033 1FP0
2026-03-09 16:44:57,927 - INFO - JSON API: 101/2033 1TFT
2026-03-09 16:45:02,142 - INFO - JSON API: 151/2033 2BZ8
2026-03-09 16:45:06,927 - INFO - JSON API: 201/2033 2EJS
2026-03-09 16:45:11,388 - INFO - JSON API: 251/2033 2KEO
2026-03-09 16:45:16,904 - INFO - JSON API: 301/2033 2MPS
2026-03-09 16:45:21,344 - INFO - JSON API: 351/2033 2VSL
2026-03-09 16:45:26,339 - INFO - JSON API: 401/2033 3CLZ
2026-03-09 16:45:30,521 - INFO - JSON API: 451/2033 3IO2
2026-03-09 16:45:36,904 - INFO - JSON API: 501/2033 3OJ4
2026-03-09 16:45:41,497 - INFO - JSON API: 551/2033 3UIO
2026-03-09 16:45:47,531 - INFO - JSON API: 601/2033 4DIJ
2026-03-09 16:45:52,219 - INFO - JSON API: 651/2033 4K8U
2026-03-09 16:45:57,345 - INFO - JSON API: 701/2033 4OGN
2026-03-09 16:46:02,102 - INFO - JSON API: 751/2033 4UFS
2026-03-09 16:46:07,911 - INFO - JSON API: 801/2033 4ZYF
2026-03-09 16:46:12,609 - INFO - JSON API: 851/2033 5E22
2026-03-09 16:46:18,932 - INFO - JSON API: 901/2033 5IAY
2026-03-09 16:46:24,783 - INFO - JSON API: 951/2033 5MME
2026-03-09 16:46:30,953 - INFO - JSON API: 1001/2033 5ULK
2026-03-09 16:46:36,043 - INFO - JSON API: 1051/2033 5YYA
2026-03-09 16:46:46,170 - INFO - JSON API: 1101/2033 6FGN
2026-03-09 16:46:52,722 - INFO - JSON API: 1151/2033 6KFP
2026-03-09 16:47:00,121 - INFO - JSON API: 1201/2033 6QU1
2026-03-09 16:47:06,735 - INFO - JSON API: 1251/2033 6UYU
2026-03-09 16:47:14,184 - INFO - JSON API: 1301/2033 7B2S
2026-03-09 16:47:25,060 - INFO - JSON API: 1351/2033 7KZV
2026-03-09 16:47:35,838 - INFO - JSON API: 1401/2033 7Q40
2026-03-09 16:47:40,864 - INFO - JSON API: 1451/2033 7VHY
2026-03-09 16:47:49,535 - INFO - JSON API: 1501/2033 8ATM
2026-03-09 16:47:57,547 - INFO - JSON API: 1551/2033 8EIB
2026-03-09 16:48:08,112 - INFO - JSON API: 1601/2033 8H38
2026-03-09 16:48:21,704 - INFO - JSON API: 1651/2033 8JRQ
2026-03-09 16:48:28,483 - INFO - JSON API: 1701/2033 8PYR
2026-03-09 16:48:35,365 - INFO - JSON API: 1751/2033 8SN7
2026-03-09 16:48:49,963 - INFO - JSON API: 1801/2033 8WQH
2026-03-09 16:48:55,988 - INFO - JSON API: 1851/2033 9DDE
2026-03-09 16:49:04,720 - INFO - JSON API: 1901/2033 9H9T
2026-03-09 16:49:11,052 - INFO - JSON API: 1951/2033 9LU1
2026-03-09 16:49:19,082 - INFO - JSON API: 2001/2033 9QO5
2026-03-09 16:49:22,383 - INFO - JSON API returned base info for 2033 entries
2026-03-09 16:49:22,468 - INFO - UniProt gene-mapping batch 1: 400 IDs
2026-03-09 16:49:24,119 - INFO - UniProt gene-mapping batch 2: 6 IDs
2026-03-09 16:49:25,470 - INFO - Mapped 406 UniProt IDs to gene names via mapping API
2026-03-09 16:49:25,528 - INFO - Saved main CSV: /home/runner/work/UbiqCore/UbiqCore/util/data/pdb_updates/pdb_structures_detailed_update_20260309.csv
2026-03-09 16:49:25,532 - INFO - 
Summary:
2026-03-09 16:49:25,532 - INFO - Total unique PDB structures: 2033
2026-03-09 16:49:25,532 - INFO - PDB structures containing E2 (by UniProt IDs): 358
2026-03-09 16:49:25,533 - INFO - PDB structures containing E3 (by UniProt IDs): 1809
2026-03-09 16:49:25,534 - INFO - PDB structures containing Ubiquitin: 165
2026-03-09 16:49:25,534 - INFO - PDB structures containing both E2 and E3: 135
2026-03-09 16:49:25,535 - INFO - PDB structures containing E2, E3, and Ubiquitin: 58
2026-03-09 16:49:25,536 - INFO - processing complete.
