2026-03-02 04:50:06,033 - INFO - Logging to /home/runner/work/UbiqCore/UbiqCore/util/data/pdb_updates/pdb_update_20260302_045006.log
2026-03-02 04:50:06,034 - INFO - Read 37 E2 IDs and 369 E3 IDs
2026-03-02 04:50:06,034 - INFO - Total unique UniProt IDs: 406
2026-03-02 04:50:06,034 - INFO - Starting UniProt→PDB mapping via UniProt service...
2026-03-02 04:50:06,034 - INFO - UniProt mapping batch 1: 50 IDs
2026-03-02 04:50:08,152 - INFO - UniProt mapping batch 2: 50 IDs
2026-03-02 04:50:09,844 - INFO - UniProt mapping batch 3: 50 IDs
2026-03-02 04:50:11,500 - INFO - UniProt mapping batch 4: 50 IDs
2026-03-02 04:50:13,132 - INFO - UniProt mapping batch 5: 50 IDs
2026-03-02 04:50:14,774 - INFO - UniProt mapping batch 6: 50 IDs
2026-03-02 04:50:16,436 - INFO - UniProt mapping batch 7: 50 IDs
2026-03-02 04:50:18,075 - INFO - UniProt mapping batch 8: 50 IDs
2026-03-02 04:50:19,723 - INFO - UniProt mapping batch 9: 6 IDs
2026-03-02 04:50:20,038 - ERROR - UniProt mapping job failed: {'jobStatus': 'NEW'}
2026-03-02 04:50:21,040 - INFO - Starting UniProt→PDB mapping via RCSB full-text search...
2026-03-02 04:50:21,041 - INFO - RCSB full-text mapping 1/406: A0A1B0GUS4
2026-03-02 04:50:21,210 - INFO - RCSB full-text mapping 2/406: A0AVI4
2026-03-02 04:50:21,244 - INFO - RCSB full-text mapping 3/406: A1L020
2026-03-02 04:50:21,277 - INFO - RCSB full-text mapping 4/406: A1L167
2026-03-02 04:50:21,310 - INFO - RCSB full-text mapping 5/406: A6NCK2
2026-03-02 04:50:21,343 - INFO - RCSB full-text mapping 6/406: A6NCQ9
2026-03-02 04:50:21,376 - INFO - RCSB full-text mapping 7/406: A6NDI0
2026-03-02 04:50:21,410 - INFO - RCSB full-text mapping 8/406: A6NGJ6
2026-03-02 04:50:21,443 - INFO - RCSB full-text mapping 9/406: A6NI03
2026-03-02 04:50:21,476 - INFO - RCSB full-text mapping 10/406: A6NK02
2026-03-02 04:50:21,508 - INFO - RCSB full-text mapping 11/406: A6NLI5
2026-03-02 04:50:21,542 - INFO - RCSB full-text mapping 12/406: A6NLU0
2026-03-02 04:50:22,576 - INFO - RCSB full-text mapping 13/406: A6NNE9
2026-03-02 04:50:22,610 - INFO - RCSB full-text mapping 14/406: A8MQ27
2026-03-02 04:50:22,642 - INFO - RCSB full-text mapping 15/406: A8MTL3
2026-03-02 04:50:22,676 - INFO - RCSB full-text mapping 16/406: C9J1S8
2026-03-02 04:50:22,709 - INFO - RCSB full-text mapping 17/406: E7ERA6
2026-03-02 04:50:22,743 - INFO - RCSB full-text mapping 18/406: F8VTS6
2026-03-02 04:50:22,777 - INFO - RCSB full-text mapping 19/406: I1YAP6
2026-03-02 04:50:22,810 - INFO - RCSB full-text mapping 20/406: M0QZC1
2026-03-02 04:50:22,844 - INFO - RCSB full-text mapping 21/406: O00237
2026-03-02 04:50:22,877 - INFO - RCSB full-text mapping 22/406: O00308
2026-03-02 04:50:23,913 - INFO - RCSB full-text mapping 23/406: O00463
2026-03-02 04:50:24,948 - INFO - RCSB full-text mapping 24/406: O00623
2026-03-02 04:50:24,981 - INFO - RCSB full-text mapping 25/406: O00635
2026-03-02 04:50:25,014 - INFO - RCSB full-text mapping 26/406: O00762
2026-03-02 04:50:26,074 - INFO - RCSB full-text mapping 27/406: O14686
2026-03-02 04:50:27,111 - INFO - RCSB full-text mapping 28/406: O14933
2026-03-02 04:50:28,146 - INFO - RCSB full-text mapping 29/406: O15033
2026-03-02 04:50:29,184 - INFO - RCSB full-text mapping 30/406: O15151
2026-03-02 04:50:30,220 - INFO - RCSB full-text mapping 31/406: O15164
2026-03-02 04:50:31,257 - INFO - RCSB full-text mapping 32/406: O15344
2026-03-02 04:50:32,293 - INFO - RCSB full-text mapping 33/406: O15541
2026-03-02 04:50:33,328 - INFO - RCSB full-text mapping 34/406: O43164
2026-03-02 04:50:33,361 - INFO - RCSB full-text mapping 35/406: O43255
2026-03-02 04:50:34,398 - INFO - RCSB full-text mapping 36/406: O43567
2026-03-02 04:50:35,435 - INFO - RCSB full-text mapping 37/406: O60260
2026-03-02 04:50:36,472 - INFO - RCSB full-text mapping 38/406: O60291
2026-03-02 04:50:36,506 - INFO - RCSB full-text mapping 39/406: O60337
2026-03-02 04:50:36,540 - INFO - RCSB full-text mapping 40/406: O60683
2026-03-02 04:50:36,573 - INFO - RCSB full-text mapping 41/406: O60858
2026-03-02 04:50:36,607 - INFO - RCSB full-text mapping 42/406: O75150
2026-03-02 04:50:37,642 - INFO - RCSB full-text mapping 43/406: O75382
2026-03-02 04:50:38,678 - INFO - RCSB full-text mapping 44/406: O75592
2026-03-02 04:50:39,714 - INFO - RCSB full-text mapping 45/406: O75677
2026-03-02 04:50:39,748 - INFO - RCSB full-text mapping 46/406: O75678
2026-03-02 04:50:39,783 - INFO - RCSB full-text mapping 47/406: O75679
2026-03-02 04:50:39,817 - INFO - RCSB full-text mapping 48/406: O75928
2026-03-02 04:50:40,853 - INFO - RCSB full-text mapping 49/406: O76050
2026-03-02 04:50:40,887 - INFO - RCSB full-text mapping 50/406: O76064
2026-03-02 04:50:41,922 - INFO - RCSB full-text mapping 51/406: O94822
2026-03-02 04:50:42,959 - INFO - RCSB full-text mapping 52/406: O94941
2026-03-02 04:50:42,993 - INFO - RCSB full-text mapping 53/406: O94972
2026-03-02 04:50:44,029 - INFO - RCSB full-text mapping 54/406: O95071
2026-03-02 04:50:45,065 - INFO - RCSB full-text mapping 55/406: O95155
2026-03-02 04:50:46,100 - INFO - RCSB full-text mapping 56/406: O95159
2026-03-02 04:50:46,135 - INFO - RCSB full-text mapping 57/406: O95376
2026-03-02 04:50:47,172 - INFO - RCSB full-text mapping 58/406: O95628
2026-03-02 04:50:48,240 - INFO - RCSB full-text mapping 59/406: O95714
2026-03-02 04:50:49,277 - INFO - RCSB full-text mapping 60/406: P0CI25
2026-03-02 04:50:49,312 - INFO - RCSB full-text mapping 61/406: P0CI26
2026-03-02 04:50:49,346 - INFO - RCSB full-text mapping 62/406: P0DH78
2026-03-02 04:50:49,380 - INFO - RCSB full-text mapping 63/406: P0DTL6
2026-03-02 04:50:49,413 - INFO - RCSB full-text mapping 64/406: P14373
2026-03-02 04:50:49,447 - INFO - RCSB full-text mapping 65/406: P15918
2026-03-02 04:50:49,480 - INFO - RCSB full-text mapping 66/406: P19474
2026-03-02 04:50:50,516 - INFO - RCSB full-text mapping 67/406: P22681
2026-03-02 04:50:51,553 - INFO - RCSB full-text mapping 68/406: P28328
2026-03-02 04:50:51,588 - INFO - RCSB full-text mapping 69/406: P29590
2026-03-02 04:50:52,625 - INFO - RCSB full-text mapping 70/406: P35226
2026-03-02 04:50:53,661 - INFO - RCSB full-text mapping 71/406: P35227
2026-03-02 04:50:53,696 - INFO - RCSB full-text mapping 72/406: P36406
2026-03-02 04:50:54,732 - INFO - RCSB full-text mapping 73/406: P38398
2026-03-02 04:50:55,768 - INFO - RCSB full-text mapping 74/406: P46934
2026-03-02 04:50:56,804 - INFO - RCSB full-text mapping 75/406: P49427
2026-03-02 04:50:57,839 - INFO - RCSB full-text mapping 76/406: P49459
2026-03-02 04:50:58,876 - INFO - RCSB full-text mapping 77/406: P49754
2026-03-02 04:50:58,909 - INFO - RCSB full-text mapping 78/406: P50876
2026-03-02 04:50:59,944 - INFO - RCSB full-text mapping 79/406: P51668
2026-03-02 04:51:00,979 - INFO - RCSB full-text mapping 80/406: P51948
2026-03-02 04:51:02,016 - INFO - RCSB full-text mapping 81/406: P51965
2026-03-02 04:51:03,052 - INFO - RCSB full-text mapping 82/406: P53804
2026-03-02 04:51:03,085 - INFO - RCSB full-text mapping 83/406: P60604
2026-03-02 04:51:04,120 - INFO - RCSB full-text mapping 84/406: P61077
2026-03-02 04:51:05,155 - INFO - RCSB full-text mapping 85/406: P61081
2026-03-02 04:51:06,191 - INFO - RCSB full-text mapping 86/406: P61086
2026-03-02 04:51:07,229 - INFO - RCSB full-text mapping 87/406: P61088
2026-03-02 04:51:08,314 - INFO - RCSB full-text mapping 88/406: P62253
2026-03-02 04:51:09,349 - INFO - RCSB full-text mapping 89/406: P62256
2026-03-02 04:51:10,385 - INFO - RCSB full-text mapping 90/406: P62837
2026-03-02 04:51:11,421 - INFO - RCSB full-text mapping 91/406: P62877
2026-03-02 04:51:12,458 - INFO - RCSB full-text mapping 92/406: P63146
2026-03-02 04:51:13,494 - INFO - RCSB full-text mapping 93/406: P63279
2026-03-02 04:51:14,529 - INFO - RCSB full-text mapping 94/406: P68036
2026-03-02 04:51:15,566 - INFO - RCSB full-text mapping 95/406: P78317
2026-03-02 04:51:16,602 - INFO - RCSB full-text mapping 96/406: P98170
2026-03-02 04:51:17,639 - INFO - RCSB full-text mapping 97/406: Q00987
2026-03-02 04:51:18,676 - INFO - RCSB full-text mapping 98/406: Q05086
2026-03-02 04:51:19,712 - INFO - RCSB full-text mapping 99/406: Q06587
2026-03-02 04:51:19,746 - INFO - RCSB full-text mapping 100/406: Q09472
2026-03-02 04:51:20,782 - INFO - RCSB full-text mapping 101/406: Q12899
2026-03-02 04:51:20,817 - INFO - RCSB full-text mapping 102/406: Q12933
2026-03-02 04:51:21,853 - INFO - RCSB full-text mapping 103/406: Q12986
2026-03-02 04:51:21,887 - INFO - RCSB full-text mapping 104/406: Q13049
2026-03-02 04:51:22,922 - INFO - RCSB full-text mapping 105/406: Q13064
2026-03-02 04:51:22,956 - INFO - RCSB full-text mapping 106/406: Q13114
2026-03-02 04:51:23,992 - INFO - RCSB full-text mapping 107/406: Q13191
2026-03-02 04:51:25,028 - INFO - RCSB full-text mapping 108/406: Q13233
2026-03-02 04:51:26,064 - INFO - RCSB full-text mapping 109/406: Q13263
2026-03-02 04:51:27,100 - INFO - RCSB full-text mapping 110/406: Q13356
2026-03-02 04:51:28,135 - INFO - RCSB full-text mapping 111/406: Q13404
2026-03-02 04:51:29,172 - INFO - RCSB full-text mapping 112/406: Q13434
2026-03-02 04:51:29,207 - INFO - RCSB full-text mapping 113/406: Q13489
2026-03-02 04:51:30,245 - INFO - RCSB full-text mapping 114/406: Q13490
2026-03-02 04:51:31,281 - INFO - RCSB full-text mapping 115/406: Q13501
2026-03-02 04:51:32,318 - INFO - RCSB full-text mapping 116/406: Q13702
2026-03-02 04:51:32,350 - INFO - RCSB full-text mapping 117/406: Q14139
2026-03-02 04:51:33,385 - INFO - RCSB full-text mapping 118/406: Q14258
2026-03-02 04:51:34,421 - INFO - RCSB full-text mapping 119/406: Q14527
2026-03-02 04:51:35,457 - INFO - RCSB full-text mapping 120/406: Q14669
2026-03-02 04:51:36,493 - INFO - RCSB full-text mapping 121/406: Q149N8
2026-03-02 04:51:37,530 - INFO - RCSB full-text mapping 122/406: Q15034
2026-03-02 04:51:37,565 - INFO - RCSB full-text mapping 123/406: Q15386
2026-03-02 04:51:38,601 - INFO - RCSB full-text mapping 124/406: Q15751
2026-03-02 04:51:39,637 - INFO - RCSB full-text mapping 125/406: Q15819
2026-03-02 04:51:40,673 - INFO - RCSB full-text mapping 126/406: Q16763
2026-03-02 04:51:41,710 - INFO - RCSB full-text mapping 127/406: Q17RB8
2026-03-02 04:51:41,744 - INFO - RCSB full-text mapping 128/406: Q1L5Z9
2026-03-02 04:51:41,779 - INFO - RCSB full-text mapping 129/406: Q2KHN1
2026-03-02 04:51:41,812 - INFO - RCSB full-text mapping 130/406: Q2Q1W2
2026-03-02 04:51:42,847 - INFO - RCSB full-text mapping 131/406: Q3KNV8
2026-03-02 04:51:42,882 - INFO - RCSB full-text mapping 132/406: Q495C1
2026-03-02 04:51:42,916 - INFO - RCSB full-text mapping 133/406: Q495X7
2026-03-02 04:51:42,950 - INFO - RCSB full-text mapping 134/406: Q496Y0
2026-03-02 04:51:42,983 - INFO - RCSB full-text mapping 135/406: Q5EBN2
2026-03-02 04:51:43,017 - INFO - RCSB full-text mapping 136/406: Q5GLZ8
2026-03-02 04:51:43,050 - INFO - RCSB full-text mapping 137/406: Q5M7Z0
2026-03-02 04:51:43,083 - INFO - RCSB full-text mapping 138/406: Q5T0T0
2026-03-02 04:51:44,119 - INFO - RCSB full-text mapping 139/406: Q5T197
2026-03-02 04:51:44,153 - INFO - RCSB full-text mapping 140/406: Q5T447
2026-03-02 04:51:45,188 - INFO - RCSB full-text mapping 141/406: Q5T4S7
2026-03-02 04:51:46,225 - INFO - RCSB full-text mapping 142/406: Q5TA31
2026-03-02 04:51:47,260 - INFO - RCSB full-text mapping 143/406: Q5TC82
2026-03-02 04:51:48,297 - INFO - RCSB full-text mapping 144/406: Q5U5Q3
2026-03-02 04:51:49,333 - INFO - RCSB full-text mapping 145/406: Q5U5R9
2026-03-02 04:51:49,367 - INFO - RCSB full-text mapping 146/406: Q5VTB9
2026-03-02 04:51:49,401 - INFO - RCSB full-text mapping 147/406: Q5VTR2
2026-03-02 04:51:50,436 - INFO - RCSB full-text mapping 148/406: Q5VVX9
2026-03-02 04:51:51,471 - INFO - RCSB full-text mapping 149/406: Q5W0B1
2026-03-02 04:51:51,505 - INFO - RCSB full-text mapping 150/406: Q5XPI4
2026-03-02 04:51:52,541 - INFO - RCSB full-text mapping 151/406: Q63HN8
2026-03-02 04:51:53,578 - INFO - RCSB full-text mapping 152/406: Q68DV7
2026-03-02 04:51:54,614 - INFO - RCSB full-text mapping 153/406: Q6AZZ1
2026-03-02 04:51:54,648 - INFO - RCSB full-text mapping 154/406: Q6P9F5
2026-03-02 04:51:54,682 - INFO - RCSB full-text mapping 155/406: Q6PCD5
2026-03-02 04:51:55,719 - INFO - RCSB full-text mapping 156/406: Q6PJ69
2026-03-02 04:51:56,754 - INFO - RCSB full-text mapping 157/406: Q6PJI9
2026-03-02 04:51:57,790 - INFO - RCSB full-text mapping 158/406: Q6Q0C0
2026-03-02 04:51:58,826 - INFO - RCSB full-text mapping 159/406: Q6UWE0
2026-03-02 04:51:58,860 - INFO - RCSB full-text mapping 160/406: Q6VVB1
2026-03-02 04:51:58,894 - INFO - RCSB full-text mapping 161/406: Q6ZMN7
2026-03-02 04:51:58,927 - INFO - RCSB full-text mapping 162/406: Q6ZMU5
2026-03-02 04:51:59,963 - INFO - RCSB full-text mapping 163/406: Q6ZMZ0
2026-03-02 04:51:59,997 - INFO - RCSB full-text mapping 164/406: Q6ZN04
2026-03-02 04:52:01,032 - INFO - RCSB full-text mapping 165/406: Q6ZNA4
2026-03-02 04:52:02,069 - INFO - RCSB full-text mapping 166/406: Q6ZNB6
2026-03-02 04:52:02,102 - INFO - RCSB full-text mapping 167/406: Q6ZRF8
2026-03-02 04:52:02,136 - INFO - RCSB full-text mapping 168/406: Q6ZSG1
2026-03-02 04:52:03,172 - INFO - RCSB full-text mapping 169/406: Q6ZT12
2026-03-02 04:52:03,206 - INFO - RCSB full-text mapping 170/406: Q6ZTA4
2026-03-02 04:52:04,241 - INFO - RCSB full-text mapping 171/406: Q6ZWI9
2026-03-02 04:52:04,276 - INFO - RCSB full-text mapping 172/406: Q712K3
2026-03-02 04:52:05,320 - INFO - RCSB full-text mapping 173/406: Q75N03
2026-03-02 04:52:05,355 - INFO - RCSB full-text mapping 174/406: Q76N89
2026-03-02 04:52:06,391 - INFO - RCSB full-text mapping 175/406: Q7L0R7
2026-03-02 04:52:06,425 - INFO - RCSB full-text mapping 176/406: Q7L5Y9
2026-03-02 04:52:07,462 - INFO - RCSB full-text mapping 177/406: Q7L622
2026-03-02 04:52:07,496 - INFO - RCSB full-text mapping 178/406: Q7Z3V4
2026-03-02 04:52:07,529 - INFO - RCSB full-text mapping 179/406: Q7Z419
2026-03-02 04:52:07,564 - INFO - RCSB full-text mapping 180/406: Q7Z4K8
2026-03-02 04:52:07,599 - INFO - RCSB full-text mapping 181/406: Q7Z569
2026-03-02 04:52:07,633 - INFO - RCSB full-text mapping 182/406: Q7Z5L9
2026-03-02 04:52:08,667 - INFO - RCSB full-text mapping 183/406: Q7Z6E9
2026-03-02 04:52:09,703 - INFO - RCSB full-text mapping 184/406: Q7Z6J0
2026-03-02 04:52:10,740 - INFO - RCSB full-text mapping 185/406: Q7Z6J8
2026-03-02 04:52:10,774 - INFO - RCSB full-text mapping 186/406: Q7Z6Z7
2026-03-02 04:52:11,810 - INFO - RCSB full-text mapping 187/406: Q7Z7E8
2026-03-02 04:52:12,847 - INFO - RCSB full-text mapping 188/406: Q86SE9
2026-03-02 04:52:13,883 - INFO - RCSB full-text mapping 189/406: Q86T96
2026-03-02 04:52:13,917 - INFO - RCSB full-text mapping 190/406: Q86TM6
2026-03-02 04:52:14,952 - INFO - RCSB full-text mapping 191/406: Q86UD3
2026-03-02 04:52:14,989 - INFO - RCSB full-text mapping 192/406: Q86UK7
2026-03-02 04:52:15,022 - INFO - RCSB full-text mapping 193/406: Q86UV6
2026-03-02 04:52:15,055 - INFO - RCSB full-text mapping 194/406: Q86UV7
2026-03-02 04:52:15,090 - INFO - RCSB full-text mapping 195/406: Q86UW9
2026-03-02 04:52:16,127 - INFO - RCSB full-text mapping 196/406: Q86WT6
2026-03-02 04:52:17,163 - INFO - RCSB full-text mapping 197/406: Q86XN8
2026-03-02 04:52:18,198 - INFO - RCSB full-text mapping 198/406: Q86XS8
2026-03-02 04:52:18,232 - INFO - RCSB full-text mapping 199/406: Q86XT4
2026-03-02 04:52:18,266 - INFO - RCSB full-text mapping 200/406: Q86Y01
2026-03-02 04:52:19,301 - INFO - RCSB full-text mapping 201/406: Q86Y13
2026-03-02 04:52:19,335 - INFO - RCSB full-text mapping 202/406: Q86YJ5
2026-03-02 04:52:19,369 - INFO - RCSB full-text mapping 203/406: Q86YT6
2026-03-02 04:52:20,405 - INFO - RCSB full-text mapping 204/406: Q8IU81
2026-03-02 04:52:20,440 - INFO - RCSB full-text mapping 205/406: Q8IUD6
2026-03-02 04:52:21,475 - INFO - RCSB full-text mapping 206/406: Q8IUQ4
2026-03-02 04:52:22,510 - INFO - RCSB full-text mapping 207/406: Q8IVU3
2026-03-02 04:52:23,546 - INFO - RCSB full-text mapping 208/406: Q8IWR1
2026-03-02 04:52:23,579 - INFO - RCSB full-text mapping 209/406: Q8IWT3
2026-03-02 04:52:24,616 - INFO - RCSB full-text mapping 210/406: Q8IWV7
2026-03-02 04:52:25,653 - INFO - RCSB full-text mapping 211/406: Q8IWV8
2026-03-02 04:52:26,690 - INFO - RCSB full-text mapping 212/406: Q8IWZ4
2026-03-02 04:52:26,724 - INFO - RCSB full-text mapping 213/406: Q8IWZ5
2026-03-02 04:52:26,757 - INFO - RCSB full-text mapping 214/406: Q8IYM9
2026-03-02 04:52:26,791 - INFO - RCSB full-text mapping 215/406: Q8IYU2
2026-03-02 04:52:27,826 - INFO - RCSB full-text mapping 216/406: Q8IYW5
2026-03-02 04:52:28,863 - INFO - RCSB full-text mapping 217/406: Q8IZP6
2026-03-02 04:52:29,900 - INFO - RCSB full-text mapping 218/406: Q8N2H9
2026-03-02 04:52:29,934 - INFO - RCSB full-text mapping 219/406: Q8N2K1
2026-03-02 04:52:30,971 - INFO - RCSB full-text mapping 220/406: Q8N2W9
2026-03-02 04:52:31,005 - INFO - RCSB full-text mapping 221/406: Q8N3P4
2026-03-02 04:52:31,040 - INFO - RCSB full-text mapping 222/406: Q8N448
2026-03-02 04:52:32,076 - INFO - RCSB full-text mapping 223/406: Q8N4F7
2026-03-02 04:52:32,110 - INFO - RCSB full-text mapping 224/406: Q8N5U6
2026-03-02 04:52:32,145 - INFO - RCSB full-text mapping 225/406: Q8N6D2
2026-03-02 04:52:32,178 - INFO - RCSB full-text mapping 226/406: Q8N7C7
2026-03-02 04:52:32,211 - INFO - RCSB full-text mapping 227/406: Q8N7E2
2026-03-02 04:52:32,245 - INFO - RCSB full-text mapping 228/406: Q8N8N0
2026-03-02 04:52:32,280 - INFO - RCSB full-text mapping 229/406: Q8N9I9
2026-03-02 04:52:32,316 - INFO - RCSB full-text mapping 230/406: Q8N9V2
2026-03-02 04:52:32,350 - INFO - RCSB full-text mapping 231/406: Q8N9V3
2026-03-02 04:52:32,383 - INFO - RCSB full-text mapping 232/406: Q8NA82
2026-03-02 04:52:32,418 - INFO - RCSB full-text mapping 233/406: Q8NC42
2026-03-02 04:52:32,452 - INFO - RCSB full-text mapping 234/406: Q8NCN4
2026-03-02 04:52:33,487 - INFO - RCSB full-text mapping 235/406: Q8ND24
2026-03-02 04:52:33,521 - INFO - RCSB full-text mapping 236/406: Q8ND25
2026-03-02 04:52:34,555 - INFO - RCSB full-text mapping 237/406: Q8NEG5
2026-03-02 04:52:35,592 - INFO - RCSB full-text mapping 238/406: Q8NEZ4
2026-03-02 04:52:36,628 - INFO - RCSB full-text mapping 239/406: Q8NF64
2026-03-02 04:52:36,662 - INFO - RCSB full-text mapping 240/406: Q8NG06
2026-03-02 04:52:37,697 - INFO - RCSB full-text mapping 241/406: Q8NG27
2026-03-02 04:52:38,733 - INFO - RCSB full-text mapping 242/406: Q8NHG8
2026-03-02 04:52:38,767 - INFO - RCSB full-text mapping 243/406: Q8NHY2
2026-03-02 04:52:39,803 - INFO - RCSB full-text mapping 244/406: Q8TBB1
2026-03-02 04:52:40,844 - INFO - RCSB full-text mapping 245/406: Q8TC41
2026-03-02 04:52:40,877 - INFO - RCSB full-text mapping 246/406: Q8TCQ1
2026-03-02 04:52:40,911 - INFO - RCSB full-text mapping 247/406: Q8TDB6
2026-03-02 04:52:41,946 - INFO - RCSB full-text mapping 248/406: Q8TEB7
2026-03-02 04:52:42,982 - INFO - RCSB full-text mapping 249/406: Q8TEC5
2026-03-02 04:52:43,016 - INFO - RCSB full-text mapping 250/406: Q8TEJ3
2026-03-02 04:52:43,050 - INFO - RCSB full-text mapping 251/406: Q8WU17
2026-03-02 04:52:43,083 - INFO - RCSB full-text mapping 252/406: Q8WV22
2026-03-02 04:52:44,117 - INFO - RCSB full-text mapping 253/406: Q8WV44
2026-03-02 04:52:45,153 - INFO - RCSB full-text mapping 254/406: Q8WVD3
2026-03-02 04:52:45,189 - INFO - RCSB full-text mapping 255/406: Q8WVD5
2026-03-02 04:52:46,226 - INFO - RCSB full-text mapping 256/406: Q8WVN8
2026-03-02 04:52:47,261 - INFO - RCSB full-text mapping 257/406: Q8WVZ7
2026-03-02 04:52:47,295 - INFO - RCSB full-text mapping 258/406: Q8WWF5
2026-03-02 04:52:47,329 - INFO - RCSB full-text mapping 259/406: Q8WY64
2026-03-02 04:52:48,365 - INFO - RCSB full-text mapping 260/406: Q8WZ73
2026-03-02 04:52:49,422 - INFO - RCSB full-text mapping 261/406: Q92793
2026-03-02 04:52:50,459 - INFO - RCSB full-text mapping 262/406: Q969K3
2026-03-02 04:52:50,494 - INFO - RCSB full-text mapping 263/406: Q969M7
2026-03-02 04:52:51,530 - INFO - RCSB full-text mapping 264/406: Q969Q1
2026-03-02 04:52:52,566 - INFO - RCSB full-text mapping 265/406: Q969T4
2026-03-02 04:52:52,601 - INFO - RCSB full-text mapping 266/406: Q969V5
2026-03-02 04:52:53,639 - INFO - RCSB full-text mapping 267/406: Q96A37
2026-03-02 04:52:53,674 - INFO - RCSB full-text mapping 268/406: Q96A61
2026-03-02 04:52:53,708 - INFO - RCSB full-text mapping 269/406: Q96AX9
2026-03-02 04:52:53,741 - INFO - RCSB full-text mapping 270/406: Q96B02
2026-03-02 04:52:54,776 - INFO - RCSB full-text mapping 271/406: Q96BH1
2026-03-02 04:52:55,812 - INFO - RCSB full-text mapping 272/406: Q96BQ3
2026-03-02 04:52:55,845 - INFO - RCSB full-text mapping 273/406: Q96CA5
2026-03-02 04:52:56,883 - INFO - RCSB full-text mapping 274/406: Q96D59
2026-03-02 04:52:56,916 - INFO - RCSB full-text mapping 275/406: Q96DX4
2026-03-02 04:52:56,950 - INFO - RCSB full-text mapping 276/406: Q96EH8
2026-03-02 04:52:56,984 - INFO - RCSB full-text mapping 277/406: Q96EP0
2026-03-02 04:52:58,021 - INFO - RCSB full-text mapping 278/406: Q96EP1
2026-03-02 04:52:59,057 - INFO - RCSB full-text mapping 279/406: Q96EQ8
2026-03-02 04:53:00,093 - INFO - RCSB full-text mapping 280/406: Q96EX2
2026-03-02 04:53:00,127 - INFO - RCSB full-text mapping 281/406: Q96F44
2026-03-02 04:53:01,163 - INFO - RCSB full-text mapping 282/406: Q96FA3
2026-03-02 04:53:02,199 - INFO - RCSB full-text mapping 283/406: Q96G75
2026-03-02 04:53:02,233 - INFO - RCSB full-text mapping 284/406: Q96GF1
2026-03-02 04:53:02,267 - INFO - RCSB full-text mapping 285/406: Q96J02
2026-03-02 04:53:03,301 - INFO - RCSB full-text mapping 286/406: Q96K19
2026-03-02 04:53:03,335 - INFO - RCSB full-text mapping 287/406: Q96LD4
2026-03-02 04:53:03,367 - INFO - RCSB full-text mapping 288/406: Q96LR5
2026-03-02 04:53:04,403 - INFO - RCSB full-text mapping 289/406: Q96MF7
2026-03-02 04:53:05,439 - INFO - RCSB full-text mapping 290/406: Q96MT1
2026-03-02 04:53:05,473 - INFO - RCSB full-text mapping 291/406: Q96P09
2026-03-02 04:53:06,509 - INFO - RCSB full-text mapping 292/406: Q96PM5
2026-03-02 04:53:07,545 - INFO - RCSB full-text mapping 293/406: Q96PU4
2026-03-02 04:53:08,582 - INFO - RCSB full-text mapping 294/406: Q96PU5
2026-03-02 04:53:09,618 - INFO - RCSB full-text mapping 295/406: Q96PX1
2026-03-02 04:53:09,651 - INFO - RCSB full-text mapping 296/406: Q96T88
2026-03-02 04:53:10,686 - INFO - RCSB full-text mapping 297/406: Q99496
2026-03-02 04:53:11,723 - INFO - RCSB full-text mapping 298/406: Q99590
2026-03-02 04:53:11,756 - INFO - RCSB full-text mapping 299/406: Q99675
2026-03-02 04:53:12,792 - INFO - RCSB full-text mapping 300/406: Q99728
2026-03-02 04:53:13,827 - INFO - RCSB full-text mapping 301/406: Q99942
2026-03-02 04:53:13,862 - INFO - RCSB full-text mapping 302/406: Q9BRZ2
2026-03-02 04:53:14,897 - INFO - RCSB full-text mapping 303/406: Q9BSJ1
2026-03-02 04:53:14,932 - INFO - RCSB full-text mapping 304/406: Q9BSM1
2026-03-02 04:53:15,967 - INFO - RCSB full-text mapping 305/406: Q9BUZ4
2026-03-02 04:53:17,004 - INFO - RCSB full-text mapping 306/406: Q9BV68
2026-03-02 04:53:18,040 - INFO - RCSB full-text mapping 307/406: Q9BVG3
2026-03-02 04:53:18,074 - INFO - RCSB full-text mapping 308/406: Q9BWF2
2026-03-02 04:53:19,110 - INFO - RCSB full-text mapping 309/406: Q9BWX1
2026-03-02 04:53:19,145 - INFO - RCSB full-text mapping 310/406: Q9BXT8
2026-03-02 04:53:20,182 - INFO - RCSB full-text mapping 311/406: Q9BY78
2026-03-02 04:53:20,217 - INFO - RCSB full-text mapping 312/406: Q9BYE7
2026-03-02 04:53:21,254 - INFO - RCSB full-text mapping 313/406: Q9BYJ4
2026-03-02 04:53:22,290 - INFO - RCSB full-text mapping 314/406: Q9BYM8
2026-03-02 04:53:23,326 - INFO - RCSB full-text mapping 315/406: Q9BYV2
2026-03-02 04:53:24,361 - INFO - RCSB full-text mapping 316/406: Q9BYV6
2026-03-02 04:53:24,395 - INFO - RCSB full-text mapping 317/406: Q9BZR9
2026-03-02 04:53:24,440 - INFO - RCSB full-text mapping 318/406: Q9BZY9
2026-03-02 04:53:25,475 - INFO - RCSB full-text mapping 319/406: Q9C019
2026-03-02 04:53:26,512 - INFO - RCSB full-text mapping 320/406: Q9C026
2026-03-02 04:53:27,548 - INFO - RCSB full-text mapping 321/406: Q9C029
2026-03-02 04:53:28,584 - INFO - RCSB full-text mapping 322/406: Q9C030
2026-03-02 04:53:28,618 - INFO - RCSB full-text mapping 323/406: Q9C035
2026-03-02 04:53:29,654 - INFO - RCSB full-text mapping 324/406: Q9C037
2026-03-02 04:53:29,687 - INFO - RCSB full-text mapping 325/406: Q9C040
2026-03-02 04:53:30,724 - INFO - RCSB full-text mapping 326/406: Q9C0B0
2026-03-02 04:53:30,758 - INFO - RCSB full-text mapping 327/406: Q9C0C9
2026-03-02 04:53:31,794 - INFO - RCSB full-text mapping 328/406: Q9H000
2026-03-02 04:53:31,828 - INFO - RCSB full-text mapping 329/406: Q9H0A6
2026-03-02 04:53:31,861 - INFO - RCSB full-text mapping 330/406: Q9H0F5
2026-03-02 04:53:32,896 - INFO - RCSB full-text mapping 331/406: Q9H0M0
2026-03-02 04:53:33,932 - INFO - RCSB full-text mapping 332/406: Q9H0X6
2026-03-02 04:53:33,966 - INFO - RCSB full-text mapping 333/406: Q9H1B7
2026-03-02 04:53:35,002 - INFO - RCSB full-text mapping 334/406: Q9H270
2026-03-02 04:53:35,036 - INFO - RCSB full-text mapping 335/406: Q9H2S5
2026-03-02 04:53:35,071 - INFO - RCSB full-text mapping 336/406: Q9H4P4
2026-03-02 04:53:36,106 - INFO - RCSB full-text mapping 337/406: Q9H6Y7
2026-03-02 04:53:36,142 - INFO - RCSB full-text mapping 338/406: Q9H832
2026-03-02 04:53:37,178 - INFO - RCSB full-text mapping 339/406: Q9H871
2026-03-02 04:53:38,213 - INFO - RCSB full-text mapping 340/406: Q9H8W5
2026-03-02 04:53:39,251 - INFO - RCSB full-text mapping 341/406: Q9H920
2026-03-02 04:53:39,285 - INFO - RCSB full-text mapping 342/406: Q9H992
2026-03-02 04:53:39,320 - INFO - RCSB full-text mapping 343/406: Q9H9P5
2026-03-02 04:53:39,354 - INFO - RCSB full-text mapping 344/406: Q9H9V4
2026-03-02 04:53:39,387 - INFO - RCSB full-text mapping 345/406: Q9HAT8
2026-03-02 04:53:40,423 - INFO - RCSB full-text mapping 346/406: Q9HAU4
2026-03-02 04:53:41,458 - INFO - RCSB full-text mapping 347/406: Q9HBD1
2026-03-02 04:53:42,494 - INFO - RCSB full-text mapping 348/406: Q9HCE7
2026-03-02 04:53:43,530 - INFO - RCSB full-text mapping 349/406: Q9HCI7
2026-03-02 04:53:44,566 - INFO - RCSB full-text mapping 350/406: Q9HCM9
2026-03-02 04:53:45,602 - INFO - RCSB full-text mapping 351/406: Q9NPC3
2026-03-02 04:53:46,638 - INFO - RCSB full-text mapping 352/406: Q9NPD8
2026-03-02 04:53:47,674 - INFO - RCSB full-text mapping 353/406: Q9NQ86
2026-03-02 04:53:48,710 - INFO - RCSB full-text mapping 354/406: Q9NR09
2026-03-02 04:53:49,749 - INFO - RCSB full-text mapping 355/406: Q9NS56
2026-03-02 04:53:49,783 - INFO - RCSB full-text mapping 356/406: Q9NS91
2026-03-02 04:53:50,819 - INFO - RCSB full-text mapping 357/406: Q9NTX7
2026-03-02 04:53:51,856 - INFO - RCSB full-text mapping 358/406: Q9NV58
2026-03-02 04:53:51,889 - INFO - RCSB full-text mapping 359/406: Q9NVW2
2026-03-02 04:53:52,925 - INFO - RCSB full-text mapping 360/406: Q9NW38
2026-03-02 04:53:53,962 - INFO - RCSB full-text mapping 361/406: Q9NWF9
2026-03-02 04:53:54,997 - INFO - RCSB full-text mapping 362/406: Q9NX47
2026-03-02 04:53:55,031 - INFO - RCSB full-text mapping 363/406: Q9NXI6
2026-03-02 04:53:55,065 - INFO - RCSB full-text mapping 364/406: Q9NYG5
2026-03-02 04:53:56,102 - INFO - RCSB full-text mapping 365/406: Q9NZS9
2026-03-02 04:53:56,136 - INFO - RCSB full-text mapping 366/406: Q9P0J7
2026-03-02 04:53:57,173 - INFO - RCSB full-text mapping 367/406: Q9P0N8
2026-03-02 04:53:57,207 - INFO - RCSB full-text mapping 368/406: Q9P0P0
2026-03-02 04:53:57,241 - INFO - RCSB full-text mapping 369/406: Q9P1Y6
2026-03-02 04:53:57,275 - INFO - RCSB full-text mapping 370/406: Q9P253
2026-03-02 04:53:57,310 - INFO - RCSB full-text mapping 371/406: Q9P2E8
2026-03-02 04:53:57,344 - INFO - RCSB full-text mapping 372/406: Q9P2G1
2026-03-02 04:53:57,377 - INFO - RCSB full-text mapping 373/406: Q9P2P5
2026-03-02 04:53:58,412 - INFO - RCSB full-text mapping 374/406: Q9UBF6
2026-03-02 04:53:59,447 - INFO - RCSB full-text mapping 375/406: Q9UBN7
2026-03-02 04:54:00,483 - INFO - RCSB full-text mapping 376/406: Q9UBS8
2026-03-02 04:54:00,518 - INFO - RCSB full-text mapping 377/406: Q9UDY6
2026-03-02 04:54:01,555 - INFO - RCSB full-text mapping 378/406: Q9UHC7
2026-03-02 04:54:01,588 - INFO - RCSB full-text mapping 379/406: Q9UII4
2026-03-02 04:54:02,623 - INFO - RCSB full-text mapping 380/406: Q9UJV3
2026-03-02 04:54:03,660 - INFO - RCSB full-text mapping 381/406: Q9UKV5
2026-03-02 04:54:04,695 - INFO - RCSB full-text mapping 382/406: Q9ULJ6
2026-03-02 04:54:05,733 - INFO - RCSB full-text mapping 383/406: Q9ULK6
2026-03-02 04:54:05,768 - INFO - RCSB full-text mapping 384/406: Q9ULT6
2026-03-02 04:54:06,803 - INFO - RCSB full-text mapping 385/406: Q9ULT8
2026-03-02 04:54:07,840 - INFO - RCSB full-text mapping 386/406: Q9ULV8
2026-03-02 04:54:08,875 - INFO - RCSB full-text mapping 387/406: Q9ULX5
2026-03-02 04:54:08,910 - INFO - RCSB full-text mapping 388/406: Q9UMS4
2026-03-02 04:54:09,946 - INFO - RCSB full-text mapping 389/406: Q9UNE7
2026-03-02 04:54:10,982 - INFO - RCSB full-text mapping 390/406: Q9UPN9
2026-03-02 04:54:12,018 - INFO - RCSB full-text mapping 391/406: Q9UPQ4
2026-03-02 04:54:12,052 - INFO - RCSB full-text mapping 392/406: Q9UPQ7
2026-03-02 04:54:13,088 - INFO - RCSB full-text mapping 393/406: Q9Y225
2026-03-02 04:54:14,124 - INFO - RCSB full-text mapping 394/406: Q9Y252
2026-03-02 04:54:14,157 - INFO - RCSB full-text mapping 395/406: Q9Y2E6
2026-03-02 04:54:14,191 - INFO - RCSB full-text mapping 396/406: Q9Y2X8
2026-03-02 04:54:14,225 - INFO - RCSB full-text mapping 397/406: Q9Y314
2026-03-02 04:54:15,260 - INFO - RCSB full-text mapping 398/406: Q9Y385
2026-03-02 04:54:15,293 - INFO - RCSB full-text mapping 399/406: Q9Y3C5
2026-03-02 04:54:15,327 - INFO - RCSB full-text mapping 400/406: Q9Y4D8
2026-03-02 04:54:15,361 - INFO - RCSB full-text mapping 401/406: Q9Y4K3
2026-03-02 04:54:16,397 - INFO - RCSB full-text mapping 402/406: Q9Y4L5
2026-03-02 04:54:16,432 - INFO - RCSB full-text mapping 403/406: Q9Y4X5
2026-03-02 04:54:17,468 - INFO - RCSB full-text mapping 404/406: Q9Y508
2026-03-02 04:54:17,502 - INFO - RCSB full-text mapping 405/406: Q9Y577
2026-03-02 04:54:17,537 - INFO - RCSB full-text mapping 406/406: Q9Y6U7
2026-03-02 04:54:17,573 - INFO - Combined mapping complete
2026-03-02 04:54:17,573 - INFO - Total unique PDB IDs mapped: 2033
2026-03-02 04:54:17,573 - INFO - Processing all 2033 PDB IDs
2026-03-02 04:54:17,574 - INFO - JSON API: 1/2033 13RZ
2026-03-02 04:54:23,636 - INFO - JSON API: 51/2033 1FP0
2026-03-02 04:54:31,396 - INFO - JSON API: 101/2033 1TFT
2026-03-02 04:54:37,603 - INFO - JSON API: 151/2033 2BZ8
2026-03-02 04:54:44,169 - INFO - JSON API: 201/2033 2EJS
2026-03-02 04:54:50,264 - INFO - JSON API: 251/2033 2KEO
2026-03-02 04:54:57,657 - INFO - JSON API: 301/2033 2MPS
2026-03-02 04:55:03,976 - INFO - JSON API: 351/2033 2VSL
2026-03-02 04:55:10,926 - INFO - JSON API: 401/2033 3CLZ
2026-03-02 04:55:17,210 - INFO - JSON API: 451/2033 3IO2
2026-03-02 04:55:26,488 - INFO - JSON API: 501/2033 3OJ4
2026-03-02 04:55:33,062 - INFO - JSON API: 551/2033 3UIO
2026-03-02 04:55:41,134 - INFO - JSON API: 601/2033 4DIJ
2026-03-02 04:55:47,722 - INFO - JSON API: 651/2033 4K8U
2026-03-02 04:55:54,832 - INFO - JSON API: 701/2033 4OGN
2026-03-02 04:56:01,708 - INFO - JSON API: 751/2033 4UFS
2026-03-02 04:56:10,073 - INFO - JSON API: 801/2033 4ZYF
2026-03-02 04:56:17,127 - INFO - JSON API: 851/2033 5E22
2026-03-02 04:56:25,330 - INFO - JSON API: 901/2033 5IAY
2026-03-02 04:56:34,037 - INFO - JSON API: 951/2033 5MME
2026-03-02 04:56:42,987 - INFO - JSON API: 1001/2033 5ULK
2026-03-02 04:56:51,008 - INFO - JSON API: 1051/2033 5YYA
2026-03-02 04:57:07,358 - INFO - JSON API: 1101/2033 6FGN
2026-03-02 04:57:17,242 - INFO - JSON API: 1151/2033 6KFP
2026-03-02 04:57:28,902 - INFO - JSON API: 1201/2033 6QU1
2026-03-02 04:57:39,624 - INFO - JSON API: 1251/2033 6UYU
2026-03-02 04:57:50,428 - INFO - JSON API: 1301/2033 7B2S
2026-03-02 04:58:09,568 - INFO - JSON API: 1351/2033 7KZV
2026-03-02 04:58:26,771 - INFO - JSON API: 1401/2033 7Q40
2026-03-02 04:58:34,614 - INFO - JSON API: 1451/2033 7VHY
2026-03-02 04:58:47,582 - INFO - JSON API: 1501/2033 8ATM
2026-03-02 04:59:01,064 - INFO - JSON API: 1551/2033 8EIB
2026-03-02 04:59:15,471 - INFO - JSON API: 1601/2033 8H38
2026-03-02 04:59:36,423 - INFO - JSON API: 1651/2033 8JRQ
2026-03-02 04:59:46,527 - INFO - JSON API: 1701/2033 8PYR
2026-03-02 04:59:57,931 - INFO - JSON API: 1751/2033 8SN7
2026-03-02 05:00:21,848 - INFO - JSON API: 1801/2033 8WQH
2026-03-02 05:00:31,397 - INFO - JSON API: 1851/2033 9DDE
2026-03-02 05:00:45,797 - INFO - JSON API: 1901/2033 9H9T
2026-03-02 05:00:55,615 - INFO - JSON API: 1951/2033 9LU1
2026-03-02 05:01:07,488 - INFO - JSON API: 2001/2033 9QO5
2026-03-02 05:01:12,895 - INFO - JSON API returned base info for 2033 entries
2026-03-02 05:01:12,981 - INFO - UniProt gene-mapping batch 1: 400 IDs
2026-03-02 05:01:15,138 - INFO - UniProt gene-mapping batch 2: 6 IDs
2026-03-02 05:01:16,766 - INFO - Mapped 406 UniProt IDs to gene names via mapping API
2026-03-02 05:01:16,827 - INFO - Saved main CSV: /home/runner/work/UbiqCore/UbiqCore/util/data/pdb_updates/pdb_structures_detailed_update_20260302.csv
2026-03-02 05:01:16,830 - INFO - 
Summary:
2026-03-02 05:01:16,830 - INFO - Total unique PDB structures: 2033
2026-03-02 05:01:16,831 - INFO - PDB structures containing E2 (by UniProt IDs): 358
2026-03-02 05:01:16,832 - INFO - PDB structures containing E3 (by UniProt IDs): 1809
2026-03-02 05:01:16,833 - INFO - PDB structures containing Ubiquitin: 165
2026-03-02 05:01:16,833 - INFO - PDB structures containing both E2 and E3: 135
2026-03-02 05:01:16,834 - INFO - PDB structures containing E2, E3, and Ubiquitin: 58
2026-03-02 05:01:16,835 - INFO - processing complete.
