2026-01-05 04:11:47,834 - INFO - Logging to /home/runner/work/UbiqCore/UbiqCore/util/data/pdb_updates/pdb_update_20260105_041147.log
2026-01-05 04:11:47,835 - INFO - Read 37 E2 IDs and 369 E3 IDs
2026-01-05 04:11:47,835 - INFO - Total unique UniProt IDs: 406
2026-01-05 04:11:47,835 - INFO - Starting UniProt→PDB mapping via UniProt service...
2026-01-05 04:11:47,835 - INFO - UniProt mapping batch 1: 50 IDs
2026-01-05 04:11:49,652 - INFO - UniProt mapping batch 2: 50 IDs
2026-01-05 04:11:51,023 - INFO - UniProt mapping batch 3: 50 IDs
2026-01-05 04:11:52,368 - INFO - UniProt mapping batch 4: 50 IDs
2026-01-05 04:11:53,711 - INFO - UniProt mapping batch 5: 50 IDs
2026-01-05 04:11:55,051 - INFO - UniProt mapping batch 6: 50 IDs
2026-01-05 04:11:56,407 - INFO - UniProt mapping batch 7: 50 IDs
2026-01-05 04:11:57,748 - INFO - UniProt mapping batch 8: 50 IDs
2026-01-05 04:11:59,092 - INFO - UniProt mapping batch 9: 6 IDs
2026-01-05 04:12:00,427 - INFO - Starting UniProt→PDB mapping via RCSB full-text search...
2026-01-05 04:12:00,428 - INFO - RCSB full-text mapping 1/406: A0A1B0GUS4
2026-01-05 04:12:00,606 - INFO - RCSB full-text mapping 2/406: A0AVI4
2026-01-05 04:12:00,621 - INFO - RCSB full-text mapping 3/406: A1L020
2026-01-05 04:12:00,634 - INFO - RCSB full-text mapping 4/406: A1L167
2026-01-05 04:12:00,649 - INFO - RCSB full-text mapping 5/406: A6NCK2
2026-01-05 04:12:00,663 - INFO - RCSB full-text mapping 6/406: A6NCQ9
2026-01-05 04:12:00,676 - INFO - RCSB full-text mapping 7/406: A6NDI0
2026-01-05 04:12:00,688 - INFO - RCSB full-text mapping 8/406: A6NGJ6
2026-01-05 04:12:00,702 - INFO - RCSB full-text mapping 9/406: A6NI03
2026-01-05 04:12:00,715 - INFO - RCSB full-text mapping 10/406: A6NK02
2026-01-05 04:12:00,728 - INFO - RCSB full-text mapping 11/406: A6NLI5
2026-01-05 04:12:00,740 - INFO - RCSB full-text mapping 12/406: A6NLU0
2026-01-05 04:12:01,755 - INFO - RCSB full-text mapping 13/406: A6NNE9
2026-01-05 04:12:01,771 - INFO - RCSB full-text mapping 14/406: A8MQ27
2026-01-05 04:12:01,788 - INFO - RCSB full-text mapping 15/406: A8MTL3
2026-01-05 04:12:01,801 - INFO - RCSB full-text mapping 16/406: C9J1S8
2026-01-05 04:12:01,816 - INFO - RCSB full-text mapping 17/406: E7ERA6
2026-01-05 04:12:01,829 - INFO - RCSB full-text mapping 18/406: F8VTS6
2026-01-05 04:12:01,843 - INFO - RCSB full-text mapping 19/406: I1YAP6
2026-01-05 04:12:01,856 - INFO - RCSB full-text mapping 20/406: M0QZC1
2026-01-05 04:12:01,871 - INFO - RCSB full-text mapping 21/406: O00237
2026-01-05 04:12:01,884 - INFO - RCSB full-text mapping 22/406: O00308
2026-01-05 04:12:02,900 - INFO - RCSB full-text mapping 23/406: O00463
2026-01-05 04:12:03,916 - INFO - RCSB full-text mapping 24/406: O00623
2026-01-05 04:12:03,931 - INFO - RCSB full-text mapping 25/406: O00635
2026-01-05 04:12:03,945 - INFO - RCSB full-text mapping 26/406: O00762
2026-01-05 04:12:04,961 - INFO - RCSB full-text mapping 27/406: O14686
2026-01-05 04:12:05,980 - INFO - RCSB full-text mapping 28/406: O14933
2026-01-05 04:12:06,998 - INFO - RCSB full-text mapping 29/406: O15033
2026-01-05 04:12:08,014 - INFO - RCSB full-text mapping 30/406: O15151
2026-01-05 04:12:09,032 - INFO - RCSB full-text mapping 31/406: O15164
2026-01-05 04:12:10,052 - INFO - RCSB full-text mapping 32/406: O15344
2026-01-05 04:12:11,068 - INFO - RCSB full-text mapping 33/406: O15541
2026-01-05 04:12:12,088 - INFO - RCSB full-text mapping 34/406: O43164
2026-01-05 04:12:12,104 - INFO - RCSB full-text mapping 35/406: O43255
2026-01-05 04:12:13,122 - INFO - RCSB full-text mapping 36/406: O43567
2026-01-05 04:12:14,138 - INFO - RCSB full-text mapping 37/406: O60260
2026-01-05 04:12:15,156 - INFO - RCSB full-text mapping 38/406: O60291
2026-01-05 04:12:15,172 - INFO - RCSB full-text mapping 39/406: O60337
2026-01-05 04:12:15,185 - INFO - RCSB full-text mapping 40/406: O60683
2026-01-05 04:12:15,199 - INFO - RCSB full-text mapping 41/406: O60858
2026-01-05 04:12:15,212 - INFO - RCSB full-text mapping 42/406: O75150
2026-01-05 04:12:16,227 - INFO - RCSB full-text mapping 43/406: O75382
2026-01-05 04:12:17,242 - INFO - RCSB full-text mapping 44/406: O75592
2026-01-05 04:12:18,260 - INFO - RCSB full-text mapping 45/406: O75677
2026-01-05 04:12:18,276 - INFO - RCSB full-text mapping 46/406: O75678
2026-01-05 04:12:18,290 - INFO - RCSB full-text mapping 47/406: O75679
2026-01-05 04:12:18,304 - INFO - RCSB full-text mapping 48/406: O75928
2026-01-05 04:12:19,321 - INFO - RCSB full-text mapping 49/406: O76050
2026-01-05 04:12:19,337 - INFO - RCSB full-text mapping 50/406: O76064
2026-01-05 04:12:20,352 - INFO - RCSB full-text mapping 51/406: O94822
2026-01-05 04:12:21,371 - INFO - RCSB full-text mapping 52/406: O94941
2026-01-05 04:12:21,385 - INFO - RCSB full-text mapping 53/406: O94972
2026-01-05 04:12:22,401 - INFO - RCSB full-text mapping 54/406: O95071
2026-01-05 04:12:23,418 - INFO - RCSB full-text mapping 55/406: O95155
2026-01-05 04:12:24,436 - INFO - RCSB full-text mapping 56/406: O95159
2026-01-05 04:12:24,452 - INFO - RCSB full-text mapping 57/406: O95376
2026-01-05 04:12:25,467 - INFO - RCSB full-text mapping 58/406: O95628
2026-01-05 04:12:26,645 - INFO - RCSB full-text mapping 59/406: O95714
2026-01-05 04:12:27,661 - INFO - RCSB full-text mapping 60/406: P0CI25
2026-01-05 04:12:27,676 - INFO - RCSB full-text mapping 61/406: P0CI26
2026-01-05 04:12:27,690 - INFO - RCSB full-text mapping 62/406: P0DH78
2026-01-05 04:12:27,704 - INFO - RCSB full-text mapping 63/406: P0DTL6
2026-01-05 04:12:27,716 - INFO - RCSB full-text mapping 64/406: P14373
2026-01-05 04:12:27,730 - INFO - RCSB full-text mapping 65/406: P15918
2026-01-05 04:12:27,743 - INFO - RCSB full-text mapping 66/406: P19474
2026-01-05 04:12:28,759 - INFO - RCSB full-text mapping 67/406: P22681
2026-01-05 04:12:29,778 - INFO - RCSB full-text mapping 68/406: P28328
2026-01-05 04:12:29,794 - INFO - RCSB full-text mapping 69/406: P29590
2026-01-05 04:12:30,813 - INFO - RCSB full-text mapping 70/406: P35226
2026-01-05 04:12:31,829 - INFO - RCSB full-text mapping 71/406: P35227
2026-01-05 04:12:31,844 - INFO - RCSB full-text mapping 72/406: P36406
2026-01-05 04:12:32,860 - INFO - RCSB full-text mapping 73/406: P38398
2026-01-05 04:12:33,878 - INFO - RCSB full-text mapping 74/406: P46934
2026-01-05 04:12:34,894 - INFO - RCSB full-text mapping 75/406: P49427
2026-01-05 04:12:35,914 - INFO - RCSB full-text mapping 76/406: P49459
2026-01-05 04:12:36,932 - INFO - RCSB full-text mapping 77/406: P49754
2026-01-05 04:12:36,948 - INFO - RCSB full-text mapping 78/406: P50876
2026-01-05 04:12:37,964 - INFO - RCSB full-text mapping 79/406: P51668
2026-01-05 04:12:38,983 - INFO - RCSB full-text mapping 80/406: P51948
2026-01-05 04:12:40,000 - INFO - RCSB full-text mapping 81/406: P51965
2026-01-05 04:12:41,019 - INFO - RCSB full-text mapping 82/406: P53804
2026-01-05 04:12:41,033 - INFO - RCSB full-text mapping 83/406: P60604
2026-01-05 04:12:42,051 - INFO - RCSB full-text mapping 84/406: P61077
2026-01-05 04:12:43,070 - INFO - RCSB full-text mapping 85/406: P61081
2026-01-05 04:12:44,089 - INFO - RCSB full-text mapping 86/406: P61086
2026-01-05 04:12:45,105 - INFO - RCSB full-text mapping 87/406: P61088
2026-01-05 04:12:46,124 - INFO - RCSB full-text mapping 88/406: P62253
2026-01-05 04:12:47,142 - INFO - RCSB full-text mapping 89/406: P62256
2026-01-05 04:12:48,161 - INFO - RCSB full-text mapping 90/406: P62837
2026-01-05 04:12:49,177 - INFO - RCSB full-text mapping 91/406: P62877
2026-01-05 04:12:50,196 - INFO - RCSB full-text mapping 92/406: P63146
2026-01-05 04:12:51,213 - INFO - RCSB full-text mapping 93/406: P63279
2026-01-05 04:12:52,230 - INFO - RCSB full-text mapping 94/406: P68036
2026-01-05 04:12:53,249 - INFO - RCSB full-text mapping 95/406: P78317
2026-01-05 04:12:54,266 - INFO - RCSB full-text mapping 96/406: P98170
2026-01-05 04:12:55,285 - INFO - RCSB full-text mapping 97/406: Q00987
2026-01-05 04:12:56,304 - INFO - RCSB full-text mapping 98/406: Q05086
2026-01-05 04:12:57,323 - INFO - RCSB full-text mapping 99/406: Q06587
2026-01-05 04:12:57,337 - INFO - RCSB full-text mapping 100/406: Q09472
2026-01-05 04:12:58,356 - INFO - RCSB full-text mapping 101/406: Q12899
2026-01-05 04:12:58,369 - INFO - RCSB full-text mapping 102/406: Q12933
2026-01-05 04:12:59,388 - INFO - RCSB full-text mapping 103/406: Q12986
2026-01-05 04:12:59,402 - INFO - RCSB full-text mapping 104/406: Q13049
2026-01-05 04:13:00,421 - INFO - RCSB full-text mapping 105/406: Q13064
2026-01-05 04:13:00,435 - INFO - RCSB full-text mapping 106/406: Q13114
2026-01-05 04:13:01,452 - INFO - RCSB full-text mapping 107/406: Q13191
2026-01-05 04:13:02,469 - INFO - RCSB full-text mapping 108/406: Q13233
2026-01-05 04:13:03,486 - INFO - RCSB full-text mapping 109/406: Q13263
2026-01-05 04:13:04,504 - INFO - RCSB full-text mapping 110/406: Q13356
2026-01-05 04:13:05,520 - INFO - RCSB full-text mapping 111/406: Q13404
2026-01-05 04:13:06,538 - INFO - RCSB full-text mapping 112/406: Q13434
2026-01-05 04:13:06,555 - INFO - RCSB full-text mapping 113/406: Q13489
2026-01-05 04:13:07,570 - INFO - RCSB full-text mapping 114/406: Q13490
2026-01-05 04:13:08,589 - INFO - RCSB full-text mapping 115/406: Q13501
2026-01-05 04:13:09,606 - INFO - RCSB full-text mapping 116/406: Q13702
2026-01-05 04:13:09,623 - INFO - RCSB full-text mapping 117/406: Q14139
2026-01-05 04:13:10,638 - INFO - RCSB full-text mapping 118/406: Q14258
2026-01-05 04:13:11,657 - INFO - RCSB full-text mapping 119/406: Q14527
2026-01-05 04:13:12,674 - INFO - RCSB full-text mapping 120/406: Q14669
2026-01-05 04:13:13,692 - INFO - RCSB full-text mapping 121/406: Q149N8
2026-01-05 04:13:14,708 - INFO - RCSB full-text mapping 122/406: Q15034
2026-01-05 04:13:14,722 - INFO - RCSB full-text mapping 123/406: Q15386
2026-01-05 04:13:15,740 - INFO - RCSB full-text mapping 124/406: Q15751
2026-01-05 04:13:16,804 - INFO - RCSB full-text mapping 125/406: Q15819
2026-01-05 04:13:17,822 - INFO - RCSB full-text mapping 126/406: Q16763
2026-01-05 04:13:18,842 - INFO - RCSB full-text mapping 127/406: Q17RB8
2026-01-05 04:13:18,857 - INFO - RCSB full-text mapping 128/406: Q1L5Z9
2026-01-05 04:13:18,873 - INFO - RCSB full-text mapping 129/406: Q2KHN1
2026-01-05 04:13:18,888 - INFO - RCSB full-text mapping 130/406: Q2Q1W2
2026-01-05 04:13:19,906 - INFO - RCSB full-text mapping 131/406: Q3KNV8
2026-01-05 04:13:19,921 - INFO - RCSB full-text mapping 132/406: Q495C1
2026-01-05 04:13:19,937 - INFO - RCSB full-text mapping 133/406: Q495X7
2026-01-05 04:13:19,951 - INFO - RCSB full-text mapping 134/406: Q496Y0
2026-01-05 04:13:19,966 - INFO - RCSB full-text mapping 135/406: Q5EBN2
2026-01-05 04:13:19,978 - INFO - RCSB full-text mapping 136/406: Q5GLZ8
2026-01-05 04:13:19,995 - INFO - RCSB full-text mapping 137/406: Q5M7Z0
2026-01-05 04:13:20,008 - INFO - RCSB full-text mapping 138/406: Q5T0T0
2026-01-05 04:13:21,024 - INFO - RCSB full-text mapping 139/406: Q5T197
2026-01-05 04:13:21,088 - INFO - RCSB full-text mapping 140/406: Q5T447
2026-01-05 04:13:21,104 - INFO - RCSB full-text mapping 141/406: Q5T4S7
2026-01-05 04:13:22,120 - INFO - RCSB full-text mapping 142/406: Q5TA31
2026-01-05 04:13:23,138 - INFO - RCSB full-text mapping 143/406: Q5TC82
2026-01-05 04:13:24,155 - INFO - RCSB full-text mapping 144/406: Q5U5Q3
2026-01-05 04:13:25,174 - INFO - RCSB full-text mapping 145/406: Q5U5R9
2026-01-05 04:13:25,188 - INFO - RCSB full-text mapping 146/406: Q5VTB9
2026-01-05 04:13:25,204 - INFO - RCSB full-text mapping 147/406: Q5VTR2
2026-01-05 04:13:26,221 - INFO - RCSB full-text mapping 148/406: Q5VVX9
2026-01-05 04:13:27,238 - INFO - RCSB full-text mapping 149/406: Q5W0B1
2026-01-05 04:13:27,253 - INFO - RCSB full-text mapping 150/406: Q5XPI4
2026-01-05 04:13:28,271 - INFO - RCSB full-text mapping 151/406: Q63HN8
2026-01-05 04:13:29,287 - INFO - RCSB full-text mapping 152/406: Q68DV7
2026-01-05 04:13:30,307 - INFO - RCSB full-text mapping 153/406: Q6AZZ1
2026-01-05 04:13:30,323 - INFO - RCSB full-text mapping 154/406: Q6P9F5
2026-01-05 04:13:30,337 - INFO - RCSB full-text mapping 155/406: Q6PCD5
2026-01-05 04:13:31,355 - INFO - RCSB full-text mapping 156/406: Q6PJ69
2026-01-05 04:13:32,370 - INFO - RCSB full-text mapping 157/406: Q6PJI9
2026-01-05 04:13:33,388 - INFO - RCSB full-text mapping 158/406: Q6Q0C0
2026-01-05 04:13:34,403 - INFO - RCSB full-text mapping 159/406: Q6UWE0
2026-01-05 04:13:34,419 - INFO - RCSB full-text mapping 160/406: Q6VVB1
2026-01-05 04:13:34,433 - INFO - RCSB full-text mapping 161/406: Q6ZMN7
2026-01-05 04:13:34,447 - INFO - RCSB full-text mapping 162/406: Q6ZMU5
2026-01-05 04:13:35,462 - INFO - RCSB full-text mapping 163/406: Q6ZMZ0
2026-01-05 04:13:35,478 - INFO - RCSB full-text mapping 164/406: Q6ZN04
2026-01-05 04:13:36,495 - INFO - RCSB full-text mapping 165/406: Q6ZNA4
2026-01-05 04:13:37,514 - INFO - RCSB full-text mapping 166/406: Q6ZNB6
2026-01-05 04:13:37,529 - INFO - RCSB full-text mapping 167/406: Q6ZRF8
2026-01-05 04:13:37,545 - INFO - RCSB full-text mapping 168/406: Q6ZSG1
2026-01-05 04:13:38,561 - INFO - RCSB full-text mapping 169/406: Q6ZT12
2026-01-05 04:13:38,578 - INFO - RCSB full-text mapping 170/406: Q6ZTA4
2026-01-05 04:13:39,594 - INFO - RCSB full-text mapping 171/406: Q6ZWI9
2026-01-05 04:13:39,611 - INFO - RCSB full-text mapping 172/406: Q712K3
2026-01-05 04:13:40,628 - INFO - RCSB full-text mapping 173/406: Q75N03
2026-01-05 04:13:40,688 - INFO - RCSB full-text mapping 174/406: Q76N89
2026-01-05 04:13:41,705 - INFO - RCSB full-text mapping 175/406: Q7L0R7
2026-01-05 04:13:41,720 - INFO - RCSB full-text mapping 176/406: Q7L5Y9
2026-01-05 04:13:42,738 - INFO - RCSB full-text mapping 177/406: Q7L622
2026-01-05 04:13:42,751 - INFO - RCSB full-text mapping 178/406: Q7Z3V4
2026-01-05 04:13:42,764 - INFO - RCSB full-text mapping 179/406: Q7Z419
2026-01-05 04:13:42,778 - INFO - RCSB full-text mapping 180/406: Q7Z4K8
2026-01-05 04:13:42,792 - INFO - RCSB full-text mapping 181/406: Q7Z569
2026-01-05 04:13:42,804 - INFO - RCSB full-text mapping 182/406: Q7Z5L9
2026-01-05 04:13:43,819 - INFO - RCSB full-text mapping 183/406: Q7Z6E9
2026-01-05 04:13:44,837 - INFO - RCSB full-text mapping 184/406: Q7Z6J0
2026-01-05 04:13:45,856 - INFO - RCSB full-text mapping 185/406: Q7Z6J8
2026-01-05 04:13:45,872 - INFO - RCSB full-text mapping 186/406: Q7Z6Z7
2026-01-05 04:13:46,888 - INFO - RCSB full-text mapping 187/406: Q7Z7E8
2026-01-05 04:13:47,905 - INFO - RCSB full-text mapping 188/406: Q86SE9
2026-01-05 04:13:48,924 - INFO - RCSB full-text mapping 189/406: Q86T96
2026-01-05 04:13:48,938 - INFO - RCSB full-text mapping 190/406: Q86TM6
2026-01-05 04:13:49,956 - INFO - RCSB full-text mapping 191/406: Q86UD3
2026-01-05 04:13:49,970 - INFO - RCSB full-text mapping 192/406: Q86UK7
2026-01-05 04:13:49,986 - INFO - RCSB full-text mapping 193/406: Q86UV6
2026-01-05 04:13:50,000 - INFO - RCSB full-text mapping 194/406: Q86UV7
2026-01-05 04:13:50,016 - INFO - RCSB full-text mapping 195/406: Q86UW9
2026-01-05 04:13:51,030 - INFO - RCSB full-text mapping 196/406: Q86WT6
2026-01-05 04:13:52,048 - INFO - RCSB full-text mapping 197/406: Q86XN8
2026-01-05 04:13:53,066 - INFO - RCSB full-text mapping 198/406: Q86XS8
2026-01-05 04:13:53,081 - INFO - RCSB full-text mapping 199/406: Q86XT4
2026-01-05 04:13:53,095 - INFO - RCSB full-text mapping 200/406: Q86Y01
2026-01-05 04:13:54,112 - INFO - RCSB full-text mapping 201/406: Q86Y13
2026-01-05 04:13:54,127 - INFO - RCSB full-text mapping 202/406: Q86YJ5
2026-01-05 04:13:54,140 - INFO - RCSB full-text mapping 203/406: Q86YT6
2026-01-05 04:13:55,158 - INFO - RCSB full-text mapping 204/406: Q8IU81
2026-01-05 04:13:55,172 - INFO - RCSB full-text mapping 205/406: Q8IUD6
2026-01-05 04:13:56,191 - INFO - RCSB full-text mapping 206/406: Q8IUQ4
2026-01-05 04:13:57,208 - INFO - RCSB full-text mapping 207/406: Q8IVU3
2026-01-05 04:13:58,225 - INFO - RCSB full-text mapping 208/406: Q8IWR1
2026-01-05 04:13:58,241 - INFO - RCSB full-text mapping 209/406: Q8IWT3
2026-01-05 04:13:59,257 - INFO - RCSB full-text mapping 210/406: Q8IWV7
2026-01-05 04:14:00,275 - INFO - RCSB full-text mapping 211/406: Q8IWV8
2026-01-05 04:14:01,291 - INFO - RCSB full-text mapping 212/406: Q8IWZ4
2026-01-05 04:14:01,306 - INFO - RCSB full-text mapping 213/406: Q8IWZ5
2026-01-05 04:14:01,321 - INFO - RCSB full-text mapping 214/406: Q8IYM9
2026-01-05 04:14:01,335 - INFO - RCSB full-text mapping 215/406: Q8IYU2
2026-01-05 04:14:02,351 - INFO - RCSB full-text mapping 216/406: Q8IYW5
2026-01-05 04:14:03,369 - INFO - RCSB full-text mapping 217/406: Q8IZP6
2026-01-05 04:14:04,387 - INFO - RCSB full-text mapping 218/406: Q8N2H9
2026-01-05 04:14:04,402 - INFO - RCSB full-text mapping 219/406: Q8N2K1
2026-01-05 04:14:05,419 - INFO - RCSB full-text mapping 220/406: Q8N2W9
2026-01-05 04:14:05,434 - INFO - RCSB full-text mapping 221/406: Q8N3P4
2026-01-05 04:14:05,451 - INFO - RCSB full-text mapping 222/406: Q8N448
2026-01-05 04:14:06,466 - INFO - RCSB full-text mapping 223/406: Q8N4F7
2026-01-05 04:14:06,481 - INFO - RCSB full-text mapping 224/406: Q8N5U6
2026-01-05 04:14:06,498 - INFO - RCSB full-text mapping 225/406: Q8N6D2
2026-01-05 04:14:06,511 - INFO - RCSB full-text mapping 226/406: Q8N7C7
2026-01-05 04:14:06,526 - INFO - RCSB full-text mapping 227/406: Q8N7E2
2026-01-05 04:14:06,539 - INFO - RCSB full-text mapping 228/406: Q8N8N0
2026-01-05 04:14:06,553 - INFO - RCSB full-text mapping 229/406: Q8N9I9
2026-01-05 04:14:06,565 - INFO - RCSB full-text mapping 230/406: Q8N9V2
2026-01-05 04:14:06,580 - INFO - RCSB full-text mapping 231/406: Q8N9V3
2026-01-05 04:14:06,593 - INFO - RCSB full-text mapping 232/406: Q8NA82
2026-01-05 04:14:06,607 - INFO - RCSB full-text mapping 233/406: Q8NC42
2026-01-05 04:14:06,619 - INFO - RCSB full-text mapping 234/406: Q8NCN4
2026-01-05 04:14:07,635 - INFO - RCSB full-text mapping 235/406: Q8ND24
2026-01-05 04:14:07,651 - INFO - RCSB full-text mapping 236/406: Q8ND25
2026-01-05 04:14:08,668 - INFO - RCSB full-text mapping 237/406: Q8NEG5
2026-01-05 04:14:09,684 - INFO - RCSB full-text mapping 238/406: Q8NEZ4
2026-01-05 04:14:10,702 - INFO - RCSB full-text mapping 239/406: Q8NF64
2026-01-05 04:14:10,718 - INFO - RCSB full-text mapping 240/406: Q8NG06
2026-01-05 04:14:11,735 - INFO - RCSB full-text mapping 241/406: Q8NG27
2026-01-05 04:14:12,751 - INFO - RCSB full-text mapping 242/406: Q8NHG8
2026-01-05 04:14:12,768 - INFO - RCSB full-text mapping 243/406: Q8NHY2
2026-01-05 04:14:13,784 - INFO - RCSB full-text mapping 244/406: Q8TBB1
2026-01-05 04:14:14,802 - INFO - RCSB full-text mapping 245/406: Q8TC41
2026-01-05 04:14:14,819 - INFO - RCSB full-text mapping 246/406: Q8TCQ1
2026-01-05 04:14:14,832 - INFO - RCSB full-text mapping 247/406: Q8TDB6
2026-01-05 04:14:15,847 - INFO - RCSB full-text mapping 248/406: Q8TEB7
2026-01-05 04:14:16,864 - INFO - RCSB full-text mapping 249/406: Q8TEC5
2026-01-05 04:14:16,880 - INFO - RCSB full-text mapping 250/406: Q8TEJ3
2026-01-05 04:14:16,894 - INFO - RCSB full-text mapping 251/406: Q8WU17
2026-01-05 04:14:16,908 - INFO - RCSB full-text mapping 252/406: Q8WV22
2026-01-05 04:14:17,925 - INFO - RCSB full-text mapping 253/406: Q8WV44
2026-01-05 04:14:18,942 - INFO - RCSB full-text mapping 254/406: Q8WVD3
2026-01-05 04:14:18,957 - INFO - RCSB full-text mapping 255/406: Q8WVD5
2026-01-05 04:14:19,974 - INFO - RCSB full-text mapping 256/406: Q8WVN8
2026-01-05 04:14:20,991 - INFO - RCSB full-text mapping 257/406: Q8WVZ7
2026-01-05 04:14:21,006 - INFO - RCSB full-text mapping 258/406: Q8WWF5
2026-01-05 04:14:21,020 - INFO - RCSB full-text mapping 259/406: Q8WY64
2026-01-05 04:14:22,036 - INFO - RCSB full-text mapping 260/406: Q8WZ73
2026-01-05 04:14:23,055 - INFO - RCSB full-text mapping 261/406: Q92793
2026-01-05 04:14:24,073 - INFO - RCSB full-text mapping 262/406: Q969K3
2026-01-05 04:14:24,090 - INFO - RCSB full-text mapping 263/406: Q969M7
2026-01-05 04:14:25,106 - INFO - RCSB full-text mapping 264/406: Q969Q1
2026-01-05 04:14:26,126 - INFO - RCSB full-text mapping 265/406: Q969T4
2026-01-05 04:14:26,140 - INFO - RCSB full-text mapping 266/406: Q969V5
2026-01-05 04:14:27,157 - INFO - RCSB full-text mapping 267/406: Q96A37
2026-01-05 04:14:27,174 - INFO - RCSB full-text mapping 268/406: Q96A61
2026-01-05 04:14:27,187 - INFO - RCSB full-text mapping 269/406: Q96AX9
2026-01-05 04:14:27,202 - INFO - RCSB full-text mapping 270/406: Q96B02
2026-01-05 04:14:28,217 - INFO - RCSB full-text mapping 271/406: Q96BH1
2026-01-05 04:14:29,236 - INFO - RCSB full-text mapping 272/406: Q96BQ3
2026-01-05 04:14:29,253 - INFO - RCSB full-text mapping 273/406: Q96CA5
2026-01-05 04:14:30,269 - INFO - RCSB full-text mapping 274/406: Q96D59
2026-01-05 04:14:30,285 - INFO - RCSB full-text mapping 275/406: Q96DX4
2026-01-05 04:14:30,298 - INFO - RCSB full-text mapping 276/406: Q96EH8
2026-01-05 04:14:30,313 - INFO - RCSB full-text mapping 277/406: Q96EP0
2026-01-05 04:14:31,330 - INFO - RCSB full-text mapping 278/406: Q96EP1
2026-01-05 04:14:32,347 - INFO - RCSB full-text mapping 279/406: Q96EQ8
2026-01-05 04:14:33,365 - INFO - RCSB full-text mapping 280/406: Q96EX2
2026-01-05 04:14:33,424 - INFO - RCSB full-text mapping 281/406: Q96F44
2026-01-05 04:14:34,442 - INFO - RCSB full-text mapping 282/406: Q96FA3
2026-01-05 04:14:35,460 - INFO - RCSB full-text mapping 283/406: Q96G75
2026-01-05 04:14:35,475 - INFO - RCSB full-text mapping 284/406: Q96GF1
2026-01-05 04:14:35,491 - INFO - RCSB full-text mapping 285/406: Q96J02
2026-01-05 04:14:36,508 - INFO - RCSB full-text mapping 286/406: Q96K19
2026-01-05 04:14:36,524 - INFO - RCSB full-text mapping 287/406: Q96LD4
2026-01-05 04:14:36,537 - INFO - RCSB full-text mapping 288/406: Q96LR5
2026-01-05 04:14:37,555 - INFO - RCSB full-text mapping 289/406: Q96MF7
2026-01-05 04:14:38,571 - INFO - RCSB full-text mapping 290/406: Q96MT1
2026-01-05 04:14:38,586 - INFO - RCSB full-text mapping 291/406: Q96P09
2026-01-05 04:14:39,605 - INFO - RCSB full-text mapping 292/406: Q96PM5
2026-01-05 04:14:40,622 - INFO - RCSB full-text mapping 293/406: Q96PU4
2026-01-05 04:14:41,641 - INFO - RCSB full-text mapping 294/406: Q96PU5
2026-01-05 04:14:42,659 - INFO - RCSB full-text mapping 295/406: Q96PX1
2026-01-05 04:14:42,674 - INFO - RCSB full-text mapping 296/406: Q96T88
2026-01-05 04:14:43,696 - INFO - RCSB full-text mapping 297/406: Q99496
2026-01-05 04:14:44,712 - INFO - RCSB full-text mapping 298/406: Q99590
2026-01-05 04:14:44,730 - INFO - RCSB full-text mapping 299/406: Q99675
2026-01-05 04:14:45,748 - INFO - RCSB full-text mapping 300/406: Q99728
2026-01-05 04:14:46,766 - INFO - RCSB full-text mapping 301/406: Q99942
2026-01-05 04:14:46,940 - INFO - RCSB full-text mapping 302/406: Q9BRZ2
2026-01-05 04:14:47,957 - INFO - RCSB full-text mapping 303/406: Q9BSJ1
2026-01-05 04:14:47,973 - INFO - RCSB full-text mapping 304/406: Q9BSM1
2026-01-05 04:14:48,988 - INFO - RCSB full-text mapping 305/406: Q9BUZ4
2026-01-05 04:14:50,005 - INFO - RCSB full-text mapping 306/406: Q9BV68
2026-01-05 04:14:51,021 - INFO - RCSB full-text mapping 307/406: Q9BVG3
2026-01-05 04:14:51,037 - INFO - RCSB full-text mapping 308/406: Q9BWF2
2026-01-05 04:14:52,056 - INFO - RCSB full-text mapping 309/406: Q9BWX1
2026-01-05 04:14:52,070 - INFO - RCSB full-text mapping 310/406: Q9BXT8
2026-01-05 04:14:53,089 - INFO - RCSB full-text mapping 311/406: Q9BY78
2026-01-05 04:14:53,104 - INFO - RCSB full-text mapping 312/406: Q9BYE7
2026-01-05 04:14:54,123 - INFO - RCSB full-text mapping 313/406: Q9BYJ4
2026-01-05 04:14:55,138 - INFO - RCSB full-text mapping 314/406: Q9BYM8
2026-01-05 04:14:56,158 - INFO - RCSB full-text mapping 315/406: Q9BYV2
2026-01-05 04:14:57,176 - INFO - RCSB full-text mapping 316/406: Q9BYV6
2026-01-05 04:14:57,192 - INFO - RCSB full-text mapping 317/406: Q9BZR9
2026-01-05 04:14:57,206 - INFO - RCSB full-text mapping 318/406: Q9BZY9
2026-01-05 04:14:58,224 - INFO - RCSB full-text mapping 319/406: Q9C019
2026-01-05 04:14:59,241 - INFO - RCSB full-text mapping 320/406: Q9C026
2026-01-05 04:15:00,260 - INFO - RCSB full-text mapping 321/406: Q9C029
2026-01-05 04:15:01,277 - INFO - RCSB full-text mapping 322/406: Q9C030
2026-01-05 04:15:01,293 - INFO - RCSB full-text mapping 323/406: Q9C035
2026-01-05 04:15:02,308 - INFO - RCSB full-text mapping 324/406: Q9C037
2026-01-05 04:15:02,326 - INFO - RCSB full-text mapping 325/406: Q9C040
2026-01-05 04:15:03,343 - INFO - RCSB full-text mapping 326/406: Q9C0B0
2026-01-05 04:15:03,359 - INFO - RCSB full-text mapping 327/406: Q9C0C9
2026-01-05 04:15:04,374 - INFO - RCSB full-text mapping 328/406: Q9H000
2026-01-05 04:15:04,391 - INFO - RCSB full-text mapping 329/406: Q9H0A6
2026-01-05 04:15:04,405 - INFO - RCSB full-text mapping 330/406: Q9H0F5
2026-01-05 04:15:05,423 - INFO - RCSB full-text mapping 331/406: Q9H0M0
2026-01-05 04:15:06,439 - INFO - RCSB full-text mapping 332/406: Q9H0X6
2026-01-05 04:15:06,456 - INFO - RCSB full-text mapping 333/406: Q9H1B7
2026-01-05 04:15:07,476 - INFO - RCSB full-text mapping 334/406: Q9H270
2026-01-05 04:15:07,493 - INFO - RCSB full-text mapping 335/406: Q9H2S5
2026-01-05 04:15:07,507 - INFO - RCSB full-text mapping 336/406: Q9H4P4
2026-01-05 04:15:08,523 - INFO - RCSB full-text mapping 337/406: Q9H6Y7
2026-01-05 04:15:08,538 - INFO - RCSB full-text mapping 338/406: Q9H832
2026-01-05 04:15:09,557 - INFO - RCSB full-text mapping 339/406: Q9H871
2026-01-05 04:15:10,573 - INFO - RCSB full-text mapping 340/406: Q9H8W5
2026-01-05 04:15:11,592 - INFO - RCSB full-text mapping 341/406: Q9H920
2026-01-05 04:15:11,607 - INFO - RCSB full-text mapping 342/406: Q9H992
2026-01-05 04:15:11,623 - INFO - RCSB full-text mapping 343/406: Q9H9P5
2026-01-05 04:15:11,636 - INFO - RCSB full-text mapping 344/406: Q9H9V4
2026-01-05 04:15:11,651 - INFO - RCSB full-text mapping 345/406: Q9HAT8
2026-01-05 04:15:12,667 - INFO - RCSB full-text mapping 346/406: Q9HAU4
2026-01-05 04:15:13,686 - INFO - RCSB full-text mapping 347/406: Q9HBD1
2026-01-05 04:15:14,906 - INFO - RCSB full-text mapping 348/406: Q9HCE7
2026-01-05 04:15:15,923 - INFO - RCSB full-text mapping 349/406: Q9HCI7
2026-01-05 04:15:16,940 - INFO - RCSB full-text mapping 350/406: Q9HCM9
2026-01-05 04:15:17,958 - INFO - RCSB full-text mapping 351/406: Q9NPC3
2026-01-05 04:15:18,974 - INFO - RCSB full-text mapping 352/406: Q9NPD8
2026-01-05 04:15:19,993 - INFO - RCSB full-text mapping 353/406: Q9NQ86
2026-01-05 04:15:21,010 - INFO - RCSB full-text mapping 354/406: Q9NR09
2026-01-05 04:15:22,028 - INFO - RCSB full-text mapping 355/406: Q9NS56
2026-01-05 04:15:22,041 - INFO - RCSB full-text mapping 356/406: Q9NS91
2026-01-05 04:15:23,059 - INFO - RCSB full-text mapping 357/406: Q9NTX7
2026-01-05 04:15:24,076 - INFO - RCSB full-text mapping 358/406: Q9NV58
2026-01-05 04:15:24,092 - INFO - RCSB full-text mapping 359/406: Q9NVW2
2026-01-05 04:15:25,108 - INFO - RCSB full-text mapping 360/406: Q9NW38
2026-01-05 04:15:26,127 - INFO - RCSB full-text mapping 361/406: Q9NWF9
2026-01-05 04:15:27,145 - INFO - RCSB full-text mapping 362/406: Q9NX47
2026-01-05 04:15:27,162 - INFO - RCSB full-text mapping 363/406: Q9NXI6
2026-01-05 04:15:27,176 - INFO - RCSB full-text mapping 364/406: Q9NYG5
2026-01-05 04:15:28,194 - INFO - RCSB full-text mapping 365/406: Q9NZS9
2026-01-05 04:15:28,209 - INFO - RCSB full-text mapping 366/406: Q9P0J7
2026-01-05 04:15:29,225 - INFO - RCSB full-text mapping 367/406: Q9P0N8
2026-01-05 04:15:29,239 - INFO - RCSB full-text mapping 368/406: Q9P0P0
2026-01-05 04:15:29,256 - INFO - RCSB full-text mapping 369/406: Q9P1Y6
2026-01-05 04:15:29,270 - INFO - RCSB full-text mapping 370/406: Q9P253
2026-01-05 04:15:29,285 - INFO - RCSB full-text mapping 371/406: Q9P2E8
2026-01-05 04:15:29,298 - INFO - RCSB full-text mapping 372/406: Q9P2G1
2026-01-05 04:15:29,311 - INFO - RCSB full-text mapping 373/406: Q9P2P5
2026-01-05 04:15:30,326 - INFO - RCSB full-text mapping 374/406: Q9UBF6
2026-01-05 04:15:31,344 - INFO - RCSB full-text mapping 375/406: Q9UBN7
2026-01-05 04:15:32,361 - INFO - RCSB full-text mapping 376/406: Q9UBS8
2026-01-05 04:15:32,378 - INFO - RCSB full-text mapping 377/406: Q9UDY6
2026-01-05 04:15:33,394 - INFO - RCSB full-text mapping 378/406: Q9UHC7
2026-01-05 04:15:33,409 - INFO - RCSB full-text mapping 379/406: Q9UII4
2026-01-05 04:15:34,424 - INFO - RCSB full-text mapping 380/406: Q9UJV3
2026-01-05 04:15:35,443 - INFO - RCSB full-text mapping 381/406: Q9UKV5
2026-01-05 04:15:36,461 - INFO - RCSB full-text mapping 382/406: Q9ULJ6
2026-01-05 04:15:37,480 - INFO - RCSB full-text mapping 383/406: Q9ULK6
2026-01-05 04:15:37,497 - INFO - RCSB full-text mapping 384/406: Q9ULT6
2026-01-05 04:15:38,514 - INFO - RCSB full-text mapping 385/406: Q9ULT8
2026-01-05 04:15:39,530 - INFO - RCSB full-text mapping 386/406: Q9ULV8
2026-01-05 04:15:40,548 - INFO - RCSB full-text mapping 387/406: Q9ULX5
2026-01-05 04:15:40,562 - INFO - RCSB full-text mapping 388/406: Q9UMS4
2026-01-05 04:15:41,580 - INFO - RCSB full-text mapping 389/406: Q9UNE7
2026-01-05 04:15:42,597 - INFO - RCSB full-text mapping 390/406: Q9UPN9
2026-01-05 04:15:43,662 - INFO - RCSB full-text mapping 391/406: Q9UPQ4
2026-01-05 04:15:43,678 - INFO - RCSB full-text mapping 392/406: Q9UPQ7
2026-01-05 04:15:44,694 - INFO - RCSB full-text mapping 393/406: Q9Y225
2026-01-05 04:15:45,709 - INFO - RCSB full-text mapping 394/406: Q9Y252
2026-01-05 04:15:45,725 - INFO - RCSB full-text mapping 395/406: Q9Y2E6
2026-01-05 04:15:45,740 - INFO - RCSB full-text mapping 396/406: Q9Y2X8
2026-01-05 04:15:45,754 - INFO - RCSB full-text mapping 397/406: Q9Y314
2026-01-05 04:15:46,771 - INFO - RCSB full-text mapping 398/406: Q9Y385
2026-01-05 04:15:46,786 - INFO - RCSB full-text mapping 399/406: Q9Y3C5
2026-01-05 04:15:46,803 - INFO - RCSB full-text mapping 400/406: Q9Y4D8
2026-01-05 04:15:46,816 - INFO - RCSB full-text mapping 401/406: Q9Y4K3
2026-01-05 04:15:47,833 - INFO - RCSB full-text mapping 402/406: Q9Y4L5
2026-01-05 04:15:47,848 - INFO - RCSB full-text mapping 403/406: Q9Y4X5
2026-01-05 04:15:48,866 - INFO - RCSB full-text mapping 404/406: Q9Y508
2026-01-05 04:15:48,880 - INFO - RCSB full-text mapping 405/406: Q9Y577
2026-01-05 04:15:48,896 - INFO - RCSB full-text mapping 406/406: Q9Y6U7
2026-01-05 04:15:48,911 - INFO - Combined mapping complete
2026-01-05 04:15:48,912 - INFO - Total unique PDB IDs mapped: 2009
2026-01-05 04:15:48,912 - INFO - Processing all 2009 PDB IDs
2026-01-05 04:15:48,912 - INFO - JSON API: 1/2009 13RZ
2026-01-05 04:15:52,471 - INFO - JSON API: 51/2009 1FP0
2026-01-05 04:15:57,345 - INFO - JSON API: 101/2009 1TFT
2026-01-05 04:16:00,929 - INFO - JSON API: 151/2009 2BZ8
2026-01-05 04:16:05,209 - INFO - JSON API: 201/2009 2EJS
2026-01-05 04:16:08,770 - INFO - JSON API: 251/2009 2KEO
2026-01-05 04:16:13,396 - INFO - JSON API: 301/2009 2MPS
2026-01-05 04:16:17,083 - INFO - JSON API: 351/2009 2VSL
2026-01-05 04:16:21,578 - INFO - JSON API: 401/2009 3CLZ
2026-01-05 04:16:25,219 - INFO - JSON API: 451/2009 3IO2
2026-01-05 04:16:30,606 - INFO - JSON API: 501/2009 3OJ4
2026-01-05 04:16:34,364 - INFO - JSON API: 551/2009 3UIO
2026-01-05 04:16:39,303 - INFO - JSON API: 601/2009 4DIJ
2026-01-05 04:16:43,166 - INFO - JSON API: 651/2009 4K8U
2026-01-05 04:16:47,752 - INFO - JSON API: 701/2009 4OGN
2026-01-05 04:16:51,614 - INFO - JSON API: 751/2009 4UFS
2026-01-05 04:16:56,741 - INFO - JSON API: 801/2009 4ZYF
2026-01-05 04:17:00,654 - INFO - JSON API: 851/2009 5E22
2026-01-05 04:17:05,628 - INFO - JSON API: 901/2009 5IAY
2026-01-05 04:17:10,210 - INFO - JSON API: 951/2009 5MME
2026-01-05 04:17:15,621 - INFO - JSON API: 1001/2009 5ULK
2026-01-05 04:17:19,922 - INFO - JSON API: 1051/2009 5YYA
2026-01-05 04:17:27,924 - INFO - JSON API: 1101/2009 6FGN
2026-01-05 04:17:33,170 - INFO - JSON API: 1151/2009 6KFP
2026-01-05 04:17:39,447 - INFO - JSON API: 1201/2009 6QU1
2026-01-05 04:17:44,749 - INFO - JSON API: 1251/2009 6UYU
2026-01-05 04:17:50,936 - INFO - JSON API: 1301/2009 7B2S
2026-01-05 04:17:59,540 - INFO - JSON API: 1351/2009 7KZV
2026-01-05 04:18:07,923 - INFO - JSON API: 1401/2009 7Q40
2026-01-05 04:18:12,157 - INFO - JSON API: 1451/2009 7VHY
2026-01-05 04:18:19,238 - INFO - JSON API: 1501/2009 8ATM
2026-01-05 04:18:25,820 - INFO - JSON API: 1551/2009 8EIB
2026-01-05 04:18:33,243 - INFO - JSON API: 1601/2009 8H38
2026-01-05 04:18:43,007 - INFO - JSON API: 1651/2009 8JRQ
2026-01-05 04:18:48,773 - INFO - JSON API: 1701/2009 8PYR
2026-01-05 04:18:54,332 - INFO - JSON API: 1751/2009 8SN7
2026-01-05 04:19:05,359 - INFO - JSON API: 1801/2009 8WQH
2026-01-05 04:19:10,244 - INFO - JSON API: 1851/2009 9DDE
2026-01-05 04:19:17,572 - INFO - JSON API: 1901/2009 9H1J
2026-01-05 04:19:23,066 - INFO - JSON API: 1951/2009 9LWU
2026-01-05 04:19:28,763 - INFO - JSON API: 2001/2009 9T32
2026-01-05 04:19:29,144 - INFO - JSON API returned base info for 2009 entries
2026-01-05 04:19:29,231 - INFO - UniProt gene-mapping batch 1: 400 IDs
2026-01-05 04:19:30,963 - INFO - UniProt gene-mapping batch 2: 6 IDs
2026-01-05 04:19:32,308 - INFO - Mapped 406 UniProt IDs to gene names via mapping API
2026-01-05 04:19:32,367 - INFO - Saved main CSV: /home/runner/work/UbiqCore/UbiqCore/util/data/pdb_updates/pdb_structures_detailed_update_20260105.csv
2026-01-05 04:19:32,370 - INFO - 
Summary:
2026-01-05 04:19:32,371 - INFO - Total unique PDB structures: 2009
2026-01-05 04:19:32,371 - INFO - PDB structures containing E2 (by UniProt IDs): 349
2026-01-05 04:19:32,372 - INFO - PDB structures containing E3 (by UniProt IDs): 1788
2026-01-05 04:19:32,372 - INFO - PDB structures containing Ubiquitin: 163
2026-01-05 04:19:32,373 - INFO - PDB structures containing both E2 and E3: 129
2026-01-05 04:19:32,374 - INFO - PDB structures containing E2, E3, and Ubiquitin: 58
2026-01-05 04:19:32,374 - INFO - processing complete.
