2026-03-16 05:17:41,959 - INFO - Logging to /home/runner/work/UbiqCore/UbiqCore/util/data/pdb_updates/pdb_update_20260316_051741.log
2026-03-16 05:17:41,959 - INFO - Read 37 E2 IDs and 369 E3 IDs
2026-03-16 05:17:41,959 - INFO - Total unique UniProt IDs: 406
2026-03-16 05:17:41,960 - INFO - Starting UniProt→PDB mapping via UniProt service...
2026-03-16 05:17:41,960 - INFO - UniProt mapping batch 1: 50 IDs
2026-03-16 05:17:43,724 - INFO - UniProt mapping batch 2: 50 IDs
2026-03-16 05:17:45,097 - INFO - UniProt mapping batch 3: 50 IDs
2026-03-16 05:17:46,440 - INFO - UniProt mapping batch 4: 50 IDs
2026-03-16 05:17:47,794 - INFO - UniProt mapping batch 5: 50 IDs
2026-03-16 05:17:49,138 - INFO - UniProt mapping batch 6: 50 IDs
2026-03-16 05:17:50,487 - INFO - UniProt mapping batch 7: 50 IDs
2026-03-16 05:17:51,827 - INFO - UniProt mapping batch 8: 50 IDs
2026-03-16 05:17:53,169 - INFO - UniProt mapping batch 9: 6 IDs
2026-03-16 05:17:53,336 - ERROR - UniProt mapping job failed: {'jobStatus': 'NEW'}
2026-03-16 05:17:54,338 - INFO - Starting UniProt→PDB mapping via RCSB full-text search...
2026-03-16 05:17:54,339 - INFO - RCSB full-text mapping 1/406: A0A1B0GUS4
2026-03-16 05:17:54,732 - INFO - RCSB full-text mapping 2/406: A0AVI4
2026-03-16 05:17:54,745 - INFO - RCSB full-text mapping 3/406: A1L020
2026-03-16 05:17:54,758 - INFO - RCSB full-text mapping 4/406: A1L167
2026-03-16 05:17:54,772 - INFO - RCSB full-text mapping 5/406: A6NCK2
2026-03-16 05:17:54,785 - INFO - RCSB full-text mapping 6/406: A6NCQ9
2026-03-16 05:17:54,797 - INFO - RCSB full-text mapping 7/406: A6NDI0
2026-03-16 05:17:54,810 - INFO - RCSB full-text mapping 8/406: A6NGJ6
2026-03-16 05:17:54,822 - INFO - RCSB full-text mapping 9/406: A6NI03
2026-03-16 05:17:54,835 - INFO - RCSB full-text mapping 10/406: A6NK02
2026-03-16 05:17:54,847 - INFO - RCSB full-text mapping 11/406: A6NLI5
2026-03-16 05:17:54,860 - INFO - RCSB full-text mapping 12/406: A6NLU0
2026-03-16 05:17:55,874 - INFO - RCSB full-text mapping 13/406: A6NNE9
2026-03-16 05:17:55,889 - INFO - RCSB full-text mapping 14/406: A8MQ27
2026-03-16 05:17:55,902 - INFO - RCSB full-text mapping 15/406: A8MTL3
2026-03-16 05:17:55,916 - INFO - RCSB full-text mapping 16/406: C9J1S8
2026-03-16 05:17:55,931 - INFO - RCSB full-text mapping 17/406: E7ERA6
2026-03-16 05:17:55,943 - INFO - RCSB full-text mapping 18/406: F8VTS6
2026-03-16 05:17:55,956 - INFO - RCSB full-text mapping 19/406: I1YAP6
2026-03-16 05:17:55,969 - INFO - RCSB full-text mapping 20/406: M0QZC1
2026-03-16 05:17:55,982 - INFO - RCSB full-text mapping 21/406: O00237
2026-03-16 05:17:55,995 - INFO - RCSB full-text mapping 22/406: O00308
2026-03-16 05:17:57,010 - INFO - RCSB full-text mapping 23/406: O00463
2026-03-16 05:17:58,026 - INFO - RCSB full-text mapping 24/406: O00623
2026-03-16 05:17:58,040 - INFO - RCSB full-text mapping 25/406: O00635
2026-03-16 05:17:58,053 - INFO - RCSB full-text mapping 26/406: O00762
2026-03-16 05:17:59,068 - INFO - RCSB full-text mapping 27/406: O14686
2026-03-16 05:18:00,087 - INFO - RCSB full-text mapping 28/406: O14933
2026-03-16 05:18:01,104 - INFO - RCSB full-text mapping 29/406: O15033
2026-03-16 05:18:02,120 - INFO - RCSB full-text mapping 30/406: O15151
2026-03-16 05:18:03,136 - INFO - RCSB full-text mapping 31/406: O15164
2026-03-16 05:18:04,153 - INFO - RCSB full-text mapping 32/406: O15344
2026-03-16 05:18:05,170 - INFO - RCSB full-text mapping 33/406: O15541
2026-03-16 05:18:06,186 - INFO - RCSB full-text mapping 34/406: O43164
2026-03-16 05:18:06,201 - INFO - RCSB full-text mapping 35/406: O43255
2026-03-16 05:18:07,216 - INFO - RCSB full-text mapping 36/406: O43567
2026-03-16 05:18:08,231 - INFO - RCSB full-text mapping 37/406: O60260
2026-03-16 05:18:09,248 - INFO - RCSB full-text mapping 38/406: O60291
2026-03-16 05:18:09,262 - INFO - RCSB full-text mapping 39/406: O60337
2026-03-16 05:18:09,274 - INFO - RCSB full-text mapping 40/406: O60683
2026-03-16 05:18:09,287 - INFO - RCSB full-text mapping 41/406: O60858
2026-03-16 05:18:09,300 - INFO - RCSB full-text mapping 42/406: O75150
2026-03-16 05:18:10,314 - INFO - RCSB full-text mapping 43/406: O75382
2026-03-16 05:18:11,330 - INFO - RCSB full-text mapping 44/406: O75592
2026-03-16 05:18:12,347 - INFO - RCSB full-text mapping 45/406: O75677
2026-03-16 05:18:12,363 - INFO - RCSB full-text mapping 46/406: O75678
2026-03-16 05:18:12,377 - INFO - RCSB full-text mapping 47/406: O75679
2026-03-16 05:18:12,391 - INFO - RCSB full-text mapping 48/406: O75928
2026-03-16 05:18:13,407 - INFO - RCSB full-text mapping 49/406: O76050
2026-03-16 05:18:13,422 - INFO - RCSB full-text mapping 50/406: O76064
2026-03-16 05:18:14,437 - INFO - RCSB full-text mapping 51/406: O94822
2026-03-16 05:18:15,452 - INFO - RCSB full-text mapping 52/406: O94941
2026-03-16 05:18:15,466 - INFO - RCSB full-text mapping 53/406: O94972
2026-03-16 05:18:16,481 - INFO - RCSB full-text mapping 54/406: O95071
2026-03-16 05:18:17,496 - INFO - RCSB full-text mapping 55/406: O95155
2026-03-16 05:18:18,512 - INFO - RCSB full-text mapping 56/406: O95159
2026-03-16 05:18:18,527 - INFO - RCSB full-text mapping 57/406: O95376
2026-03-16 05:18:19,542 - INFO - RCSB full-text mapping 58/406: O95628
2026-03-16 05:18:20,558 - INFO - RCSB full-text mapping 59/406: O95714
2026-03-16 05:18:21,575 - INFO - RCSB full-text mapping 60/406: P0CI25
2026-03-16 05:18:21,590 - INFO - RCSB full-text mapping 61/406: P0CI26
2026-03-16 05:18:21,604 - INFO - RCSB full-text mapping 62/406: P0DH78
2026-03-16 05:18:21,619 - INFO - RCSB full-text mapping 63/406: P0DTL6
2026-03-16 05:18:21,632 - INFO - RCSB full-text mapping 64/406: P14373
2026-03-16 05:18:21,646 - INFO - RCSB full-text mapping 65/406: P15918
2026-03-16 05:18:21,660 - INFO - RCSB full-text mapping 66/406: P19474
2026-03-16 05:18:22,677 - INFO - RCSB full-text mapping 67/406: P22681
2026-03-16 05:18:23,693 - INFO - RCSB full-text mapping 68/406: P28328
2026-03-16 05:18:23,706 - INFO - RCSB full-text mapping 69/406: P29590
2026-03-16 05:18:24,722 - INFO - RCSB full-text mapping 70/406: P35226
2026-03-16 05:18:25,737 - INFO - RCSB full-text mapping 71/406: P35227
2026-03-16 05:18:25,751 - INFO - RCSB full-text mapping 72/406: P36406
2026-03-16 05:18:26,766 - INFO - RCSB full-text mapping 73/406: P38398
2026-03-16 05:18:27,783 - INFO - RCSB full-text mapping 74/406: P46934
2026-03-16 05:18:28,798 - INFO - RCSB full-text mapping 75/406: P49427
2026-03-16 05:18:29,815 - INFO - RCSB full-text mapping 76/406: P49459
2026-03-16 05:18:30,830 - INFO - RCSB full-text mapping 77/406: P49754
2026-03-16 05:18:30,845 - INFO - RCSB full-text mapping 78/406: P50876
2026-03-16 05:18:31,861 - INFO - RCSB full-text mapping 79/406: P51668
2026-03-16 05:18:32,877 - INFO - RCSB full-text mapping 80/406: P51948
2026-03-16 05:18:33,893 - INFO - RCSB full-text mapping 81/406: P51965
2026-03-16 05:18:34,910 - INFO - RCSB full-text mapping 82/406: P53804
2026-03-16 05:18:34,923 - INFO - RCSB full-text mapping 83/406: P60604
2026-03-16 05:18:35,938 - INFO - RCSB full-text mapping 84/406: P61077
2026-03-16 05:18:36,954 - INFO - RCSB full-text mapping 85/406: P61081
2026-03-16 05:18:37,970 - INFO - RCSB full-text mapping 86/406: P61086
2026-03-16 05:18:38,987 - INFO - RCSB full-text mapping 87/406: P61088
2026-03-16 05:18:40,002 - INFO - RCSB full-text mapping 88/406: P62253
2026-03-16 05:18:41,017 - INFO - RCSB full-text mapping 89/406: P62256
2026-03-16 05:18:42,033 - INFO - RCSB full-text mapping 90/406: P62837
2026-03-16 05:18:43,050 - INFO - RCSB full-text mapping 91/406: P62877
2026-03-16 05:18:44,066 - INFO - RCSB full-text mapping 92/406: P63146
2026-03-16 05:18:45,081 - INFO - RCSB full-text mapping 93/406: P63279
2026-03-16 05:18:46,097 - INFO - RCSB full-text mapping 94/406: P68036
2026-03-16 05:18:47,112 - INFO - RCSB full-text mapping 95/406: P78317
2026-03-16 05:18:48,129 - INFO - RCSB full-text mapping 96/406: P98170
2026-03-16 05:18:49,145 - INFO - RCSB full-text mapping 97/406: Q00987
2026-03-16 05:18:50,162 - INFO - RCSB full-text mapping 98/406: Q05086
2026-03-16 05:18:51,177 - INFO - RCSB full-text mapping 99/406: Q06587
2026-03-16 05:18:51,192 - INFO - RCSB full-text mapping 100/406: Q09472
2026-03-16 05:18:52,208 - INFO - RCSB full-text mapping 101/406: Q12899
2026-03-16 05:18:52,223 - INFO - RCSB full-text mapping 102/406: Q12933
2026-03-16 05:18:53,239 - INFO - RCSB full-text mapping 103/406: Q12986
2026-03-16 05:18:53,253 - INFO - RCSB full-text mapping 104/406: Q13049
2026-03-16 05:18:54,267 - INFO - RCSB full-text mapping 105/406: Q13064
2026-03-16 05:18:54,281 - INFO - RCSB full-text mapping 106/406: Q13114
2026-03-16 05:18:55,297 - INFO - RCSB full-text mapping 107/406: Q13191
2026-03-16 05:18:56,314 - INFO - RCSB full-text mapping 108/406: Q13233
2026-03-16 05:18:57,330 - INFO - RCSB full-text mapping 109/406: Q13263
2026-03-16 05:18:58,347 - INFO - RCSB full-text mapping 110/406: Q13356
2026-03-16 05:18:59,363 - INFO - RCSB full-text mapping 111/406: Q13404
2026-03-16 05:19:00,380 - INFO - RCSB full-text mapping 112/406: Q13434
2026-03-16 05:19:00,395 - INFO - RCSB full-text mapping 113/406: Q13489
2026-03-16 05:19:01,411 - INFO - RCSB full-text mapping 114/406: Q13490
2026-03-16 05:19:02,426 - INFO - RCSB full-text mapping 115/406: Q13501
2026-03-16 05:19:03,443 - INFO - RCSB full-text mapping 116/406: Q13702
2026-03-16 05:19:03,458 - INFO - RCSB full-text mapping 117/406: Q14139
2026-03-16 05:19:04,474 - INFO - RCSB full-text mapping 118/406: Q14258
2026-03-16 05:19:05,491 - INFO - RCSB full-text mapping 119/406: Q14527
2026-03-16 05:19:06,507 - INFO - RCSB full-text mapping 120/406: Q14669
2026-03-16 05:19:07,523 - INFO - RCSB full-text mapping 121/406: Q149N8
2026-03-16 05:19:08,538 - INFO - RCSB full-text mapping 122/406: Q15034
2026-03-16 05:19:08,553 - INFO - RCSB full-text mapping 123/406: Q15386
2026-03-16 05:19:09,568 - INFO - RCSB full-text mapping 124/406: Q15751
2026-03-16 05:19:10,584 - INFO - RCSB full-text mapping 125/406: Q15819
2026-03-16 05:19:11,601 - INFO - RCSB full-text mapping 126/406: Q16763
2026-03-16 05:19:12,616 - INFO - RCSB full-text mapping 127/406: Q17RB8
2026-03-16 05:19:12,631 - INFO - RCSB full-text mapping 128/406: Q1L5Z9
2026-03-16 05:19:12,645 - INFO - RCSB full-text mapping 129/406: Q2KHN1
2026-03-16 05:19:12,659 - INFO - RCSB full-text mapping 130/406: Q2Q1W2
2026-03-16 05:19:13,674 - INFO - RCSB full-text mapping 131/406: Q3KNV8
2026-03-16 05:19:13,688 - INFO - RCSB full-text mapping 132/406: Q495C1
2026-03-16 05:19:13,702 - INFO - RCSB full-text mapping 133/406: Q495X7
2026-03-16 05:19:14,039 - INFO - RCSB full-text mapping 134/406: Q496Y0
2026-03-16 05:19:14,052 - INFO - RCSB full-text mapping 135/406: Q5EBN2
2026-03-16 05:19:14,066 - INFO - RCSB full-text mapping 136/406: Q5GLZ8
2026-03-16 05:19:14,079 - INFO - RCSB full-text mapping 137/406: Q5M7Z0
2026-03-16 05:19:14,092 - INFO - RCSB full-text mapping 138/406: Q5T0T0
2026-03-16 05:19:15,106 - INFO - RCSB full-text mapping 139/406: Q5T197
2026-03-16 05:19:15,120 - INFO - RCSB full-text mapping 140/406: Q5T447
2026-03-16 05:19:16,135 - INFO - RCSB full-text mapping 141/406: Q5T4S7
2026-03-16 05:19:17,152 - INFO - RCSB full-text mapping 142/406: Q5TA31
2026-03-16 05:19:18,168 - INFO - RCSB full-text mapping 143/406: Q5TC82
2026-03-16 05:19:19,184 - INFO - RCSB full-text mapping 144/406: Q5U5Q3
2026-03-16 05:19:20,201 - INFO - RCSB full-text mapping 145/406: Q5U5R9
2026-03-16 05:19:20,215 - INFO - RCSB full-text mapping 146/406: Q5VTB9
2026-03-16 05:19:20,228 - INFO - RCSB full-text mapping 147/406: Q5VTR2
2026-03-16 05:19:21,243 - INFO - RCSB full-text mapping 148/406: Q5VVX9
2026-03-16 05:19:22,258 - INFO - RCSB full-text mapping 149/406: Q5W0B1
2026-03-16 05:19:22,272 - INFO - RCSB full-text mapping 150/406: Q5XPI4
2026-03-16 05:19:23,286 - INFO - RCSB full-text mapping 151/406: Q63HN8
2026-03-16 05:19:24,302 - INFO - RCSB full-text mapping 152/406: Q68DV7
2026-03-16 05:19:25,318 - INFO - RCSB full-text mapping 153/406: Q6AZZ1
2026-03-16 05:19:25,332 - INFO - RCSB full-text mapping 154/406: Q6P9F5
2026-03-16 05:19:25,346 - INFO - RCSB full-text mapping 155/406: Q6PCD5
2026-03-16 05:19:26,360 - INFO - RCSB full-text mapping 156/406: Q6PJ69
2026-03-16 05:19:27,377 - INFO - RCSB full-text mapping 157/406: Q6PJI9
2026-03-16 05:19:28,394 - INFO - RCSB full-text mapping 158/406: Q6Q0C0
2026-03-16 05:19:29,410 - INFO - RCSB full-text mapping 159/406: Q6UWE0
2026-03-16 05:19:29,424 - INFO - RCSB full-text mapping 160/406: Q6VVB1
2026-03-16 05:19:29,438 - INFO - RCSB full-text mapping 161/406: Q6ZMN7
2026-03-16 05:19:29,451 - INFO - RCSB full-text mapping 162/406: Q6ZMU5
2026-03-16 05:19:30,466 - INFO - RCSB full-text mapping 163/406: Q6ZMZ0
2026-03-16 05:19:30,481 - INFO - RCSB full-text mapping 164/406: Q6ZN04
2026-03-16 05:19:31,496 - INFO - RCSB full-text mapping 165/406: Q6ZNA4
2026-03-16 05:19:32,512 - INFO - RCSB full-text mapping 166/406: Q6ZNB6
2026-03-16 05:19:32,526 - INFO - RCSB full-text mapping 167/406: Q6ZRF8
2026-03-16 05:19:32,540 - INFO - RCSB full-text mapping 168/406: Q6ZSG1
2026-03-16 05:19:33,555 - INFO - RCSB full-text mapping 169/406: Q6ZT12
2026-03-16 05:19:33,568 - INFO - RCSB full-text mapping 170/406: Q6ZTA4
2026-03-16 05:19:34,583 - INFO - RCSB full-text mapping 171/406: Q6ZWI9
2026-03-16 05:19:34,597 - INFO - RCSB full-text mapping 172/406: Q712K3
2026-03-16 05:19:35,612 - INFO - RCSB full-text mapping 173/406: Q75N03
2026-03-16 05:19:35,625 - INFO - RCSB full-text mapping 174/406: Q76N89
2026-03-16 05:19:36,640 - INFO - RCSB full-text mapping 175/406: Q7L0R7
2026-03-16 05:19:36,654 - INFO - RCSB full-text mapping 176/406: Q7L5Y9
2026-03-16 05:19:37,669 - INFO - RCSB full-text mapping 177/406: Q7L622
2026-03-16 05:19:37,683 - INFO - RCSB full-text mapping 178/406: Q7Z3V4
2026-03-16 05:19:37,696 - INFO - RCSB full-text mapping 179/406: Q7Z419
2026-03-16 05:19:37,709 - INFO - RCSB full-text mapping 180/406: Q7Z4K8
2026-03-16 05:19:37,722 - INFO - RCSB full-text mapping 181/406: Q7Z569
2026-03-16 05:19:37,735 - INFO - RCSB full-text mapping 182/406: Q7Z5L9
2026-03-16 05:19:38,749 - INFO - RCSB full-text mapping 183/406: Q7Z6E9
2026-03-16 05:19:39,764 - INFO - RCSB full-text mapping 184/406: Q7Z6J0
2026-03-16 05:19:40,780 - INFO - RCSB full-text mapping 185/406: Q7Z6J8
2026-03-16 05:19:40,794 - INFO - RCSB full-text mapping 186/406: Q7Z6Z7
2026-03-16 05:19:41,808 - INFO - RCSB full-text mapping 187/406: Q7Z7E8
2026-03-16 05:19:42,824 - INFO - RCSB full-text mapping 188/406: Q86SE9
2026-03-16 05:19:43,841 - INFO - RCSB full-text mapping 189/406: Q86T96
2026-03-16 05:19:43,855 - INFO - RCSB full-text mapping 190/406: Q86TM6
2026-03-16 05:19:44,870 - INFO - RCSB full-text mapping 191/406: Q86UD3
2026-03-16 05:19:44,883 - INFO - RCSB full-text mapping 192/406: Q86UK7
2026-03-16 05:19:44,896 - INFO - RCSB full-text mapping 193/406: Q86UV6
2026-03-16 05:19:44,910 - INFO - RCSB full-text mapping 194/406: Q86UV7
2026-03-16 05:19:44,923 - INFO - RCSB full-text mapping 195/406: Q86UW9
2026-03-16 05:19:45,937 - INFO - RCSB full-text mapping 196/406: Q86WT6
2026-03-16 05:19:46,953 - INFO - RCSB full-text mapping 197/406: Q86XN8
2026-03-16 05:19:47,968 - INFO - RCSB full-text mapping 198/406: Q86XS8
2026-03-16 05:19:47,983 - INFO - RCSB full-text mapping 199/406: Q86XT4
2026-03-16 05:19:47,996 - INFO - RCSB full-text mapping 200/406: Q86Y01
2026-03-16 05:19:49,011 - INFO - RCSB full-text mapping 201/406: Q86Y13
2026-03-16 05:19:49,024 - INFO - RCSB full-text mapping 202/406: Q86YJ5
2026-03-16 05:19:49,037 - INFO - RCSB full-text mapping 203/406: Q86YT6
2026-03-16 05:19:50,052 - INFO - RCSB full-text mapping 204/406: Q8IU81
2026-03-16 05:19:50,065 - INFO - RCSB full-text mapping 205/406: Q8IUD6
2026-03-16 05:19:51,079 - INFO - RCSB full-text mapping 206/406: Q8IUQ4
2026-03-16 05:19:52,096 - INFO - RCSB full-text mapping 207/406: Q8IVU3
2026-03-16 05:19:53,111 - INFO - RCSB full-text mapping 208/406: Q8IWR1
2026-03-16 05:19:53,124 - INFO - RCSB full-text mapping 209/406: Q8IWT3
2026-03-16 05:19:54,140 - INFO - RCSB full-text mapping 210/406: Q8IWV7
2026-03-16 05:19:55,155 - INFO - RCSB full-text mapping 211/406: Q8IWV8
2026-03-16 05:19:56,172 - INFO - RCSB full-text mapping 212/406: Q8IWZ4
2026-03-16 05:19:56,186 - INFO - RCSB full-text mapping 213/406: Q8IWZ5
2026-03-16 05:19:56,199 - INFO - RCSB full-text mapping 214/406: Q8IYM9
2026-03-16 05:19:56,325 - INFO - RCSB full-text mapping 215/406: Q8IYU2
2026-03-16 05:19:57,341 - INFO - RCSB full-text mapping 216/406: Q8IYW5
2026-03-16 05:19:58,356 - INFO - RCSB full-text mapping 217/406: Q8IZP6
2026-03-16 05:19:59,371 - INFO - RCSB full-text mapping 218/406: Q8N2H9
2026-03-16 05:19:59,384 - INFO - RCSB full-text mapping 219/406: Q8N2K1
2026-03-16 05:20:00,399 - INFO - RCSB full-text mapping 220/406: Q8N2W9
2026-03-16 05:20:00,412 - INFO - RCSB full-text mapping 221/406: Q8N3P4
2026-03-16 05:20:00,424 - INFO - RCSB full-text mapping 222/406: Q8N448
2026-03-16 05:20:01,438 - INFO - RCSB full-text mapping 223/406: Q8N4F7
2026-03-16 05:20:01,452 - INFO - RCSB full-text mapping 224/406: Q8N5U6
2026-03-16 05:20:01,465 - INFO - RCSB full-text mapping 225/406: Q8N6D2
2026-03-16 05:20:01,478 - INFO - RCSB full-text mapping 226/406: Q8N7C7
2026-03-16 05:20:01,491 - INFO - RCSB full-text mapping 227/406: Q8N7E2
2026-03-16 05:20:01,504 - INFO - RCSB full-text mapping 228/406: Q8N8N0
2026-03-16 05:20:01,516 - INFO - RCSB full-text mapping 229/406: Q8N9I9
2026-03-16 05:20:01,529 - INFO - RCSB full-text mapping 230/406: Q8N9V2
2026-03-16 05:20:01,541 - INFO - RCSB full-text mapping 231/406: Q8N9V3
2026-03-16 05:20:01,554 - INFO - RCSB full-text mapping 232/406: Q8NA82
2026-03-16 05:20:01,567 - INFO - RCSB full-text mapping 233/406: Q8NC42
2026-03-16 05:20:01,579 - INFO - RCSB full-text mapping 234/406: Q8NCN4
2026-03-16 05:20:02,594 - INFO - RCSB full-text mapping 235/406: Q8ND24
2026-03-16 05:20:02,608 - INFO - RCSB full-text mapping 236/406: Q8ND25
2026-03-16 05:20:03,624 - INFO - RCSB full-text mapping 237/406: Q8NEG5
2026-03-16 05:20:04,639 - INFO - RCSB full-text mapping 238/406: Q8NEZ4
2026-03-16 05:20:05,655 - INFO - RCSB full-text mapping 239/406: Q8NF64
2026-03-16 05:20:05,668 - INFO - RCSB full-text mapping 240/406: Q8NG06
2026-03-16 05:20:06,684 - INFO - RCSB full-text mapping 241/406: Q8NG27
2026-03-16 05:20:07,699 - INFO - RCSB full-text mapping 242/406: Q8NHG8
2026-03-16 05:20:07,712 - INFO - RCSB full-text mapping 243/406: Q8NHY2
2026-03-16 05:20:08,727 - INFO - RCSB full-text mapping 244/406: Q8TBB1
2026-03-16 05:20:09,743 - INFO - RCSB full-text mapping 245/406: Q8TC41
2026-03-16 05:20:09,756 - INFO - RCSB full-text mapping 246/406: Q8TCQ1
2026-03-16 05:20:09,769 - INFO - RCSB full-text mapping 247/406: Q8TDB6
2026-03-16 05:20:10,784 - INFO - RCSB full-text mapping 248/406: Q8TEB7
2026-03-16 05:20:11,799 - INFO - RCSB full-text mapping 249/406: Q8TEC5
2026-03-16 05:20:11,813 - INFO - RCSB full-text mapping 250/406: Q8TEJ3
2026-03-16 05:20:11,826 - INFO - RCSB full-text mapping 251/406: Q8WU17
2026-03-16 05:20:11,839 - INFO - RCSB full-text mapping 252/406: Q8WV22
2026-03-16 05:20:12,853 - INFO - RCSB full-text mapping 253/406: Q8WV44
2026-03-16 05:20:13,869 - INFO - RCSB full-text mapping 254/406: Q8WVD3
2026-03-16 05:20:13,884 - INFO - RCSB full-text mapping 255/406: Q8WVD5
2026-03-16 05:20:14,899 - INFO - RCSB full-text mapping 256/406: Q8WVN8
2026-03-16 05:20:15,915 - INFO - RCSB full-text mapping 257/406: Q8WVZ7
2026-03-16 05:20:15,928 - INFO - RCSB full-text mapping 258/406: Q8WWF5
2026-03-16 05:20:15,941 - INFO - RCSB full-text mapping 259/406: Q8WY64
2026-03-16 05:20:16,956 - INFO - RCSB full-text mapping 260/406: Q8WZ73
2026-03-16 05:20:17,971 - INFO - RCSB full-text mapping 261/406: Q92793
2026-03-16 05:20:18,987 - INFO - RCSB full-text mapping 262/406: Q969K3
2026-03-16 05:20:19,000 - INFO - RCSB full-text mapping 263/406: Q969M7
2026-03-16 05:20:20,015 - INFO - RCSB full-text mapping 264/406: Q969Q1
2026-03-16 05:20:21,030 - INFO - RCSB full-text mapping 265/406: Q969T4
2026-03-16 05:20:21,044 - INFO - RCSB full-text mapping 266/406: Q969V5
2026-03-16 05:20:22,059 - INFO - RCSB full-text mapping 267/406: Q96A37
2026-03-16 05:20:22,072 - INFO - RCSB full-text mapping 268/406: Q96A61
2026-03-16 05:20:22,085 - INFO - RCSB full-text mapping 269/406: Q96AX9
2026-03-16 05:20:22,098 - INFO - RCSB full-text mapping 270/406: Q96B02
2026-03-16 05:20:23,112 - INFO - RCSB full-text mapping 271/406: Q96BH1
2026-03-16 05:20:24,128 - INFO - RCSB full-text mapping 272/406: Q96BQ3
2026-03-16 05:20:24,142 - INFO - RCSB full-text mapping 273/406: Q96CA5
2026-03-16 05:20:25,157 - INFO - RCSB full-text mapping 274/406: Q96D59
2026-03-16 05:20:25,170 - INFO - RCSB full-text mapping 275/406: Q96DX4
2026-03-16 05:20:25,184 - INFO - RCSB full-text mapping 276/406: Q96EH8
2026-03-16 05:20:25,197 - INFO - RCSB full-text mapping 277/406: Q96EP0
2026-03-16 05:20:26,212 - INFO - RCSB full-text mapping 278/406: Q96EP1
2026-03-16 05:20:27,228 - INFO - RCSB full-text mapping 279/406: Q96EQ8
2026-03-16 05:20:28,244 - INFO - RCSB full-text mapping 280/406: Q96EX2
2026-03-16 05:20:28,257 - INFO - RCSB full-text mapping 281/406: Q96F44
2026-03-16 05:20:29,272 - INFO - RCSB full-text mapping 282/406: Q96FA3
2026-03-16 05:20:30,287 - INFO - RCSB full-text mapping 283/406: Q96G75
2026-03-16 05:20:30,301 - INFO - RCSB full-text mapping 284/406: Q96GF1
2026-03-16 05:20:30,314 - INFO - RCSB full-text mapping 285/406: Q96J02
2026-03-16 05:20:31,329 - INFO - RCSB full-text mapping 286/406: Q96K19
2026-03-16 05:20:31,342 - INFO - RCSB full-text mapping 287/406: Q96LD4
2026-03-16 05:20:31,355 - INFO - RCSB full-text mapping 288/406: Q96LR5
2026-03-16 05:20:32,370 - INFO - RCSB full-text mapping 289/406: Q96MF7
2026-03-16 05:20:33,386 - INFO - RCSB full-text mapping 290/406: Q96MT1
2026-03-16 05:20:33,399 - INFO - RCSB full-text mapping 291/406: Q96P09
2026-03-16 05:20:34,414 - INFO - RCSB full-text mapping 292/406: Q96PM5
2026-03-16 05:20:35,431 - INFO - RCSB full-text mapping 293/406: Q96PU4
2026-03-16 05:20:36,447 - INFO - RCSB full-text mapping 294/406: Q96PU5
2026-03-16 05:20:37,464 - INFO - RCSB full-text mapping 295/406: Q96PX1
2026-03-16 05:20:37,477 - INFO - RCSB full-text mapping 296/406: Q96T88
2026-03-16 05:20:38,493 - INFO - RCSB full-text mapping 297/406: Q99496
2026-03-16 05:20:39,509 - INFO - RCSB full-text mapping 298/406: Q99590
2026-03-16 05:20:39,523 - INFO - RCSB full-text mapping 299/406: Q99675
2026-03-16 05:20:40,539 - INFO - RCSB full-text mapping 300/406: Q99728
2026-03-16 05:20:41,556 - INFO - RCSB full-text mapping 301/406: Q99942
2026-03-16 05:20:41,570 - INFO - RCSB full-text mapping 302/406: Q9BRZ2
2026-03-16 05:20:42,586 - INFO - RCSB full-text mapping 303/406: Q9BSJ1
2026-03-16 05:20:42,600 - INFO - RCSB full-text mapping 304/406: Q9BSM1
2026-03-16 05:20:43,616 - INFO - RCSB full-text mapping 305/406: Q9BUZ4
2026-03-16 05:20:44,632 - INFO - RCSB full-text mapping 306/406: Q9BV68
2026-03-16 05:20:45,647 - INFO - RCSB full-text mapping 307/406: Q9BVG3
2026-03-16 05:20:45,660 - INFO - RCSB full-text mapping 308/406: Q9BWF2
2026-03-16 05:20:46,676 - INFO - RCSB full-text mapping 309/406: Q9BWX1
2026-03-16 05:20:46,689 - INFO - RCSB full-text mapping 310/406: Q9BXT8
2026-03-16 05:20:47,704 - INFO - RCSB full-text mapping 311/406: Q9BY78
2026-03-16 05:20:47,718 - INFO - RCSB full-text mapping 312/406: Q9BYE7
2026-03-16 05:20:48,733 - INFO - RCSB full-text mapping 313/406: Q9BYJ4
2026-03-16 05:20:49,750 - INFO - RCSB full-text mapping 314/406: Q9BYM8
2026-03-16 05:20:50,766 - INFO - RCSB full-text mapping 315/406: Q9BYV2
2026-03-16 05:20:51,827 - INFO - RCSB full-text mapping 316/406: Q9BYV6
2026-03-16 05:20:51,841 - INFO - RCSB full-text mapping 317/406: Q9BZR9
2026-03-16 05:20:51,854 - INFO - RCSB full-text mapping 318/406: Q9BZY9
2026-03-16 05:20:52,869 - INFO - RCSB full-text mapping 319/406: Q9C019
2026-03-16 05:20:53,885 - INFO - RCSB full-text mapping 320/406: Q9C026
2026-03-16 05:20:54,902 - INFO - RCSB full-text mapping 321/406: Q9C029
2026-03-16 05:20:55,918 - INFO - RCSB full-text mapping 322/406: Q9C030
2026-03-16 05:20:55,933 - INFO - RCSB full-text mapping 323/406: Q9C035
2026-03-16 05:20:56,949 - INFO - RCSB full-text mapping 324/406: Q9C037
2026-03-16 05:20:56,963 - INFO - RCSB full-text mapping 325/406: Q9C040
2026-03-16 05:20:57,977 - INFO - RCSB full-text mapping 326/406: Q9C0B0
2026-03-16 05:20:57,991 - INFO - RCSB full-text mapping 327/406: Q9C0C9
2026-03-16 05:20:59,006 - INFO - RCSB full-text mapping 328/406: Q9H000
2026-03-16 05:20:59,020 - INFO - RCSB full-text mapping 329/406: Q9H0A6
2026-03-16 05:20:59,033 - INFO - RCSB full-text mapping 330/406: Q9H0F5
2026-03-16 05:21:00,048 - INFO - RCSB full-text mapping 331/406: Q9H0M0
2026-03-16 05:21:01,064 - INFO - RCSB full-text mapping 332/406: Q9H0X6
2026-03-16 05:21:01,079 - INFO - RCSB full-text mapping 333/406: Q9H1B7
2026-03-16 05:21:02,094 - INFO - RCSB full-text mapping 334/406: Q9H270
2026-03-16 05:21:02,108 - INFO - RCSB full-text mapping 335/406: Q9H2S5
2026-03-16 05:21:02,121 - INFO - RCSB full-text mapping 336/406: Q9H4P4
2026-03-16 05:21:03,135 - INFO - RCSB full-text mapping 337/406: Q9H6Y7
2026-03-16 05:21:03,149 - INFO - RCSB full-text mapping 338/406: Q9H832
2026-03-16 05:21:04,164 - INFO - RCSB full-text mapping 339/406: Q9H871
2026-03-16 05:21:05,180 - INFO - RCSB full-text mapping 340/406: Q9H8W5
2026-03-16 05:21:06,196 - INFO - RCSB full-text mapping 341/406: Q9H920
2026-03-16 05:21:06,211 - INFO - RCSB full-text mapping 342/406: Q9H992
2026-03-16 05:21:06,224 - INFO - RCSB full-text mapping 343/406: Q9H9P5
2026-03-16 05:21:06,237 - INFO - RCSB full-text mapping 344/406: Q9H9V4
2026-03-16 05:21:06,250 - INFO - RCSB full-text mapping 345/406: Q9HAT8
2026-03-16 05:21:07,266 - INFO - RCSB full-text mapping 346/406: Q9HAU4
2026-03-16 05:21:08,282 - INFO - RCSB full-text mapping 347/406: Q9HBD1
2026-03-16 05:21:09,297 - INFO - RCSB full-text mapping 348/406: Q9HCE7
2026-03-16 05:21:10,313 - INFO - RCSB full-text mapping 349/406: Q9HCI7
2026-03-16 05:21:11,329 - INFO - RCSB full-text mapping 350/406: Q9HCM9
2026-03-16 05:21:12,344 - INFO - RCSB full-text mapping 351/406: Q9NPC3
2026-03-16 05:21:13,360 - INFO - RCSB full-text mapping 352/406: Q9NPD8
2026-03-16 05:21:14,376 - INFO - RCSB full-text mapping 353/406: Q9NQ86
2026-03-16 05:21:15,391 - INFO - RCSB full-text mapping 354/406: Q9NR09
2026-03-16 05:21:16,407 - INFO - RCSB full-text mapping 355/406: Q9NS56
2026-03-16 05:21:16,422 - INFO - RCSB full-text mapping 356/406: Q9NS91
2026-03-16 05:21:17,439 - INFO - RCSB full-text mapping 357/406: Q9NTX7
2026-03-16 05:21:18,456 - INFO - RCSB full-text mapping 358/406: Q9NV58
2026-03-16 05:21:18,470 - INFO - RCSB full-text mapping 359/406: Q9NVW2
2026-03-16 05:21:19,485 - INFO - RCSB full-text mapping 360/406: Q9NW38
2026-03-16 05:21:20,502 - INFO - RCSB full-text mapping 361/406: Q9NWF9
2026-03-16 05:21:21,519 - INFO - RCSB full-text mapping 362/406: Q9NX47
2026-03-16 05:21:21,533 - INFO - RCSB full-text mapping 363/406: Q9NXI6
2026-03-16 05:21:21,546 - INFO - RCSB full-text mapping 364/406: Q9NYG5
2026-03-16 05:21:22,561 - INFO - RCSB full-text mapping 365/406: Q9NZS9
2026-03-16 05:21:22,575 - INFO - RCSB full-text mapping 366/406: Q9P0J7
2026-03-16 05:21:23,591 - INFO - RCSB full-text mapping 367/406: Q9P0N8
2026-03-16 05:21:23,605 - INFO - RCSB full-text mapping 368/406: Q9P0P0
2026-03-16 05:21:23,619 - INFO - RCSB full-text mapping 369/406: Q9P1Y6
2026-03-16 05:21:23,633 - INFO - RCSB full-text mapping 370/406: Q9P253
2026-03-16 05:21:23,647 - INFO - RCSB full-text mapping 371/406: Q9P2E8
2026-03-16 05:21:23,660 - INFO - RCSB full-text mapping 372/406: Q9P2G1
2026-03-16 05:21:23,673 - INFO - RCSB full-text mapping 373/406: Q9P2P5
2026-03-16 05:21:24,687 - INFO - RCSB full-text mapping 374/406: Q9UBF6
2026-03-16 05:21:25,703 - INFO - RCSB full-text mapping 375/406: Q9UBN7
2026-03-16 05:21:26,719 - INFO - RCSB full-text mapping 376/406: Q9UBS8
2026-03-16 05:21:26,733 - INFO - RCSB full-text mapping 377/406: Q9UDY6
2026-03-16 05:21:27,748 - INFO - RCSB full-text mapping 378/406: Q9UHC7
2026-03-16 05:21:27,762 - INFO - RCSB full-text mapping 379/406: Q9UII4
2026-03-16 05:21:28,778 - INFO - RCSB full-text mapping 380/406: Q9UJV3
2026-03-16 05:21:29,793 - INFO - RCSB full-text mapping 381/406: Q9UKV5
2026-03-16 05:21:30,810 - INFO - RCSB full-text mapping 382/406: Q9ULJ6
2026-03-16 05:21:31,826 - INFO - RCSB full-text mapping 383/406: Q9ULK6
2026-03-16 05:21:31,839 - INFO - RCSB full-text mapping 384/406: Q9ULT6
2026-03-16 05:21:32,855 - INFO - RCSB full-text mapping 385/406: Q9ULT8
2026-03-16 05:21:33,870 - INFO - RCSB full-text mapping 386/406: Q9ULV8
2026-03-16 05:21:34,886 - INFO - RCSB full-text mapping 387/406: Q9ULX5
2026-03-16 05:21:34,900 - INFO - RCSB full-text mapping 388/406: Q9UMS4
2026-03-16 05:21:35,916 - INFO - RCSB full-text mapping 389/406: Q9UNE7
2026-03-16 05:21:36,932 - INFO - RCSB full-text mapping 390/406: Q9UPN9
2026-03-16 05:21:37,948 - INFO - RCSB full-text mapping 391/406: Q9UPQ4
2026-03-16 05:21:37,962 - INFO - RCSB full-text mapping 392/406: Q9UPQ7
2026-03-16 05:21:38,978 - INFO - RCSB full-text mapping 393/406: Q9Y225
2026-03-16 05:21:39,994 - INFO - RCSB full-text mapping 394/406: Q9Y252
2026-03-16 05:21:40,009 - INFO - RCSB full-text mapping 395/406: Q9Y2E6
2026-03-16 05:21:40,023 - INFO - RCSB full-text mapping 396/406: Q9Y2X8
2026-03-16 05:21:40,037 - INFO - RCSB full-text mapping 397/406: Q9Y314
2026-03-16 05:21:41,052 - INFO - RCSB full-text mapping 398/406: Q9Y385
2026-03-16 05:21:41,067 - INFO - RCSB full-text mapping 399/406: Q9Y3C5
2026-03-16 05:21:41,081 - INFO - RCSB full-text mapping 400/406: Q9Y4D8
2026-03-16 05:21:41,095 - INFO - RCSB full-text mapping 401/406: Q9Y4K3
2026-03-16 05:21:42,111 - INFO - RCSB full-text mapping 402/406: Q9Y4L5
2026-03-16 05:21:42,125 - INFO - RCSB full-text mapping 403/406: Q9Y4X5
2026-03-16 05:21:43,140 - INFO - RCSB full-text mapping 404/406: Q9Y508
2026-03-16 05:21:43,154 - INFO - RCSB full-text mapping 405/406: Q9Y577
2026-03-16 05:21:43,168 - INFO - RCSB full-text mapping 406/406: Q9Y6U7
2026-03-16 05:21:43,184 - INFO - Combined mapping complete
2026-03-16 05:21:43,184 - INFO - Total unique PDB IDs mapped: 2036
2026-03-16 05:21:43,184 - INFO - Processing all 2036 PDB IDs
2026-03-16 05:21:43,185 - INFO - JSON API: 1/2036 13RZ
2026-03-16 05:21:46,829 - INFO - JSON API: 51/2036 1FP0
2026-03-16 05:21:51,750 - INFO - JSON API: 101/2036 1TFT
2026-03-16 05:21:55,397 - INFO - JSON API: 151/2036 2BZ8
2026-03-16 05:21:59,818 - INFO - JSON API: 201/2036 2EJS
2026-03-16 05:22:03,451 - INFO - JSON API: 251/2036 2KEO
2026-03-16 05:22:08,179 - INFO - JSON API: 301/2036 2MPS
2026-03-16 05:22:11,890 - INFO - JSON API: 351/2036 2VSL
2026-03-16 05:22:16,384 - INFO - JSON API: 401/2036 3CLZ
2026-03-16 05:22:19,981 - INFO - JSON API: 451/2036 3IO2
2026-03-16 05:22:25,406 - INFO - JSON API: 501/2036 3OJ4
2026-03-16 05:22:29,196 - INFO - JSON API: 551/2036 3UIO
2026-03-16 05:22:34,178 - INFO - JSON API: 601/2036 4DIJ
2026-03-16 05:22:38,078 - INFO - JSON API: 651/2036 4K8U
2026-03-16 05:22:42,681 - INFO - JSON API: 701/2036 4OGN
2026-03-16 05:22:46,575 - INFO - JSON API: 751/2036 4UFS
2026-03-16 05:22:51,776 - INFO - JSON API: 801/2036 4ZYF
2026-03-16 05:22:55,764 - INFO - JSON API: 851/2036 5E22
2026-03-16 05:23:00,844 - INFO - JSON API: 901/2036 5IAY
2026-03-16 05:23:05,746 - INFO - JSON API: 951/2036 5MME
2026-03-16 05:23:11,011 - INFO - JSON API: 1001/2036 5ULK
2026-03-16 05:23:15,379 - INFO - JSON API: 1051/2036 5YYA
2026-03-16 05:23:23,601 - INFO - JSON API: 1101/2036 6FGN
2026-03-16 05:23:28,920 - INFO - JSON API: 1151/2036 6KFP
2026-03-16 05:23:35,345 - INFO - JSON API: 1201/2036 6QU1
2026-03-16 05:23:40,750 - INFO - JSON API: 1251/2036 6UYU
2026-03-16 05:23:47,095 - INFO - JSON API: 1301/2036 7B2S
2026-03-16 05:23:55,819 - INFO - JSON API: 1351/2036 7KZV
2026-03-16 05:24:04,419 - INFO - JSON API: 1401/2036 7Q40
2026-03-16 05:24:08,745 - INFO - JSON API: 1451/2036 7VHY
2026-03-16 05:24:15,832 - INFO - JSON API: 1501/2036 8ATM
2026-03-16 05:24:22,485 - INFO - JSON API: 1551/2036 8EIB
2026-03-16 05:24:29,942 - INFO - JSON API: 1601/2036 8H38
2026-03-16 05:24:39,856 - INFO - JSON API: 1651/2036 8JRQ
2026-03-16 05:24:45,689 - INFO - JSON API: 1701/2036 8PYR
2026-03-16 05:24:51,412 - INFO - JSON API: 1751/2036 8SN7
2026-03-16 05:25:02,794 - INFO - JSON API: 1801/2036 8WQH
2026-03-16 05:25:07,777 - INFO - JSON API: 1851/2036 9DDE
2026-03-16 05:25:15,224 - INFO - JSON API: 1901/2036 9H9T
2026-03-16 05:25:20,691 - INFO - JSON API: 1951/2036 9LU1
2026-03-16 05:25:26,863 - INFO - JSON API: 2001/2036 9QO1
2026-03-16 05:25:30,241 - INFO - JSON API returned base info for 2036 entries
2026-03-16 05:25:30,324 - INFO - UniProt gene-mapping batch 1: 400 IDs
2026-03-16 05:25:31,960 - INFO - UniProt gene-mapping batch 2: 6 IDs
2026-03-16 05:25:33,307 - INFO - Mapped 406 UniProt IDs to gene names via mapping API
2026-03-16 05:25:33,364 - INFO - Saved main CSV: /home/runner/work/UbiqCore/UbiqCore/util/data/pdb_updates/pdb_structures_detailed_update_20260316.csv
2026-03-16 05:25:33,367 - INFO - 
Summary:
2026-03-16 05:25:33,367 - INFO - Total unique PDB structures: 2036
2026-03-16 05:25:33,368 - INFO - PDB structures containing E2 (by UniProt IDs): 358
2026-03-16 05:25:33,369 - INFO - PDB structures containing E3 (by UniProt IDs): 1812
2026-03-16 05:25:33,369 - INFO - PDB structures containing Ubiquitin: 165
2026-03-16 05:25:33,370 - INFO - PDB structures containing both E2 and E3: 135
2026-03-16 05:25:33,371 - INFO - PDB structures containing E2, E3, and Ubiquitin: 58
2026-03-16 05:25:33,371 - INFO - processing complete.
