2026-01-22 06:17:53,696 - INFO - Logging to /home/runner/work/UbiqCore/UbiqCore/util/data/pdb_updates/pdb_update_20260122_061753.log
2026-01-22 06:17:53,697 - INFO - Read 37 E2 IDs and 369 E3 IDs
2026-01-22 06:17:53,697 - INFO - Total unique UniProt IDs: 406
2026-01-22 06:17:53,697 - INFO - Starting UniProt→PDB mapping via UniProt service...
2026-01-22 06:17:53,697 - INFO - UniProt mapping batch 1: 50 IDs
2026-01-22 06:17:55,538 - INFO - UniProt mapping batch 2: 50 IDs
2026-01-22 06:17:56,931 - INFO - UniProt mapping batch 3: 50 IDs
2026-01-22 06:17:58,291 - INFO - UniProt mapping batch 4: 50 IDs
2026-01-22 06:17:59,644 - INFO - UniProt mapping batch 5: 50 IDs
2026-01-22 06:18:01,006 - INFO - UniProt mapping batch 6: 50 IDs
2026-01-22 06:18:02,368 - INFO - UniProt mapping batch 7: 50 IDs
2026-01-22 06:18:03,730 - INFO - UniProt mapping batch 8: 50 IDs
2026-01-22 06:18:05,086 - INFO - UniProt mapping batch 9: 6 IDs
2026-01-22 06:18:06,450 - INFO - Starting UniProt→PDB mapping via RCSB full-text search...
2026-01-22 06:18:06,450 - INFO - RCSB full-text mapping 1/406: A0A1B0GUS4
2026-01-22 06:18:06,668 - INFO - RCSB full-text mapping 2/406: A0AVI4
2026-01-22 06:18:06,688 - INFO - RCSB full-text mapping 3/406: A1L020
2026-01-22 06:18:06,704 - INFO - RCSB full-text mapping 4/406: A1L167
2026-01-22 06:18:06,719 - INFO - RCSB full-text mapping 5/406: A6NCK2
2026-01-22 06:18:06,737 - INFO - RCSB full-text mapping 6/406: A6NCQ9
2026-01-22 06:18:06,755 - INFO - RCSB full-text mapping 7/406: A6NDI0
2026-01-22 06:18:06,773 - INFO - RCSB full-text mapping 8/406: A6NGJ6
2026-01-22 06:18:06,791 - INFO - RCSB full-text mapping 9/406: A6NI03
2026-01-22 06:18:06,806 - INFO - RCSB full-text mapping 10/406: A6NK02
2026-01-22 06:18:06,822 - INFO - RCSB full-text mapping 11/406: A6NLI5
2026-01-22 06:18:06,839 - INFO - RCSB full-text mapping 12/406: A6NLU0
2026-01-22 06:18:07,858 - INFO - RCSB full-text mapping 13/406: A6NNE9
2026-01-22 06:18:07,875 - INFO - RCSB full-text mapping 14/406: A8MQ27
2026-01-22 06:18:07,891 - INFO - RCSB full-text mapping 15/406: A8MTL3
2026-01-22 06:18:07,910 - INFO - RCSB full-text mapping 16/406: C9J1S8
2026-01-22 06:18:07,928 - INFO - RCSB full-text mapping 17/406: E7ERA6
2026-01-22 06:18:07,944 - INFO - RCSB full-text mapping 18/406: F8VTS6
2026-01-22 06:18:07,959 - INFO - RCSB full-text mapping 19/406: I1YAP6
2026-01-22 06:18:07,977 - INFO - RCSB full-text mapping 20/406: M0QZC1
2026-01-22 06:18:07,995 - INFO - RCSB full-text mapping 21/406: O00237
2026-01-22 06:18:08,011 - INFO - RCSB full-text mapping 22/406: O00308
2026-01-22 06:18:09,032 - INFO - RCSB full-text mapping 23/406: O00463
2026-01-22 06:18:10,052 - INFO - RCSB full-text mapping 24/406: O00623
2026-01-22 06:18:10,071 - INFO - RCSB full-text mapping 25/406: O00635
2026-01-22 06:18:10,087 - INFO - RCSB full-text mapping 26/406: O00762
2026-01-22 06:18:11,105 - INFO - RCSB full-text mapping 27/406: O14686
2026-01-22 06:18:12,124 - INFO - RCSB full-text mapping 28/406: O14933
2026-01-22 06:18:13,145 - INFO - RCSB full-text mapping 29/406: O15033
2026-01-22 06:18:14,166 - INFO - RCSB full-text mapping 30/406: O15151
2026-01-22 06:18:15,189 - INFO - RCSB full-text mapping 31/406: O15164
2026-01-22 06:18:16,210 - INFO - RCSB full-text mapping 32/406: O15344
2026-01-22 06:18:17,229 - INFO - RCSB full-text mapping 33/406: O15541
2026-01-22 06:18:18,250 - INFO - RCSB full-text mapping 34/406: O43164
2026-01-22 06:18:18,267 - INFO - RCSB full-text mapping 35/406: O43255
2026-01-22 06:18:19,285 - INFO - RCSB full-text mapping 36/406: O43567
2026-01-22 06:18:20,305 - INFO - RCSB full-text mapping 37/406: O60260
2026-01-22 06:18:21,324 - INFO - RCSB full-text mapping 38/406: O60291
2026-01-22 06:18:21,341 - INFO - RCSB full-text mapping 39/406: O60337
2026-01-22 06:18:21,360 - INFO - RCSB full-text mapping 40/406: O60683
2026-01-22 06:18:21,378 - INFO - RCSB full-text mapping 41/406: O60858
2026-01-22 06:18:21,394 - INFO - RCSB full-text mapping 42/406: O75150
2026-01-22 06:18:22,412 - INFO - RCSB full-text mapping 43/406: O75382
2026-01-22 06:18:23,433 - INFO - RCSB full-text mapping 44/406: O75592
2026-01-22 06:18:24,453 - INFO - RCSB full-text mapping 45/406: O75677
2026-01-22 06:18:24,473 - INFO - RCSB full-text mapping 46/406: O75678
2026-01-22 06:18:24,491 - INFO - RCSB full-text mapping 47/406: O75679
2026-01-22 06:18:24,507 - INFO - RCSB full-text mapping 48/406: O75928
2026-01-22 06:18:25,526 - INFO - RCSB full-text mapping 49/406: O76050
2026-01-22 06:18:25,544 - INFO - RCSB full-text mapping 50/406: O76064
2026-01-22 06:18:26,565 - INFO - RCSB full-text mapping 51/406: O94822
2026-01-22 06:18:27,586 - INFO - RCSB full-text mapping 52/406: O94941
2026-01-22 06:18:27,603 - INFO - RCSB full-text mapping 53/406: O94972
2026-01-22 06:18:28,621 - INFO - RCSB full-text mapping 54/406: O95071
2026-01-22 06:18:29,640 - INFO - RCSB full-text mapping 55/406: O95155
2026-01-22 06:18:30,662 - INFO - RCSB full-text mapping 56/406: O95159
2026-01-22 06:18:30,682 - INFO - RCSB full-text mapping 57/406: O95376
2026-01-22 06:18:31,702 - INFO - RCSB full-text mapping 58/406: O95628
2026-01-22 06:18:32,720 - INFO - RCSB full-text mapping 59/406: O95714
2026-01-22 06:18:33,741 - INFO - RCSB full-text mapping 60/406: P0CI25
2026-01-22 06:18:33,760 - INFO - RCSB full-text mapping 61/406: P0CI26
2026-01-22 06:18:33,777 - INFO - RCSB full-text mapping 62/406: P0DH78
2026-01-22 06:18:33,798 - INFO - RCSB full-text mapping 63/406: P0DTL6
2026-01-22 06:18:33,814 - INFO - RCSB full-text mapping 64/406: P14373
2026-01-22 06:18:33,829 - INFO - RCSB full-text mapping 65/406: P15918
2026-01-22 06:18:33,846 - INFO - RCSB full-text mapping 66/406: P19474
2026-01-22 06:18:34,866 - INFO - RCSB full-text mapping 67/406: P22681
2026-01-22 06:18:35,885 - INFO - RCSB full-text mapping 68/406: P28328
2026-01-22 06:18:35,903 - INFO - RCSB full-text mapping 69/406: P29590
2026-01-22 06:18:36,923 - INFO - RCSB full-text mapping 70/406: P35226
2026-01-22 06:18:37,944 - INFO - RCSB full-text mapping 71/406: P35227
2026-01-22 06:18:37,962 - INFO - RCSB full-text mapping 72/406: P36406
2026-01-22 06:18:38,983 - INFO - RCSB full-text mapping 73/406: P38398
2026-01-22 06:18:40,002 - INFO - RCSB full-text mapping 74/406: P46934
2026-01-22 06:18:41,021 - INFO - RCSB full-text mapping 75/406: P49427
2026-01-22 06:18:42,040 - INFO - RCSB full-text mapping 76/406: P49459
2026-01-22 06:18:43,059 - INFO - RCSB full-text mapping 77/406: P49754
2026-01-22 06:18:43,079 - INFO - RCSB full-text mapping 78/406: P50876
2026-01-22 06:18:44,097 - INFO - RCSB full-text mapping 79/406: P51668
2026-01-22 06:18:45,115 - INFO - RCSB full-text mapping 80/406: P51948
2026-01-22 06:18:46,138 - INFO - RCSB full-text mapping 81/406: P51965
2026-01-22 06:18:47,157 - INFO - RCSB full-text mapping 82/406: P53804
2026-01-22 06:18:47,175 - INFO - RCSB full-text mapping 83/406: P60604
2026-01-22 06:18:48,194 - INFO - RCSB full-text mapping 84/406: P61077
2026-01-22 06:18:49,218 - INFO - RCSB full-text mapping 85/406: P61081
2026-01-22 06:18:50,236 - INFO - RCSB full-text mapping 86/406: P61086
2026-01-22 06:18:51,258 - INFO - RCSB full-text mapping 87/406: P61088
2026-01-22 06:18:52,277 - INFO - RCSB full-text mapping 88/406: P62253
2026-01-22 06:18:53,297 - INFO - RCSB full-text mapping 89/406: P62256
2026-01-22 06:18:54,318 - INFO - RCSB full-text mapping 90/406: P62837
2026-01-22 06:18:55,339 - INFO - RCSB full-text mapping 91/406: P62877
2026-01-22 06:18:56,364 - INFO - RCSB full-text mapping 92/406: P63146
2026-01-22 06:18:57,386 - INFO - RCSB full-text mapping 93/406: P63279
2026-01-22 06:18:58,406 - INFO - RCSB full-text mapping 94/406: P68036
2026-01-22 06:18:59,425 - INFO - RCSB full-text mapping 95/406: P78317
2026-01-22 06:19:00,444 - INFO - RCSB full-text mapping 96/406: P98170
2026-01-22 06:19:01,466 - INFO - RCSB full-text mapping 97/406: Q00987
2026-01-22 06:19:02,489 - INFO - RCSB full-text mapping 98/406: Q05086
2026-01-22 06:19:03,511 - INFO - RCSB full-text mapping 99/406: Q06587
2026-01-22 06:19:03,527 - INFO - RCSB full-text mapping 100/406: Q09472
2026-01-22 06:19:04,547 - INFO - RCSB full-text mapping 101/406: Q12899
2026-01-22 06:19:04,566 - INFO - RCSB full-text mapping 102/406: Q12933
2026-01-22 06:19:05,585 - INFO - RCSB full-text mapping 103/406: Q12986
2026-01-22 06:19:05,604 - INFO - RCSB full-text mapping 104/406: Q13049
2026-01-22 06:19:06,624 - INFO - RCSB full-text mapping 105/406: Q13064
2026-01-22 06:19:06,640 - INFO - RCSB full-text mapping 106/406: Q13114
2026-01-22 06:19:07,659 - INFO - RCSB full-text mapping 107/406: Q13191
2026-01-22 06:19:08,681 - INFO - RCSB full-text mapping 108/406: Q13233
2026-01-22 06:19:09,703 - INFO - RCSB full-text mapping 109/406: Q13263
2026-01-22 06:19:10,722 - INFO - RCSB full-text mapping 110/406: Q13356
2026-01-22 06:19:11,742 - INFO - RCSB full-text mapping 111/406: Q13404
2026-01-22 06:19:12,764 - INFO - RCSB full-text mapping 112/406: Q13434
2026-01-22 06:19:12,780 - INFO - RCSB full-text mapping 113/406: Q13489
2026-01-22 06:19:13,799 - INFO - RCSB full-text mapping 114/406: Q13490
2026-01-22 06:19:14,819 - INFO - RCSB full-text mapping 115/406: Q13501
2026-01-22 06:19:15,837 - INFO - RCSB full-text mapping 116/406: Q13702
2026-01-22 06:19:15,854 - INFO - RCSB full-text mapping 117/406: Q14139
2026-01-22 06:19:16,874 - INFO - RCSB full-text mapping 118/406: Q14258
2026-01-22 06:19:17,897 - INFO - RCSB full-text mapping 119/406: Q14527
2026-01-22 06:19:18,916 - INFO - RCSB full-text mapping 120/406: Q14669
2026-01-22 06:19:19,935 - INFO - RCSB full-text mapping 121/406: Q149N8
2026-01-22 06:19:20,956 - INFO - RCSB full-text mapping 122/406: Q15034
2026-01-22 06:19:20,972 - INFO - RCSB full-text mapping 123/406: Q15386
2026-01-22 06:19:21,990 - INFO - RCSB full-text mapping 124/406: Q15751
2026-01-22 06:19:23,013 - INFO - RCSB full-text mapping 125/406: Q15819
2026-01-22 06:19:24,035 - INFO - RCSB full-text mapping 126/406: Q16763
2026-01-22 06:19:25,056 - INFO - RCSB full-text mapping 127/406: Q17RB8
2026-01-22 06:19:25,073 - INFO - RCSB full-text mapping 128/406: Q1L5Z9
2026-01-22 06:19:25,093 - INFO - RCSB full-text mapping 129/406: Q2KHN1
2026-01-22 06:19:25,111 - INFO - RCSB full-text mapping 130/406: Q2Q1W2
2026-01-22 06:19:26,128 - INFO - RCSB full-text mapping 131/406: Q3KNV8
2026-01-22 06:19:26,149 - INFO - RCSB full-text mapping 132/406: Q495C1
2026-01-22 06:19:26,168 - INFO - RCSB full-text mapping 133/406: Q495X7
2026-01-22 06:19:26,186 - INFO - RCSB full-text mapping 134/406: Q496Y0
2026-01-22 06:19:26,202 - INFO - RCSB full-text mapping 135/406: Q5EBN2
2026-01-22 06:19:26,218 - INFO - RCSB full-text mapping 136/406: Q5GLZ8
2026-01-22 06:19:26,235 - INFO - RCSB full-text mapping 137/406: Q5M7Z0
2026-01-22 06:19:26,253 - INFO - RCSB full-text mapping 138/406: Q5T0T0
2026-01-22 06:19:27,270 - INFO - RCSB full-text mapping 139/406: Q5T197
2026-01-22 06:19:27,287 - INFO - RCSB full-text mapping 140/406: Q5T447
2026-01-22 06:19:27,306 - INFO - RCSB full-text mapping 141/406: Q5T4S7
2026-01-22 06:19:28,326 - INFO - RCSB full-text mapping 142/406: Q5TA31
2026-01-22 06:19:29,348 - INFO - RCSB full-text mapping 143/406: Q5TC82
2026-01-22 06:19:30,371 - INFO - RCSB full-text mapping 144/406: Q5U5Q3
2026-01-22 06:19:31,390 - INFO - RCSB full-text mapping 145/406: Q5U5R9
2026-01-22 06:19:31,410 - INFO - RCSB full-text mapping 146/406: Q5VTB9
2026-01-22 06:19:31,426 - INFO - RCSB full-text mapping 147/406: Q5VTR2
2026-01-22 06:19:32,444 - INFO - RCSB full-text mapping 148/406: Q5VVX9
2026-01-22 06:19:33,467 - INFO - RCSB full-text mapping 149/406: Q5W0B1
2026-01-22 06:19:33,484 - INFO - RCSB full-text mapping 150/406: Q5XPI4
2026-01-22 06:19:34,502 - INFO - RCSB full-text mapping 151/406: Q63HN8
2026-01-22 06:19:35,526 - INFO - RCSB full-text mapping 152/406: Q68DV7
2026-01-22 06:19:36,547 - INFO - RCSB full-text mapping 153/406: Q6AZZ1
2026-01-22 06:19:36,567 - INFO - RCSB full-text mapping 154/406: Q6P9F5
2026-01-22 06:19:36,586 - INFO - RCSB full-text mapping 155/406: Q6PCD5
2026-01-22 06:19:37,608 - INFO - RCSB full-text mapping 156/406: Q6PJ69
2026-01-22 06:19:38,627 - INFO - RCSB full-text mapping 157/406: Q6PJI9
2026-01-22 06:19:39,647 - INFO - RCSB full-text mapping 158/406: Q6Q0C0
2026-01-22 06:19:40,668 - INFO - RCSB full-text mapping 159/406: Q6UWE0
2026-01-22 06:19:40,686 - INFO - RCSB full-text mapping 160/406: Q6VVB1
2026-01-22 06:19:40,701 - INFO - RCSB full-text mapping 161/406: Q6ZMN7
2026-01-22 06:19:40,717 - INFO - RCSB full-text mapping 162/406: Q6ZMU5
2026-01-22 06:19:41,736 - INFO - RCSB full-text mapping 163/406: Q6ZMZ0
2026-01-22 06:19:41,753 - INFO - RCSB full-text mapping 164/406: Q6ZN04
2026-01-22 06:19:42,771 - INFO - RCSB full-text mapping 165/406: Q6ZNA4
2026-01-22 06:19:43,794 - INFO - RCSB full-text mapping 166/406: Q6ZNB6
2026-01-22 06:19:43,811 - INFO - RCSB full-text mapping 167/406: Q6ZRF8
2026-01-22 06:19:43,831 - INFO - RCSB full-text mapping 168/406: Q6ZSG1
2026-01-22 06:19:44,850 - INFO - RCSB full-text mapping 169/406: Q6ZT12
2026-01-22 06:19:44,867 - INFO - RCSB full-text mapping 170/406: Q6ZTA4
2026-01-22 06:19:45,884 - INFO - RCSB full-text mapping 171/406: Q6ZWI9
2026-01-22 06:19:45,903 - INFO - RCSB full-text mapping 172/406: Q712K3
2026-01-22 06:19:46,923 - INFO - RCSB full-text mapping 173/406: Q75N03
2026-01-22 06:19:46,943 - INFO - RCSB full-text mapping 174/406: Q76N89
2026-01-22 06:19:47,960 - INFO - RCSB full-text mapping 175/406: Q7L0R7
2026-01-22 06:19:47,978 - INFO - RCSB full-text mapping 176/406: Q7L5Y9
2026-01-22 06:19:48,996 - INFO - RCSB full-text mapping 177/406: Q7L622
2026-01-22 06:19:49,012 - INFO - RCSB full-text mapping 178/406: Q7Z3V4
2026-01-22 06:19:49,029 - INFO - RCSB full-text mapping 179/406: Q7Z419
2026-01-22 06:19:49,047 - INFO - RCSB full-text mapping 180/406: Q7Z4K8
2026-01-22 06:19:49,062 - INFO - RCSB full-text mapping 181/406: Q7Z569
2026-01-22 06:19:49,078 - INFO - RCSB full-text mapping 182/406: Q7Z5L9
2026-01-22 06:19:50,097 - INFO - RCSB full-text mapping 183/406: Q7Z6E9
2026-01-22 06:19:51,116 - INFO - RCSB full-text mapping 184/406: Q7Z6J0
2026-01-22 06:19:52,139 - INFO - RCSB full-text mapping 185/406: Q7Z6J8
2026-01-22 06:19:52,158 - INFO - RCSB full-text mapping 186/406: Q7Z6Z7
2026-01-22 06:19:53,177 - INFO - RCSB full-text mapping 187/406: Q7Z7E8
2026-01-22 06:19:54,201 - INFO - RCSB full-text mapping 188/406: Q86SE9
2026-01-22 06:19:55,219 - INFO - RCSB full-text mapping 189/406: Q86T96
2026-01-22 06:19:55,237 - INFO - RCSB full-text mapping 190/406: Q86TM6
2026-01-22 06:19:56,255 - INFO - RCSB full-text mapping 191/406: Q86UD3
2026-01-22 06:19:56,271 - INFO - RCSB full-text mapping 192/406: Q86UK7
2026-01-22 06:19:56,289 - INFO - RCSB full-text mapping 193/406: Q86UV6
2026-01-22 06:19:56,308 - INFO - RCSB full-text mapping 194/406: Q86UV7
2026-01-22 06:19:56,323 - INFO - RCSB full-text mapping 195/406: Q86UW9
2026-01-22 06:19:57,340 - INFO - RCSB full-text mapping 196/406: Q86WT6
2026-01-22 06:19:58,360 - INFO - RCSB full-text mapping 197/406: Q86XN8
2026-01-22 06:19:59,378 - INFO - RCSB full-text mapping 198/406: Q86XS8
2026-01-22 06:19:59,395 - INFO - RCSB full-text mapping 199/406: Q86XT4
2026-01-22 06:19:59,411 - INFO - RCSB full-text mapping 200/406: Q86Y01
2026-01-22 06:20:00,432 - INFO - RCSB full-text mapping 201/406: Q86Y13
2026-01-22 06:20:00,448 - INFO - RCSB full-text mapping 202/406: Q86YJ5
2026-01-22 06:20:00,466 - INFO - RCSB full-text mapping 203/406: Q86YT6
2026-01-22 06:20:01,486 - INFO - RCSB full-text mapping 204/406: Q8IU81
2026-01-22 06:20:01,504 - INFO - RCSB full-text mapping 205/406: Q8IUD6
2026-01-22 06:20:02,524 - INFO - RCSB full-text mapping 206/406: Q8IUQ4
2026-01-22 06:20:03,545 - INFO - RCSB full-text mapping 207/406: Q8IVU3
2026-01-22 06:20:04,566 - INFO - RCSB full-text mapping 208/406: Q8IWR1
2026-01-22 06:20:04,583 - INFO - RCSB full-text mapping 209/406: Q8IWT3
2026-01-22 06:20:05,601 - INFO - RCSB full-text mapping 210/406: Q8IWV7
2026-01-22 06:20:06,624 - INFO - RCSB full-text mapping 211/406: Q8IWV8
2026-01-22 06:20:07,645 - INFO - RCSB full-text mapping 212/406: Q8IWZ4
2026-01-22 06:20:07,663 - INFO - RCSB full-text mapping 213/406: Q8IWZ5
2026-01-22 06:20:07,681 - INFO - RCSB full-text mapping 214/406: Q8IYM9
2026-01-22 06:20:07,697 - INFO - RCSB full-text mapping 215/406: Q8IYU2
2026-01-22 06:20:08,714 - INFO - RCSB full-text mapping 216/406: Q8IYW5
2026-01-22 06:20:09,734 - INFO - RCSB full-text mapping 217/406: Q8IZP6
2026-01-22 06:20:10,752 - INFO - RCSB full-text mapping 218/406: Q8N2H9
2026-01-22 06:20:10,769 - INFO - RCSB full-text mapping 219/406: Q8N2K1
2026-01-22 06:20:11,791 - INFO - RCSB full-text mapping 220/406: Q8N2W9
2026-01-22 06:20:11,808 - INFO - RCSB full-text mapping 221/406: Q8N3P4
2026-01-22 06:20:11,824 - INFO - RCSB full-text mapping 222/406: Q8N448
2026-01-22 06:20:12,842 - INFO - RCSB full-text mapping 223/406: Q8N4F7
2026-01-22 06:20:12,861 - INFO - RCSB full-text mapping 224/406: Q8N5U6
2026-01-22 06:20:12,877 - INFO - RCSB full-text mapping 225/406: Q8N6D2
2026-01-22 06:20:12,893 - INFO - RCSB full-text mapping 226/406: Q8N7C7
2026-01-22 06:20:12,912 - INFO - RCSB full-text mapping 227/406: Q8N7E2
2026-01-22 06:20:12,928 - INFO - RCSB full-text mapping 228/406: Q8N8N0
2026-01-22 06:20:12,943 - INFO - RCSB full-text mapping 229/406: Q8N9I9
2026-01-22 06:20:12,961 - INFO - RCSB full-text mapping 230/406: Q8N9V2
2026-01-22 06:20:12,978 - INFO - RCSB full-text mapping 231/406: Q8N9V3
2026-01-22 06:20:12,994 - INFO - RCSB full-text mapping 232/406: Q8NA82
2026-01-22 06:20:13,009 - INFO - RCSB full-text mapping 233/406: Q8NC42
2026-01-22 06:20:13,027 - INFO - RCSB full-text mapping 234/406: Q8NCN4
2026-01-22 06:20:14,045 - INFO - RCSB full-text mapping 235/406: Q8ND24
2026-01-22 06:20:14,065 - INFO - RCSB full-text mapping 236/406: Q8ND25
2026-01-22 06:20:15,084 - INFO - RCSB full-text mapping 237/406: Q8NEG5
2026-01-22 06:20:16,102 - INFO - RCSB full-text mapping 238/406: Q8NEZ4
2026-01-22 06:20:17,120 - INFO - RCSB full-text mapping 239/406: Q8NF64
2026-01-22 06:20:17,137 - INFO - RCSB full-text mapping 240/406: Q8NG06
2026-01-22 06:20:18,158 - INFO - RCSB full-text mapping 241/406: Q8NG27
2026-01-22 06:20:19,176 - INFO - RCSB full-text mapping 242/406: Q8NHG8
2026-01-22 06:20:19,193 - INFO - RCSB full-text mapping 243/406: Q8NHY2
2026-01-22 06:20:20,214 - INFO - RCSB full-text mapping 244/406: Q8TBB1
2026-01-22 06:20:21,234 - INFO - RCSB full-text mapping 245/406: Q8TC41
2026-01-22 06:20:21,251 - INFO - RCSB full-text mapping 246/406: Q8TCQ1
2026-01-22 06:20:21,269 - INFO - RCSB full-text mapping 247/406: Q8TDB6
2026-01-22 06:20:22,289 - INFO - RCSB full-text mapping 248/406: Q8TEB7
2026-01-22 06:20:23,311 - INFO - RCSB full-text mapping 249/406: Q8TEC5
2026-01-22 06:20:23,330 - INFO - RCSB full-text mapping 250/406: Q8TEJ3
2026-01-22 06:20:23,346 - INFO - RCSB full-text mapping 251/406: Q8WU17
2026-01-22 06:20:23,363 - INFO - RCSB full-text mapping 252/406: Q8WV22
2026-01-22 06:20:24,381 - INFO - RCSB full-text mapping 253/406: Q8WV44
2026-01-22 06:20:25,399 - INFO - RCSB full-text mapping 254/406: Q8WVD3
2026-01-22 06:20:25,416 - INFO - RCSB full-text mapping 255/406: Q8WVD5
2026-01-22 06:20:26,434 - INFO - RCSB full-text mapping 256/406: Q8WVN8
2026-01-22 06:20:27,456 - INFO - RCSB full-text mapping 257/406: Q8WVZ7
2026-01-22 06:20:27,474 - INFO - RCSB full-text mapping 258/406: Q8WWF5
2026-01-22 06:20:27,494 - INFO - RCSB full-text mapping 259/406: Q8WY64
2026-01-22 06:20:28,513 - INFO - RCSB full-text mapping 260/406: Q8WZ73
2026-01-22 06:20:29,531 - INFO - RCSB full-text mapping 261/406: Q92793
2026-01-22 06:20:30,552 - INFO - RCSB full-text mapping 262/406: Q969K3
2026-01-22 06:20:30,569 - INFO - RCSB full-text mapping 263/406: Q969M7
2026-01-22 06:20:31,587 - INFO - RCSB full-text mapping 264/406: Q969Q1
2026-01-22 06:20:32,608 - INFO - RCSB full-text mapping 265/406: Q969T4
2026-01-22 06:20:32,625 - INFO - RCSB full-text mapping 266/406: Q969V5
2026-01-22 06:20:33,643 - INFO - RCSB full-text mapping 267/406: Q96A37
2026-01-22 06:20:33,663 - INFO - RCSB full-text mapping 268/406: Q96A61
2026-01-22 06:20:33,680 - INFO - RCSB full-text mapping 269/406: Q96AX9
2026-01-22 06:20:33,696 - INFO - RCSB full-text mapping 270/406: Q96B02
2026-01-22 06:20:34,716 - INFO - RCSB full-text mapping 271/406: Q96BH1
2026-01-22 06:20:35,736 - INFO - RCSB full-text mapping 272/406: Q96BQ3
2026-01-22 06:20:35,755 - INFO - RCSB full-text mapping 273/406: Q96CA5
2026-01-22 06:20:36,773 - INFO - RCSB full-text mapping 274/406: Q96D59
2026-01-22 06:20:36,792 - INFO - RCSB full-text mapping 275/406: Q96DX4
2026-01-22 06:20:36,810 - INFO - RCSB full-text mapping 276/406: Q96EH8
2026-01-22 06:20:36,826 - INFO - RCSB full-text mapping 277/406: Q96EP0
2026-01-22 06:20:37,845 - INFO - RCSB full-text mapping 278/406: Q96EP1
2026-01-22 06:20:38,867 - INFO - RCSB full-text mapping 279/406: Q96EQ8
2026-01-22 06:20:39,889 - INFO - RCSB full-text mapping 280/406: Q96EX2
2026-01-22 06:20:39,910 - INFO - RCSB full-text mapping 281/406: Q96F44
2026-01-22 06:20:40,932 - INFO - RCSB full-text mapping 282/406: Q96FA3
2026-01-22 06:20:41,955 - INFO - RCSB full-text mapping 283/406: Q96G75
2026-01-22 06:20:41,973 - INFO - RCSB full-text mapping 284/406: Q96GF1
2026-01-22 06:20:41,989 - INFO - RCSB full-text mapping 285/406: Q96J02
2026-01-22 06:20:43,011 - INFO - RCSB full-text mapping 286/406: Q96K19
2026-01-22 06:20:43,027 - INFO - RCSB full-text mapping 287/406: Q96LD4
2026-01-22 06:20:43,046 - INFO - RCSB full-text mapping 288/406: Q96LR5
2026-01-22 06:20:44,066 - INFO - RCSB full-text mapping 289/406: Q96MF7
2026-01-22 06:20:45,097 - INFO - RCSB full-text mapping 290/406: Q96MT1
2026-01-22 06:20:45,114 - INFO - RCSB full-text mapping 291/406: Q96P09
2026-01-22 06:20:46,132 - INFO - RCSB full-text mapping 292/406: Q96PM5
2026-01-22 06:20:47,151 - INFO - RCSB full-text mapping 293/406: Q96PU4
2026-01-22 06:20:48,170 - INFO - RCSB full-text mapping 294/406: Q96PU5
2026-01-22 06:20:49,190 - INFO - RCSB full-text mapping 295/406: Q96PX1
2026-01-22 06:20:49,209 - INFO - RCSB full-text mapping 296/406: Q96T88
2026-01-22 06:20:50,229 - INFO - RCSB full-text mapping 297/406: Q99496
2026-01-22 06:20:51,249 - INFO - RCSB full-text mapping 298/406: Q99590
2026-01-22 06:20:51,266 - INFO - RCSB full-text mapping 299/406: Q99675
2026-01-22 06:20:52,287 - INFO - RCSB full-text mapping 300/406: Q99728
2026-01-22 06:20:53,306 - INFO - RCSB full-text mapping 301/406: Q99942
2026-01-22 06:20:53,323 - INFO - RCSB full-text mapping 302/406: Q9BRZ2
2026-01-22 06:20:54,341 - INFO - RCSB full-text mapping 303/406: Q9BSJ1
2026-01-22 06:20:54,357 - INFO - RCSB full-text mapping 304/406: Q9BSM1
2026-01-22 06:20:55,376 - INFO - RCSB full-text mapping 305/406: Q9BUZ4
2026-01-22 06:20:56,394 - INFO - RCSB full-text mapping 306/406: Q9BV68
2026-01-22 06:20:57,413 - INFO - RCSB full-text mapping 307/406: Q9BVG3
2026-01-22 06:20:57,432 - INFO - RCSB full-text mapping 308/406: Q9BWF2
2026-01-22 06:20:58,451 - INFO - RCSB full-text mapping 309/406: Q9BWX1
2026-01-22 06:20:58,469 - INFO - RCSB full-text mapping 310/406: Q9BXT8
2026-01-22 06:20:59,491 - INFO - RCSB full-text mapping 311/406: Q9BY78
2026-01-22 06:20:59,511 - INFO - RCSB full-text mapping 312/406: Q9BYE7
2026-01-22 06:21:00,528 - INFO - RCSB full-text mapping 313/406: Q9BYJ4
2026-01-22 06:21:01,547 - INFO - RCSB full-text mapping 314/406: Q9BYM8
2026-01-22 06:21:02,566 - INFO - RCSB full-text mapping 315/406: Q9BYV2
2026-01-22 06:21:03,584 - INFO - RCSB full-text mapping 316/406: Q9BYV6
2026-01-22 06:21:03,601 - INFO - RCSB full-text mapping 317/406: Q9BZR9
2026-01-22 06:21:03,621 - INFO - RCSB full-text mapping 318/406: Q9BZY9
2026-01-22 06:21:04,641 - INFO - RCSB full-text mapping 319/406: Q9C019
2026-01-22 06:21:05,659 - INFO - RCSB full-text mapping 320/406: Q9C026
2026-01-22 06:21:06,677 - INFO - RCSB full-text mapping 321/406: Q9C029
2026-01-22 06:21:07,696 - INFO - RCSB full-text mapping 322/406: Q9C030
2026-01-22 06:21:07,715 - INFO - RCSB full-text mapping 323/406: Q9C035
2026-01-22 06:21:08,735 - INFO - RCSB full-text mapping 324/406: Q9C037
2026-01-22 06:21:08,754 - INFO - RCSB full-text mapping 325/406: Q9C040
2026-01-22 06:21:09,773 - INFO - RCSB full-text mapping 326/406: Q9C0B0
2026-01-22 06:21:09,791 - INFO - RCSB full-text mapping 327/406: Q9C0C9
2026-01-22 06:21:10,811 - INFO - RCSB full-text mapping 328/406: Q9H000
2026-01-22 06:21:10,831 - INFO - RCSB full-text mapping 329/406: Q9H0A6
2026-01-22 06:21:10,848 - INFO - RCSB full-text mapping 330/406: Q9H0F5
2026-01-22 06:21:11,867 - INFO - RCSB full-text mapping 331/406: Q9H0M0
2026-01-22 06:21:12,888 - INFO - RCSB full-text mapping 332/406: Q9H0X6
2026-01-22 06:21:12,906 - INFO - RCSB full-text mapping 333/406: Q9H1B7
2026-01-22 06:21:13,923 - INFO - RCSB full-text mapping 334/406: Q9H270
2026-01-22 06:21:13,942 - INFO - RCSB full-text mapping 335/406: Q9H2S5
2026-01-22 06:21:13,961 - INFO - RCSB full-text mapping 336/406: Q9H4P4
2026-01-22 06:21:14,979 - INFO - RCSB full-text mapping 337/406: Q9H6Y7
2026-01-22 06:21:15,003 - INFO - RCSB full-text mapping 338/406: Q9H832
2026-01-22 06:21:16,021 - INFO - RCSB full-text mapping 339/406: Q9H871
2026-01-22 06:21:17,040 - INFO - RCSB full-text mapping 340/406: Q9H8W5
2026-01-22 06:21:18,058 - INFO - RCSB full-text mapping 341/406: Q9H920
2026-01-22 06:21:18,078 - INFO - RCSB full-text mapping 342/406: Q9H992
2026-01-22 06:21:18,094 - INFO - RCSB full-text mapping 343/406: Q9H9P5
2026-01-22 06:21:18,110 - INFO - RCSB full-text mapping 344/406: Q9H9V4
2026-01-22 06:21:18,128 - INFO - RCSB full-text mapping 345/406: Q9HAT8
2026-01-22 06:21:19,149 - INFO - RCSB full-text mapping 346/406: Q9HAU4
2026-01-22 06:21:20,169 - INFO - RCSB full-text mapping 347/406: Q9HBD1
2026-01-22 06:21:21,188 - INFO - RCSB full-text mapping 348/406: Q9HCE7
2026-01-22 06:21:22,209 - INFO - RCSB full-text mapping 349/406: Q9HCI7
2026-01-22 06:21:23,227 - INFO - RCSB full-text mapping 350/406: Q9HCM9
2026-01-22 06:21:24,246 - INFO - RCSB full-text mapping 351/406: Q9NPC3
2026-01-22 06:21:25,266 - INFO - RCSB full-text mapping 352/406: Q9NPD8
2026-01-22 06:21:26,284 - INFO - RCSB full-text mapping 353/406: Q9NQ86
2026-01-22 06:21:27,303 - INFO - RCSB full-text mapping 354/406: Q9NR09
2026-01-22 06:21:28,325 - INFO - RCSB full-text mapping 355/406: Q9NS56
2026-01-22 06:21:28,344 - INFO - RCSB full-text mapping 356/406: Q9NS91
2026-01-22 06:21:29,363 - INFO - RCSB full-text mapping 357/406: Q9NTX7
2026-01-22 06:21:30,385 - INFO - RCSB full-text mapping 358/406: Q9NV58
2026-01-22 06:21:30,402 - INFO - RCSB full-text mapping 359/406: Q9NVW2
2026-01-22 06:21:31,424 - INFO - RCSB full-text mapping 360/406: Q9NW38
2026-01-22 06:21:32,446 - INFO - RCSB full-text mapping 361/406: Q9NWF9
2026-01-22 06:21:33,468 - INFO - RCSB full-text mapping 362/406: Q9NX47
2026-01-22 06:21:33,486 - INFO - RCSB full-text mapping 363/406: Q9NXI6
2026-01-22 06:21:33,503 - INFO - RCSB full-text mapping 364/406: Q9NYG5
2026-01-22 06:21:34,523 - INFO - RCSB full-text mapping 365/406: Q9NZS9
2026-01-22 06:21:34,540 - INFO - RCSB full-text mapping 366/406: Q9P0J7
2026-01-22 06:21:35,558 - INFO - RCSB full-text mapping 367/406: Q9P0N8
2026-01-22 06:21:35,576 - INFO - RCSB full-text mapping 368/406: Q9P0P0
2026-01-22 06:21:35,594 - INFO - RCSB full-text mapping 369/406: Q9P1Y6
2026-01-22 06:21:35,611 - INFO - RCSB full-text mapping 370/406: Q9P253
2026-01-22 06:21:35,627 - INFO - RCSB full-text mapping 371/406: Q9P2E8
2026-01-22 06:21:35,644 - INFO - RCSB full-text mapping 372/406: Q9P2G1
2026-01-22 06:21:35,661 - INFO - RCSB full-text mapping 373/406: Q9P2P5
2026-01-22 06:21:36,679 - INFO - RCSB full-text mapping 374/406: Q9UBF6
2026-01-22 06:21:37,699 - INFO - RCSB full-text mapping 375/406: Q9UBN7
2026-01-22 06:21:38,718 - INFO - RCSB full-text mapping 376/406: Q9UBS8
2026-01-22 06:21:38,737 - INFO - RCSB full-text mapping 377/406: Q9UDY6
2026-01-22 06:21:39,758 - INFO - RCSB full-text mapping 378/406: Q9UHC7
2026-01-22 06:21:39,774 - INFO - RCSB full-text mapping 379/406: Q9UII4
2026-01-22 06:21:40,792 - INFO - RCSB full-text mapping 380/406: Q9UJV3
2026-01-22 06:21:41,811 - INFO - RCSB full-text mapping 381/406: Q9UKV5
2026-01-22 06:21:42,830 - INFO - RCSB full-text mapping 382/406: Q9ULJ6
2026-01-22 06:21:43,851 - INFO - RCSB full-text mapping 383/406: Q9ULK6
2026-01-22 06:21:43,869 - INFO - RCSB full-text mapping 384/406: Q9ULT6
2026-01-22 06:21:44,889 - INFO - RCSB full-text mapping 385/406: Q9ULT8
2026-01-22 06:21:45,906 - INFO - RCSB full-text mapping 386/406: Q9ULV8
2026-01-22 06:21:46,925 - INFO - RCSB full-text mapping 387/406: Q9ULX5
2026-01-22 06:21:46,944 - INFO - RCSB full-text mapping 388/406: Q9UMS4
2026-01-22 06:21:47,963 - INFO - RCSB full-text mapping 389/406: Q9UNE7
2026-01-22 06:21:48,984 - INFO - RCSB full-text mapping 390/406: Q9UPN9
2026-01-22 06:21:50,003 - INFO - RCSB full-text mapping 391/406: Q9UPQ4
2026-01-22 06:21:50,022 - INFO - RCSB full-text mapping 392/406: Q9UPQ7
2026-01-22 06:21:51,043 - INFO - RCSB full-text mapping 393/406: Q9Y225
2026-01-22 06:21:52,061 - INFO - RCSB full-text mapping 394/406: Q9Y252
2026-01-22 06:21:52,079 - INFO - RCSB full-text mapping 395/406: Q9Y2E6
2026-01-22 06:21:52,095 - INFO - RCSB full-text mapping 396/406: Q9Y2X8
2026-01-22 06:21:52,111 - INFO - RCSB full-text mapping 397/406: Q9Y314
2026-01-22 06:21:53,130 - INFO - RCSB full-text mapping 398/406: Q9Y385
2026-01-22 06:21:53,149 - INFO - RCSB full-text mapping 399/406: Q9Y3C5
2026-01-22 06:21:53,165 - INFO - RCSB full-text mapping 400/406: Q9Y4D8
2026-01-22 06:21:53,180 - INFO - RCSB full-text mapping 401/406: Q9Y4K3
2026-01-22 06:21:54,200 - INFO - RCSB full-text mapping 402/406: Q9Y4L5
2026-01-22 06:21:54,217 - INFO - RCSB full-text mapping 403/406: Q9Y4X5
2026-01-22 06:21:55,236 - INFO - RCSB full-text mapping 404/406: Q9Y508
2026-01-22 06:21:55,257 - INFO - RCSB full-text mapping 405/406: Q9Y577
2026-01-22 06:21:55,275 - INFO - RCSB full-text mapping 406/406: Q9Y6U7
2026-01-22 06:21:55,293 - INFO - Combined mapping complete
2026-01-22 06:21:55,293 - INFO - Total unique PDB IDs mapped: 2014
2026-01-22 06:21:55,294 - INFO - Processing all 2014 PDB IDs
2026-01-22 06:21:55,294 - INFO - JSON API: 1/2014 13RZ
2026-01-22 06:21:59,276 - INFO - JSON API: 51/2014 1FP0
2026-01-22 06:22:04,633 - INFO - JSON API: 101/2014 1TFT
2026-01-22 06:22:08,708 - INFO - JSON API: 151/2014 2BZ8
2026-01-22 06:22:13,383 - INFO - JSON API: 201/2014 2EJS
2026-01-22 06:22:17,382 - INFO - JSON API: 251/2014 2KEO
2026-01-22 06:22:22,484 - INFO - JSON API: 301/2014 2MPS
2026-01-22 06:22:26,611 - INFO - JSON API: 351/2014 2VSL
2026-01-22 06:22:31,516 - INFO - JSON API: 401/2014 3CLZ
2026-01-22 06:22:35,592 - INFO - JSON API: 451/2014 3IO2
2026-01-22 06:22:41,692 - INFO - JSON API: 501/2014 3OJ4
2026-01-22 06:22:45,973 - INFO - JSON API: 551/2014 3UIO
2026-01-22 06:22:51,463 - INFO - JSON API: 601/2014 4DIJ
2026-01-22 06:22:55,781 - INFO - JSON API: 651/2014 4K8U
2026-01-22 06:23:00,801 - INFO - JSON API: 701/2014 4OGN
2026-01-22 06:23:05,186 - INFO - JSON API: 751/2014 4UFS
2026-01-22 06:23:10,880 - INFO - JSON API: 801/2014 4ZYF
2026-01-22 06:23:15,349 - INFO - JSON API: 851/2014 5E22
2026-01-22 06:23:20,893 - INFO - JSON API: 901/2014 5IAY
2026-01-22 06:23:26,487 - INFO - JSON API: 951/2014 5MME
2026-01-22 06:23:32,381 - INFO - JSON API: 1001/2014 5ULK
2026-01-22 06:23:37,391 - INFO - JSON API: 1051/2014 5YYA
2026-01-22 06:23:47,027 - INFO - JSON API: 1101/2014 6FGN
2026-01-22 06:23:52,836 - INFO - JSON API: 1151/2014 6KFP
2026-01-22 06:24:00,236 - INFO - JSON API: 1201/2014 6QU1
2026-01-22 06:24:06,634 - INFO - JSON API: 1251/2014 6UYU
2026-01-22 06:24:13,692 - INFO - JSON API: 1301/2014 7B2S
2026-01-22 06:24:24,313 - INFO - JSON API: 1351/2014 7KZV
2026-01-22 06:24:34,346 - INFO - JSON API: 1401/2014 7Q40
2026-01-22 06:24:39,222 - INFO - JSON API: 1451/2014 7VHY
2026-01-22 06:24:47,511 - INFO - JSON API: 1501/2014 8ATM
2026-01-22 06:24:55,448 - INFO - JSON API: 1551/2014 8EIB
2026-01-22 06:25:04,213 - INFO - JSON API: 1601/2014 8H38
2026-01-22 06:25:16,405 - INFO - JSON API: 1651/2014 8JRQ
2026-01-22 06:25:22,964 - INFO - JSON API: 1701/2014 8PYR
2026-01-22 06:25:29,635 - INFO - JSON API: 1751/2014 8SN7
2026-01-22 06:25:43,045 - INFO - JSON API: 1801/2014 8WQH
2026-01-22 06:25:48,727 - INFO - JSON API: 1851/2014 9DDE
2026-01-22 06:25:57,317 - INFO - JSON API: 1901/2014 9H1J
2026-01-22 06:26:03,592 - INFO - JSON API: 1951/2014 9LWU
2026-01-22 06:26:09,876 - INFO - JSON API: 2001/2014 9SA1
2026-01-22 06:26:10,723 - INFO - JSON API returned base info for 2014 entries
2026-01-22 06:26:10,810 - INFO - UniProt gene-mapping batch 1: 400 IDs
2026-01-22 06:26:12,671 - INFO - UniProt gene-mapping batch 2: 6 IDs
2026-01-22 06:26:14,025 - INFO - Mapped 406 UniProt IDs to gene names via mapping API
2026-01-22 06:26:14,081 - INFO - Saved main CSV: /home/runner/work/UbiqCore/UbiqCore/util/data/pdb_updates/pdb_structures_detailed_update_20260122.csv
2026-01-22 06:26:14,084 - INFO - 
Summary:
2026-01-22 06:26:14,084 - INFO - Total unique PDB structures: 2014
2026-01-22 06:26:14,085 - INFO - PDB structures containing E2 (by UniProt IDs): 350
2026-01-22 06:26:14,086 - INFO - PDB structures containing E3 (by UniProt IDs): 1792
2026-01-22 06:26:14,086 - INFO - PDB structures containing Ubiquitin: 164
2026-01-22 06:26:14,087 - INFO - PDB structures containing both E2 and E3: 129
2026-01-22 06:26:14,087 - INFO - PDB structures containing E2, E3, and Ubiquitin: 58
2026-01-22 06:26:14,088 - INFO - processing complete.
