2026-01-12 04:05:51,286 - INFO - Logging to /home/runner/work/UbiqCore/UbiqCore/util/data/pdb_updates/pdb_update_20260112_040551.log
2026-01-12 04:05:51,286 - INFO - Read 37 E2 IDs and 369 E3 IDs
2026-01-12 04:05:51,286 - INFO - Total unique UniProt IDs: 406
2026-01-12 04:05:51,286 - INFO - Starting UniProt→PDB mapping via UniProt service...
2026-01-12 04:05:51,287 - INFO - UniProt mapping batch 1: 50 IDs
2026-01-12 04:05:53,495 - INFO - UniProt mapping batch 2: 50 IDs
2026-01-12 04:05:55,149 - INFO - UniProt mapping batch 3: 50 IDs
2026-01-12 04:05:56,765 - INFO - UniProt mapping batch 4: 50 IDs
2026-01-12 04:05:58,377 - INFO - UniProt mapping batch 5: 50 IDs
2026-01-12 04:05:59,977 - INFO - UniProt mapping batch 6: 50 IDs
2026-01-12 04:06:01,589 - INFO - UniProt mapping batch 7: 50 IDs
2026-01-12 04:06:03,192 - INFO - UniProt mapping batch 8: 50 IDs
2026-01-12 04:06:04,797 - INFO - UniProt mapping batch 9: 6 IDs
2026-01-12 04:06:06,394 - INFO - Starting UniProt→PDB mapping via RCSB full-text search...
2026-01-12 04:06:06,395 - INFO - RCSB full-text mapping 1/406: A0A1B0GUS4
2026-01-12 04:06:06,685 - INFO - RCSB full-text mapping 2/406: A0AVI4
2026-01-12 04:06:06,718 - INFO - RCSB full-text mapping 3/406: A1L020
2026-01-12 04:06:06,752 - INFO - RCSB full-text mapping 4/406: A1L167
2026-01-12 04:06:06,785 - INFO - RCSB full-text mapping 5/406: A6NCK2
2026-01-12 04:06:06,820 - INFO - RCSB full-text mapping 6/406: A6NCQ9
2026-01-12 04:06:06,853 - INFO - RCSB full-text mapping 7/406: A6NDI0
2026-01-12 04:06:06,885 - INFO - RCSB full-text mapping 8/406: A6NGJ6
2026-01-12 04:06:06,918 - INFO - RCSB full-text mapping 9/406: A6NI03
2026-01-12 04:06:06,950 - INFO - RCSB full-text mapping 10/406: A6NK02
2026-01-12 04:06:06,984 - INFO - RCSB full-text mapping 11/406: A6NLI5
2026-01-12 04:06:07,018 - INFO - RCSB full-text mapping 12/406: A6NLU0
2026-01-12 04:06:08,052 - INFO - RCSB full-text mapping 13/406: A6NNE9
2026-01-12 04:06:08,087 - INFO - RCSB full-text mapping 14/406: A8MQ27
2026-01-12 04:06:08,121 - INFO - RCSB full-text mapping 15/406: A8MTL3
2026-01-12 04:06:08,154 - INFO - RCSB full-text mapping 16/406: C9J1S8
2026-01-12 04:06:08,188 - INFO - RCSB full-text mapping 17/406: E7ERA6
2026-01-12 04:06:08,228 - INFO - RCSB full-text mapping 18/406: F8VTS6
2026-01-12 04:06:08,262 - INFO - RCSB full-text mapping 19/406: I1YAP6
2026-01-12 04:06:08,295 - INFO - RCSB full-text mapping 20/406: M0QZC1
2026-01-12 04:06:08,328 - INFO - RCSB full-text mapping 21/406: O00237
2026-01-12 04:06:08,361 - INFO - RCSB full-text mapping 22/406: O00308
2026-01-12 04:06:09,397 - INFO - RCSB full-text mapping 23/406: O00463
2026-01-12 04:06:10,433 - INFO - RCSB full-text mapping 24/406: O00623
2026-01-12 04:06:10,475 - INFO - RCSB full-text mapping 25/406: O00635
2026-01-12 04:06:10,508 - INFO - RCSB full-text mapping 26/406: O00762
2026-01-12 04:06:11,544 - INFO - RCSB full-text mapping 27/406: O14686
2026-01-12 04:06:12,581 - INFO - RCSB full-text mapping 28/406: O14933
2026-01-12 04:06:13,701 - INFO - RCSB full-text mapping 29/406: O15033
2026-01-12 04:06:14,738 - INFO - RCSB full-text mapping 30/406: O15151
2026-01-12 04:06:15,773 - INFO - RCSB full-text mapping 31/406: O15164
2026-01-12 04:06:16,808 - INFO - RCSB full-text mapping 32/406: O15344
2026-01-12 04:06:17,844 - INFO - RCSB full-text mapping 33/406: O15541
2026-01-12 04:06:18,880 - INFO - RCSB full-text mapping 34/406: O43164
2026-01-12 04:06:18,914 - INFO - RCSB full-text mapping 35/406: O43255
2026-01-12 04:06:19,949 - INFO - RCSB full-text mapping 36/406: O43567
2026-01-12 04:06:20,985 - INFO - RCSB full-text mapping 37/406: O60260
2026-01-12 04:06:22,021 - INFO - RCSB full-text mapping 38/406: O60291
2026-01-12 04:06:22,054 - INFO - RCSB full-text mapping 39/406: O60337
2026-01-12 04:06:22,087 - INFO - RCSB full-text mapping 40/406: O60683
2026-01-12 04:06:22,121 - INFO - RCSB full-text mapping 41/406: O60858
2026-01-12 04:06:22,153 - INFO - RCSB full-text mapping 42/406: O75150
2026-01-12 04:06:23,188 - INFO - RCSB full-text mapping 43/406: O75382
2026-01-12 04:06:24,222 - INFO - RCSB full-text mapping 44/406: O75592
2026-01-12 04:06:25,258 - INFO - RCSB full-text mapping 45/406: O75677
2026-01-12 04:06:25,292 - INFO - RCSB full-text mapping 46/406: O75678
2026-01-12 04:06:25,325 - INFO - RCSB full-text mapping 47/406: O75679
2026-01-12 04:06:25,357 - INFO - RCSB full-text mapping 48/406: O75928
2026-01-12 04:06:26,392 - INFO - RCSB full-text mapping 49/406: O76050
2026-01-12 04:06:26,426 - INFO - RCSB full-text mapping 50/406: O76064
2026-01-12 04:06:27,462 - INFO - RCSB full-text mapping 51/406: O94822
2026-01-12 04:06:28,497 - INFO - RCSB full-text mapping 52/406: O94941
2026-01-12 04:06:28,531 - INFO - RCSB full-text mapping 53/406: O94972
2026-01-12 04:06:29,565 - INFO - RCSB full-text mapping 54/406: O95071
2026-01-12 04:06:30,601 - INFO - RCSB full-text mapping 55/406: O95155
2026-01-12 04:06:31,638 - INFO - RCSB full-text mapping 56/406: O95159
2026-01-12 04:06:31,673 - INFO - RCSB full-text mapping 57/406: O95376
2026-01-12 04:06:32,708 - INFO - RCSB full-text mapping 58/406: O95628
2026-01-12 04:06:33,744 - INFO - RCSB full-text mapping 59/406: O95714
2026-01-12 04:06:34,779 - INFO - RCSB full-text mapping 60/406: P0CI25
2026-01-12 04:06:34,815 - INFO - RCSB full-text mapping 61/406: P0CI26
2026-01-12 04:06:34,850 - INFO - RCSB full-text mapping 62/406: P0DH78
2026-01-12 04:06:34,882 - INFO - RCSB full-text mapping 63/406: P0DTL6
2026-01-12 04:06:34,916 - INFO - RCSB full-text mapping 64/406: P14373
2026-01-12 04:06:34,950 - INFO - RCSB full-text mapping 65/406: P15918
2026-01-12 04:06:34,983 - INFO - RCSB full-text mapping 66/406: P19474
2026-01-12 04:06:36,018 - INFO - RCSB full-text mapping 67/406: P22681
2026-01-12 04:06:37,055 - INFO - RCSB full-text mapping 68/406: P28328
2026-01-12 04:06:37,089 - INFO - RCSB full-text mapping 69/406: P29590
2026-01-12 04:06:38,124 - INFO - RCSB full-text mapping 70/406: P35226
2026-01-12 04:06:39,161 - INFO - RCSB full-text mapping 71/406: P35227
2026-01-12 04:06:39,194 - INFO - RCSB full-text mapping 72/406: P36406
2026-01-12 04:06:40,231 - INFO - RCSB full-text mapping 73/406: P38398
2026-01-12 04:06:41,267 - INFO - RCSB full-text mapping 74/406: P46934
2026-01-12 04:06:42,303 - INFO - RCSB full-text mapping 75/406: P49427
2026-01-12 04:06:43,339 - INFO - RCSB full-text mapping 76/406: P49459
2026-01-12 04:06:44,376 - INFO - RCSB full-text mapping 77/406: P49754
2026-01-12 04:06:44,409 - INFO - RCSB full-text mapping 78/406: P50876
2026-01-12 04:06:45,444 - INFO - RCSB full-text mapping 79/406: P51668
2026-01-12 04:06:46,479 - INFO - RCSB full-text mapping 80/406: P51948
2026-01-12 04:06:47,515 - INFO - RCSB full-text mapping 81/406: P51965
2026-01-12 04:06:48,551 - INFO - RCSB full-text mapping 82/406: P53804
2026-01-12 04:06:48,584 - INFO - RCSB full-text mapping 83/406: P60604
2026-01-12 04:06:49,619 - INFO - RCSB full-text mapping 84/406: P61077
2026-01-12 04:06:50,656 - INFO - RCSB full-text mapping 85/406: P61081
2026-01-12 04:06:51,692 - INFO - RCSB full-text mapping 86/406: P61086
2026-01-12 04:06:52,726 - INFO - RCSB full-text mapping 87/406: P61088
2026-01-12 04:06:53,763 - INFO - RCSB full-text mapping 88/406: P62253
2026-01-12 04:06:54,798 - INFO - RCSB full-text mapping 89/406: P62256
2026-01-12 04:06:55,834 - INFO - RCSB full-text mapping 90/406: P62837
2026-01-12 04:06:56,871 - INFO - RCSB full-text mapping 91/406: P62877
2026-01-12 04:06:57,909 - INFO - RCSB full-text mapping 92/406: P63146
2026-01-12 04:06:58,945 - INFO - RCSB full-text mapping 93/406: P63279
2026-01-12 04:06:59,980 - INFO - RCSB full-text mapping 94/406: P68036
2026-01-12 04:07:01,017 - INFO - RCSB full-text mapping 95/406: P78317
2026-01-12 04:07:02,054 - INFO - RCSB full-text mapping 96/406: P98170
2026-01-12 04:07:03,090 - INFO - RCSB full-text mapping 97/406: Q00987
2026-01-12 04:07:04,213 - INFO - RCSB full-text mapping 98/406: Q05086
2026-01-12 04:07:05,251 - INFO - RCSB full-text mapping 99/406: Q06587
2026-01-12 04:07:05,287 - INFO - RCSB full-text mapping 100/406: Q09472
2026-01-12 04:07:06,323 - INFO - RCSB full-text mapping 101/406: Q12899
2026-01-12 04:07:06,357 - INFO - RCSB full-text mapping 102/406: Q12933
2026-01-12 04:07:07,392 - INFO - RCSB full-text mapping 103/406: Q12986
2026-01-12 04:07:07,428 - INFO - RCSB full-text mapping 104/406: Q13049
2026-01-12 04:07:08,463 - INFO - RCSB full-text mapping 105/406: Q13064
2026-01-12 04:07:08,498 - INFO - RCSB full-text mapping 106/406: Q13114
2026-01-12 04:07:09,534 - INFO - RCSB full-text mapping 107/406: Q13191
2026-01-12 04:07:10,572 - INFO - RCSB full-text mapping 108/406: Q13233
2026-01-12 04:07:11,608 - INFO - RCSB full-text mapping 109/406: Q13263
2026-01-12 04:07:12,644 - INFO - RCSB full-text mapping 110/406: Q13356
2026-01-12 04:07:13,681 - INFO - RCSB full-text mapping 111/406: Q13404
2026-01-12 04:07:14,718 - INFO - RCSB full-text mapping 112/406: Q13434
2026-01-12 04:07:14,752 - INFO - RCSB full-text mapping 113/406: Q13489
2026-01-12 04:07:15,797 - INFO - RCSB full-text mapping 114/406: Q13490
2026-01-12 04:07:16,832 - INFO - RCSB full-text mapping 115/406: Q13501
2026-01-12 04:07:17,868 - INFO - RCSB full-text mapping 116/406: Q13702
2026-01-12 04:07:17,903 - INFO - RCSB full-text mapping 117/406: Q14139
2026-01-12 04:07:18,942 - INFO - RCSB full-text mapping 118/406: Q14258
2026-01-12 04:07:19,977 - INFO - RCSB full-text mapping 119/406: Q14527
2026-01-12 04:07:21,013 - INFO - RCSB full-text mapping 120/406: Q14669
2026-01-12 04:07:22,051 - INFO - RCSB full-text mapping 121/406: Q149N8
2026-01-12 04:07:23,087 - INFO - RCSB full-text mapping 122/406: Q15034
2026-01-12 04:07:23,120 - INFO - RCSB full-text mapping 123/406: Q15386
2026-01-12 04:07:24,156 - INFO - RCSB full-text mapping 124/406: Q15751
2026-01-12 04:07:25,192 - INFO - RCSB full-text mapping 125/406: Q15819
2026-01-12 04:07:26,230 - INFO - RCSB full-text mapping 126/406: Q16763
2026-01-12 04:07:27,265 - INFO - RCSB full-text mapping 127/406: Q17RB8
2026-01-12 04:07:27,537 - INFO - RCSB full-text mapping 128/406: Q1L5Z9
2026-01-12 04:07:27,571 - INFO - RCSB full-text mapping 129/406: Q2KHN1
2026-01-12 04:07:27,605 - INFO - RCSB full-text mapping 130/406: Q2Q1W2
2026-01-12 04:07:28,640 - INFO - RCSB full-text mapping 131/406: Q3KNV8
2026-01-12 04:07:28,674 - INFO - RCSB full-text mapping 132/406: Q495C1
2026-01-12 04:07:28,708 - INFO - RCSB full-text mapping 133/406: Q495X7
2026-01-12 04:07:28,741 - INFO - RCSB full-text mapping 134/406: Q496Y0
2026-01-12 04:07:28,774 - INFO - RCSB full-text mapping 135/406: Q5EBN2
2026-01-12 04:07:28,807 - INFO - RCSB full-text mapping 136/406: Q5GLZ8
2026-01-12 04:07:28,843 - INFO - RCSB full-text mapping 137/406: Q5M7Z0
2026-01-12 04:07:28,876 - INFO - RCSB full-text mapping 138/406: Q5T0T0
2026-01-12 04:07:29,910 - INFO - RCSB full-text mapping 139/406: Q5T197
2026-01-12 04:07:29,945 - INFO - RCSB full-text mapping 140/406: Q5T447
2026-01-12 04:07:29,982 - INFO - RCSB full-text mapping 141/406: Q5T4S7
2026-01-12 04:07:31,018 - INFO - RCSB full-text mapping 142/406: Q5TA31
2026-01-12 04:07:32,054 - INFO - RCSB full-text mapping 143/406: Q5TC82
2026-01-12 04:07:33,090 - INFO - RCSB full-text mapping 144/406: Q5U5Q3
2026-01-12 04:07:34,126 - INFO - RCSB full-text mapping 145/406: Q5U5R9
2026-01-12 04:07:34,159 - INFO - RCSB full-text mapping 146/406: Q5VTB9
2026-01-12 04:07:34,193 - INFO - RCSB full-text mapping 147/406: Q5VTR2
2026-01-12 04:07:35,230 - INFO - RCSB full-text mapping 148/406: Q5VVX9
2026-01-12 04:07:36,267 - INFO - RCSB full-text mapping 149/406: Q5W0B1
2026-01-12 04:07:36,301 - INFO - RCSB full-text mapping 150/406: Q5XPI4
2026-01-12 04:07:37,337 - INFO - RCSB full-text mapping 151/406: Q63HN8
2026-01-12 04:07:38,374 - INFO - RCSB full-text mapping 152/406: Q68DV7
2026-01-12 04:07:39,410 - INFO - RCSB full-text mapping 153/406: Q6AZZ1
2026-01-12 04:07:39,444 - INFO - RCSB full-text mapping 154/406: Q6P9F5
2026-01-12 04:07:39,477 - INFO - RCSB full-text mapping 155/406: Q6PCD5
2026-01-12 04:07:40,513 - INFO - RCSB full-text mapping 156/406: Q6PJ69
2026-01-12 04:07:41,548 - INFO - RCSB full-text mapping 157/406: Q6PJI9
2026-01-12 04:07:42,585 - INFO - RCSB full-text mapping 158/406: Q6Q0C0
2026-01-12 04:07:43,702 - INFO - RCSB full-text mapping 159/406: Q6UWE0
2026-01-12 04:07:43,736 - INFO - RCSB full-text mapping 160/406: Q6VVB1
2026-01-12 04:07:43,768 - INFO - RCSB full-text mapping 161/406: Q6ZMN7
2026-01-12 04:07:43,801 - INFO - RCSB full-text mapping 162/406: Q6ZMU5
2026-01-12 04:07:44,835 - INFO - RCSB full-text mapping 163/406: Q6ZMZ0
2026-01-12 04:07:44,870 - INFO - RCSB full-text mapping 164/406: Q6ZN04
2026-01-12 04:07:45,905 - INFO - RCSB full-text mapping 165/406: Q6ZNA4
2026-01-12 04:07:46,941 - INFO - RCSB full-text mapping 166/406: Q6ZNB6
2026-01-12 04:07:46,974 - INFO - RCSB full-text mapping 167/406: Q6ZRF8
2026-01-12 04:07:47,012 - INFO - RCSB full-text mapping 168/406: Q6ZSG1
2026-01-12 04:07:48,047 - INFO - RCSB full-text mapping 169/406: Q6ZT12
2026-01-12 04:07:48,323 - INFO - RCSB full-text mapping 170/406: Q6ZTA4
2026-01-12 04:07:49,358 - INFO - RCSB full-text mapping 171/406: Q6ZWI9
2026-01-12 04:07:49,391 - INFO - RCSB full-text mapping 172/406: Q712K3
2026-01-12 04:07:50,425 - INFO - RCSB full-text mapping 173/406: Q75N03
2026-01-12 04:07:50,461 - INFO - RCSB full-text mapping 174/406: Q76N89
2026-01-12 04:07:51,496 - INFO - RCSB full-text mapping 175/406: Q7L0R7
2026-01-12 04:07:51,531 - INFO - RCSB full-text mapping 176/406: Q7L5Y9
2026-01-12 04:07:52,566 - INFO - RCSB full-text mapping 177/406: Q7L622
2026-01-12 04:07:52,599 - INFO - RCSB full-text mapping 178/406: Q7Z3V4
2026-01-12 04:07:52,633 - INFO - RCSB full-text mapping 179/406: Q7Z419
2026-01-12 04:07:52,666 - INFO - RCSB full-text mapping 180/406: Q7Z4K8
2026-01-12 04:07:52,700 - INFO - RCSB full-text mapping 181/406: Q7Z569
2026-01-12 04:07:52,733 - INFO - RCSB full-text mapping 182/406: Q7Z5L9
2026-01-12 04:07:53,769 - INFO - RCSB full-text mapping 183/406: Q7Z6E9
2026-01-12 04:07:54,804 - INFO - RCSB full-text mapping 184/406: Q7Z6J0
2026-01-12 04:07:55,840 - INFO - RCSB full-text mapping 185/406: Q7Z6J8
2026-01-12 04:07:55,876 - INFO - RCSB full-text mapping 186/406: Q7Z6Z7
2026-01-12 04:07:56,911 - INFO - RCSB full-text mapping 187/406: Q7Z7E8
2026-01-12 04:07:57,946 - INFO - RCSB full-text mapping 188/406: Q86SE9
2026-01-12 04:07:58,981 - INFO - RCSB full-text mapping 189/406: Q86T96
2026-01-12 04:07:59,016 - INFO - RCSB full-text mapping 190/406: Q86TM6
2026-01-12 04:08:00,051 - INFO - RCSB full-text mapping 191/406: Q86UD3
2026-01-12 04:08:00,085 - INFO - RCSB full-text mapping 192/406: Q86UK7
2026-01-12 04:08:00,120 - INFO - RCSB full-text mapping 193/406: Q86UV6
2026-01-12 04:08:00,153 - INFO - RCSB full-text mapping 194/406: Q86UV7
2026-01-12 04:08:00,186 - INFO - RCSB full-text mapping 195/406: Q86UW9
2026-01-12 04:08:01,221 - INFO - RCSB full-text mapping 196/406: Q86WT6
2026-01-12 04:08:02,257 - INFO - RCSB full-text mapping 197/406: Q86XN8
2026-01-12 04:08:03,293 - INFO - RCSB full-text mapping 198/406: Q86XS8
2026-01-12 04:08:03,329 - INFO - RCSB full-text mapping 199/406: Q86XT4
2026-01-12 04:08:03,362 - INFO - RCSB full-text mapping 200/406: Q86Y01
2026-01-12 04:08:04,398 - INFO - RCSB full-text mapping 201/406: Q86Y13
2026-01-12 04:08:04,432 - INFO - RCSB full-text mapping 202/406: Q86YJ5
2026-01-12 04:08:04,466 - INFO - RCSB full-text mapping 203/406: Q86YT6
2026-01-12 04:08:05,501 - INFO - RCSB full-text mapping 204/406: Q8IU81
2026-01-12 04:08:05,535 - INFO - RCSB full-text mapping 205/406: Q8IUD6
2026-01-12 04:08:06,571 - INFO - RCSB full-text mapping 206/406: Q8IUQ4
2026-01-12 04:08:07,608 - INFO - RCSB full-text mapping 207/406: Q8IVU3
2026-01-12 04:08:08,644 - INFO - RCSB full-text mapping 208/406: Q8IWR1
2026-01-12 04:08:08,678 - INFO - RCSB full-text mapping 209/406: Q8IWT3
2026-01-12 04:08:09,713 - INFO - RCSB full-text mapping 210/406: Q8IWV7
2026-01-12 04:08:10,749 - INFO - RCSB full-text mapping 211/406: Q8IWV8
2026-01-12 04:08:11,787 - INFO - RCSB full-text mapping 212/406: Q8IWZ4
2026-01-12 04:08:11,821 - INFO - RCSB full-text mapping 213/406: Q8IWZ5
2026-01-12 04:08:11,855 - INFO - RCSB full-text mapping 214/406: Q8IYM9
2026-01-12 04:08:11,888 - INFO - RCSB full-text mapping 215/406: Q8IYU2
2026-01-12 04:08:12,923 - INFO - RCSB full-text mapping 216/406: Q8IYW5
2026-01-12 04:08:13,961 - INFO - RCSB full-text mapping 217/406: Q8IZP6
2026-01-12 04:08:14,996 - INFO - RCSB full-text mapping 218/406: Q8N2H9
2026-01-12 04:08:15,030 - INFO - RCSB full-text mapping 219/406: Q8N2K1
2026-01-12 04:08:16,067 - INFO - RCSB full-text mapping 220/406: Q8N2W9
2026-01-12 04:08:16,102 - INFO - RCSB full-text mapping 221/406: Q8N3P4
2026-01-12 04:08:16,135 - INFO - RCSB full-text mapping 222/406: Q8N448
2026-01-12 04:08:17,171 - INFO - RCSB full-text mapping 223/406: Q8N4F7
2026-01-12 04:08:17,204 - INFO - RCSB full-text mapping 224/406: Q8N5U6
2026-01-12 04:08:17,238 - INFO - RCSB full-text mapping 225/406: Q8N6D2
2026-01-12 04:08:17,272 - INFO - RCSB full-text mapping 226/406: Q8N7C7
2026-01-12 04:08:17,305 - INFO - RCSB full-text mapping 227/406: Q8N7E2
2026-01-12 04:08:17,338 - INFO - RCSB full-text mapping 228/406: Q8N8N0
2026-01-12 04:08:17,371 - INFO - RCSB full-text mapping 229/406: Q8N9I9
2026-01-12 04:08:17,407 - INFO - RCSB full-text mapping 230/406: Q8N9V2
2026-01-12 04:08:17,475 - INFO - RCSB full-text mapping 231/406: Q8N9V3
2026-01-12 04:08:17,508 - INFO - RCSB full-text mapping 232/406: Q8NA82
2026-01-12 04:08:17,541 - INFO - RCSB full-text mapping 233/406: Q8NC42
2026-01-12 04:08:17,577 - INFO - RCSB full-text mapping 234/406: Q8NCN4
2026-01-12 04:08:18,618 - INFO - RCSB full-text mapping 235/406: Q8ND24
2026-01-12 04:08:18,652 - INFO - RCSB full-text mapping 236/406: Q8ND25
2026-01-12 04:08:19,687 - INFO - RCSB full-text mapping 237/406: Q8NEG5
2026-01-12 04:08:20,723 - INFO - RCSB full-text mapping 238/406: Q8NEZ4
2026-01-12 04:08:21,760 - INFO - RCSB full-text mapping 239/406: Q8NF64
2026-01-12 04:08:21,795 - INFO - RCSB full-text mapping 240/406: Q8NG06
2026-01-12 04:08:22,831 - INFO - RCSB full-text mapping 241/406: Q8NG27
2026-01-12 04:08:23,867 - INFO - RCSB full-text mapping 242/406: Q8NHG8
2026-01-12 04:08:23,903 - INFO - RCSB full-text mapping 243/406: Q8NHY2
2026-01-12 04:08:24,938 - INFO - RCSB full-text mapping 244/406: Q8TBB1
2026-01-12 04:08:25,973 - INFO - RCSB full-text mapping 245/406: Q8TC41
2026-01-12 04:08:26,008 - INFO - RCSB full-text mapping 246/406: Q8TCQ1
2026-01-12 04:08:26,041 - INFO - RCSB full-text mapping 247/406: Q8TDB6
2026-01-12 04:08:27,076 - INFO - RCSB full-text mapping 248/406: Q8TEB7
2026-01-12 04:08:28,112 - INFO - RCSB full-text mapping 249/406: Q8TEC5
2026-01-12 04:08:28,147 - INFO - RCSB full-text mapping 250/406: Q8TEJ3
2026-01-12 04:08:28,180 - INFO - RCSB full-text mapping 251/406: Q8WU17
2026-01-12 04:08:28,213 - INFO - RCSB full-text mapping 252/406: Q8WV22
2026-01-12 04:08:29,249 - INFO - RCSB full-text mapping 253/406: Q8WV44
2026-01-12 04:08:30,287 - INFO - RCSB full-text mapping 254/406: Q8WVD3
2026-01-12 04:08:30,322 - INFO - RCSB full-text mapping 255/406: Q8WVD5
2026-01-12 04:08:31,357 - INFO - RCSB full-text mapping 256/406: Q8WVN8
2026-01-12 04:08:32,393 - INFO - RCSB full-text mapping 257/406: Q8WVZ7
2026-01-12 04:08:32,427 - INFO - RCSB full-text mapping 258/406: Q8WWF5
2026-01-12 04:08:32,460 - INFO - RCSB full-text mapping 259/406: Q8WY64
2026-01-12 04:08:33,495 - INFO - RCSB full-text mapping 260/406: Q8WZ73
2026-01-12 04:08:34,532 - INFO - RCSB full-text mapping 261/406: Q92793
2026-01-12 04:08:35,571 - INFO - RCSB full-text mapping 262/406: Q969K3
2026-01-12 04:08:35,607 - INFO - RCSB full-text mapping 263/406: Q969M7
2026-01-12 04:08:36,642 - INFO - RCSB full-text mapping 264/406: Q969Q1
2026-01-12 04:08:37,680 - INFO - RCSB full-text mapping 265/406: Q969T4
2026-01-12 04:08:37,716 - INFO - RCSB full-text mapping 266/406: Q969V5
2026-01-12 04:08:38,752 - INFO - RCSB full-text mapping 267/406: Q96A37
2026-01-12 04:08:38,787 - INFO - RCSB full-text mapping 268/406: Q96A61
2026-01-12 04:08:38,822 - INFO - RCSB full-text mapping 269/406: Q96AX9
2026-01-12 04:08:38,857 - INFO - RCSB full-text mapping 270/406: Q96B02
2026-01-12 04:08:39,893 - INFO - RCSB full-text mapping 271/406: Q96BH1
2026-01-12 04:08:40,930 - INFO - RCSB full-text mapping 272/406: Q96BQ3
2026-01-12 04:08:40,964 - INFO - RCSB full-text mapping 273/406: Q96CA5
2026-01-12 04:08:41,999 - INFO - RCSB full-text mapping 274/406: Q96D59
2026-01-12 04:08:42,033 - INFO - RCSB full-text mapping 275/406: Q96DX4
2026-01-12 04:08:42,066 - INFO - RCSB full-text mapping 276/406: Q96EH8
2026-01-12 04:08:42,100 - INFO - RCSB full-text mapping 277/406: Q96EP0
2026-01-12 04:08:43,136 - INFO - RCSB full-text mapping 278/406: Q96EP1
2026-01-12 04:08:44,172 - INFO - RCSB full-text mapping 279/406: Q96EQ8
2026-01-12 04:08:45,210 - INFO - RCSB full-text mapping 280/406: Q96EX2
2026-01-12 04:08:45,244 - INFO - RCSB full-text mapping 281/406: Q96F44
2026-01-12 04:08:46,280 - INFO - RCSB full-text mapping 282/406: Q96FA3
2026-01-12 04:08:47,316 - INFO - RCSB full-text mapping 283/406: Q96G75
2026-01-12 04:08:47,350 - INFO - RCSB full-text mapping 284/406: Q96GF1
2026-01-12 04:08:47,383 - INFO - RCSB full-text mapping 285/406: Q96J02
2026-01-12 04:08:48,421 - INFO - RCSB full-text mapping 286/406: Q96K19
2026-01-12 04:08:48,455 - INFO - RCSB full-text mapping 287/406: Q96LD4
2026-01-12 04:08:48,491 - INFO - RCSB full-text mapping 288/406: Q96LR5
2026-01-12 04:08:49,526 - INFO - RCSB full-text mapping 289/406: Q96MF7
2026-01-12 04:08:50,561 - INFO - RCSB full-text mapping 290/406: Q96MT1
2026-01-12 04:08:50,595 - INFO - RCSB full-text mapping 291/406: Q96P09
2026-01-12 04:08:51,629 - INFO - RCSB full-text mapping 292/406: Q96PM5
2026-01-12 04:08:52,665 - INFO - RCSB full-text mapping 293/406: Q96PU4
2026-01-12 04:08:53,700 - INFO - RCSB full-text mapping 294/406: Q96PU5
2026-01-12 04:08:54,822 - INFO - RCSB full-text mapping 295/406: Q96PX1
2026-01-12 04:08:54,855 - INFO - RCSB full-text mapping 296/406: Q96T88
2026-01-12 04:08:55,890 - INFO - RCSB full-text mapping 297/406: Q99496
2026-01-12 04:08:56,927 - INFO - RCSB full-text mapping 298/406: Q99590
2026-01-12 04:08:56,962 - INFO - RCSB full-text mapping 299/406: Q99675
2026-01-12 04:08:57,997 - INFO - RCSB full-text mapping 300/406: Q99728
2026-01-12 04:08:59,031 - INFO - RCSB full-text mapping 301/406: Q99942
2026-01-12 04:08:59,065 - INFO - RCSB full-text mapping 302/406: Q9BRZ2
2026-01-12 04:09:00,100 - INFO - RCSB full-text mapping 303/406: Q9BSJ1
2026-01-12 04:09:00,132 - INFO - RCSB full-text mapping 304/406: Q9BSM1
2026-01-12 04:09:01,167 - INFO - RCSB full-text mapping 305/406: Q9BUZ4
2026-01-12 04:09:02,204 - INFO - RCSB full-text mapping 306/406: Q9BV68
2026-01-12 04:09:03,241 - INFO - RCSB full-text mapping 307/406: Q9BVG3
2026-01-12 04:09:03,275 - INFO - RCSB full-text mapping 308/406: Q9BWF2
2026-01-12 04:09:04,312 - INFO - RCSB full-text mapping 309/406: Q9BWX1
2026-01-12 04:09:04,346 - INFO - RCSB full-text mapping 310/406: Q9BXT8
2026-01-12 04:09:05,381 - INFO - RCSB full-text mapping 311/406: Q9BY78
2026-01-12 04:09:05,416 - INFO - RCSB full-text mapping 312/406: Q9BYE7
2026-01-12 04:09:06,452 - INFO - RCSB full-text mapping 313/406: Q9BYJ4
2026-01-12 04:09:07,490 - INFO - RCSB full-text mapping 314/406: Q9BYM8
2026-01-12 04:09:08,527 - INFO - RCSB full-text mapping 315/406: Q9BYV2
2026-01-12 04:09:09,562 - INFO - RCSB full-text mapping 316/406: Q9BYV6
2026-01-12 04:09:09,597 - INFO - RCSB full-text mapping 317/406: Q9BZR9
2026-01-12 04:09:09,633 - INFO - RCSB full-text mapping 318/406: Q9BZY9
2026-01-12 04:09:10,668 - INFO - RCSB full-text mapping 319/406: Q9C019
2026-01-12 04:09:11,705 - INFO - RCSB full-text mapping 320/406: Q9C026
2026-01-12 04:09:12,741 - INFO - RCSB full-text mapping 321/406: Q9C029
2026-01-12 04:09:13,777 - INFO - RCSB full-text mapping 322/406: Q9C030
2026-01-12 04:09:13,810 - INFO - RCSB full-text mapping 323/406: Q9C035
2026-01-12 04:09:14,845 - INFO - RCSB full-text mapping 324/406: Q9C037
2026-01-12 04:09:14,879 - INFO - RCSB full-text mapping 325/406: Q9C040
2026-01-12 04:09:15,916 - INFO - RCSB full-text mapping 326/406: Q9C0B0
2026-01-12 04:09:15,949 - INFO - RCSB full-text mapping 327/406: Q9C0C9
2026-01-12 04:09:16,984 - INFO - RCSB full-text mapping 328/406: Q9H000
2026-01-12 04:09:17,020 - INFO - RCSB full-text mapping 329/406: Q9H0A6
2026-01-12 04:09:17,053 - INFO - RCSB full-text mapping 330/406: Q9H0F5
2026-01-12 04:09:18,088 - INFO - RCSB full-text mapping 331/406: Q9H0M0
2026-01-12 04:09:19,124 - INFO - RCSB full-text mapping 332/406: Q9H0X6
2026-01-12 04:09:19,160 - INFO - RCSB full-text mapping 333/406: Q9H1B7
2026-01-12 04:09:20,196 - INFO - RCSB full-text mapping 334/406: Q9H270
2026-01-12 04:09:20,231 - INFO - RCSB full-text mapping 335/406: Q9H2S5
2026-01-12 04:09:20,264 - INFO - RCSB full-text mapping 336/406: Q9H4P4
2026-01-12 04:09:21,298 - INFO - RCSB full-text mapping 337/406: Q9H6Y7
2026-01-12 04:09:21,333 - INFO - RCSB full-text mapping 338/406: Q9H832
2026-01-12 04:09:22,368 - INFO - RCSB full-text mapping 339/406: Q9H871
2026-01-12 04:09:23,404 - INFO - RCSB full-text mapping 340/406: Q9H8W5
2026-01-12 04:09:24,439 - INFO - RCSB full-text mapping 341/406: Q9H920
2026-01-12 04:09:24,473 - INFO - RCSB full-text mapping 342/406: Q9H992
2026-01-12 04:09:24,507 - INFO - RCSB full-text mapping 343/406: Q9H9P5
2026-01-12 04:09:24,539 - INFO - RCSB full-text mapping 344/406: Q9H9V4
2026-01-12 04:09:24,573 - INFO - RCSB full-text mapping 345/406: Q9HAT8
2026-01-12 04:09:25,607 - INFO - RCSB full-text mapping 346/406: Q9HAU4
2026-01-12 04:09:26,644 - INFO - RCSB full-text mapping 347/406: Q9HBD1
2026-01-12 04:09:27,682 - INFO - RCSB full-text mapping 348/406: Q9HCE7
2026-01-12 04:09:28,718 - INFO - RCSB full-text mapping 349/406: Q9HCI7
2026-01-12 04:09:29,754 - INFO - RCSB full-text mapping 350/406: Q9HCM9
2026-01-12 04:09:30,790 - INFO - RCSB full-text mapping 351/406: Q9NPC3
2026-01-12 04:09:31,828 - INFO - RCSB full-text mapping 352/406: Q9NPD8
2026-01-12 04:09:32,864 - INFO - RCSB full-text mapping 353/406: Q9NQ86
2026-01-12 04:09:33,899 - INFO - RCSB full-text mapping 354/406: Q9NR09
2026-01-12 04:09:34,936 - INFO - RCSB full-text mapping 355/406: Q9NS56
2026-01-12 04:09:34,971 - INFO - RCSB full-text mapping 356/406: Q9NS91
2026-01-12 04:09:36,007 - INFO - RCSB full-text mapping 357/406: Q9NTX7
2026-01-12 04:09:37,043 - INFO - RCSB full-text mapping 358/406: Q9NV58
2026-01-12 04:09:37,077 - INFO - RCSB full-text mapping 359/406: Q9NVW2
2026-01-12 04:09:38,113 - INFO - RCSB full-text mapping 360/406: Q9NW38
2026-01-12 04:09:39,149 - INFO - RCSB full-text mapping 361/406: Q9NWF9
2026-01-12 04:09:40,184 - INFO - RCSB full-text mapping 362/406: Q9NX47
2026-01-12 04:09:40,217 - INFO - RCSB full-text mapping 363/406: Q9NXI6
2026-01-12 04:09:40,251 - INFO - RCSB full-text mapping 364/406: Q9NYG5
2026-01-12 04:09:41,286 - INFO - RCSB full-text mapping 365/406: Q9NZS9
2026-01-12 04:09:41,320 - INFO - RCSB full-text mapping 366/406: Q9P0J7
2026-01-12 04:09:42,356 - INFO - RCSB full-text mapping 367/406: Q9P0N8
2026-01-12 04:09:42,389 - INFO - RCSB full-text mapping 368/406: Q9P0P0
2026-01-12 04:09:42,422 - INFO - RCSB full-text mapping 369/406: Q9P1Y6
2026-01-12 04:09:42,455 - INFO - RCSB full-text mapping 370/406: Q9P253
2026-01-12 04:09:42,489 - INFO - RCSB full-text mapping 371/406: Q9P2E8
2026-01-12 04:09:42,521 - INFO - RCSB full-text mapping 372/406: Q9P2G1
2026-01-12 04:09:42,554 - INFO - RCSB full-text mapping 373/406: Q9P2P5
2026-01-12 04:09:43,590 - INFO - RCSB full-text mapping 374/406: Q9UBF6
2026-01-12 04:09:44,626 - INFO - RCSB full-text mapping 375/406: Q9UBN7
2026-01-12 04:09:45,662 - INFO - RCSB full-text mapping 376/406: Q9UBS8
2026-01-12 04:09:45,696 - INFO - RCSB full-text mapping 377/406: Q9UDY6
2026-01-12 04:09:46,730 - INFO - RCSB full-text mapping 378/406: Q9UHC7
2026-01-12 04:09:46,765 - INFO - RCSB full-text mapping 379/406: Q9UII4
2026-01-12 04:09:47,800 - INFO - RCSB full-text mapping 380/406: Q9UJV3
2026-01-12 04:09:48,837 - INFO - RCSB full-text mapping 381/406: Q9UKV5
2026-01-12 04:09:49,874 - INFO - RCSB full-text mapping 382/406: Q9ULJ6
2026-01-12 04:09:50,909 - INFO - RCSB full-text mapping 383/406: Q9ULK6
2026-01-12 04:09:50,944 - INFO - RCSB full-text mapping 384/406: Q9ULT6
2026-01-12 04:09:51,980 - INFO - RCSB full-text mapping 385/406: Q9ULT8
2026-01-12 04:09:53,016 - INFO - RCSB full-text mapping 386/406: Q9ULV8
2026-01-12 04:09:54,051 - INFO - RCSB full-text mapping 387/406: Q9ULX5
2026-01-12 04:09:54,323 - INFO - RCSB full-text mapping 388/406: Q9UMS4
2026-01-12 04:09:55,362 - INFO - RCSB full-text mapping 389/406: Q9UNE7
2026-01-12 04:09:56,399 - INFO - RCSB full-text mapping 390/406: Q9UPN9
2026-01-12 04:09:57,435 - INFO - RCSB full-text mapping 391/406: Q9UPQ4
2026-01-12 04:09:57,469 - INFO - RCSB full-text mapping 392/406: Q9UPQ7
2026-01-12 04:09:58,504 - INFO - RCSB full-text mapping 393/406: Q9Y225
2026-01-12 04:09:59,538 - INFO - RCSB full-text mapping 394/406: Q9Y252
2026-01-12 04:09:59,574 - INFO - RCSB full-text mapping 395/406: Q9Y2E6
2026-01-12 04:09:59,607 - INFO - RCSB full-text mapping 396/406: Q9Y2X8
2026-01-12 04:09:59,639 - INFO - RCSB full-text mapping 397/406: Q9Y314
2026-01-12 04:10:00,673 - INFO - RCSB full-text mapping 398/406: Q9Y385
2026-01-12 04:10:00,707 - INFO - RCSB full-text mapping 399/406: Q9Y3C5
2026-01-12 04:10:00,740 - INFO - RCSB full-text mapping 400/406: Q9Y4D8
2026-01-12 04:10:00,773 - INFO - RCSB full-text mapping 401/406: Q9Y4K3
2026-01-12 04:10:01,809 - INFO - RCSB full-text mapping 402/406: Q9Y4L5
2026-01-12 04:10:01,844 - INFO - RCSB full-text mapping 403/406: Q9Y4X5
2026-01-12 04:10:02,880 - INFO - RCSB full-text mapping 404/406: Q9Y508
2026-01-12 04:10:02,913 - INFO - RCSB full-text mapping 405/406: Q9Y577
2026-01-12 04:10:02,946 - INFO - RCSB full-text mapping 406/406: Q9Y6U7
2026-01-12 04:10:02,981 - INFO - Combined mapping complete
2026-01-12 04:10:02,982 - INFO - Total unique PDB IDs mapped: 2009
2026-01-12 04:10:02,982 - INFO - Processing all 2009 PDB IDs
2026-01-12 04:10:02,982 - INFO - JSON API: 1/2009 13RZ
2026-01-12 04:10:08,739 - INFO - JSON API: 51/2009 1FP0
2026-01-12 04:10:16,361 - INFO - JSON API: 101/2009 1TFT
2026-01-12 04:10:22,484 - INFO - JSON API: 151/2009 2BZ8
2026-01-12 04:10:28,941 - INFO - JSON API: 201/2009 2EJS
2026-01-12 04:10:34,918 - INFO - JSON API: 251/2009 2KEO
2026-01-12 04:10:42,184 - INFO - JSON API: 301/2009 2MPS
2026-01-12 04:10:48,365 - INFO - JSON API: 351/2009 2VSL
2026-01-12 04:10:55,338 - INFO - JSON API: 401/2009 3CLZ
2026-01-12 04:11:01,564 - INFO - JSON API: 451/2009 3IO2
2026-01-12 04:11:10,766 - INFO - JSON API: 501/2009 3OJ4
2026-01-12 04:11:17,291 - INFO - JSON API: 551/2009 3UIO
2026-01-12 04:11:25,302 - INFO - JSON API: 601/2009 4DIJ
2026-01-12 04:11:28,881 - WARNING - Retrying (Retry(total=4, connect=5, read=4, redirect=None, status=None)) after connection broken by 'RemoteDisconnected('Remote end closed connection without response')': /rest/v1/core/entry/4I7B
2026-01-12 04:11:32,187 - INFO - JSON API: 651/2009 4K8U
2026-01-12 04:11:39,147 - INFO - JSON API: 701/2009 4OGN
2026-01-12 04:11:46,014 - INFO - JSON API: 751/2009 4UFS
2026-01-12 04:11:54,233 - INFO - JSON API: 801/2009 4ZYF
2026-01-12 04:12:01,157 - INFO - JSON API: 851/2009 5E22
2026-01-12 04:12:09,209 - INFO - JSON API: 901/2009 5IAY
2026-01-12 04:12:17,716 - INFO - JSON API: 951/2009 5MME
2026-01-12 04:12:25,182 - WARNING - Retrying (Retry(total=4, connect=5, read=4, redirect=None, status=None)) after connection broken by 'RemoteDisconnected('Remote end closed connection without response')': /rest/v1/core/polymer_entity/5UDH/3
2026-01-12 04:12:26,532 - INFO - JSON API: 1001/2009 5ULK
2026-01-12 04:12:34,475 - INFO - JSON API: 1051/2009 5YYA
2026-01-12 04:12:50,137 - INFO - JSON API: 1101/2009 6FGN
2026-01-12 04:12:59,945 - INFO - JSON API: 1151/2009 6KFP
2026-01-12 04:13:11,457 - INFO - JSON API: 1201/2009 6QU1
2026-01-12 04:13:21,950 - INFO - JSON API: 1251/2009 6UYU
2026-01-12 04:13:32,480 - INFO - JSON API: 1301/2009 7B2S
2026-01-12 04:13:51,147 - INFO - JSON API: 1351/2009 7KZV
2026-01-12 04:14:07,880 - INFO - JSON API: 1401/2009 7Q40
2026-01-12 04:14:15,580 - INFO - JSON API: 1451/2009 7VHY
2026-01-12 04:14:28,308 - INFO - JSON API: 1501/2009 8ATM
2026-01-12 04:14:41,571 - INFO - JSON API: 1551/2009 8EIB
2026-01-12 04:14:55,725 - INFO - JSON API: 1601/2009 8H38
2026-01-12 04:15:16,233 - INFO - JSON API: 1651/2009 8JRQ
2026-01-12 04:15:26,153 - INFO - JSON API: 1701/2009 8PYR
2026-01-12 04:15:37,330 - INFO - JSON API: 1751/2009 8SN7
2026-01-12 04:15:51,246 - WARNING - Retrying (Retry(total=4, connect=5, read=4, redirect=None, status=None)) after connection broken by 'RemoteDisconnected('Remote end closed connection without response')': /rest/v1/core/polymer_entity/8WAO/22
2026-01-12 04:16:01,082 - INFO - JSON API: 1801/2009 8WQH
2026-01-12 04:16:10,461 - INFO - JSON API: 1851/2009 9DDE
2026-01-12 04:16:24,438 - INFO - JSON API: 1901/2009 9H1J
2026-01-12 04:16:34,234 - INFO - JSON API: 1951/2009 9LWU
2026-01-12 04:16:43,904 - INFO - JSON API: 2001/2009 9T32
2026-01-12 04:16:44,905 - INFO - JSON API returned base info for 2009 entries
2026-01-12 04:16:44,988 - INFO - UniProt gene-mapping batch 1: 400 IDs
2026-01-12 04:16:47,226 - INFO - UniProt gene-mapping batch 2: 6 IDs
2026-01-12 04:16:48,835 - INFO - Mapped 406 UniProt IDs to gene names via mapping API
2026-01-12 04:16:48,892 - INFO - Saved main CSV: /home/runner/work/UbiqCore/UbiqCore/util/data/pdb_updates/pdb_structures_detailed_update_20260112.csv
2026-01-12 04:16:48,895 - INFO - 
Summary:
2026-01-12 04:16:48,895 - INFO - Total unique PDB structures: 2009
2026-01-12 04:16:48,896 - INFO - PDB structures containing E2 (by UniProt IDs): 349
2026-01-12 04:16:48,896 - INFO - PDB structures containing E3 (by UniProt IDs): 1788
2026-01-12 04:16:48,897 - INFO - PDB structures containing Ubiquitin: 163
2026-01-12 04:16:48,897 - INFO - PDB structures containing both E2 and E3: 129
2026-01-12 04:16:48,898 - INFO - PDB structures containing E2, E3, and Ubiquitin: 58
2026-01-12 04:16:48,898 - INFO - processing complete.
