2026-02-23 05:00:00,766 - INFO - Logging to /home/runner/work/UbiqCore/UbiqCore/util/data/pdb_updates/pdb_update_20260223_050000.log
2026-02-23 05:00:00,766 - INFO - Read 37 E2 IDs and 369 E3 IDs
2026-02-23 05:00:00,767 - INFO - Total unique UniProt IDs: 406
2026-02-23 05:00:00,767 - INFO - Starting UniProt→PDB mapping via UniProt service...
2026-02-23 05:00:00,767 - INFO - UniProt mapping batch 1: 50 IDs
2026-02-23 05:01:01,449 - WARNING - Retrying (Retry(total=4, connect=5, read=4, redirect=None, status=None)) after connection broken by 'ReadTimeoutError("HTTPSConnectionPool(host='rest.uniprot.org', port=443): Read timed out. (read timeout=60)")': /idmapping/stream/dPL1F7jcGN
2026-02-23 05:01:02,798 - INFO - UniProt mapping batch 2: 50 IDs
2026-02-23 05:01:04,161 - INFO - UniProt mapping batch 3: 50 IDs
2026-02-23 05:02:04,464 - WARNING - Retrying (Retry(total=4, connect=5, read=4, redirect=None, status=None)) after connection broken by 'ReadTimeoutError("HTTPSConnectionPool(host='rest.uniprot.org', port=443): Read timed out. (read timeout=60)")': /idmapping/stream/ldvAULFgXR
2026-02-23 05:02:05,902 - INFO - UniProt mapping batch 4: 50 IDs
2026-02-23 05:03:06,203 - WARNING - Retrying (Retry(total=4, connect=5, read=4, redirect=None, status=None)) after connection broken by 'ReadTimeoutError("HTTPSConnectionPool(host='rest.uniprot.org', port=443): Read timed out. (read timeout=60)")': /idmapping/stream/qAWrtJ5GI3
2026-02-23 05:04:07,660 - WARNING - Retrying (Retry(total=3, connect=5, read=3, redirect=None, status=None)) after connection broken by 'ReadTimeoutError("HTTPSConnectionPool(host='rest.uniprot.org', port=443): Read timed out. (read timeout=60)")': /idmapping/stream/qAWrtJ5GI3
2026-02-23 05:05:10,108 - WARNING - Retrying (Retry(total=2, connect=5, read=2, redirect=None, status=None)) after connection broken by 'ReadTimeoutError("HTTPSConnectionPool(host='rest.uniprot.org', port=443): Read timed out. (read timeout=60)")': /idmapping/stream/qAWrtJ5GI3
2026-02-23 05:05:11,449 - INFO - UniProt mapping batch 5: 50 IDs
2026-02-23 05:06:11,737 - WARNING - Retrying (Retry(total=4, connect=5, read=4, redirect=None, status=None)) after connection broken by 'ReadTimeoutError("HTTPSConnectionPool(host='rest.uniprot.org', port=443): Read timed out. (read timeout=60)")': /idmapping/stream/s78CcZKI2a
2026-02-23 05:06:13,081 - INFO - UniProt mapping batch 6: 50 IDs
2026-02-23 05:07:13,339 - WARNING - Retrying (Retry(total=4, connect=5, read=4, redirect=None, status=None)) after connection broken by 'ReadTimeoutError("HTTPSConnectionPool(host='rest.uniprot.org', port=443): Read timed out. (read timeout=60)")': /idmapping/stream/mADFzlRfUI
2026-02-23 05:07:14,919 - INFO - UniProt mapping batch 7: 50 IDs
2026-02-23 05:07:18,341 - INFO - UniProt mapping batch 8: 50 IDs
2026-02-23 05:07:18,506 - ERROR - UniProt mapping job failed: {'jobStatus': 'NEW'}
2026-02-23 05:07:19,507 - INFO - UniProt mapping batch 9: 6 IDs
2026-02-23 05:07:19,671 - ERROR - UniProt mapping job failed: {'jobStatus': 'NEW'}
2026-02-23 05:07:20,672 - INFO - Starting UniProt→PDB mapping via RCSB full-text search...
2026-02-23 05:07:20,673 - INFO - RCSB full-text mapping 1/406: A0A1B0GUS4
2026-02-23 05:07:20,965 - INFO - RCSB full-text mapping 2/406: A0AVI4
2026-02-23 05:07:20,979 - INFO - RCSB full-text mapping 3/406: A1L020
2026-02-23 05:07:20,991 - INFO - RCSB full-text mapping 4/406: A1L167
2026-02-23 05:07:21,005 - INFO - RCSB full-text mapping 5/406: A6NCK2
2026-02-23 05:07:21,017 - INFO - RCSB full-text mapping 6/406: A6NCQ9
2026-02-23 05:07:21,030 - INFO - RCSB full-text mapping 7/406: A6NDI0
2026-02-23 05:07:21,043 - INFO - RCSB full-text mapping 8/406: A6NGJ6
2026-02-23 05:07:21,056 - INFO - RCSB full-text mapping 9/406: A6NI03
2026-02-23 05:07:21,068 - INFO - RCSB full-text mapping 10/406: A6NK02
2026-02-23 05:07:21,081 - INFO - RCSB full-text mapping 11/406: A6NLI5
2026-02-23 05:07:21,093 - INFO - RCSB full-text mapping 12/406: A6NLU0
2026-02-23 05:07:22,109 - INFO - RCSB full-text mapping 13/406: A6NNE9
2026-02-23 05:07:22,125 - INFO - RCSB full-text mapping 14/406: A8MQ27
2026-02-23 05:07:22,139 - INFO - RCSB full-text mapping 15/406: A8MTL3
2026-02-23 05:07:22,154 - INFO - RCSB full-text mapping 16/406: C9J1S8
2026-02-23 05:07:22,168 - INFO - RCSB full-text mapping 17/406: E7ERA6
2026-02-23 05:07:22,181 - INFO - RCSB full-text mapping 18/406: F8VTS6
2026-02-23 05:07:22,193 - INFO - RCSB full-text mapping 19/406: I1YAP6
2026-02-23 05:07:22,207 - INFO - RCSB full-text mapping 20/406: M0QZC1
2026-02-23 05:07:22,221 - INFO - RCSB full-text mapping 21/406: O00237
2026-02-23 05:07:22,237 - INFO - RCSB full-text mapping 22/406: O00308
2026-02-23 05:07:23,251 - INFO - RCSB full-text mapping 23/406: O00463
2026-02-23 05:07:24,268 - INFO - RCSB full-text mapping 24/406: O00623
2026-02-23 05:07:24,282 - INFO - RCSB full-text mapping 25/406: O00635
2026-02-23 05:07:24,297 - INFO - RCSB full-text mapping 26/406: O00762
2026-02-23 05:07:25,311 - INFO - RCSB full-text mapping 27/406: O14686
2026-02-23 05:07:26,327 - INFO - RCSB full-text mapping 28/406: O14933
2026-02-23 05:07:27,343 - INFO - RCSB full-text mapping 29/406: O15033
2026-02-23 05:07:28,358 - INFO - RCSB full-text mapping 30/406: O15151
2026-02-23 05:07:29,397 - INFO - RCSB full-text mapping 31/406: O15164
2026-02-23 05:07:30,414 - INFO - RCSB full-text mapping 32/406: O15344
2026-02-23 05:07:31,431 - INFO - RCSB full-text mapping 33/406: O15541
2026-02-23 05:07:32,448 - INFO - RCSB full-text mapping 34/406: O43164
2026-02-23 05:07:32,462 - INFO - RCSB full-text mapping 35/406: O43255
2026-02-23 05:07:33,477 - INFO - RCSB full-text mapping 36/406: O43567
2026-02-23 05:07:34,493 - INFO - RCSB full-text mapping 37/406: O60260
2026-02-23 05:07:35,509 - INFO - RCSB full-text mapping 38/406: O60291
2026-02-23 05:07:35,523 - INFO - RCSB full-text mapping 39/406: O60337
2026-02-23 05:07:35,536 - INFO - RCSB full-text mapping 40/406: O60683
2026-02-23 05:07:35,550 - INFO - RCSB full-text mapping 41/406: O60858
2026-02-23 05:07:35,564 - INFO - RCSB full-text mapping 42/406: O75150
2026-02-23 05:07:36,580 - INFO - RCSB full-text mapping 43/406: O75382
2026-02-23 05:07:37,598 - INFO - RCSB full-text mapping 44/406: O75592
2026-02-23 05:07:38,613 - INFO - RCSB full-text mapping 45/406: O75677
2026-02-23 05:07:38,627 - INFO - RCSB full-text mapping 46/406: O75678
2026-02-23 05:07:38,640 - INFO - RCSB full-text mapping 47/406: O75679
2026-02-23 05:07:38,653 - INFO - RCSB full-text mapping 48/406: O75928
2026-02-23 05:07:39,669 - INFO - RCSB full-text mapping 49/406: O76050
2026-02-23 05:07:39,683 - INFO - RCSB full-text mapping 50/406: O76064
2026-02-23 05:07:40,699 - INFO - RCSB full-text mapping 51/406: O94822
2026-02-23 05:07:41,715 - INFO - RCSB full-text mapping 52/406: O94941
2026-02-23 05:07:41,729 - INFO - RCSB full-text mapping 53/406: O94972
2026-02-23 05:07:42,745 - INFO - RCSB full-text mapping 54/406: O95071
2026-02-23 05:07:43,760 - INFO - RCSB full-text mapping 55/406: O95155
2026-02-23 05:07:44,778 - INFO - RCSB full-text mapping 56/406: O95159
2026-02-23 05:07:44,793 - INFO - RCSB full-text mapping 57/406: O95376
2026-02-23 05:07:45,809 - INFO - RCSB full-text mapping 58/406: O95628
2026-02-23 05:07:46,824 - INFO - RCSB full-text mapping 59/406: O95714
2026-02-23 05:07:47,840 - INFO - RCSB full-text mapping 60/406: P0CI25
2026-02-23 05:07:47,854 - INFO - RCSB full-text mapping 61/406: P0CI26
2026-02-23 05:07:47,867 - INFO - RCSB full-text mapping 62/406: P0DH78
2026-02-23 05:07:47,880 - INFO - RCSB full-text mapping 63/406: P0DTL6
2026-02-23 05:07:47,894 - INFO - RCSB full-text mapping 64/406: P14373
2026-02-23 05:07:47,908 - INFO - RCSB full-text mapping 65/406: P15918
2026-02-23 05:07:47,920 - INFO - RCSB full-text mapping 66/406: P19474
2026-02-23 05:07:48,934 - INFO - RCSB full-text mapping 67/406: P22681
2026-02-23 05:07:49,951 - INFO - RCSB full-text mapping 68/406: P28328
2026-02-23 05:07:49,965 - INFO - RCSB full-text mapping 69/406: P29590
2026-02-23 05:07:50,979 - INFO - RCSB full-text mapping 70/406: P35226
2026-02-23 05:07:51,996 - INFO - RCSB full-text mapping 71/406: P35227
2026-02-23 05:07:52,009 - INFO - RCSB full-text mapping 72/406: P36406
2026-02-23 05:07:53,024 - INFO - RCSB full-text mapping 73/406: P38398
2026-02-23 05:07:54,041 - INFO - RCSB full-text mapping 74/406: P46934
2026-02-23 05:07:55,059 - INFO - RCSB full-text mapping 75/406: P49427
2026-02-23 05:07:56,074 - INFO - RCSB full-text mapping 76/406: P49459
2026-02-23 05:07:57,090 - INFO - RCSB full-text mapping 77/406: P49754
2026-02-23 05:07:57,106 - INFO - RCSB full-text mapping 78/406: P50876
2026-02-23 05:07:58,121 - INFO - RCSB full-text mapping 79/406: P51668
2026-02-23 05:07:59,137 - INFO - RCSB full-text mapping 80/406: P51948
2026-02-23 05:08:00,154 - INFO - RCSB full-text mapping 81/406: P51965
2026-02-23 05:08:01,171 - INFO - RCSB full-text mapping 82/406: P53804
2026-02-23 05:08:01,187 - INFO - RCSB full-text mapping 83/406: P60604
2026-02-23 05:08:02,207 - INFO - RCSB full-text mapping 84/406: P61077
2026-02-23 05:08:03,224 - INFO - RCSB full-text mapping 85/406: P61081
2026-02-23 05:08:04,243 - INFO - RCSB full-text mapping 86/406: P61086
2026-02-23 05:08:05,258 - INFO - RCSB full-text mapping 87/406: P61088
2026-02-23 05:08:06,276 - INFO - RCSB full-text mapping 88/406: P62253
2026-02-23 05:08:07,291 - INFO - RCSB full-text mapping 89/406: P62256
2026-02-23 05:08:08,308 - INFO - RCSB full-text mapping 90/406: P62837
2026-02-23 05:08:09,326 - INFO - RCSB full-text mapping 91/406: P62877
2026-02-23 05:08:10,343 - INFO - RCSB full-text mapping 92/406: P63146
2026-02-23 05:08:11,361 - INFO - RCSB full-text mapping 93/406: P63279
2026-02-23 05:08:12,379 - INFO - RCSB full-text mapping 94/406: P68036
2026-02-23 05:08:13,396 - INFO - RCSB full-text mapping 95/406: P78317
2026-02-23 05:08:14,415 - INFO - RCSB full-text mapping 96/406: P98170
2026-02-23 05:08:15,431 - INFO - RCSB full-text mapping 97/406: Q00987
2026-02-23 05:08:16,449 - INFO - RCSB full-text mapping 98/406: Q05086
2026-02-23 05:08:17,465 - INFO - RCSB full-text mapping 99/406: Q06587
2026-02-23 05:08:17,481 - INFO - RCSB full-text mapping 100/406: Q09472
2026-02-23 05:08:18,496 - INFO - RCSB full-text mapping 101/406: Q12899
2026-02-23 05:08:18,511 - INFO - RCSB full-text mapping 102/406: Q12933
2026-02-23 05:08:19,529 - INFO - RCSB full-text mapping 103/406: Q12986
2026-02-23 05:08:19,544 - INFO - RCSB full-text mapping 104/406: Q13049
2026-02-23 05:08:20,560 - INFO - RCSB full-text mapping 105/406: Q13064
2026-02-23 05:08:20,573 - INFO - RCSB full-text mapping 106/406: Q13114
2026-02-23 05:08:21,590 - INFO - RCSB full-text mapping 107/406: Q13191
2026-02-23 05:08:22,605 - INFO - RCSB full-text mapping 108/406: Q13233
2026-02-23 05:08:23,625 - INFO - RCSB full-text mapping 109/406: Q13263
2026-02-23 05:08:24,640 - INFO - RCSB full-text mapping 110/406: Q13356
2026-02-23 05:08:25,655 - INFO - RCSB full-text mapping 111/406: Q13404
2026-02-23 05:08:26,672 - INFO - RCSB full-text mapping 112/406: Q13434
2026-02-23 05:08:26,685 - INFO - RCSB full-text mapping 113/406: Q13489
2026-02-23 05:08:27,701 - INFO - RCSB full-text mapping 114/406: Q13490
2026-02-23 05:08:28,718 - INFO - RCSB full-text mapping 115/406: Q13501
2026-02-23 05:08:29,736 - INFO - RCSB full-text mapping 116/406: Q13702
2026-02-23 05:08:29,749 - INFO - RCSB full-text mapping 117/406: Q14139
2026-02-23 05:08:30,763 - INFO - RCSB full-text mapping 118/406: Q14258
2026-02-23 05:08:31,778 - INFO - RCSB full-text mapping 119/406: Q14527
2026-02-23 05:08:32,795 - INFO - RCSB full-text mapping 120/406: Q14669
2026-02-23 05:08:33,811 - INFO - RCSB full-text mapping 121/406: Q149N8
2026-02-23 05:08:34,827 - INFO - RCSB full-text mapping 122/406: Q15034
2026-02-23 05:08:34,842 - INFO - RCSB full-text mapping 123/406: Q15386
2026-02-23 05:08:35,859 - INFO - RCSB full-text mapping 124/406: Q15751
2026-02-23 05:08:36,874 - INFO - RCSB full-text mapping 125/406: Q15819
2026-02-23 05:08:37,891 - INFO - RCSB full-text mapping 126/406: Q16763
2026-02-23 05:08:38,909 - INFO - RCSB full-text mapping 127/406: Q17RB8
2026-02-23 05:08:38,923 - INFO - RCSB full-text mapping 128/406: Q1L5Z9
2026-02-23 05:08:38,939 - INFO - RCSB full-text mapping 129/406: Q2KHN1
2026-02-23 05:08:38,953 - INFO - RCSB full-text mapping 130/406: Q2Q1W2
2026-02-23 05:08:39,967 - INFO - RCSB full-text mapping 131/406: Q3KNV8
2026-02-23 05:08:39,982 - INFO - RCSB full-text mapping 132/406: Q495C1
2026-02-23 05:08:39,996 - INFO - RCSB full-text mapping 133/406: Q495X7
2026-02-23 05:08:40,010 - INFO - RCSB full-text mapping 134/406: Q496Y0
2026-02-23 05:08:40,023 - INFO - RCSB full-text mapping 135/406: Q5EBN2
2026-02-23 05:08:40,037 - INFO - RCSB full-text mapping 136/406: Q5GLZ8
2026-02-23 05:08:40,050 - INFO - RCSB full-text mapping 137/406: Q5M7Z0
2026-02-23 05:08:40,065 - INFO - RCSB full-text mapping 138/406: Q5T0T0
2026-02-23 05:08:41,079 - INFO - RCSB full-text mapping 139/406: Q5T197
2026-02-23 05:08:41,093 - INFO - RCSB full-text mapping 140/406: Q5T447
2026-02-23 05:08:42,109 - INFO - RCSB full-text mapping 141/406: Q5T4S7
2026-02-23 05:08:43,126 - INFO - RCSB full-text mapping 142/406: Q5TA31
2026-02-23 05:08:44,144 - INFO - RCSB full-text mapping 143/406: Q5TC82
2026-02-23 05:08:45,159 - INFO - RCSB full-text mapping 144/406: Q5U5Q3
2026-02-23 05:08:46,176 - INFO - RCSB full-text mapping 145/406: Q5U5R9
2026-02-23 05:08:46,189 - INFO - RCSB full-text mapping 146/406: Q5VTB9
2026-02-23 05:08:46,204 - INFO - RCSB full-text mapping 147/406: Q5VTR2
2026-02-23 05:08:47,220 - INFO - RCSB full-text mapping 148/406: Q5VVX9
2026-02-23 05:08:48,238 - INFO - RCSB full-text mapping 149/406: Q5W0B1
2026-02-23 05:08:48,252 - INFO - RCSB full-text mapping 150/406: Q5XPI4
2026-02-23 05:08:49,268 - INFO - RCSB full-text mapping 151/406: Q63HN8
2026-02-23 05:08:50,283 - INFO - RCSB full-text mapping 152/406: Q68DV7
2026-02-23 05:08:51,301 - INFO - RCSB full-text mapping 153/406: Q6AZZ1
2026-02-23 05:08:51,317 - INFO - RCSB full-text mapping 154/406: Q6P9F5
2026-02-23 05:08:51,333 - INFO - RCSB full-text mapping 155/406: Q6PCD5
2026-02-23 05:08:52,348 - INFO - RCSB full-text mapping 156/406: Q6PJ69
2026-02-23 05:08:53,366 - INFO - RCSB full-text mapping 157/406: Q6PJI9
2026-02-23 05:08:54,382 - INFO - RCSB full-text mapping 158/406: Q6Q0C0
2026-02-23 05:08:55,397 - INFO - RCSB full-text mapping 159/406: Q6UWE0
2026-02-23 05:08:55,412 - INFO - RCSB full-text mapping 160/406: Q6VVB1
2026-02-23 05:08:55,425 - INFO - RCSB full-text mapping 161/406: Q6ZMN7
2026-02-23 05:08:55,439 - INFO - RCSB full-text mapping 162/406: Q6ZMU5
2026-02-23 05:08:56,453 - INFO - RCSB full-text mapping 163/406: Q6ZMZ0
2026-02-23 05:08:56,468 - INFO - RCSB full-text mapping 164/406: Q6ZN04
2026-02-23 05:08:57,484 - INFO - RCSB full-text mapping 165/406: Q6ZNA4
2026-02-23 05:08:58,501 - INFO - RCSB full-text mapping 166/406: Q6ZNB6
2026-02-23 05:08:58,516 - INFO - RCSB full-text mapping 167/406: Q6ZRF8
2026-02-23 05:08:58,530 - INFO - RCSB full-text mapping 168/406: Q6ZSG1
2026-02-23 05:08:59,548 - INFO - RCSB full-text mapping 169/406: Q6ZT12
2026-02-23 05:08:59,563 - INFO - RCSB full-text mapping 170/406: Q6ZTA4
2026-02-23 05:09:00,582 - INFO - RCSB full-text mapping 171/406: Q6ZWI9
2026-02-23 05:09:00,597 - INFO - RCSB full-text mapping 172/406: Q712K3
2026-02-23 05:09:01,614 - INFO - RCSB full-text mapping 173/406: Q75N03
2026-02-23 05:09:01,627 - INFO - RCSB full-text mapping 174/406: Q76N89
2026-02-23 05:09:02,644 - INFO - RCSB full-text mapping 175/406: Q7L0R7
2026-02-23 05:09:02,660 - INFO - RCSB full-text mapping 176/406: Q7L5Y9
2026-02-23 05:09:03,675 - INFO - RCSB full-text mapping 177/406: Q7L622
2026-02-23 05:09:03,689 - INFO - RCSB full-text mapping 178/406: Q7Z3V4
2026-02-23 05:09:03,702 - INFO - RCSB full-text mapping 179/406: Q7Z419
2026-02-23 05:09:03,715 - INFO - RCSB full-text mapping 180/406: Q7Z4K8
2026-02-23 05:09:03,730 - INFO - RCSB full-text mapping 181/406: Q7Z569
2026-02-23 05:09:03,742 - INFO - RCSB full-text mapping 182/406: Q7Z5L9
2026-02-23 05:09:04,757 - INFO - RCSB full-text mapping 183/406: Q7Z6E9
2026-02-23 05:09:05,774 - INFO - RCSB full-text mapping 184/406: Q7Z6J0
2026-02-23 05:09:06,789 - INFO - RCSB full-text mapping 185/406: Q7Z6J8
2026-02-23 05:09:06,805 - INFO - RCSB full-text mapping 186/406: Q7Z6Z7
2026-02-23 05:09:07,821 - INFO - RCSB full-text mapping 187/406: Q7Z7E8
2026-02-23 05:09:08,837 - INFO - RCSB full-text mapping 188/406: Q86SE9
2026-02-23 05:09:09,855 - INFO - RCSB full-text mapping 189/406: Q86T96
2026-02-23 05:09:09,870 - INFO - RCSB full-text mapping 190/406: Q86TM6
2026-02-23 05:09:10,884 - INFO - RCSB full-text mapping 191/406: Q86UD3
2026-02-23 05:09:10,900 - INFO - RCSB full-text mapping 192/406: Q86UK7
2026-02-23 05:09:10,913 - INFO - RCSB full-text mapping 193/406: Q86UV6
2026-02-23 05:09:10,928 - INFO - RCSB full-text mapping 194/406: Q86UV7
2026-02-23 05:09:10,941 - INFO - RCSB full-text mapping 195/406: Q86UW9
2026-02-23 05:09:11,956 - INFO - RCSB full-text mapping 196/406: Q86WT6
2026-02-23 05:09:12,971 - INFO - RCSB full-text mapping 197/406: Q86XN8
2026-02-23 05:09:13,987 - INFO - RCSB full-text mapping 198/406: Q86XS8
2026-02-23 05:09:14,002 - INFO - RCSB full-text mapping 199/406: Q86XT4
2026-02-23 05:09:14,016 - INFO - RCSB full-text mapping 200/406: Q86Y01
2026-02-23 05:09:15,031 - INFO - RCSB full-text mapping 201/406: Q86Y13
2026-02-23 05:09:15,045 - INFO - RCSB full-text mapping 202/406: Q86YJ5
2026-02-23 05:09:15,060 - INFO - RCSB full-text mapping 203/406: Q86YT6
2026-02-23 05:09:16,075 - INFO - RCSB full-text mapping 204/406: Q8IU81
2026-02-23 05:09:16,091 - INFO - RCSB full-text mapping 205/406: Q8IUD6
2026-02-23 05:09:17,107 - INFO - RCSB full-text mapping 206/406: Q8IUQ4
2026-02-23 05:09:18,124 - INFO - RCSB full-text mapping 207/406: Q8IVU3
2026-02-23 05:09:19,140 - INFO - RCSB full-text mapping 208/406: Q8IWR1
2026-02-23 05:09:19,155 - INFO - RCSB full-text mapping 209/406: Q8IWT3
2026-02-23 05:09:20,170 - INFO - RCSB full-text mapping 210/406: Q8IWV7
2026-02-23 05:09:21,186 - INFO - RCSB full-text mapping 211/406: Q8IWV8
2026-02-23 05:09:22,203 - INFO - RCSB full-text mapping 212/406: Q8IWZ4
2026-02-23 05:09:22,218 - INFO - RCSB full-text mapping 213/406: Q8IWZ5
2026-02-23 05:09:22,231 - INFO - RCSB full-text mapping 214/406: Q8IYM9
2026-02-23 05:09:22,244 - INFO - RCSB full-text mapping 215/406: Q8IYU2
2026-02-23 05:09:23,258 - INFO - RCSB full-text mapping 216/406: Q8IYW5
2026-02-23 05:09:24,275 - INFO - RCSB full-text mapping 217/406: Q8IZP6
2026-02-23 05:09:25,290 - INFO - RCSB full-text mapping 218/406: Q8N2H9
2026-02-23 05:09:25,305 - INFO - RCSB full-text mapping 219/406: Q8N2K1
2026-02-23 05:09:26,320 - INFO - RCSB full-text mapping 220/406: Q8N2W9
2026-02-23 05:09:26,334 - INFO - RCSB full-text mapping 221/406: Q8N3P4
2026-02-23 05:09:26,348 - INFO - RCSB full-text mapping 222/406: Q8N448
2026-02-23 05:09:27,363 - INFO - RCSB full-text mapping 223/406: Q8N4F7
2026-02-23 05:09:27,377 - INFO - RCSB full-text mapping 224/406: Q8N5U6
2026-02-23 05:09:27,391 - INFO - RCSB full-text mapping 225/406: Q8N6D2
2026-02-23 05:09:27,405 - INFO - RCSB full-text mapping 226/406: Q8N7C7
2026-02-23 05:09:27,419 - INFO - RCSB full-text mapping 227/406: Q8N7E2
2026-02-23 05:09:27,431 - INFO - RCSB full-text mapping 228/406: Q8N8N0
2026-02-23 05:09:27,444 - INFO - RCSB full-text mapping 229/406: Q8N9I9
2026-02-23 05:09:27,457 - INFO - RCSB full-text mapping 230/406: Q8N9V2
2026-02-23 05:09:27,470 - INFO - RCSB full-text mapping 231/406: Q8N9V3
2026-02-23 05:09:27,483 - INFO - RCSB full-text mapping 232/406: Q8NA82
2026-02-23 05:09:27,496 - INFO - RCSB full-text mapping 233/406: Q8NC42
2026-02-23 05:09:27,509 - INFO - RCSB full-text mapping 234/406: Q8NCN4
2026-02-23 05:09:28,524 - INFO - RCSB full-text mapping 235/406: Q8ND24
2026-02-23 05:09:28,539 - INFO - RCSB full-text mapping 236/406: Q8ND25
2026-02-23 05:09:29,556 - INFO - RCSB full-text mapping 237/406: Q8NEG5
2026-02-23 05:09:30,572 - INFO - RCSB full-text mapping 238/406: Q8NEZ4
2026-02-23 05:09:31,590 - INFO - RCSB full-text mapping 239/406: Q8NF64
2026-02-23 05:09:31,605 - INFO - RCSB full-text mapping 240/406: Q8NG06
2026-02-23 05:09:32,621 - INFO - RCSB full-text mapping 241/406: Q8NG27
2026-02-23 05:09:33,638 - INFO - RCSB full-text mapping 242/406: Q8NHG8
2026-02-23 05:09:33,653 - INFO - RCSB full-text mapping 243/406: Q8NHY2
2026-02-23 05:09:34,670 - INFO - RCSB full-text mapping 244/406: Q8TBB1
2026-02-23 05:09:35,686 - INFO - RCSB full-text mapping 245/406: Q8TC41
2026-02-23 05:09:35,701 - INFO - RCSB full-text mapping 246/406: Q8TCQ1
2026-02-23 05:09:35,716 - INFO - RCSB full-text mapping 247/406: Q8TDB6
2026-02-23 05:09:36,732 - INFO - RCSB full-text mapping 248/406: Q8TEB7
2026-02-23 05:09:37,748 - INFO - RCSB full-text mapping 249/406: Q8TEC5
2026-02-23 05:09:37,762 - INFO - RCSB full-text mapping 250/406: Q8TEJ3
2026-02-23 05:09:37,775 - INFO - RCSB full-text mapping 251/406: Q8WU17
2026-02-23 05:09:37,787 - INFO - RCSB full-text mapping 252/406: Q8WV22
2026-02-23 05:09:38,803 - INFO - RCSB full-text mapping 253/406: Q8WV44
2026-02-23 05:09:39,820 - INFO - RCSB full-text mapping 254/406: Q8WVD3
2026-02-23 05:09:39,833 - INFO - RCSB full-text mapping 255/406: Q8WVD5
2026-02-23 05:09:40,849 - INFO - RCSB full-text mapping 256/406: Q8WVN8
2026-02-23 05:09:41,865 - INFO - RCSB full-text mapping 257/406: Q8WVZ7
2026-02-23 05:09:41,879 - INFO - RCSB full-text mapping 258/406: Q8WWF5
2026-02-23 05:09:41,893 - INFO - RCSB full-text mapping 259/406: Q8WY64
2026-02-23 05:09:42,908 - INFO - RCSB full-text mapping 260/406: Q8WZ73
2026-02-23 05:09:43,924 - INFO - RCSB full-text mapping 261/406: Q92793
2026-02-23 05:09:44,942 - INFO - RCSB full-text mapping 262/406: Q969K3
2026-02-23 05:09:44,956 - INFO - RCSB full-text mapping 263/406: Q969M7
2026-02-23 05:09:45,971 - INFO - RCSB full-text mapping 264/406: Q969Q1
2026-02-23 05:09:46,987 - INFO - RCSB full-text mapping 265/406: Q969T4
2026-02-23 05:09:47,002 - INFO - RCSB full-text mapping 266/406: Q969V5
2026-02-23 05:09:48,019 - INFO - RCSB full-text mapping 267/406: Q96A37
2026-02-23 05:09:48,033 - INFO - RCSB full-text mapping 268/406: Q96A61
2026-02-23 05:09:48,047 - INFO - RCSB full-text mapping 269/406: Q96AX9
2026-02-23 05:09:48,061 - INFO - RCSB full-text mapping 270/406: Q96B02
2026-02-23 05:09:49,075 - INFO - RCSB full-text mapping 271/406: Q96BH1
2026-02-23 05:09:50,092 - INFO - RCSB full-text mapping 272/406: Q96BQ3
2026-02-23 05:09:50,105 - INFO - RCSB full-text mapping 273/406: Q96CA5
2026-02-23 05:09:51,120 - INFO - RCSB full-text mapping 274/406: Q96D59
2026-02-23 05:09:51,133 - INFO - RCSB full-text mapping 275/406: Q96DX4
2026-02-23 05:09:51,148 - INFO - RCSB full-text mapping 276/406: Q96EH8
2026-02-23 05:09:51,162 - INFO - RCSB full-text mapping 277/406: Q96EP0
2026-02-23 05:09:52,179 - INFO - RCSB full-text mapping 278/406: Q96EP1
2026-02-23 05:09:53,194 - INFO - RCSB full-text mapping 279/406: Q96EQ8
2026-02-23 05:09:54,210 - INFO - RCSB full-text mapping 280/406: Q96EX2
2026-02-23 05:09:54,225 - INFO - RCSB full-text mapping 281/406: Q96F44
2026-02-23 05:09:55,240 - INFO - RCSB full-text mapping 282/406: Q96FA3
2026-02-23 05:09:56,255 - INFO - RCSB full-text mapping 283/406: Q96G75
2026-02-23 05:09:56,270 - INFO - RCSB full-text mapping 284/406: Q96GF1
2026-02-23 05:09:56,284 - INFO - RCSB full-text mapping 285/406: Q96J02
2026-02-23 05:09:57,299 - INFO - RCSB full-text mapping 286/406: Q96K19
2026-02-23 05:09:57,313 - INFO - RCSB full-text mapping 287/406: Q96LD4
2026-02-23 05:09:57,327 - INFO - RCSB full-text mapping 288/406: Q96LR5
2026-02-23 05:09:58,342 - INFO - RCSB full-text mapping 289/406: Q96MF7
2026-02-23 05:09:59,358 - INFO - RCSB full-text mapping 290/406: Q96MT1
2026-02-23 05:09:59,373 - INFO - RCSB full-text mapping 291/406: Q96P09
2026-02-23 05:10:00,388 - INFO - RCSB full-text mapping 292/406: Q96PM5
2026-02-23 05:10:01,404 - INFO - RCSB full-text mapping 293/406: Q96PU4
2026-02-23 05:10:02,420 - INFO - RCSB full-text mapping 294/406: Q96PU5
2026-02-23 05:10:03,436 - INFO - RCSB full-text mapping 295/406: Q96PX1
2026-02-23 05:10:03,449 - INFO - RCSB full-text mapping 296/406: Q96T88
2026-02-23 05:10:04,465 - INFO - RCSB full-text mapping 297/406: Q99496
2026-02-23 05:10:05,482 - INFO - RCSB full-text mapping 298/406: Q99590
2026-02-23 05:10:05,592 - INFO - RCSB full-text mapping 299/406: Q99675
2026-02-23 05:10:06,610 - INFO - RCSB full-text mapping 300/406: Q99728
2026-02-23 05:10:07,625 - INFO - RCSB full-text mapping 301/406: Q99942
2026-02-23 05:10:07,639 - INFO - RCSB full-text mapping 302/406: Q9BRZ2
2026-02-23 05:10:08,678 - INFO - RCSB full-text mapping 303/406: Q9BSJ1
2026-02-23 05:10:08,692 - INFO - RCSB full-text mapping 304/406: Q9BSM1
2026-02-23 05:10:09,707 - INFO - RCSB full-text mapping 305/406: Q9BUZ4
2026-02-23 05:10:10,722 - INFO - RCSB full-text mapping 306/406: Q9BV68
2026-02-23 05:10:11,740 - INFO - RCSB full-text mapping 307/406: Q9BVG3
2026-02-23 05:10:11,753 - INFO - RCSB full-text mapping 308/406: Q9BWF2
2026-02-23 05:10:12,768 - INFO - RCSB full-text mapping 309/406: Q9BWX1
2026-02-23 05:10:12,781 - INFO - RCSB full-text mapping 310/406: Q9BXT8
2026-02-23 05:10:13,795 - INFO - RCSB full-text mapping 311/406: Q9BY78
2026-02-23 05:10:13,811 - INFO - RCSB full-text mapping 312/406: Q9BYE7
2026-02-23 05:10:14,825 - INFO - RCSB full-text mapping 313/406: Q9BYJ4
2026-02-23 05:10:15,840 - INFO - RCSB full-text mapping 314/406: Q9BYM8
2026-02-23 05:10:16,857 - INFO - RCSB full-text mapping 315/406: Q9BYV2
2026-02-23 05:10:17,873 - INFO - RCSB full-text mapping 316/406: Q9BYV6
2026-02-23 05:10:17,888 - INFO - RCSB full-text mapping 317/406: Q9BZR9
2026-02-23 05:10:17,901 - INFO - RCSB full-text mapping 318/406: Q9BZY9
2026-02-23 05:10:18,918 - INFO - RCSB full-text mapping 319/406: Q9C019
2026-02-23 05:10:19,934 - INFO - RCSB full-text mapping 320/406: Q9C026
2026-02-23 05:10:20,951 - INFO - RCSB full-text mapping 321/406: Q9C029
2026-02-23 05:10:21,967 - INFO - RCSB full-text mapping 322/406: Q9C030
2026-02-23 05:10:21,981 - INFO - RCSB full-text mapping 323/406: Q9C035
2026-02-23 05:10:22,995 - INFO - RCSB full-text mapping 324/406: Q9C037
2026-02-23 05:10:23,011 - INFO - RCSB full-text mapping 325/406: Q9C040
2026-02-23 05:10:24,025 - INFO - RCSB full-text mapping 326/406: Q9C0B0
2026-02-23 05:10:24,039 - INFO - RCSB full-text mapping 327/406: Q9C0C9
2026-02-23 05:10:25,055 - INFO - RCSB full-text mapping 328/406: Q9H000
2026-02-23 05:10:25,070 - INFO - RCSB full-text mapping 329/406: Q9H0A6
2026-02-23 05:10:25,083 - INFO - RCSB full-text mapping 330/406: Q9H0F5
2026-02-23 05:10:26,098 - INFO - RCSB full-text mapping 331/406: Q9H0M0
2026-02-23 05:10:27,113 - INFO - RCSB full-text mapping 332/406: Q9H0X6
2026-02-23 05:10:27,127 - INFO - RCSB full-text mapping 333/406: Q9H1B7
2026-02-23 05:10:28,143 - INFO - RCSB full-text mapping 334/406: Q9H270
2026-02-23 05:10:28,157 - INFO - RCSB full-text mapping 335/406: Q9H2S5
2026-02-23 05:10:28,170 - INFO - RCSB full-text mapping 336/406: Q9H4P4
2026-02-23 05:10:29,185 - INFO - RCSB full-text mapping 337/406: Q9H6Y7
2026-02-23 05:10:29,200 - INFO - RCSB full-text mapping 338/406: Q9H832
2026-02-23 05:10:30,216 - INFO - RCSB full-text mapping 339/406: Q9H871
2026-02-23 05:10:31,234 - INFO - RCSB full-text mapping 340/406: Q9H8W5
2026-02-23 05:10:32,251 - INFO - RCSB full-text mapping 341/406: Q9H920
2026-02-23 05:10:32,266 - INFO - RCSB full-text mapping 342/406: Q9H992
2026-02-23 05:10:32,279 - INFO - RCSB full-text mapping 343/406: Q9H9P5
2026-02-23 05:10:32,292 - INFO - RCSB full-text mapping 344/406: Q9H9V4
2026-02-23 05:10:32,305 - INFO - RCSB full-text mapping 345/406: Q9HAT8
2026-02-23 05:10:33,320 - INFO - RCSB full-text mapping 346/406: Q9HAU4
2026-02-23 05:10:34,336 - INFO - RCSB full-text mapping 347/406: Q9HBD1
2026-02-23 05:10:35,353 - INFO - RCSB full-text mapping 348/406: Q9HCE7
2026-02-23 05:10:36,369 - INFO - RCSB full-text mapping 349/406: Q9HCI7
2026-02-23 05:10:37,386 - INFO - RCSB full-text mapping 350/406: Q9HCM9
2026-02-23 05:10:38,402 - INFO - RCSB full-text mapping 351/406: Q9NPC3
2026-02-23 05:10:39,417 - INFO - RCSB full-text mapping 352/406: Q9NPD8
2026-02-23 05:10:40,432 - INFO - RCSB full-text mapping 353/406: Q9NQ86
2026-02-23 05:10:41,448 - INFO - RCSB full-text mapping 354/406: Q9NR09
2026-02-23 05:10:42,466 - INFO - RCSB full-text mapping 355/406: Q9NS56
2026-02-23 05:10:42,480 - INFO - RCSB full-text mapping 356/406: Q9NS91
2026-02-23 05:10:43,496 - INFO - RCSB full-text mapping 357/406: Q9NTX7
2026-02-23 05:10:44,511 - INFO - RCSB full-text mapping 358/406: Q9NV58
2026-02-23 05:10:44,525 - INFO - RCSB full-text mapping 359/406: Q9NVW2
2026-02-23 05:10:45,542 - INFO - RCSB full-text mapping 360/406: Q9NW38
2026-02-23 05:10:46,560 - INFO - RCSB full-text mapping 361/406: Q9NWF9
2026-02-23 05:10:47,576 - INFO - RCSB full-text mapping 362/406: Q9NX47
2026-02-23 05:10:47,590 - INFO - RCSB full-text mapping 363/406: Q9NXI6
2026-02-23 05:10:47,604 - INFO - RCSB full-text mapping 364/406: Q9NYG5
2026-02-23 05:10:48,620 - INFO - RCSB full-text mapping 365/406: Q9NZS9
2026-02-23 05:10:48,636 - INFO - RCSB full-text mapping 366/406: Q9P0J7
2026-02-23 05:10:49,650 - INFO - RCSB full-text mapping 367/406: Q9P0N8
2026-02-23 05:10:49,664 - INFO - RCSB full-text mapping 368/406: Q9P0P0
2026-02-23 05:10:49,677 - INFO - RCSB full-text mapping 369/406: Q9P1Y6
2026-02-23 05:10:49,690 - INFO - RCSB full-text mapping 370/406: Q9P253
2026-02-23 05:10:49,704 - INFO - RCSB full-text mapping 371/406: Q9P2E8
2026-02-23 05:10:49,716 - INFO - RCSB full-text mapping 372/406: Q9P2G1
2026-02-23 05:10:49,730 - INFO - RCSB full-text mapping 373/406: Q9P2P5
2026-02-23 05:10:50,743 - INFO - RCSB full-text mapping 374/406: Q9UBF6
2026-02-23 05:10:51,760 - INFO - RCSB full-text mapping 375/406: Q9UBN7
2026-02-23 05:10:52,777 - INFO - RCSB full-text mapping 376/406: Q9UBS8
2026-02-23 05:10:52,790 - INFO - RCSB full-text mapping 377/406: Q9UDY6
2026-02-23 05:10:53,805 - INFO - RCSB full-text mapping 378/406: Q9UHC7
2026-02-23 05:10:53,818 - INFO - RCSB full-text mapping 379/406: Q9UII4
2026-02-23 05:10:54,833 - INFO - RCSB full-text mapping 380/406: Q9UJV3
2026-02-23 05:10:55,849 - INFO - RCSB full-text mapping 381/406: Q9UKV5
2026-02-23 05:10:56,864 - INFO - RCSB full-text mapping 382/406: Q9ULJ6
2026-02-23 05:10:57,881 - INFO - RCSB full-text mapping 383/406: Q9ULK6
2026-02-23 05:10:57,895 - INFO - RCSB full-text mapping 384/406: Q9ULT6
2026-02-23 05:10:58,911 - INFO - RCSB full-text mapping 385/406: Q9ULT8
2026-02-23 05:10:59,927 - INFO - RCSB full-text mapping 386/406: Q9ULV8
2026-02-23 05:11:00,944 - INFO - RCSB full-text mapping 387/406: Q9ULX5
2026-02-23 05:11:00,958 - INFO - RCSB full-text mapping 388/406: Q9UMS4
2026-02-23 05:11:01,974 - INFO - RCSB full-text mapping 389/406: Q9UNE7
2026-02-23 05:11:02,991 - INFO - RCSB full-text mapping 390/406: Q9UPN9
2026-02-23 05:11:04,007 - INFO - RCSB full-text mapping 391/406: Q9UPQ4
2026-02-23 05:11:04,021 - INFO - RCSB full-text mapping 392/406: Q9UPQ7
2026-02-23 05:11:05,038 - INFO - RCSB full-text mapping 393/406: Q9Y225
2026-02-23 05:11:06,052 - INFO - RCSB full-text mapping 394/406: Q9Y252
2026-02-23 05:11:06,068 - INFO - RCSB full-text mapping 395/406: Q9Y2E6
2026-02-23 05:11:06,082 - INFO - RCSB full-text mapping 396/406: Q9Y2X8
2026-02-23 05:11:06,095 - INFO - RCSB full-text mapping 397/406: Q9Y314
2026-02-23 05:11:07,109 - INFO - RCSB full-text mapping 398/406: Q9Y385
2026-02-23 05:11:07,125 - INFO - RCSB full-text mapping 399/406: Q9Y3C5
2026-02-23 05:11:07,137 - INFO - RCSB full-text mapping 400/406: Q9Y4D8
2026-02-23 05:11:07,150 - INFO - RCSB full-text mapping 401/406: Q9Y4K3
2026-02-23 05:11:08,165 - INFO - RCSB full-text mapping 402/406: Q9Y4L5
2026-02-23 05:11:08,515 - INFO - RCSB full-text mapping 403/406: Q9Y4X5
2026-02-23 05:11:09,530 - INFO - RCSB full-text mapping 404/406: Q9Y508
2026-02-23 05:11:09,544 - INFO - RCSB full-text mapping 405/406: Q9Y577
2026-02-23 05:11:09,558 - INFO - RCSB full-text mapping 406/406: Q9Y6U7
2026-02-23 05:11:09,573 - INFO - Combined mapping complete
2026-02-23 05:11:09,574 - INFO - Total unique PDB IDs mapped: 2033
2026-02-23 05:11:09,574 - INFO - Processing all 2033 PDB IDs
2026-02-23 05:11:09,574 - INFO - JSON API: 1/2033 13RZ
2026-02-23 05:11:12,970 - INFO - JSON API: 51/2033 1FP0
2026-02-23 05:11:17,743 - INFO - JSON API: 101/2033 1TFT
2026-02-23 05:11:21,355 - INFO - JSON API: 151/2033 2BZ8
2026-02-23 05:11:25,675 - INFO - JSON API: 201/2033 2EJS
2026-02-23 05:11:29,209 - INFO - JSON API: 251/2033 2KEO
2026-02-23 05:11:34,107 - INFO - JSON API: 301/2033 2MPS
2026-02-23 05:11:37,726 - INFO - JSON API: 351/2033 2VSL
2026-02-23 05:11:42,121 - INFO - JSON API: 401/2033 3CLZ
2026-02-23 05:11:45,650 - INFO - JSON API: 451/2033 3IO2
2026-02-23 05:11:51,246 - INFO - JSON API: 501/2033 3OJ4
2026-02-23 05:11:54,981 - INFO - JSON API: 551/2033 3UIO
2026-02-23 05:12:00,036 - INFO - JSON API: 601/2033 4DIJ
2026-02-23 05:12:03,727 - INFO - JSON API: 651/2033 4K8U
2026-02-23 05:12:08,331 - INFO - JSON API: 701/2033 4OGN
2026-02-23 05:12:12,221 - INFO - JSON API: 751/2033 4UFS
2026-02-23 05:12:17,475 - INFO - JSON API: 801/2033 4ZYF
2026-02-23 05:12:21,361 - INFO - JSON API: 851/2033 5E22
2026-02-23 05:12:26,286 - INFO - JSON API: 901/2033 5IAY
2026-02-23 05:12:31,138 - INFO - JSON API: 951/2033 5MME
2026-02-23 05:12:36,400 - INFO - JSON API: 1001/2033 5ULK
2026-02-23 05:12:40,985 - INFO - JSON API: 1051/2033 5YYA
2026-02-23 05:12:49,012 - INFO - JSON API: 1101/2033 6FGN
2026-02-23 05:12:54,176 - INFO - JSON API: 1151/2033 6KFP
2026-02-23 05:13:00,393 - INFO - JSON API: 1201/2033 6QU1
2026-02-23 05:13:05,632 - INFO - JSON API: 1251/2033 6UYU
2026-02-23 05:13:11,899 - INFO - JSON API: 1301/2033 7B2S
2026-02-23 05:13:20,630 - INFO - JSON API: 1351/2033 7KZV
2026-02-23 05:13:28,890 - INFO - JSON API: 1401/2033 7Q40
2026-02-23 05:13:33,487 - INFO - JSON API: 1451/2033 7VHY
2026-02-23 05:13:41,184 - INFO - JSON API: 1501/2033 8ATM
2026-02-23 05:13:48,152 - INFO - JSON API: 1551/2033 8EIB
2026-02-23 05:13:55,570 - INFO - JSON API: 1601/2033 8H38
2026-02-23 05:14:05,900 - INFO - JSON API: 1651/2033 8JRQ
2026-02-23 05:14:11,680 - INFO - JSON API: 1701/2033 8PYR
2026-02-23 05:14:17,163 - INFO - JSON API: 1751/2033 8SN7
2026-02-23 05:14:28,312 - INFO - JSON API: 1801/2033 8WQH
2026-02-23 05:14:33,246 - INFO - JSON API: 1851/2033 9DDE
2026-02-23 05:14:41,200 - INFO - JSON API: 1901/2033 9H9T
2026-02-23 05:14:45,855 - INFO - JSON API: 1951/2033 9LU1
2026-02-23 05:14:52,244 - INFO - JSON API: 2001/2033 9QO5
2026-02-23 05:14:54,917 - INFO - JSON API returned base info for 2033 entries
2026-02-23 05:14:55,000 - INFO - UniProt gene-mapping batch 1: 400 IDs
2026-02-23 05:14:56,608 - INFO - UniProt gene-mapping batch 2: 6 IDs
2026-02-23 05:16:56,867 - WARNING - Retrying (Retry(total=4, connect=5, read=4, redirect=None, status=None)) after connection broken by 'ReadTimeoutError("HTTPSConnectionPool(host='rest.uniprot.org', port=443): Read timed out. (read timeout=120)")': /idmapping/stream/hSXz8X9KWx
2026-02-23 05:16:58,211 - INFO - Mapped 406 UniProt IDs to gene names via mapping API
2026-02-23 05:16:58,269 - INFO - Saved main CSV: /home/runner/work/UbiqCore/UbiqCore/util/data/pdb_updates/pdb_structures_detailed_update_20260223.csv
2026-02-23 05:16:58,272 - INFO - 
Summary:
2026-02-23 05:16:58,272 - INFO - Total unique PDB structures: 2033
2026-02-23 05:16:58,273 - INFO - PDB structures containing E2 (by UniProt IDs): 358
2026-02-23 05:16:58,274 - INFO - PDB structures containing E3 (by UniProt IDs): 1809
2026-02-23 05:16:58,274 - INFO - PDB structures containing Ubiquitin: 165
2026-02-23 05:16:58,275 - INFO - PDB structures containing both E2 and E3: 135
2026-02-23 05:16:58,275 - INFO - PDB structures containing E2, E3, and Ubiquitin: 58
2026-02-23 05:16:58,276 - INFO - processing complete.
