2026-01-02 21:34:07,256 - INFO - Logging to /home/runner/work/UB-PredicTernary/UB-PredicTernary/util/data/pdb_updates/pdb_update_20260102_213407.log
2026-01-02 21:34:07,257 - INFO - Read 37 E2 IDs and 369 E3 IDs
2026-01-02 21:34:07,257 - INFO - Total unique UniProt IDs: 406
2026-01-02 21:34:07,257 - INFO - Starting UniProt→PDB mapping via UniProt service...
2026-01-02 21:34:07,257 - INFO - UniProt mapping batch 1: 50 IDs
2026-01-02 21:34:09,207 - INFO - UniProt mapping batch 2: 50 IDs
2026-01-02 21:34:10,661 - INFO - UniProt mapping batch 3: 50 IDs
2026-01-02 21:34:12,077 - INFO - UniProt mapping batch 4: 50 IDs
2026-01-02 21:34:13,488 - INFO - UniProt mapping batch 5: 50 IDs
2026-01-02 21:34:14,897 - INFO - UniProt mapping batch 6: 50 IDs
2026-01-02 21:34:16,318 - INFO - UniProt mapping batch 7: 50 IDs
2026-01-02 21:34:17,733 - INFO - UniProt mapping batch 8: 50 IDs
2026-01-02 21:34:19,146 - INFO - UniProt mapping batch 9: 6 IDs
2026-01-02 21:34:20,552 - INFO - Starting UniProt→PDB mapping via RCSB full-text search...
2026-01-02 21:34:20,552 - INFO - RCSB full-text mapping 1/406: A0A1B0GUS4
2026-01-02 21:34:20,934 - INFO - RCSB full-text mapping 2/406: A0AVI4
2026-01-02 21:34:20,967 - INFO - RCSB full-text mapping 3/406: A1L020
2026-01-02 21:34:20,998 - INFO - RCSB full-text mapping 4/406: A1L167
2026-01-02 21:34:21,030 - INFO - RCSB full-text mapping 5/406: A6NCK2
2026-01-02 21:34:21,060 - INFO - RCSB full-text mapping 6/406: A6NCQ9
2026-01-02 21:34:21,091 - INFO - RCSB full-text mapping 7/406: A6NDI0
2026-01-02 21:34:21,122 - INFO - RCSB full-text mapping 8/406: A6NGJ6
2026-01-02 21:34:21,152 - INFO - RCSB full-text mapping 9/406: A6NI03
2026-01-02 21:34:21,187 - INFO - RCSB full-text mapping 10/406: A6NK02
2026-01-02 21:34:21,217 - INFO - RCSB full-text mapping 11/406: A6NLI5
2026-01-02 21:34:21,247 - INFO - RCSB full-text mapping 12/406: A6NLU0
2026-01-02 21:34:22,279 - INFO - RCSB full-text mapping 13/406: A6NNE9
2026-01-02 21:34:22,309 - INFO - RCSB full-text mapping 14/406: A8MQ27
2026-01-02 21:34:22,339 - INFO - RCSB full-text mapping 15/406: A8MTL3
2026-01-02 21:34:22,369 - INFO - RCSB full-text mapping 16/406: C9J1S8
2026-01-02 21:34:22,400 - INFO - RCSB full-text mapping 17/406: E7ERA6
2026-01-02 21:34:22,430 - INFO - RCSB full-text mapping 18/406: F8VTS6
2026-01-02 21:34:22,461 - INFO - RCSB full-text mapping 19/406: I1YAP6
2026-01-02 21:34:22,491 - INFO - RCSB full-text mapping 20/406: M0QZC1
2026-01-02 21:34:22,522 - INFO - RCSB full-text mapping 21/406: O00237
2026-01-02 21:34:22,551 - INFO - RCSB full-text mapping 22/406: O00308
2026-01-02 21:34:23,584 - INFO - RCSB full-text mapping 23/406: O00463
2026-01-02 21:34:24,618 - INFO - RCSB full-text mapping 24/406: O00623
2026-01-02 21:34:24,649 - INFO - RCSB full-text mapping 25/406: O00635
2026-01-02 21:34:24,679 - INFO - RCSB full-text mapping 26/406: O00762
2026-01-02 21:34:25,711 - INFO - RCSB full-text mapping 27/406: O14686
2026-01-02 21:34:26,746 - INFO - RCSB full-text mapping 28/406: O14933
2026-01-02 21:34:27,779 - INFO - RCSB full-text mapping 29/406: O15033
2026-01-02 21:34:28,813 - INFO - RCSB full-text mapping 30/406: O15151
2026-01-02 21:34:29,849 - INFO - RCSB full-text mapping 31/406: O15164
2026-01-02 21:34:30,881 - INFO - RCSB full-text mapping 32/406: O15344
2026-01-02 21:34:31,917 - INFO - RCSB full-text mapping 33/406: O15541
2026-01-02 21:34:32,950 - INFO - RCSB full-text mapping 34/406: O43164
2026-01-02 21:34:32,981 - INFO - RCSB full-text mapping 35/406: O43255
2026-01-02 21:34:34,012 - INFO - RCSB full-text mapping 36/406: O43567
2026-01-02 21:34:35,046 - INFO - RCSB full-text mapping 37/406: O60260
2026-01-02 21:34:36,081 - INFO - RCSB full-text mapping 38/406: O60291
2026-01-02 21:34:36,113 - INFO - RCSB full-text mapping 39/406: O60337
2026-01-02 21:34:36,144 - INFO - RCSB full-text mapping 40/406: O60683
2026-01-02 21:34:36,173 - INFO - RCSB full-text mapping 41/406: O60858
2026-01-02 21:34:36,203 - INFO - RCSB full-text mapping 42/406: O75150
2026-01-02 21:34:37,235 - INFO - RCSB full-text mapping 43/406: O75382
2026-01-02 21:34:38,270 - INFO - RCSB full-text mapping 44/406: O75592
2026-01-02 21:34:39,303 - INFO - RCSB full-text mapping 45/406: O75677
2026-01-02 21:34:39,335 - INFO - RCSB full-text mapping 46/406: O75678
2026-01-02 21:34:39,366 - INFO - RCSB full-text mapping 47/406: O75679
2026-01-02 21:34:39,398 - INFO - RCSB full-text mapping 48/406: O75928
2026-01-02 21:34:40,430 - INFO - RCSB full-text mapping 49/406: O76050
2026-01-02 21:34:40,463 - INFO - RCSB full-text mapping 50/406: O76064
2026-01-02 21:34:41,497 - INFO - RCSB full-text mapping 51/406: O94822
2026-01-02 21:34:42,531 - INFO - RCSB full-text mapping 52/406: O94941
2026-01-02 21:34:42,563 - INFO - RCSB full-text mapping 53/406: O94972
2026-01-02 21:34:43,597 - INFO - RCSB full-text mapping 54/406: O95071
2026-01-02 21:34:44,632 - INFO - RCSB full-text mapping 55/406: O95155
2026-01-02 21:34:45,665 - INFO - RCSB full-text mapping 56/406: O95159
2026-01-02 21:34:45,696 - INFO - RCSB full-text mapping 57/406: O95376
2026-01-02 21:34:46,730 - INFO - RCSB full-text mapping 58/406: O95628
2026-01-02 21:34:47,764 - INFO - RCSB full-text mapping 59/406: O95714
2026-01-02 21:34:48,797 - INFO - RCSB full-text mapping 60/406: P0CI25
2026-01-02 21:34:48,828 - INFO - RCSB full-text mapping 61/406: P0CI26
2026-01-02 21:34:48,861 - INFO - RCSB full-text mapping 62/406: P0DH78
2026-01-02 21:34:48,892 - INFO - RCSB full-text mapping 63/406: P0DTL6
2026-01-02 21:34:48,923 - INFO - RCSB full-text mapping 64/406: P14373
2026-01-02 21:34:48,952 - INFO - RCSB full-text mapping 65/406: P15918
2026-01-02 21:34:48,982 - INFO - RCSB full-text mapping 66/406: P19474
2026-01-02 21:34:50,014 - INFO - RCSB full-text mapping 67/406: P22681
2026-01-02 21:34:51,049 - INFO - RCSB full-text mapping 68/406: P28328
2026-01-02 21:34:51,079 - INFO - RCSB full-text mapping 69/406: P29590
2026-01-02 21:34:52,111 - INFO - RCSB full-text mapping 70/406: P35226
2026-01-02 21:34:53,438 - INFO - RCSB full-text mapping 71/406: P35227
2026-01-02 21:34:53,472 - INFO - RCSB full-text mapping 72/406: P36406
2026-01-02 21:34:54,505 - INFO - RCSB full-text mapping 73/406: P38398
2026-01-02 21:34:55,539 - INFO - RCSB full-text mapping 74/406: P46934
2026-01-02 21:34:56,572 - INFO - RCSB full-text mapping 75/406: P49427
2026-01-02 21:34:57,607 - INFO - RCSB full-text mapping 76/406: P49459
2026-01-02 21:34:58,640 - INFO - RCSB full-text mapping 77/406: P49754
2026-01-02 21:34:58,672 - INFO - RCSB full-text mapping 78/406: P50876
2026-01-02 21:34:59,705 - INFO - RCSB full-text mapping 79/406: P51668
2026-01-02 21:35:00,738 - INFO - RCSB full-text mapping 80/406: P51948
2026-01-02 21:35:01,774 - INFO - RCSB full-text mapping 81/406: P51965
2026-01-02 21:35:02,807 - INFO - RCSB full-text mapping 82/406: P53804
2026-01-02 21:35:02,840 - INFO - RCSB full-text mapping 83/406: P60604
2026-01-02 21:35:03,874 - INFO - RCSB full-text mapping 84/406: P61077
2026-01-02 21:35:04,910 - INFO - RCSB full-text mapping 85/406: P61081
2026-01-02 21:35:05,943 - INFO - RCSB full-text mapping 86/406: P61086
2026-01-02 21:35:06,978 - INFO - RCSB full-text mapping 87/406: P61088
2026-01-02 21:35:08,012 - INFO - RCSB full-text mapping 88/406: P62253
2026-01-02 21:35:09,046 - INFO - RCSB full-text mapping 89/406: P62256
2026-01-02 21:35:10,080 - INFO - RCSB full-text mapping 90/406: P62837
2026-01-02 21:35:11,114 - INFO - RCSB full-text mapping 91/406: P62877
2026-01-02 21:35:12,149 - INFO - RCSB full-text mapping 92/406: P63146
2026-01-02 21:35:13,183 - INFO - RCSB full-text mapping 93/406: P63279
2026-01-02 21:35:14,216 - INFO - RCSB full-text mapping 94/406: P68036
2026-01-02 21:35:15,252 - INFO - RCSB full-text mapping 95/406: P78317
2026-01-02 21:35:16,285 - INFO - RCSB full-text mapping 96/406: P98170
2026-01-02 21:35:17,320 - INFO - RCSB full-text mapping 97/406: Q00987
2026-01-02 21:35:18,354 - INFO - RCSB full-text mapping 98/406: Q05086
2026-01-02 21:35:19,388 - INFO - RCSB full-text mapping 99/406: Q06587
2026-01-02 21:35:19,422 - INFO - RCSB full-text mapping 100/406: Q09472
2026-01-02 21:35:20,455 - INFO - RCSB full-text mapping 101/406: Q12899
2026-01-02 21:35:20,487 - INFO - RCSB full-text mapping 102/406: Q12933
2026-01-02 21:35:21,520 - INFO - RCSB full-text mapping 103/406: Q12986
2026-01-02 21:35:21,552 - INFO - RCSB full-text mapping 104/406: Q13049
2026-01-02 21:35:22,586 - INFO - RCSB full-text mapping 105/406: Q13064
2026-01-02 21:35:22,619 - INFO - RCSB full-text mapping 106/406: Q13114
2026-01-02 21:35:23,652 - INFO - RCSB full-text mapping 107/406: Q13191
2026-01-02 21:35:24,690 - INFO - RCSB full-text mapping 108/406: Q13233
2026-01-02 21:35:25,724 - INFO - RCSB full-text mapping 109/406: Q13263
2026-01-02 21:35:26,759 - INFO - RCSB full-text mapping 110/406: Q13356
2026-01-02 21:35:27,794 - INFO - RCSB full-text mapping 111/406: Q13404
2026-01-02 21:35:28,829 - INFO - RCSB full-text mapping 112/406: Q13434
2026-01-02 21:35:28,862 - INFO - RCSB full-text mapping 113/406: Q13489
2026-01-02 21:35:29,900 - INFO - RCSB full-text mapping 114/406: Q13490
2026-01-02 21:35:30,934 - INFO - RCSB full-text mapping 115/406: Q13501
2026-01-02 21:35:31,971 - INFO - RCSB full-text mapping 116/406: Q13702
2026-01-02 21:35:32,003 - INFO - RCSB full-text mapping 117/406: Q14139
2026-01-02 21:35:33,036 - INFO - RCSB full-text mapping 118/406: Q14258
2026-01-02 21:35:34,070 - INFO - RCSB full-text mapping 119/406: Q14527
2026-01-02 21:35:35,104 - INFO - RCSB full-text mapping 120/406: Q14669
2026-01-02 21:35:36,139 - INFO - RCSB full-text mapping 121/406: Q149N8
2026-01-02 21:35:37,172 - INFO - RCSB full-text mapping 122/406: Q15034
2026-01-02 21:35:37,203 - INFO - RCSB full-text mapping 123/406: Q15386
2026-01-02 21:35:38,238 - INFO - RCSB full-text mapping 124/406: Q15751
2026-01-02 21:35:39,269 - INFO - RCSB full-text mapping 125/406: Q15819
2026-01-02 21:35:40,305 - INFO - RCSB full-text mapping 126/406: Q16763
2026-01-02 21:35:41,341 - INFO - RCSB full-text mapping 127/406: Q17RB8
2026-01-02 21:35:41,373 - INFO - RCSB full-text mapping 128/406: Q1L5Z9
2026-01-02 21:35:41,404 - INFO - RCSB full-text mapping 129/406: Q2KHN1
2026-01-02 21:35:41,437 - INFO - RCSB full-text mapping 130/406: Q2Q1W2
2026-01-02 21:35:42,470 - INFO - RCSB full-text mapping 131/406: Q3KNV8
2026-01-02 21:35:42,501 - INFO - RCSB full-text mapping 132/406: Q495C1
2026-01-02 21:35:42,531 - INFO - RCSB full-text mapping 133/406: Q495X7
2026-01-02 21:35:42,562 - INFO - RCSB full-text mapping 134/406: Q496Y0
2026-01-02 21:35:42,593 - INFO - RCSB full-text mapping 135/406: Q5EBN2
2026-01-02 21:35:42,625 - INFO - RCSB full-text mapping 136/406: Q5GLZ8
2026-01-02 21:35:42,655 - INFO - RCSB full-text mapping 137/406: Q5M7Z0
2026-01-02 21:35:42,686 - INFO - RCSB full-text mapping 138/406: Q5T0T0
2026-01-02 21:35:43,718 - INFO - RCSB full-text mapping 139/406: Q5T197
2026-01-02 21:35:43,750 - INFO - RCSB full-text mapping 140/406: Q5T447
2026-01-02 21:35:43,782 - INFO - RCSB full-text mapping 141/406: Q5T4S7
2026-01-02 21:35:44,816 - INFO - RCSB full-text mapping 142/406: Q5TA31
2026-01-02 21:35:45,850 - INFO - RCSB full-text mapping 143/406: Q5TC82
2026-01-02 21:35:46,885 - INFO - RCSB full-text mapping 144/406: Q5U5Q3
2026-01-02 21:35:47,920 - INFO - RCSB full-text mapping 145/406: Q5U5R9
2026-01-02 21:35:47,953 - INFO - RCSB full-text mapping 146/406: Q5VTB9
2026-01-02 21:35:47,983 - INFO - RCSB full-text mapping 147/406: Q5VTR2
2026-01-02 21:35:49,017 - INFO - RCSB full-text mapping 148/406: Q5VVX9
2026-01-02 21:35:50,051 - INFO - RCSB full-text mapping 149/406: Q5W0B1
2026-01-02 21:35:50,084 - INFO - RCSB full-text mapping 150/406: Q5XPI4
2026-01-02 21:35:51,117 - INFO - RCSB full-text mapping 151/406: Q63HN8
2026-01-02 21:35:52,151 - INFO - RCSB full-text mapping 152/406: Q68DV7
2026-01-02 21:35:53,183 - INFO - RCSB full-text mapping 153/406: Q6AZZ1
2026-01-02 21:35:53,217 - INFO - RCSB full-text mapping 154/406: Q6P9F5
2026-01-02 21:35:53,248 - INFO - RCSB full-text mapping 155/406: Q6PCD5
2026-01-02 21:35:54,281 - INFO - RCSB full-text mapping 156/406: Q6PJ69
2026-01-02 21:35:55,317 - INFO - RCSB full-text mapping 157/406: Q6PJI9
2026-01-02 21:35:56,353 - INFO - RCSB full-text mapping 158/406: Q6Q0C0
2026-01-02 21:35:57,387 - INFO - RCSB full-text mapping 159/406: Q6UWE0
2026-01-02 21:35:57,421 - INFO - RCSB full-text mapping 160/406: Q6VVB1
2026-01-02 21:35:57,453 - INFO - RCSB full-text mapping 161/406: Q6ZMN7
2026-01-02 21:35:57,487 - INFO - RCSB full-text mapping 162/406: Q6ZMU5
2026-01-02 21:35:58,520 - INFO - RCSB full-text mapping 163/406: Q6ZMZ0
2026-01-02 21:35:58,552 - INFO - RCSB full-text mapping 164/406: Q6ZN04
2026-01-02 21:35:59,586 - INFO - RCSB full-text mapping 165/406: Q6ZNA4
2026-01-02 21:36:00,622 - INFO - RCSB full-text mapping 166/406: Q6ZNB6
2026-01-02 21:36:00,653 - INFO - RCSB full-text mapping 167/406: Q6ZRF8
2026-01-02 21:36:00,684 - INFO - RCSB full-text mapping 168/406: Q6ZSG1
2026-01-02 21:36:01,718 - INFO - RCSB full-text mapping 169/406: Q6ZT12
2026-01-02 21:36:01,752 - INFO - RCSB full-text mapping 170/406: Q6ZTA4
2026-01-02 21:36:02,785 - INFO - RCSB full-text mapping 171/406: Q6ZWI9
2026-01-02 21:36:02,818 - INFO - RCSB full-text mapping 172/406: Q712K3
2026-01-02 21:36:03,851 - INFO - RCSB full-text mapping 173/406: Q75N03
2026-01-02 21:36:03,884 - INFO - RCSB full-text mapping 174/406: Q76N89
2026-01-02 21:36:04,919 - INFO - RCSB full-text mapping 175/406: Q7L0R7
2026-01-02 21:36:04,949 - INFO - RCSB full-text mapping 176/406: Q7L5Y9
2026-01-02 21:36:05,983 - INFO - RCSB full-text mapping 177/406: Q7L622
2026-01-02 21:36:06,018 - INFO - RCSB full-text mapping 178/406: Q7Z3V4
2026-01-02 21:36:06,050 - INFO - RCSB full-text mapping 179/406: Q7Z419
2026-01-02 21:36:06,082 - INFO - RCSB full-text mapping 180/406: Q7Z4K8
2026-01-02 21:36:06,115 - INFO - RCSB full-text mapping 181/406: Q7Z569
2026-01-02 21:36:06,145 - INFO - RCSB full-text mapping 182/406: Q7Z5L9
2026-01-02 21:36:07,178 - INFO - RCSB full-text mapping 183/406: Q7Z6E9
2026-01-02 21:36:08,212 - INFO - RCSB full-text mapping 184/406: Q7Z6J0
2026-01-02 21:36:09,246 - INFO - RCSB full-text mapping 185/406: Q7Z6J8
2026-01-02 21:36:09,279 - INFO - RCSB full-text mapping 186/406: Q7Z6Z7
2026-01-02 21:36:10,313 - INFO - RCSB full-text mapping 187/406: Q7Z7E8
2026-01-02 21:36:11,348 - INFO - RCSB full-text mapping 188/406: Q86SE9
2026-01-02 21:36:12,382 - INFO - RCSB full-text mapping 189/406: Q86T96
2026-01-02 21:36:12,416 - INFO - RCSB full-text mapping 190/406: Q86TM6
2026-01-02 21:36:13,449 - INFO - RCSB full-text mapping 191/406: Q86UD3
2026-01-02 21:36:13,483 - INFO - RCSB full-text mapping 192/406: Q86UK7
2026-01-02 21:36:13,514 - INFO - RCSB full-text mapping 193/406: Q86UV6
2026-01-02 21:36:13,546 - INFO - RCSB full-text mapping 194/406: Q86UV7
2026-01-02 21:36:13,576 - INFO - RCSB full-text mapping 195/406: Q86UW9
2026-01-02 21:36:14,608 - INFO - RCSB full-text mapping 196/406: Q86WT6
2026-01-02 21:36:15,642 - INFO - RCSB full-text mapping 197/406: Q86XN8
2026-01-02 21:36:16,677 - INFO - RCSB full-text mapping 198/406: Q86XS8
2026-01-02 21:36:16,707 - INFO - RCSB full-text mapping 199/406: Q86XT4
2026-01-02 21:36:16,739 - INFO - RCSB full-text mapping 200/406: Q86Y01
2026-01-02 21:36:17,771 - INFO - RCSB full-text mapping 201/406: Q86Y13
2026-01-02 21:36:17,805 - INFO - RCSB full-text mapping 202/406: Q86YJ5
2026-01-02 21:36:17,835 - INFO - RCSB full-text mapping 203/406: Q86YT6
2026-01-02 21:36:18,869 - INFO - RCSB full-text mapping 204/406: Q8IU81
2026-01-02 21:36:18,901 - INFO - RCSB full-text mapping 205/406: Q8IUD6
2026-01-02 21:36:19,935 - INFO - RCSB full-text mapping 206/406: Q8IUQ4
2026-01-02 21:36:20,968 - INFO - RCSB full-text mapping 207/406: Q8IVU3
2026-01-02 21:36:22,003 - INFO - RCSB full-text mapping 208/406: Q8IWR1
2026-01-02 21:36:22,035 - INFO - RCSB full-text mapping 209/406: Q8IWT3
2026-01-02 21:36:23,070 - INFO - RCSB full-text mapping 210/406: Q8IWV7
2026-01-02 21:36:24,104 - INFO - RCSB full-text mapping 211/406: Q8IWV8
2026-01-02 21:36:25,139 - INFO - RCSB full-text mapping 212/406: Q8IWZ4
2026-01-02 21:36:25,169 - INFO - RCSB full-text mapping 213/406: Q8IWZ5
2026-01-02 21:36:25,200 - INFO - RCSB full-text mapping 214/406: Q8IYM9
2026-01-02 21:36:25,232 - INFO - RCSB full-text mapping 215/406: Q8IYU2
2026-01-02 21:36:26,269 - INFO - RCSB full-text mapping 216/406: Q8IYW5
2026-01-02 21:36:27,303 - INFO - RCSB full-text mapping 217/406: Q8IZP6
2026-01-02 21:36:28,337 - INFO - RCSB full-text mapping 218/406: Q8N2H9
2026-01-02 21:36:28,370 - INFO - RCSB full-text mapping 219/406: Q8N2K1
2026-01-02 21:36:29,402 - INFO - RCSB full-text mapping 220/406: Q8N2W9
2026-01-02 21:36:29,436 - INFO - RCSB full-text mapping 221/406: Q8N3P4
2026-01-02 21:36:29,467 - INFO - RCSB full-text mapping 222/406: Q8N448
2026-01-02 21:36:30,502 - INFO - RCSB full-text mapping 223/406: Q8N4F7
2026-01-02 21:36:30,533 - INFO - RCSB full-text mapping 224/406: Q8N5U6
2026-01-02 21:36:30,565 - INFO - RCSB full-text mapping 225/406: Q8N6D2
2026-01-02 21:36:30,596 - INFO - RCSB full-text mapping 226/406: Q8N7C7
2026-01-02 21:36:30,627 - INFO - RCSB full-text mapping 227/406: Q8N7E2
2026-01-02 21:36:30,657 - INFO - RCSB full-text mapping 228/406: Q8N8N0
2026-01-02 21:36:30,689 - INFO - RCSB full-text mapping 229/406: Q8N9I9
2026-01-02 21:36:30,720 - INFO - RCSB full-text mapping 230/406: Q8N9V2
2026-01-02 21:36:30,751 - INFO - RCSB full-text mapping 231/406: Q8N9V3
2026-01-02 21:36:30,782 - INFO - RCSB full-text mapping 232/406: Q8NA82
2026-01-02 21:36:30,813 - INFO - RCSB full-text mapping 233/406: Q8NC42
2026-01-02 21:36:30,844 - INFO - RCSB full-text mapping 234/406: Q8NCN4
2026-01-02 21:36:31,876 - INFO - RCSB full-text mapping 235/406: Q8ND24
2026-01-02 21:36:31,907 - INFO - RCSB full-text mapping 236/406: Q8ND25
2026-01-02 21:36:32,941 - INFO - RCSB full-text mapping 237/406: Q8NEG5
2026-01-02 21:36:33,975 - INFO - RCSB full-text mapping 238/406: Q8NEZ4
2026-01-02 21:36:35,010 - INFO - RCSB full-text mapping 239/406: Q8NF64
2026-01-02 21:36:35,043 - INFO - RCSB full-text mapping 240/406: Q8NG06
2026-01-02 21:36:36,076 - INFO - RCSB full-text mapping 241/406: Q8NG27
2026-01-02 21:36:37,110 - INFO - RCSB full-text mapping 242/406: Q8NHG8
2026-01-02 21:36:37,223 - INFO - RCSB full-text mapping 243/406: Q8NHY2
2026-01-02 21:36:38,256 - INFO - RCSB full-text mapping 244/406: Q8TBB1
2026-01-02 21:36:39,289 - INFO - RCSB full-text mapping 245/406: Q8TC41
2026-01-02 21:36:39,321 - INFO - RCSB full-text mapping 246/406: Q8TCQ1
2026-01-02 21:36:39,352 - INFO - RCSB full-text mapping 247/406: Q8TDB6
2026-01-02 21:36:40,385 - INFO - RCSB full-text mapping 248/406: Q8TEB7
2026-01-02 21:36:41,417 - INFO - RCSB full-text mapping 249/406: Q8TEC5
2026-01-02 21:36:41,451 - INFO - RCSB full-text mapping 250/406: Q8TEJ3
2026-01-02 21:36:41,481 - INFO - RCSB full-text mapping 251/406: Q8WU17
2026-01-02 21:36:41,513 - INFO - RCSB full-text mapping 252/406: Q8WV22
2026-01-02 21:36:42,544 - INFO - RCSB full-text mapping 253/406: Q8WV44
2026-01-02 21:36:43,577 - INFO - RCSB full-text mapping 254/406: Q8WVD3
2026-01-02 21:36:43,608 - INFO - RCSB full-text mapping 255/406: Q8WVD5
2026-01-02 21:36:44,643 - INFO - RCSB full-text mapping 256/406: Q8WVN8
2026-01-02 21:36:45,676 - INFO - RCSB full-text mapping 257/406: Q8WVZ7
2026-01-02 21:36:45,708 - INFO - RCSB full-text mapping 258/406: Q8WWF5
2026-01-02 21:36:45,738 - INFO - RCSB full-text mapping 259/406: Q8WY64
2026-01-02 21:36:46,772 - INFO - RCSB full-text mapping 260/406: Q8WZ73
2026-01-02 21:36:47,805 - INFO - RCSB full-text mapping 261/406: Q92793
2026-01-02 21:36:48,843 - INFO - RCSB full-text mapping 262/406: Q969K3
2026-01-02 21:36:48,875 - INFO - RCSB full-text mapping 263/406: Q969M7
2026-01-02 21:36:49,909 - INFO - RCSB full-text mapping 264/406: Q969Q1
2026-01-02 21:36:50,942 - INFO - RCSB full-text mapping 265/406: Q969T4
2026-01-02 21:36:50,975 - INFO - RCSB full-text mapping 266/406: Q969V5
2026-01-02 21:36:52,008 - INFO - RCSB full-text mapping 267/406: Q96A37
2026-01-02 21:36:52,116 - INFO - RCSB full-text mapping 268/406: Q96A61
2026-01-02 21:36:52,147 - INFO - RCSB full-text mapping 269/406: Q96AX9
2026-01-02 21:36:52,178 - INFO - RCSB full-text mapping 270/406: Q96B02
2026-01-02 21:36:53,212 - INFO - RCSB full-text mapping 271/406: Q96BH1
2026-01-02 21:36:54,245 - INFO - RCSB full-text mapping 272/406: Q96BQ3
2026-01-02 21:36:54,276 - INFO - RCSB full-text mapping 273/406: Q96CA5
2026-01-02 21:36:55,309 - INFO - RCSB full-text mapping 274/406: Q96D59
2026-01-02 21:36:55,340 - INFO - RCSB full-text mapping 275/406: Q96DX4
2026-01-02 21:36:55,371 - INFO - RCSB full-text mapping 276/406: Q96EH8
2026-01-02 21:36:55,402 - INFO - RCSB full-text mapping 277/406: Q96EP0
2026-01-02 21:36:56,435 - INFO - RCSB full-text mapping 278/406: Q96EP1
2026-01-02 21:36:57,469 - INFO - RCSB full-text mapping 279/406: Q96EQ8
2026-01-02 21:36:58,502 - INFO - RCSB full-text mapping 280/406: Q96EX2
2026-01-02 21:36:58,535 - INFO - RCSB full-text mapping 281/406: Q96F44
2026-01-02 21:36:59,568 - INFO - RCSB full-text mapping 282/406: Q96FA3
2026-01-02 21:37:00,601 - INFO - RCSB full-text mapping 283/406: Q96G75
2026-01-02 21:37:00,632 - INFO - RCSB full-text mapping 284/406: Q96GF1
2026-01-02 21:37:00,664 - INFO - RCSB full-text mapping 285/406: Q96J02
2026-01-02 21:37:01,699 - INFO - RCSB full-text mapping 286/406: Q96K19
2026-01-02 21:37:01,730 - INFO - RCSB full-text mapping 287/406: Q96LD4
2026-01-02 21:37:01,762 - INFO - RCSB full-text mapping 288/406: Q96LR5
2026-01-02 21:37:02,796 - INFO - RCSB full-text mapping 289/406: Q96MF7
2026-01-02 21:37:03,831 - INFO - RCSB full-text mapping 290/406: Q96MT1
2026-01-02 21:37:03,863 - INFO - RCSB full-text mapping 291/406: Q96P09
2026-01-02 21:37:04,898 - INFO - RCSB full-text mapping 292/406: Q96PM5
2026-01-02 21:37:05,933 - INFO - RCSB full-text mapping 293/406: Q96PU4
2026-01-02 21:37:06,968 - INFO - RCSB full-text mapping 294/406: Q96PU5
2026-01-02 21:37:08,003 - INFO - RCSB full-text mapping 295/406: Q96PX1
2026-01-02 21:37:08,035 - INFO - RCSB full-text mapping 296/406: Q96T88
2026-01-02 21:37:09,069 - INFO - RCSB full-text mapping 297/406: Q99496
2026-01-02 21:37:10,103 - INFO - RCSB full-text mapping 298/406: Q99590
2026-01-02 21:37:10,135 - INFO - RCSB full-text mapping 299/406: Q99675
2026-01-02 21:37:11,168 - INFO - RCSB full-text mapping 300/406: Q99728
2026-01-02 21:37:12,203 - INFO - RCSB full-text mapping 301/406: Q99942
2026-01-02 21:37:12,235 - INFO - RCSB full-text mapping 302/406: Q9BRZ2
2026-01-02 21:37:13,267 - INFO - RCSB full-text mapping 303/406: Q9BSJ1
2026-01-02 21:37:13,299 - INFO - RCSB full-text mapping 304/406: Q9BSM1
2026-01-02 21:37:14,331 - INFO - RCSB full-text mapping 305/406: Q9BUZ4
2026-01-02 21:37:15,366 - INFO - RCSB full-text mapping 306/406: Q9BV68
2026-01-02 21:37:16,400 - INFO - RCSB full-text mapping 307/406: Q9BVG3
2026-01-02 21:37:16,434 - INFO - RCSB full-text mapping 308/406: Q9BWF2
2026-01-02 21:37:17,467 - INFO - RCSB full-text mapping 309/406: Q9BWX1
2026-01-02 21:37:17,501 - INFO - RCSB full-text mapping 310/406: Q9BXT8
2026-01-02 21:37:18,533 - INFO - RCSB full-text mapping 311/406: Q9BY78
2026-01-02 21:37:18,565 - INFO - RCSB full-text mapping 312/406: Q9BYE7
2026-01-02 21:37:19,597 - INFO - RCSB full-text mapping 313/406: Q9BYJ4
2026-01-02 21:37:20,630 - INFO - RCSB full-text mapping 314/406: Q9BYM8
2026-01-02 21:37:21,663 - INFO - RCSB full-text mapping 315/406: Q9BYV2
2026-01-02 21:37:22,700 - INFO - RCSB full-text mapping 316/406: Q9BYV6
2026-01-02 21:37:22,732 - INFO - RCSB full-text mapping 317/406: Q9BZR9
2026-01-02 21:37:22,763 - INFO - RCSB full-text mapping 318/406: Q9BZY9
2026-01-02 21:37:23,796 - INFO - RCSB full-text mapping 319/406: Q9C019
2026-01-02 21:37:24,829 - INFO - RCSB full-text mapping 320/406: Q9C026
2026-01-02 21:37:25,862 - INFO - RCSB full-text mapping 321/406: Q9C029
2026-01-02 21:37:26,898 - INFO - RCSB full-text mapping 322/406: Q9C030
2026-01-02 21:37:26,929 - INFO - RCSB full-text mapping 323/406: Q9C035
2026-01-02 21:37:27,964 - INFO - RCSB full-text mapping 324/406: Q9C037
2026-01-02 21:37:27,996 - INFO - RCSB full-text mapping 325/406: Q9C040
2026-01-02 21:37:29,033 - INFO - RCSB full-text mapping 326/406: Q9C0B0
2026-01-02 21:37:29,066 - INFO - RCSB full-text mapping 327/406: Q9C0C9
2026-01-02 21:37:30,100 - INFO - RCSB full-text mapping 328/406: Q9H000
2026-01-02 21:37:30,131 - INFO - RCSB full-text mapping 329/406: Q9H0A6
2026-01-02 21:37:30,165 - INFO - RCSB full-text mapping 330/406: Q9H0F5
2026-01-02 21:37:31,198 - INFO - RCSB full-text mapping 331/406: Q9H0M0
2026-01-02 21:37:32,233 - INFO - RCSB full-text mapping 332/406: Q9H0X6
2026-01-02 21:37:32,547 - INFO - RCSB full-text mapping 333/406: Q9H1B7
2026-01-02 21:37:33,580 - INFO - RCSB full-text mapping 334/406: Q9H270
2026-01-02 21:37:33,608 - INFO - RCSB full-text mapping 335/406: Q9H2S5
2026-01-02 21:37:33,635 - INFO - RCSB full-text mapping 336/406: Q9H4P4
2026-01-02 21:37:34,666 - INFO - RCSB full-text mapping 337/406: Q9H6Y7
2026-01-02 21:37:34,695 - INFO - RCSB full-text mapping 338/406: Q9H832
2026-01-02 21:37:35,724 - INFO - RCSB full-text mapping 339/406: Q9H871
2026-01-02 21:37:36,755 - INFO - RCSB full-text mapping 340/406: Q9H8W5
2026-01-02 21:37:37,787 - INFO - RCSB full-text mapping 341/406: Q9H920
2026-01-02 21:37:37,817 - INFO - RCSB full-text mapping 342/406: Q9H992
2026-01-02 21:37:37,845 - INFO - RCSB full-text mapping 343/406: Q9H9P5
2026-01-02 21:37:37,875 - INFO - RCSB full-text mapping 344/406: Q9H9V4
2026-01-02 21:37:37,904 - INFO - RCSB full-text mapping 345/406: Q9HAT8
2026-01-02 21:37:38,934 - INFO - RCSB full-text mapping 346/406: Q9HAU4
2026-01-02 21:37:39,965 - INFO - RCSB full-text mapping 347/406: Q9HBD1
2026-01-02 21:37:40,997 - INFO - RCSB full-text mapping 348/406: Q9HCE7
2026-01-02 21:37:42,029 - INFO - RCSB full-text mapping 349/406: Q9HCI7
2026-01-02 21:37:43,061 - INFO - RCSB full-text mapping 350/406: Q9HCM9
2026-01-02 21:37:44,092 - INFO - RCSB full-text mapping 351/406: Q9NPC3
2026-01-02 21:37:45,124 - INFO - RCSB full-text mapping 352/406: Q9NPD8
2026-01-02 21:37:46,157 - INFO - RCSB full-text mapping 353/406: Q9NQ86
2026-01-02 21:37:47,186 - INFO - RCSB full-text mapping 354/406: Q9NR09
2026-01-02 21:37:48,219 - INFO - RCSB full-text mapping 355/406: Q9NS56
2026-01-02 21:37:48,246 - INFO - RCSB full-text mapping 356/406: Q9NS91
2026-01-02 21:37:49,277 - INFO - RCSB full-text mapping 357/406: Q9NTX7
2026-01-02 21:37:50,308 - INFO - RCSB full-text mapping 358/406: Q9NV58
2026-01-02 21:37:50,338 - INFO - RCSB full-text mapping 359/406: Q9NVW2
2026-01-02 21:37:51,369 - INFO - RCSB full-text mapping 360/406: Q9NW38
2026-01-02 21:37:52,401 - INFO - RCSB full-text mapping 361/406: Q9NWF9
2026-01-02 21:37:53,433 - INFO - RCSB full-text mapping 362/406: Q9NX47
2026-01-02 21:37:53,463 - INFO - RCSB full-text mapping 363/406: Q9NXI6
2026-01-02 21:37:53,491 - INFO - RCSB full-text mapping 364/406: Q9NYG5
2026-01-02 21:37:54,520 - INFO - RCSB full-text mapping 365/406: Q9NZS9
2026-01-02 21:37:54,549 - INFO - RCSB full-text mapping 366/406: Q9P0J7
2026-01-02 21:37:55,580 - INFO - RCSB full-text mapping 367/406: Q9P0N8
2026-01-02 21:37:55,611 - INFO - RCSB full-text mapping 368/406: Q9P0P0
2026-01-02 21:37:55,639 - INFO - RCSB full-text mapping 369/406: Q9P1Y6
2026-01-02 21:37:55,669 - INFO - RCSB full-text mapping 370/406: Q9P253
2026-01-02 21:37:55,699 - INFO - RCSB full-text mapping 371/406: Q9P2E8
2026-01-02 21:37:55,728 - INFO - RCSB full-text mapping 372/406: Q9P2G1
2026-01-02 21:37:55,755 - INFO - RCSB full-text mapping 373/406: Q9P2P5
2026-01-02 21:37:56,786 - INFO - RCSB full-text mapping 374/406: Q9UBF6
2026-01-02 21:37:57,819 - INFO - RCSB full-text mapping 375/406: Q9UBN7
2026-01-02 21:37:58,851 - INFO - RCSB full-text mapping 376/406: Q9UBS8
2026-01-02 21:37:58,880 - INFO - RCSB full-text mapping 377/406: Q9UDY6
2026-01-02 21:37:59,910 - INFO - RCSB full-text mapping 378/406: Q9UHC7
2026-01-02 21:37:59,939 - INFO - RCSB full-text mapping 379/406: Q9UII4
2026-01-02 21:38:00,971 - INFO - RCSB full-text mapping 380/406: Q9UJV3
2026-01-02 21:38:02,003 - INFO - RCSB full-text mapping 381/406: Q9UKV5
2026-01-02 21:38:03,035 - INFO - RCSB full-text mapping 382/406: Q9ULJ6
2026-01-02 21:38:04,068 - INFO - RCSB full-text mapping 383/406: Q9ULK6
2026-01-02 21:38:04,099 - INFO - RCSB full-text mapping 384/406: Q9ULT6
2026-01-02 21:38:05,130 - INFO - RCSB full-text mapping 385/406: Q9ULT8
2026-01-02 21:38:06,162 - INFO - RCSB full-text mapping 386/406: Q9ULV8
2026-01-02 21:38:07,193 - INFO - RCSB full-text mapping 387/406: Q9ULX5
2026-01-02 21:38:07,222 - INFO - RCSB full-text mapping 388/406: Q9UMS4
2026-01-02 21:38:08,253 - INFO - RCSB full-text mapping 389/406: Q9UNE7
2026-01-02 21:38:09,284 - INFO - RCSB full-text mapping 390/406: Q9UPN9
2026-01-02 21:38:10,318 - INFO - RCSB full-text mapping 391/406: Q9UPQ4
2026-01-02 21:38:10,346 - INFO - RCSB full-text mapping 392/406: Q9UPQ7
2026-01-02 21:38:11,378 - INFO - RCSB full-text mapping 393/406: Q9Y225
2026-01-02 21:38:12,409 - INFO - RCSB full-text mapping 394/406: Q9Y252
2026-01-02 21:38:12,439 - INFO - RCSB full-text mapping 395/406: Q9Y2E6
2026-01-02 21:38:12,467 - INFO - RCSB full-text mapping 396/406: Q9Y2X8
2026-01-02 21:38:12,495 - INFO - RCSB full-text mapping 397/406: Q9Y314
2026-01-02 21:38:13,526 - INFO - RCSB full-text mapping 398/406: Q9Y385
2026-01-02 21:38:13,556 - INFO - RCSB full-text mapping 399/406: Q9Y3C5
2026-01-02 21:38:13,584 - INFO - RCSB full-text mapping 400/406: Q9Y4D8
2026-01-02 21:38:13,613 - INFO - RCSB full-text mapping 401/406: Q9Y4K3
2026-01-02 21:38:14,644 - INFO - RCSB full-text mapping 402/406: Q9Y4L5
2026-01-02 21:38:14,671 - INFO - RCSB full-text mapping 403/406: Q9Y4X5
2026-01-02 21:38:15,704 - INFO - RCSB full-text mapping 404/406: Q9Y508
2026-01-02 21:38:15,733 - INFO - RCSB full-text mapping 405/406: Q9Y577
2026-01-02 21:38:15,763 - INFO - RCSB full-text mapping 406/406: Q9Y6U7
2026-01-02 21:38:15,792 - INFO - Combined mapping complete
2026-01-02 21:38:15,793 - INFO - Total unique PDB IDs mapped: 2009
2026-01-02 21:38:15,793 - INFO - Processing all 2009 PDB IDs
2026-01-02 21:38:15,793 - INFO - JSON API: 1/2009 13RZ
2026-01-02 21:38:21,358 - INFO - JSON API: 51/2009 1FP0
2026-01-02 21:38:28,491 - INFO - JSON API: 101/2009 1TFT
2026-01-02 21:38:34,183 - INFO - JSON API: 151/2009 2BZ8
2026-01-02 21:38:40,287 - INFO - JSON API: 201/2009 2EJS
2026-01-02 21:38:45,841 - INFO - JSON API: 251/2009 2KEO
2026-01-02 21:38:52,643 - INFO - JSON API: 301/2009 2MPS
2026-01-02 21:38:58,557 - INFO - JSON API: 351/2009 2VSL
2026-01-02 21:39:04,998 - INFO - JSON API: 401/2009 3CLZ
2026-01-02 21:39:10,696 - INFO - JSON API: 451/2009 3IO2
2026-01-02 21:39:19,044 - INFO - JSON API: 501/2009 3OJ4
2026-01-02 21:39:25,049 - INFO - JSON API: 551/2009 3UIO
2026-01-02 21:39:32,439 - INFO - JSON API: 601/2009 4DIJ
2026-01-02 21:39:38,431 - INFO - JSON API: 651/2009 4K8U
2026-01-02 21:39:45,043 - INFO - JSON API: 701/2009 4OGN
2026-01-02 21:39:51,254 - INFO - JSON API: 751/2009 4UFS
2026-01-02 21:39:58,870 - INFO - JSON API: 801/2009 4ZYF
2026-01-02 21:40:05,285 - INFO - JSON API: 851/2009 5E22
2026-01-02 21:40:12,838 - INFO - JSON API: 901/2009 5IAY
2026-01-02 21:40:20,582 - INFO - JSON API: 951/2009 5MME
2026-01-02 21:40:28,724 - INFO - JSON API: 1001/2009 5ULK
2026-01-02 21:40:35,965 - INFO - JSON API: 1051/2009 5YYA
2026-01-02 21:40:50,324 - INFO - JSON API: 1101/2009 6FGN
2026-01-02 21:40:59,287 - INFO - JSON API: 1151/2009 6KFP
2026-01-02 21:41:09,822 - INFO - JSON API: 1201/2009 6QU1
2026-01-02 21:41:19,315 - INFO - JSON API: 1251/2009 6UYU
2026-01-02 21:41:28,961 - INFO - JSON API: 1301/2009 7B2S
2026-01-02 21:41:45,558 - INFO - JSON API: 1351/2009 7KZV
2026-01-02 21:42:00,645 - INFO - JSON API: 1401/2009 7Q40
2026-01-02 21:42:07,664 - INFO - JSON API: 1451/2009 7VHY
2026-01-02 21:42:19,206 - INFO - JSON API: 1501/2009 8ATM
2026-01-02 21:42:28,176 - WARNING - Retrying (Retry(total=4, connect=5, read=4, redirect=None, status=None)) after connection broken by 'RemoteDisconnected('Remote end closed connection without response')': /rest/v1/core/entry/8DJI
2026-01-02 21:42:31,442 - INFO - JSON API: 1551/2009 8EIB
2026-01-02 21:42:44,466 - INFO - JSON API: 1601/2009 8H38
2026-01-02 21:43:03,517 - INFO - JSON API: 1651/2009 8JRQ
2026-01-02 21:43:12,790 - INFO - JSON API: 1701/2009 8PYR
2026-01-02 21:43:18,457 - WARNING - Retrying (Retry(total=4, connect=5, read=4, redirect=None, status=None)) after connection broken by 'RemoteDisconnected('Remote end closed connection without response')': /rest/v1/core/polymer_entity/8S0T/2
2026-01-02 21:43:22,872 - INFO - JSON API: 1751/2009 8SN7
2026-01-02 21:43:43,004 - INFO - JSON API: 1801/2009 8WQH
2026-01-02 21:43:51,212 - INFO - JSON API: 1851/2009 9DDE
2026-01-02 21:44:03,472 - INFO - JSON API: 1901/2009 9H1J
2026-01-02 21:44:12,138 - INFO - JSON API: 1951/2009 9LWU
2026-01-02 21:44:20,732 - INFO - JSON API: 2001/2009 9T32
2026-01-02 21:44:21,577 - INFO - JSON API returned base info for 2009 entries
2026-01-02 21:44:21,665 - INFO - UniProt gene-mapping batch 1: 400 IDs
2026-01-02 21:44:23,648 - INFO - UniProt gene-mapping batch 2: 6 IDs
2026-01-02 21:44:25,056 - INFO - Mapped 406 UniProt IDs to gene names via mapping API
2026-01-02 21:44:25,114 - INFO - Saved main CSV: /home/runner/work/UB-PredicTernary/UB-PredicTernary/util/data/pdb_updates/pdb_structures_detailed_update_20260102.csv
2026-01-02 21:44:25,118 - INFO - 
Summary:
2026-01-02 21:44:25,118 - INFO - Total unique PDB structures: 2009
2026-01-02 21:44:25,119 - INFO - PDB structures containing E2 (by UniProt IDs): 349
2026-01-02 21:44:25,120 - INFO - PDB structures containing E3 (by UniProt IDs): 1788
2026-01-02 21:44:25,120 - INFO - PDB structures containing Ubiquitin: 163
2026-01-02 21:44:25,121 - INFO - PDB structures containing both E2 and E3: 129
2026-01-02 21:44:25,122 - INFO - PDB structures containing E2, E3, and Ubiquitin: 58
2026-01-02 21:44:25,123 - INFO - processing complete.
