2026-02-16 05:01:06,393 - INFO - Logging to /home/runner/work/UbiqCore/UbiqCore/util/data/pdb_updates/pdb_update_20260216_050106.log
2026-02-16 05:01:06,393 - INFO - Read 37 E2 IDs and 369 E3 IDs
2026-02-16 05:01:06,393 - INFO - Total unique UniProt IDs: 406
2026-02-16 05:01:06,394 - INFO - Starting UniProt→PDB mapping via UniProt service...
2026-02-16 05:01:06,394 - INFO - UniProt mapping batch 1: 50 IDs
2026-02-16 05:01:08,498 - INFO - UniProt mapping batch 2: 50 IDs
2026-02-16 05:01:10,172 - INFO - UniProt mapping batch 3: 50 IDs
2026-02-16 05:01:11,799 - INFO - UniProt mapping batch 4: 50 IDs
2026-02-16 05:01:13,415 - INFO - UniProt mapping batch 5: 50 IDs
2026-02-16 05:01:15,043 - INFO - UniProt mapping batch 6: 50 IDs
2026-02-16 05:01:16,680 - INFO - UniProt mapping batch 7: 50 IDs
2026-02-16 05:01:18,303 - INFO - UniProt mapping batch 8: 50 IDs
2026-02-16 05:01:19,933 - INFO - UniProt mapping batch 9: 6 IDs
2026-02-16 05:01:21,550 - INFO - Starting UniProt→PDB mapping via RCSB full-text search...
2026-02-16 05:01:21,551 - INFO - RCSB full-text mapping 1/406: A0A1B0GUS4
2026-02-16 05:01:21,882 - INFO - RCSB full-text mapping 2/406: A0AVI4
2026-02-16 05:01:21,916 - INFO - RCSB full-text mapping 3/406: A1L020
2026-02-16 05:01:21,951 - INFO - RCSB full-text mapping 4/406: A1L167
2026-02-16 05:01:21,985 - INFO - RCSB full-text mapping 5/406: A6NCK2
2026-02-16 05:01:22,019 - INFO - RCSB full-text mapping 6/406: A6NCQ9
2026-02-16 05:01:22,051 - INFO - RCSB full-text mapping 7/406: A6NDI0
2026-02-16 05:01:22,086 - INFO - RCSB full-text mapping 8/406: A6NGJ6
2026-02-16 05:01:22,120 - INFO - RCSB full-text mapping 9/406: A6NI03
2026-02-16 05:01:22,153 - INFO - RCSB full-text mapping 10/406: A6NK02
2026-02-16 05:01:22,186 - INFO - RCSB full-text mapping 11/406: A6NLI5
2026-02-16 05:01:22,220 - INFO - RCSB full-text mapping 12/406: A6NLU0
2026-02-16 05:01:23,255 - INFO - RCSB full-text mapping 13/406: A6NNE9
2026-02-16 05:01:23,290 - INFO - RCSB full-text mapping 14/406: A8MQ27
2026-02-16 05:01:23,323 - INFO - RCSB full-text mapping 15/406: A8MTL3
2026-02-16 05:01:23,357 - INFO - RCSB full-text mapping 16/406: C9J1S8
2026-02-16 05:01:23,391 - INFO - RCSB full-text mapping 17/406: E7ERA6
2026-02-16 05:01:23,424 - INFO - RCSB full-text mapping 18/406: F8VTS6
2026-02-16 05:01:23,457 - INFO - RCSB full-text mapping 19/406: I1YAP6
2026-02-16 05:01:23,491 - INFO - RCSB full-text mapping 20/406: M0QZC1
2026-02-16 05:01:23,525 - INFO - RCSB full-text mapping 21/406: O00237
2026-02-16 05:01:23,558 - INFO - RCSB full-text mapping 22/406: O00308
2026-02-16 05:01:24,592 - INFO - RCSB full-text mapping 23/406: O00463
2026-02-16 05:01:25,630 - INFO - RCSB full-text mapping 24/406: O00623
2026-02-16 05:01:25,664 - INFO - RCSB full-text mapping 25/406: O00635
2026-02-16 05:01:25,697 - INFO - RCSB full-text mapping 26/406: O00762
2026-02-16 05:01:26,732 - INFO - RCSB full-text mapping 27/406: O14686
2026-02-16 05:01:27,770 - INFO - RCSB full-text mapping 28/406: O14933
2026-02-16 05:01:28,807 - INFO - RCSB full-text mapping 29/406: O15033
2026-02-16 05:01:29,843 - INFO - RCSB full-text mapping 30/406: O15151
2026-02-16 05:01:30,879 - INFO - RCSB full-text mapping 31/406: O15164
2026-02-16 05:01:31,915 - INFO - RCSB full-text mapping 32/406: O15344
2026-02-16 05:01:32,952 - INFO - RCSB full-text mapping 33/406: O15541
2026-02-16 05:01:33,987 - INFO - RCSB full-text mapping 34/406: O43164
2026-02-16 05:01:34,020 - INFO - RCSB full-text mapping 35/406: O43255
2026-02-16 05:01:35,057 - INFO - RCSB full-text mapping 36/406: O43567
2026-02-16 05:01:36,093 - INFO - RCSB full-text mapping 37/406: O60260
2026-02-16 05:01:37,129 - INFO - RCSB full-text mapping 38/406: O60291
2026-02-16 05:01:37,164 - INFO - RCSB full-text mapping 39/406: O60337
2026-02-16 05:01:37,199 - INFO - RCSB full-text mapping 40/406: O60683
2026-02-16 05:01:37,232 - INFO - RCSB full-text mapping 41/406: O60858
2026-02-16 05:01:37,265 - INFO - RCSB full-text mapping 42/406: O75150
2026-02-16 05:01:38,301 - INFO - RCSB full-text mapping 43/406: O75382
2026-02-16 05:01:39,340 - INFO - RCSB full-text mapping 44/406: O75592
2026-02-16 05:01:40,376 - INFO - RCSB full-text mapping 45/406: O75677
2026-02-16 05:01:40,409 - INFO - RCSB full-text mapping 46/406: O75678
2026-02-16 05:01:40,442 - INFO - RCSB full-text mapping 47/406: O75679
2026-02-16 05:01:40,476 - INFO - RCSB full-text mapping 48/406: O75928
2026-02-16 05:01:41,511 - INFO - RCSB full-text mapping 49/406: O76050
2026-02-16 05:01:41,545 - INFO - RCSB full-text mapping 50/406: O76064
2026-02-16 05:01:42,583 - INFO - RCSB full-text mapping 51/406: O94822
2026-02-16 05:01:43,620 - INFO - RCSB full-text mapping 52/406: O94941
2026-02-16 05:01:43,654 - INFO - RCSB full-text mapping 53/406: O94972
2026-02-16 05:01:44,689 - INFO - RCSB full-text mapping 54/406: O95071
2026-02-16 05:01:45,725 - INFO - RCSB full-text mapping 55/406: O95155
2026-02-16 05:01:46,762 - INFO - RCSB full-text mapping 56/406: O95159
2026-02-16 05:01:46,796 - INFO - RCSB full-text mapping 57/406: O95376
2026-02-16 05:01:47,832 - INFO - RCSB full-text mapping 58/406: O95628
2026-02-16 05:01:48,867 - INFO - RCSB full-text mapping 59/406: O95714
2026-02-16 05:01:49,903 - INFO - RCSB full-text mapping 60/406: P0CI25
2026-02-16 05:01:49,937 - INFO - RCSB full-text mapping 61/406: P0CI26
2026-02-16 05:01:49,970 - INFO - RCSB full-text mapping 62/406: P0DH78
2026-02-16 05:01:50,003 - INFO - RCSB full-text mapping 63/406: P0DTL6
2026-02-16 05:01:50,038 - INFO - RCSB full-text mapping 64/406: P14373
2026-02-16 05:01:50,072 - INFO - RCSB full-text mapping 65/406: P15918
2026-02-16 05:01:50,104 - INFO - RCSB full-text mapping 66/406: P19474
2026-02-16 05:01:51,139 - INFO - RCSB full-text mapping 67/406: P22681
2026-02-16 05:01:52,177 - INFO - RCSB full-text mapping 68/406: P28328
2026-02-16 05:01:52,211 - INFO - RCSB full-text mapping 69/406: P29590
2026-02-16 05:01:53,246 - INFO - RCSB full-text mapping 70/406: P35226
2026-02-16 05:01:54,283 - INFO - RCSB full-text mapping 71/406: P35227
2026-02-16 05:01:54,318 - INFO - RCSB full-text mapping 72/406: P36406
2026-02-16 05:01:55,353 - INFO - RCSB full-text mapping 73/406: P38398
2026-02-16 05:01:56,390 - INFO - RCSB full-text mapping 74/406: P46934
2026-02-16 05:01:57,426 - INFO - RCSB full-text mapping 75/406: P49427
2026-02-16 05:01:58,462 - INFO - RCSB full-text mapping 76/406: P49459
2026-02-16 05:01:59,498 - INFO - RCSB full-text mapping 77/406: P49754
2026-02-16 05:01:59,532 - INFO - RCSB full-text mapping 78/406: P50876
2026-02-16 05:02:00,568 - INFO - RCSB full-text mapping 79/406: P51668
2026-02-16 05:02:01,604 - INFO - RCSB full-text mapping 80/406: P51948
2026-02-16 05:02:02,641 - INFO - RCSB full-text mapping 81/406: P51965
2026-02-16 05:02:03,677 - INFO - RCSB full-text mapping 82/406: P53804
2026-02-16 05:02:03,713 - INFO - RCSB full-text mapping 83/406: P60604
2026-02-16 05:02:04,749 - INFO - RCSB full-text mapping 84/406: P61077
2026-02-16 05:02:05,786 - INFO - RCSB full-text mapping 85/406: P61081
2026-02-16 05:02:06,821 - INFO - RCSB full-text mapping 86/406: P61086
2026-02-16 05:02:07,858 - INFO - RCSB full-text mapping 87/406: P61088
2026-02-16 05:02:08,895 - INFO - RCSB full-text mapping 88/406: P62253
2026-02-16 05:02:09,931 - INFO - RCSB full-text mapping 89/406: P62256
2026-02-16 05:02:10,966 - INFO - RCSB full-text mapping 90/406: P62837
2026-02-16 05:02:12,005 - INFO - RCSB full-text mapping 91/406: P62877
2026-02-16 05:02:13,042 - INFO - RCSB full-text mapping 92/406: P63146
2026-02-16 05:02:14,077 - INFO - RCSB full-text mapping 93/406: P63279
2026-02-16 05:02:15,114 - INFO - RCSB full-text mapping 94/406: P68036
2026-02-16 05:02:16,151 - INFO - RCSB full-text mapping 95/406: P78317
2026-02-16 05:02:17,188 - INFO - RCSB full-text mapping 96/406: P98170
2026-02-16 05:02:18,223 - INFO - RCSB full-text mapping 97/406: Q00987
2026-02-16 05:02:19,260 - INFO - RCSB full-text mapping 98/406: Q05086
2026-02-16 05:02:20,297 - INFO - RCSB full-text mapping 99/406: Q06587
2026-02-16 05:02:20,333 - INFO - RCSB full-text mapping 100/406: Q09472
2026-02-16 05:02:21,368 - INFO - RCSB full-text mapping 101/406: Q12899
2026-02-16 05:02:21,403 - INFO - RCSB full-text mapping 102/406: Q12933
2026-02-16 05:02:22,438 - INFO - RCSB full-text mapping 103/406: Q12986
2026-02-16 05:02:22,472 - INFO - RCSB full-text mapping 104/406: Q13049
2026-02-16 05:02:23,509 - INFO - RCSB full-text mapping 105/406: Q13064
2026-02-16 05:02:23,543 - INFO - RCSB full-text mapping 106/406: Q13114
2026-02-16 05:02:24,579 - INFO - RCSB full-text mapping 107/406: Q13191
2026-02-16 05:02:25,615 - INFO - RCSB full-text mapping 108/406: Q13233
2026-02-16 05:02:26,652 - INFO - RCSB full-text mapping 109/406: Q13263
2026-02-16 05:02:27,687 - INFO - RCSB full-text mapping 110/406: Q13356
2026-02-16 05:02:28,724 - INFO - RCSB full-text mapping 111/406: Q13404
2026-02-16 05:02:29,761 - INFO - RCSB full-text mapping 112/406: Q13434
2026-02-16 05:02:29,794 - INFO - RCSB full-text mapping 113/406: Q13489
2026-02-16 05:02:30,830 - INFO - RCSB full-text mapping 114/406: Q13490
2026-02-16 05:02:31,866 - INFO - RCSB full-text mapping 115/406: Q13501
2026-02-16 05:02:32,903 - INFO - RCSB full-text mapping 116/406: Q13702
2026-02-16 05:02:32,938 - INFO - RCSB full-text mapping 117/406: Q14139
2026-02-16 05:02:33,974 - INFO - RCSB full-text mapping 118/406: Q14258
2026-02-16 05:02:35,010 - INFO - RCSB full-text mapping 119/406: Q14527
2026-02-16 05:02:36,046 - INFO - RCSB full-text mapping 120/406: Q14669
2026-02-16 05:02:37,082 - INFO - RCSB full-text mapping 121/406: Q149N8
2026-02-16 05:02:38,118 - INFO - RCSB full-text mapping 122/406: Q15034
2026-02-16 05:02:38,153 - INFO - RCSB full-text mapping 123/406: Q15386
2026-02-16 05:02:39,190 - INFO - RCSB full-text mapping 124/406: Q15751
2026-02-16 05:02:40,228 - INFO - RCSB full-text mapping 125/406: Q15819
2026-02-16 05:02:41,266 - INFO - RCSB full-text mapping 126/406: Q16763
2026-02-16 05:02:42,302 - INFO - RCSB full-text mapping 127/406: Q17RB8
2026-02-16 05:02:42,336 - INFO - RCSB full-text mapping 128/406: Q1L5Z9
2026-02-16 05:02:42,372 - INFO - RCSB full-text mapping 129/406: Q2KHN1
2026-02-16 05:02:42,407 - INFO - RCSB full-text mapping 130/406: Q2Q1W2
2026-02-16 05:02:43,443 - INFO - RCSB full-text mapping 131/406: Q3KNV8
2026-02-16 05:02:43,477 - INFO - RCSB full-text mapping 132/406: Q495C1
2026-02-16 05:02:43,513 - INFO - RCSB full-text mapping 133/406: Q495X7
2026-02-16 05:02:43,548 - INFO - RCSB full-text mapping 134/406: Q496Y0
2026-02-16 05:02:43,581 - INFO - RCSB full-text mapping 135/406: Q5EBN2
2026-02-16 05:02:43,614 - INFO - RCSB full-text mapping 136/406: Q5GLZ8
2026-02-16 05:02:43,650 - INFO - RCSB full-text mapping 137/406: Q5M7Z0
2026-02-16 05:02:43,684 - INFO - RCSB full-text mapping 138/406: Q5T0T0
2026-02-16 05:02:44,718 - INFO - RCSB full-text mapping 139/406: Q5T197
2026-02-16 05:02:44,753 - INFO - RCSB full-text mapping 140/406: Q5T447
2026-02-16 05:02:45,791 - INFO - RCSB full-text mapping 141/406: Q5T4S7
2026-02-16 05:02:46,827 - INFO - RCSB full-text mapping 142/406: Q5TA31
2026-02-16 05:02:47,863 - INFO - RCSB full-text mapping 143/406: Q5TC82
2026-02-16 05:02:48,899 - INFO - RCSB full-text mapping 144/406: Q5U5Q3
2026-02-16 05:02:49,935 - INFO - RCSB full-text mapping 145/406: Q5U5R9
2026-02-16 05:02:49,970 - INFO - RCSB full-text mapping 146/406: Q5VTB9
2026-02-16 05:02:50,003 - INFO - RCSB full-text mapping 147/406: Q5VTR2
2026-02-16 05:02:51,039 - INFO - RCSB full-text mapping 148/406: Q5VVX9
2026-02-16 05:02:52,077 - INFO - RCSB full-text mapping 149/406: Q5W0B1
2026-02-16 05:02:52,111 - INFO - RCSB full-text mapping 150/406: Q5XPI4
2026-02-16 05:02:53,145 - INFO - RCSB full-text mapping 151/406: Q63HN8
2026-02-16 05:02:54,181 - INFO - RCSB full-text mapping 152/406: Q68DV7
2026-02-16 05:02:55,217 - INFO - RCSB full-text mapping 153/406: Q6AZZ1
2026-02-16 05:02:55,251 - INFO - RCSB full-text mapping 154/406: Q6P9F5
2026-02-16 05:02:55,285 - INFO - RCSB full-text mapping 155/406: Q6PCD5
2026-02-16 05:02:56,321 - INFO - RCSB full-text mapping 156/406: Q6PJ69
2026-02-16 05:02:57,359 - INFO - RCSB full-text mapping 157/406: Q6PJI9
2026-02-16 05:02:58,396 - INFO - RCSB full-text mapping 158/406: Q6Q0C0
2026-02-16 05:02:59,433 - INFO - RCSB full-text mapping 159/406: Q6UWE0
2026-02-16 05:02:59,468 - INFO - RCSB full-text mapping 160/406: Q6VVB1
2026-02-16 05:02:59,501 - INFO - RCSB full-text mapping 161/406: Q6ZMN7
2026-02-16 05:02:59,534 - INFO - RCSB full-text mapping 162/406: Q6ZMU5
2026-02-16 05:03:00,570 - INFO - RCSB full-text mapping 163/406: Q6ZMZ0
2026-02-16 05:03:00,605 - INFO - RCSB full-text mapping 164/406: Q6ZN04
2026-02-16 05:03:01,641 - INFO - RCSB full-text mapping 165/406: Q6ZNA4
2026-02-16 05:03:02,678 - INFO - RCSB full-text mapping 166/406: Q6ZNB6
2026-02-16 05:03:02,714 - INFO - RCSB full-text mapping 167/406: Q6ZRF8
2026-02-16 05:03:02,749 - INFO - RCSB full-text mapping 168/406: Q6ZSG1
2026-02-16 05:03:03,785 - INFO - RCSB full-text mapping 169/406: Q6ZT12
2026-02-16 05:03:03,818 - INFO - RCSB full-text mapping 170/406: Q6ZTA4
2026-02-16 05:03:04,854 - INFO - RCSB full-text mapping 171/406: Q6ZWI9
2026-02-16 05:03:04,888 - INFO - RCSB full-text mapping 172/406: Q712K3
2026-02-16 05:03:05,924 - INFO - RCSB full-text mapping 173/406: Q75N03
2026-02-16 05:03:05,957 - INFO - RCSB full-text mapping 174/406: Q76N89
2026-02-16 05:03:06,994 - INFO - RCSB full-text mapping 175/406: Q7L0R7
2026-02-16 05:03:07,028 - INFO - RCSB full-text mapping 176/406: Q7L5Y9
2026-02-16 05:03:08,064 - INFO - RCSB full-text mapping 177/406: Q7L622
2026-02-16 05:03:08,098 - INFO - RCSB full-text mapping 178/406: Q7Z3V4
2026-02-16 05:03:08,132 - INFO - RCSB full-text mapping 179/406: Q7Z419
2026-02-16 05:03:08,166 - INFO - RCSB full-text mapping 180/406: Q7Z4K8
2026-02-16 05:03:08,199 - INFO - RCSB full-text mapping 181/406: Q7Z569
2026-02-16 05:03:08,232 - INFO - RCSB full-text mapping 182/406: Q7Z5L9
2026-02-16 05:03:09,268 - INFO - RCSB full-text mapping 183/406: Q7Z6E9
2026-02-16 05:03:10,304 - INFO - RCSB full-text mapping 184/406: Q7Z6J0
2026-02-16 05:03:11,340 - INFO - RCSB full-text mapping 185/406: Q7Z6J8
2026-02-16 05:03:11,375 - INFO - RCSB full-text mapping 186/406: Q7Z6Z7
2026-02-16 05:03:12,411 - INFO - RCSB full-text mapping 187/406: Q7Z7E8
2026-02-16 05:03:13,449 - INFO - RCSB full-text mapping 188/406: Q86SE9
2026-02-16 05:03:14,484 - INFO - RCSB full-text mapping 189/406: Q86T96
2026-02-16 05:03:14,517 - INFO - RCSB full-text mapping 190/406: Q86TM6
2026-02-16 05:03:15,553 - INFO - RCSB full-text mapping 191/406: Q86UD3
2026-02-16 05:03:15,588 - INFO - RCSB full-text mapping 192/406: Q86UK7
2026-02-16 05:03:15,621 - INFO - RCSB full-text mapping 193/406: Q86UV6
2026-02-16 05:03:15,655 - INFO - RCSB full-text mapping 194/406: Q86UV7
2026-02-16 05:03:15,690 - INFO - RCSB full-text mapping 195/406: Q86UW9
2026-02-16 05:03:16,726 - INFO - RCSB full-text mapping 196/406: Q86WT6
2026-02-16 05:03:17,761 - INFO - RCSB full-text mapping 197/406: Q86XN8
2026-02-16 05:03:18,797 - INFO - RCSB full-text mapping 198/406: Q86XS8
2026-02-16 05:03:18,832 - INFO - RCSB full-text mapping 199/406: Q86XT4
2026-02-16 05:03:18,865 - INFO - RCSB full-text mapping 200/406: Q86Y01
2026-02-16 05:03:19,901 - INFO - RCSB full-text mapping 201/406: Q86Y13
2026-02-16 05:03:19,938 - INFO - RCSB full-text mapping 202/406: Q86YJ5
2026-02-16 05:03:19,973 - INFO - RCSB full-text mapping 203/406: Q86YT6
2026-02-16 05:03:21,009 - INFO - RCSB full-text mapping 204/406: Q8IU81
2026-02-16 05:03:21,043 - INFO - RCSB full-text mapping 205/406: Q8IUD6
2026-02-16 05:03:22,078 - INFO - RCSB full-text mapping 206/406: Q8IUQ4
2026-02-16 05:03:23,115 - INFO - RCSB full-text mapping 207/406: Q8IVU3
2026-02-16 05:03:24,151 - INFO - RCSB full-text mapping 208/406: Q8IWR1
2026-02-16 05:03:24,186 - INFO - RCSB full-text mapping 209/406: Q8IWT3
2026-02-16 05:03:25,221 - INFO - RCSB full-text mapping 210/406: Q8IWV7
2026-02-16 05:03:26,259 - INFO - RCSB full-text mapping 211/406: Q8IWV8
2026-02-16 05:03:27,296 - INFO - RCSB full-text mapping 212/406: Q8IWZ4
2026-02-16 05:03:27,331 - INFO - RCSB full-text mapping 213/406: Q8IWZ5
2026-02-16 05:03:27,364 - INFO - RCSB full-text mapping 214/406: Q8IYM9
2026-02-16 05:03:27,400 - INFO - RCSB full-text mapping 215/406: Q8IYU2
2026-02-16 05:03:28,436 - INFO - RCSB full-text mapping 216/406: Q8IYW5
2026-02-16 05:03:29,472 - INFO - RCSB full-text mapping 217/406: Q8IZP6
2026-02-16 05:03:30,508 - INFO - RCSB full-text mapping 218/406: Q8N2H9
2026-02-16 05:03:30,542 - INFO - RCSB full-text mapping 219/406: Q8N2K1
2026-02-16 05:03:31,577 - INFO - RCSB full-text mapping 220/406: Q8N2W9
2026-02-16 05:03:31,611 - INFO - RCSB full-text mapping 221/406: Q8N3P4
2026-02-16 05:03:31,644 - INFO - RCSB full-text mapping 222/406: Q8N448
2026-02-16 05:03:32,680 - INFO - RCSB full-text mapping 223/406: Q8N4F7
2026-02-16 05:03:32,715 - INFO - RCSB full-text mapping 224/406: Q8N5U6
2026-02-16 05:03:32,748 - INFO - RCSB full-text mapping 225/406: Q8N6D2
2026-02-16 05:03:32,781 - INFO - RCSB full-text mapping 226/406: Q8N7C7
2026-02-16 05:03:32,815 - INFO - RCSB full-text mapping 227/406: Q8N7E2
2026-02-16 05:03:32,849 - INFO - RCSB full-text mapping 228/406: Q8N8N0
2026-02-16 05:03:32,882 - INFO - RCSB full-text mapping 229/406: Q8N9I9
2026-02-16 05:03:32,915 - INFO - RCSB full-text mapping 230/406: Q8N9V2
2026-02-16 05:03:32,948 - INFO - RCSB full-text mapping 231/406: Q8N9V3
2026-02-16 05:03:32,982 - INFO - RCSB full-text mapping 232/406: Q8NA82
2026-02-16 05:03:33,014 - INFO - RCSB full-text mapping 233/406: Q8NC42
2026-02-16 05:03:33,047 - INFO - RCSB full-text mapping 234/406: Q8NCN4
2026-02-16 05:03:34,084 - INFO - RCSB full-text mapping 235/406: Q8ND24
2026-02-16 05:03:34,119 - INFO - RCSB full-text mapping 236/406: Q8ND25
2026-02-16 05:03:35,154 - INFO - RCSB full-text mapping 237/406: Q8NEG5
2026-02-16 05:03:36,192 - INFO - RCSB full-text mapping 238/406: Q8NEZ4
2026-02-16 05:03:37,229 - INFO - RCSB full-text mapping 239/406: Q8NF64
2026-02-16 05:03:37,262 - INFO - RCSB full-text mapping 240/406: Q8NG06
2026-02-16 05:03:38,297 - INFO - RCSB full-text mapping 241/406: Q8NG27
2026-02-16 05:03:39,336 - INFO - RCSB full-text mapping 242/406: Q8NHG8
2026-02-16 05:03:39,369 - INFO - RCSB full-text mapping 243/406: Q8NHY2
2026-02-16 05:03:40,404 - INFO - RCSB full-text mapping 244/406: Q8TBB1
2026-02-16 05:03:41,442 - INFO - RCSB full-text mapping 245/406: Q8TC41
2026-02-16 05:03:41,477 - INFO - RCSB full-text mapping 246/406: Q8TCQ1
2026-02-16 05:03:41,511 - INFO - RCSB full-text mapping 247/406: Q8TDB6
2026-02-16 05:03:42,546 - INFO - RCSB full-text mapping 248/406: Q8TEB7
2026-02-16 05:03:43,583 - INFO - RCSB full-text mapping 249/406: Q8TEC5
2026-02-16 05:03:43,617 - INFO - RCSB full-text mapping 250/406: Q8TEJ3
2026-02-16 05:03:43,650 - INFO - RCSB full-text mapping 251/406: Q8WU17
2026-02-16 05:03:43,684 - INFO - RCSB full-text mapping 252/406: Q8WV22
2026-02-16 05:03:44,720 - INFO - RCSB full-text mapping 253/406: Q8WV44
2026-02-16 05:03:45,756 - INFO - RCSB full-text mapping 254/406: Q8WVD3
2026-02-16 05:03:45,789 - INFO - RCSB full-text mapping 255/406: Q8WVD5
2026-02-16 05:03:46,825 - INFO - RCSB full-text mapping 256/406: Q8WVN8
2026-02-16 05:03:47,860 - INFO - RCSB full-text mapping 257/406: Q8WVZ7
2026-02-16 05:03:47,896 - INFO - RCSB full-text mapping 258/406: Q8WWF5
2026-02-16 05:03:47,930 - INFO - RCSB full-text mapping 259/406: Q8WY64
2026-02-16 05:03:48,966 - INFO - RCSB full-text mapping 260/406: Q8WZ73
2026-02-16 05:03:50,002 - INFO - RCSB full-text mapping 261/406: Q92793
2026-02-16 05:03:51,041 - INFO - RCSB full-text mapping 262/406: Q969K3
2026-02-16 05:03:51,075 - INFO - RCSB full-text mapping 263/406: Q969M7
2026-02-16 05:03:52,111 - INFO - RCSB full-text mapping 264/406: Q969Q1
2026-02-16 05:03:53,148 - INFO - RCSB full-text mapping 265/406: Q969T4
2026-02-16 05:03:53,184 - INFO - RCSB full-text mapping 266/406: Q969V5
2026-02-16 05:03:54,220 - INFO - RCSB full-text mapping 267/406: Q96A37
2026-02-16 05:03:54,254 - INFO - RCSB full-text mapping 268/406: Q96A61
2026-02-16 05:03:54,289 - INFO - RCSB full-text mapping 269/406: Q96AX9
2026-02-16 05:03:54,322 - INFO - RCSB full-text mapping 270/406: Q96B02
2026-02-16 05:03:55,358 - INFO - RCSB full-text mapping 271/406: Q96BH1
2026-02-16 05:03:56,394 - INFO - RCSB full-text mapping 272/406: Q96BQ3
2026-02-16 05:03:56,429 - INFO - RCSB full-text mapping 273/406: Q96CA5
2026-02-16 05:03:57,467 - INFO - RCSB full-text mapping 274/406: Q96D59
2026-02-16 05:03:57,502 - INFO - RCSB full-text mapping 275/406: Q96DX4
2026-02-16 05:03:57,536 - INFO - RCSB full-text mapping 276/406: Q96EH8
2026-02-16 05:03:57,569 - INFO - RCSB full-text mapping 277/406: Q96EP0
2026-02-16 05:03:58,606 - INFO - RCSB full-text mapping 278/406: Q96EP1
2026-02-16 05:03:59,643 - INFO - RCSB full-text mapping 279/406: Q96EQ8
2026-02-16 05:04:00,679 - INFO - RCSB full-text mapping 280/406: Q96EX2
2026-02-16 05:04:00,714 - INFO - RCSB full-text mapping 281/406: Q96F44
2026-02-16 05:04:01,751 - INFO - RCSB full-text mapping 282/406: Q96FA3
2026-02-16 05:04:02,790 - INFO - RCSB full-text mapping 283/406: Q96G75
2026-02-16 05:04:02,825 - INFO - RCSB full-text mapping 284/406: Q96GF1
2026-02-16 05:04:02,859 - INFO - RCSB full-text mapping 285/406: Q96J02
2026-02-16 05:04:03,895 - INFO - RCSB full-text mapping 286/406: Q96K19
2026-02-16 05:04:03,929 - INFO - RCSB full-text mapping 287/406: Q96LD4
2026-02-16 05:04:03,964 - INFO - RCSB full-text mapping 288/406: Q96LR5
2026-02-16 05:04:05,001 - INFO - RCSB full-text mapping 289/406: Q96MF7
2026-02-16 05:04:06,037 - INFO - RCSB full-text mapping 290/406: Q96MT1
2026-02-16 05:04:06,072 - INFO - RCSB full-text mapping 291/406: Q96P09
2026-02-16 05:04:07,109 - INFO - RCSB full-text mapping 292/406: Q96PM5
2026-02-16 05:04:08,148 - INFO - RCSB full-text mapping 293/406: Q96PU4
2026-02-16 05:04:09,185 - INFO - RCSB full-text mapping 294/406: Q96PU5
2026-02-16 05:04:10,223 - INFO - RCSB full-text mapping 295/406: Q96PX1
2026-02-16 05:04:10,257 - INFO - RCSB full-text mapping 296/406: Q96T88
2026-02-16 05:04:11,296 - INFO - RCSB full-text mapping 297/406: Q99496
2026-02-16 05:04:12,334 - INFO - RCSB full-text mapping 298/406: Q99590
2026-02-16 05:04:12,370 - INFO - RCSB full-text mapping 299/406: Q99675
2026-02-16 05:04:13,406 - INFO - RCSB full-text mapping 300/406: Q99728
2026-02-16 05:04:14,443 - INFO - RCSB full-text mapping 301/406: Q99942
2026-02-16 05:04:14,478 - INFO - RCSB full-text mapping 302/406: Q9BRZ2
2026-02-16 05:04:15,514 - INFO - RCSB full-text mapping 303/406: Q9BSJ1
2026-02-16 05:04:15,550 - INFO - RCSB full-text mapping 304/406: Q9BSM1
2026-02-16 05:04:16,587 - INFO - RCSB full-text mapping 305/406: Q9BUZ4
2026-02-16 05:04:17,625 - INFO - RCSB full-text mapping 306/406: Q9BV68
2026-02-16 05:04:18,661 - INFO - RCSB full-text mapping 307/406: Q9BVG3
2026-02-16 05:04:18,695 - INFO - RCSB full-text mapping 308/406: Q9BWF2
2026-02-16 05:04:19,729 - INFO - RCSB full-text mapping 309/406: Q9BWX1
2026-02-16 05:04:19,764 - INFO - RCSB full-text mapping 310/406: Q9BXT8
2026-02-16 05:04:20,800 - INFO - RCSB full-text mapping 311/406: Q9BY78
2026-02-16 05:04:20,835 - INFO - RCSB full-text mapping 312/406: Q9BYE7
2026-02-16 05:04:21,871 - INFO - RCSB full-text mapping 313/406: Q9BYJ4
2026-02-16 05:04:22,909 - INFO - RCSB full-text mapping 314/406: Q9BYM8
2026-02-16 05:04:23,945 - INFO - RCSB full-text mapping 315/406: Q9BYV2
2026-02-16 05:04:24,982 - INFO - RCSB full-text mapping 316/406: Q9BYV6
2026-02-16 05:04:25,017 - INFO - RCSB full-text mapping 317/406: Q9BZR9
2026-02-16 05:04:25,051 - INFO - RCSB full-text mapping 318/406: Q9BZY9
2026-02-16 05:04:26,089 - INFO - RCSB full-text mapping 319/406: Q9C019
2026-02-16 05:04:27,124 - INFO - RCSB full-text mapping 320/406: Q9C026
2026-02-16 05:04:28,160 - INFO - RCSB full-text mapping 321/406: Q9C029
2026-02-16 05:04:29,197 - INFO - RCSB full-text mapping 322/406: Q9C030
2026-02-16 05:04:29,231 - INFO - RCSB full-text mapping 323/406: Q9C035
2026-02-16 05:04:30,267 - INFO - RCSB full-text mapping 324/406: Q9C037
2026-02-16 05:04:30,302 - INFO - RCSB full-text mapping 325/406: Q9C040
2026-02-16 05:04:31,338 - INFO - RCSB full-text mapping 326/406: Q9C0B0
2026-02-16 05:04:31,373 - INFO - RCSB full-text mapping 327/406: Q9C0C9
2026-02-16 05:04:32,408 - INFO - RCSB full-text mapping 328/406: Q9H000
2026-02-16 05:04:32,441 - INFO - RCSB full-text mapping 329/406: Q9H0A6
2026-02-16 05:04:32,474 - INFO - RCSB full-text mapping 330/406: Q9H0F5
2026-02-16 05:04:33,509 - INFO - RCSB full-text mapping 331/406: Q9H0M0
2026-02-16 05:04:34,546 - INFO - RCSB full-text mapping 332/406: Q9H0X6
2026-02-16 05:04:34,581 - INFO - RCSB full-text mapping 333/406: Q9H1B7
2026-02-16 05:04:35,617 - INFO - RCSB full-text mapping 334/406: Q9H270
2026-02-16 05:04:35,653 - INFO - RCSB full-text mapping 335/406: Q9H2S5
2026-02-16 05:04:35,687 - INFO - RCSB full-text mapping 336/406: Q9H4P4
2026-02-16 05:04:36,722 - INFO - RCSB full-text mapping 337/406: Q9H6Y7
2026-02-16 05:04:36,757 - INFO - RCSB full-text mapping 338/406: Q9H832
2026-02-16 05:04:37,793 - INFO - RCSB full-text mapping 339/406: Q9H871
2026-02-16 05:04:38,831 - INFO - RCSB full-text mapping 340/406: Q9H8W5
2026-02-16 05:04:39,871 - INFO - RCSB full-text mapping 341/406: Q9H920
2026-02-16 05:04:39,907 - INFO - RCSB full-text mapping 342/406: Q9H992
2026-02-16 05:04:39,942 - INFO - RCSB full-text mapping 343/406: Q9H9P5
2026-02-16 05:04:39,976 - INFO - RCSB full-text mapping 344/406: Q9H9V4
2026-02-16 05:04:40,010 - INFO - RCSB full-text mapping 345/406: Q9HAT8
2026-02-16 05:04:41,047 - INFO - RCSB full-text mapping 346/406: Q9HAU4
2026-02-16 05:04:42,084 - INFO - RCSB full-text mapping 347/406: Q9HBD1
2026-02-16 05:04:43,120 - INFO - RCSB full-text mapping 348/406: Q9HCE7
2026-02-16 05:04:44,155 - INFO - RCSB full-text mapping 349/406: Q9HCI7
2026-02-16 05:04:45,193 - INFO - RCSB full-text mapping 350/406: Q9HCM9
2026-02-16 05:04:46,229 - INFO - RCSB full-text mapping 351/406: Q9NPC3
2026-02-16 05:04:47,266 - INFO - RCSB full-text mapping 352/406: Q9NPD8
2026-02-16 05:04:48,302 - INFO - RCSB full-text mapping 353/406: Q9NQ86
2026-02-16 05:04:49,339 - INFO - RCSB full-text mapping 354/406: Q9NR09
2026-02-16 05:04:50,375 - INFO - RCSB full-text mapping 355/406: Q9NS56
2026-02-16 05:04:50,412 - INFO - RCSB full-text mapping 356/406: Q9NS91
2026-02-16 05:04:51,449 - INFO - RCSB full-text mapping 357/406: Q9NTX7
2026-02-16 05:04:52,484 - INFO - RCSB full-text mapping 358/406: Q9NV58
2026-02-16 05:04:52,520 - INFO - RCSB full-text mapping 359/406: Q9NVW2
2026-02-16 05:04:53,557 - INFO - RCSB full-text mapping 360/406: Q9NW38
2026-02-16 05:04:54,593 - INFO - RCSB full-text mapping 361/406: Q9NWF9
2026-02-16 05:04:55,630 - INFO - RCSB full-text mapping 362/406: Q9NX47
2026-02-16 05:04:55,664 - INFO - RCSB full-text mapping 363/406: Q9NXI6
2026-02-16 05:04:55,697 - INFO - RCSB full-text mapping 364/406: Q9NYG5
2026-02-16 05:04:56,735 - INFO - RCSB full-text mapping 365/406: Q9NZS9
2026-02-16 05:04:56,769 - INFO - RCSB full-text mapping 366/406: Q9P0J7
2026-02-16 05:04:57,805 - INFO - RCSB full-text mapping 367/406: Q9P0N8
2026-02-16 05:04:57,843 - INFO - RCSB full-text mapping 368/406: Q9P0P0
2026-02-16 05:04:57,876 - INFO - RCSB full-text mapping 369/406: Q9P1Y6
2026-02-16 05:04:57,910 - INFO - RCSB full-text mapping 370/406: Q9P253
2026-02-16 05:04:57,943 - INFO - RCSB full-text mapping 371/406: Q9P2E8
2026-02-16 05:04:57,979 - INFO - RCSB full-text mapping 372/406: Q9P2G1
2026-02-16 05:04:58,012 - INFO - RCSB full-text mapping 373/406: Q9P2P5
2026-02-16 05:04:59,047 - INFO - RCSB full-text mapping 374/406: Q9UBF6
2026-02-16 05:05:00,085 - INFO - RCSB full-text mapping 375/406: Q9UBN7
2026-02-16 05:05:01,123 - INFO - RCSB full-text mapping 376/406: Q9UBS8
2026-02-16 05:05:01,157 - INFO - RCSB full-text mapping 377/406: Q9UDY6
2026-02-16 05:05:02,195 - INFO - RCSB full-text mapping 378/406: Q9UHC7
2026-02-16 05:05:02,228 - INFO - RCSB full-text mapping 379/406: Q9UII4
2026-02-16 05:05:03,263 - INFO - RCSB full-text mapping 380/406: Q9UJV3
2026-02-16 05:05:04,300 - INFO - RCSB full-text mapping 381/406: Q9UKV5
2026-02-16 05:05:05,336 - INFO - RCSB full-text mapping 382/406: Q9ULJ6
2026-02-16 05:05:06,372 - INFO - RCSB full-text mapping 383/406: Q9ULK6
2026-02-16 05:05:06,407 - INFO - RCSB full-text mapping 384/406: Q9ULT6
2026-02-16 05:05:07,444 - INFO - RCSB full-text mapping 385/406: Q9ULT8
2026-02-16 05:05:08,479 - INFO - RCSB full-text mapping 386/406: Q9ULV8
2026-02-16 05:05:09,515 - INFO - RCSB full-text mapping 387/406: Q9ULX5
2026-02-16 05:05:09,550 - INFO - RCSB full-text mapping 388/406: Q9UMS4
2026-02-16 05:05:10,586 - INFO - RCSB full-text mapping 389/406: Q9UNE7
2026-02-16 05:05:11,623 - INFO - RCSB full-text mapping 390/406: Q9UPN9
2026-02-16 05:05:12,661 - INFO - RCSB full-text mapping 391/406: Q9UPQ4
2026-02-16 05:05:12,695 - INFO - RCSB full-text mapping 392/406: Q9UPQ7
2026-02-16 05:05:13,732 - INFO - RCSB full-text mapping 393/406: Q9Y225
2026-02-16 05:05:14,767 - INFO - RCSB full-text mapping 394/406: Q9Y252
2026-02-16 05:05:14,800 - INFO - RCSB full-text mapping 395/406: Q9Y2E6
2026-02-16 05:05:14,833 - INFO - RCSB full-text mapping 396/406: Q9Y2X8
2026-02-16 05:05:14,866 - INFO - RCSB full-text mapping 397/406: Q9Y314
2026-02-16 05:05:15,901 - INFO - RCSB full-text mapping 398/406: Q9Y385
2026-02-16 05:05:15,935 - INFO - RCSB full-text mapping 399/406: Q9Y3C5
2026-02-16 05:05:15,970 - INFO - RCSB full-text mapping 400/406: Q9Y4D8
2026-02-16 05:05:16,003 - INFO - RCSB full-text mapping 401/406: Q9Y4K3
2026-02-16 05:05:17,038 - INFO - RCSB full-text mapping 402/406: Q9Y4L5
2026-02-16 05:05:17,073 - INFO - RCSB full-text mapping 403/406: Q9Y4X5
2026-02-16 05:05:18,109 - INFO - RCSB full-text mapping 404/406: Q9Y508
2026-02-16 05:05:18,142 - INFO - RCSB full-text mapping 405/406: Q9Y577
2026-02-16 05:05:18,176 - INFO - RCSB full-text mapping 406/406: Q9Y6U7
2026-02-16 05:05:18,210 - INFO - Combined mapping complete
2026-02-16 05:05:18,211 - INFO - Total unique PDB IDs mapped: 2031
2026-02-16 05:05:18,211 - INFO - Processing all 2031 PDB IDs
2026-02-16 05:05:18,211 - INFO - JSON API: 1/2031 13RZ
2026-02-16 05:05:23,975 - INFO - JSON API: 51/2031 1FP0
2026-02-16 05:05:31,647 - INFO - JSON API: 101/2031 1TFT
2026-02-16 05:05:37,754 - INFO - JSON API: 151/2031 2BZ8
2026-02-16 05:05:44,195 - INFO - JSON API: 201/2031 2EJS
2026-02-16 05:05:50,184 - INFO - JSON API: 251/2031 2KEO
2026-02-16 05:05:57,440 - INFO - JSON API: 301/2031 2MPS
2026-02-16 05:06:03,645 - INFO - JSON API: 351/2031 2VSL
2026-02-16 05:06:10,503 - INFO - JSON API: 401/2031 3CLZ
2026-02-16 05:06:16,725 - INFO - JSON API: 451/2031 3IO2
2026-02-16 05:06:25,893 - INFO - JSON API: 501/2031 3OJ4
2026-02-16 05:06:32,410 - INFO - JSON API: 551/2031 3UIO
2026-02-16 05:06:40,347 - INFO - JSON API: 601/2031 4DIJ
2026-02-16 05:06:46,901 - INFO - JSON API: 651/2031 4K8U
2026-02-16 05:06:53,879 - INFO - JSON API: 701/2031 4OGN
2026-02-16 05:07:00,687 - INFO - JSON API: 751/2031 4UFS
2026-02-16 05:07:08,915 - INFO - JSON API: 801/2031 4ZYF
2026-02-16 05:07:15,829 - INFO - JSON API: 851/2031 5E22
2026-02-16 05:07:23,897 - INFO - JSON API: 901/2031 5IAY
2026-02-16 05:07:32,630 - INFO - JSON API: 951/2031 5MME
2026-02-16 05:07:41,205 - INFO - JSON API: 1001/2031 5ULK
2026-02-16 05:07:49,039 - INFO - JSON API: 1051/2031 5YYA
2026-02-16 05:08:05,105 - INFO - JSON API: 1101/2031 6FGN
2026-02-16 05:08:14,729 - INFO - JSON API: 1151/2031 6KFP
2026-02-16 05:08:26,195 - INFO - JSON API: 1201/2031 6QU1
2026-02-16 05:08:36,658 - INFO - JSON API: 1251/2031 6UYU
2026-02-16 05:08:47,219 - INFO - JSON API: 1301/2031 7B2S
2026-02-16 05:09:05,842 - INFO - JSON API: 1351/2031 7KZV
2026-02-16 05:09:22,755 - INFO - JSON API: 1401/2031 7Q40
2026-02-16 05:09:30,458 - INFO - JSON API: 1451/2031 7VHY
2026-02-16 05:09:43,207 - INFO - JSON API: 1501/2031 8ATM
2026-02-16 05:09:56,467 - INFO - JSON API: 1551/2031 8EIB
2026-02-16 05:10:10,759 - INFO - JSON API: 1601/2031 8H38
2026-02-16 05:10:31,468 - INFO - JSON API: 1651/2031 8JRQ
2026-02-16 05:10:41,403 - INFO - JSON API: 1701/2031 8PYR
2026-02-16 05:10:52,588 - INFO - JSON API: 1751/2031 8SN7
2026-02-16 05:11:16,131 - INFO - JSON API: 1801/2031 8WQH
2026-02-16 05:11:25,506 - INFO - JSON API: 1851/2031 9DDE
2026-02-16 05:11:39,526 - INFO - JSON API: 1901/2031 9H9T
2026-02-16 05:11:49,161 - INFO - JSON API: 1951/2031 9LU1
2026-02-16 05:12:00,382 - INFO - JSON API: 2001/2031 9QUG
2026-02-16 05:12:05,130 - INFO - JSON API returned base info for 2031 entries
2026-02-16 05:12:05,217 - INFO - UniProt gene-mapping batch 1: 400 IDs
2026-02-16 05:12:07,500 - INFO - UniProt gene-mapping batch 2: 6 IDs
2026-02-16 05:12:09,114 - INFO - Mapped 406 UniProt IDs to gene names via mapping API
2026-02-16 05:12:09,172 - INFO - Saved main CSV: /home/runner/work/UbiqCore/UbiqCore/util/data/pdb_updates/pdb_structures_detailed_update_20260216.csv
2026-02-16 05:12:09,175 - INFO - 
Summary:
2026-02-16 05:12:09,175 - INFO - Total unique PDB structures: 2031
2026-02-16 05:12:09,176 - INFO - PDB structures containing E2 (by UniProt IDs): 358
2026-02-16 05:12:09,177 - INFO - PDB structures containing E3 (by UniProt IDs): 1807
2026-02-16 05:12:09,177 - INFO - PDB structures containing Ubiquitin: 165
2026-02-16 05:12:09,178 - INFO - PDB structures containing both E2 and E3: 135
2026-02-16 05:12:09,178 - INFO - PDB structures containing E2, E3, and Ubiquitin: 58
2026-02-16 05:12:09,179 - INFO - processing complete.
